Time	Gx	Gy	Gz	Ax	Ay	Az
7299	0.75	-36.35	2.32	0.01	0.06	1.38
7318	-2.64	-39.49	-0.21	0.04	0.09	1.39
7337	-10.38	-39.98	-2.73	0.12	0.05	1.41
7355	-10.53	-32.58	-3.37	0.21	-0.01	1.44
7376	-5.91	-13.63	-6.59	0.32	0.02	1.41
7394	-4.82	13.99	-12.34	0.31	0.08	1.36
7413	-8.13	38.38	-15.63	0.24	0.07	1.32
7431	-8.16	52.87	-18.57	0.14	0.02	1.25
7449	-6.77	55.51	-20.00	0.06	0.03	1.15
7468	-3.81	52.96	-22.20	0.02	0.03	1.12
7487	-1.04	41.52	-22.99	-0.03	0.03	1.06
7506	0.00	26.26	-22.06	-0.02	0.06	0.94
7524	-1.22	14.83	-20.63	0.02	0.06	0.77
7542	-2.09	7.51	-18.04	0.02	0.03	0.62
7561	-1.75	4.32	-16.60	0.02	0.02	0.56
7580	-0.53	-2.44	-13.20	0.00	0.02	0.47
7599	0.53	-10.42	-9.08	-0.01	0.02	0.41
7618	1.71	-17.00	-7.51	0.04	0.01	0.35
7636	0.24	-18.86	-9.89	0.06	0.05	0.30
7655	-3.40	-16.33	-13.46	0.05	0.03	0.26
7673	-3.97	-19.38	-15.26	0.07	-0.01	0.22
7693	-3.62	-12.82	-17.93	0.09	-0.02	0.19
7712	-0.58	-6.12	-18.63	0.11	-0.06	0.19
7732	5.95	5.05	-18.49	0.14	-0.09	0.26
7750	13.29	17.56	-18.05	0.16	-0.08	0.39
7768	19.29	28.32	-15.21	0.09	-0.04	0.59
7788	21.56	26.82	-7.77	-0.07	-0.01	0.85
7806	20.37	2.12	2.41	-0.24	0.03	1.05
7825	19.07	-17.33	7.35	-0.29	0.03	1.12
7843	16.89	-62.18	15.70	-0.26	0.05	1.15
7861	13.40	-95.02	21.24	-0.07	0.05	1.07
7881	9.87	-104.64	24.06	0.12	0.06	0.99
7899	4.07	-92.79	25.36	0.24	0.06	0.95
7916	1.16	-81.94	25.28	0.26	0.05	0.93
7935	-3.80	-60.10	24.73	0.21	0.06	0.90
7953	-9.34	-45.65	25.76	0.11	0.07	0.89
7972	-14.59	-41.76	28.88	0.02	0.07	0.89
7991	-17.18	-46.43	31.91	-0.02	0.05	0.88
8011	-16.14	-54.47	34.23	-0.01	0.02	0.87
8029	-14.07	-57.97	34.61	0.03	-0.01	0.88
8048	-7.80	-62.16	33.39	0.05	-0.02	0.89
8067	-0.12	-59.37	29.62	0.14	-0.02	0.90
8086	6.79	-47.74	24.52	0.20	-0.01	0.89
8105	13.15	-31.30	17.73	0.21	-0.01	0.89
8123	17.62	-16.45	9.51	0.17	-0.00	0.87
8143	19.45	-8.27	0.38	0.10	0.02	0.87
8160	18.94	-7.83	-3.81	0.05	0.04	0.86
8178	16.04	-14.11	-11.11	-0.01	0.03	0.84
8199	13.57	-26.47	-17.93	-0.04	0.03	0.82
8217	10.22	-39.63	-23.39	-0.01	0.04	0.78
8236	6.62	-46.46	-27.19	0.05	0.03	0.72
8255	3.97	-45.29	-29.86	0.10	0.02	0.66
8273	3.02	-42.63	-30.90	0.13	-0.01	0.62
8293	2.44	-34.58	-32.06	0.18	-0.00	0.58
8311	1.05	-21.01	-30.55	0.20	-0.00	0.54
8331	-0.44	-2.03	-27.91	0.21	-0.01	0.44
8350	-0.31	18.17	-25.01	0.20	-0.04	0.38
8368	1.43	37.17	-22.64	0.18	-0.04	0.33
8387	3.27	55.50	-19.76	0.17	-0.02	0.30
8406	3.02	71.00	-15.17	0.13	0.00	0.32
8425	2.17	77.39	-12.50	0.12	0.01	0.36
8442	-0.49	88.06	-6.48	0.11	0.04	0.46
8461	-4.99	95.29	-0.46	0.09	0.05	0.58
8480	-8.61	97.56	4.24	0.03	0.06	0.72
8498	-14.11	89.45	8.15	-0.05	0.10	0.92
8517	-17.93	81.38	10.07	-0.06	0.12	1.08
8535	-25.73	63.49	12.97	-0.03	0.11	1.16
8554	-28.95	49.30	14.04	0.02	0.08	1.31
8571	-27.45	40.36	14.74	0.09	0.05	1.38
8589	-20.95	37.90	13.78	0.13	0.00	1.39
8608	-16.22	38.45	12.53	0.16	0.01	1.41
8626	-6.96	40.99	9.67	0.17	0.03	1.44
8645	-0.23	45.75	7.66	0.19	0.05	1.44
8662	4.24	52.06	5.25	0.17	0.05	1.40
8679	5.65	54.14	3.74	0.12	0.07	1.38
8698	6.84	53.85	-0.09	0.10	0.08	1.37
8716	5.05	48.07	-4.09	0.07	0.09	1.35
8733	1.91	40.66	-8.53	0.07	0.10	1.30
8752	-2.15	34.09	-12.86	0.07	0.10	1.26
8770	-4.15	31.07	-14.54	0.07	0.09	1.25
8789	-8.27	25.44	-16.56	0.08	0.09	1.23
8808	-12.31	20.94	-16.72	0.08	0.08	1.21
8826	-14.91	16.66	-16.57	0.07	0.06	1.18
8845	-14.92	12.41	-17.11	0.06	0.03	1.13
8863	-13.46	9.95	-17.09	0.05	0.00	1.10
8882	-8.09	4.53	-16.42	0.05	-0.01	1.10
8901	-1.89	-1.37	-14.97	0.05	0.01	1.12
8921	1.80	-6.76	-11.99	0.06	0.03	1.11
8939	4.23	-10.76	-7.26	0.07	0.03	1.12
8957	6.41	-13.67	-2.66	0.07	0.04	1.13
8976	7.54	-16.80	1.40	0.06	0.05	1.13
8994	7.66	-18.54	3.52	0.05	0.05	1.13
9012	8.41	-23.64	8.03	0.05	0.04	1.21
9031	9.16	-28.24	11.92	0.09	0.05	1.27
9048	6.77	-28.32	13.63	0.11	0.08	1.30
9067	3.25	-27.79	13.50	0.11	0.07	1.35
9084	1.92	-27.30	13.31	0.12	0.07	1.37
9102	0.87	-24.99	13.29	0.14	0.05	1.40
9121	0.87	-21.59	13.18	0.13	0.06	1.42
9139	1.07	-19.76	11.67	0.12	0.04	1.44
9156	1.85	-19.68	9.92	0.11	0.04	1.44
9175	3.36	-19.65	5.46	0.12	0.05	1.43
9192	3.56	-18.59	1.40	0.11	0.04	1.43
9212	6.47	-19.68	-1.91	0.10	0.02	1.43
9230	8.83	-19.96	-3.86	0.14	0.08	1.41
9248	7.40	-18.04	-3.80	0.16	0.11	1.40
9267	3.49	-11.89	-2.00	0.16	0.06	1.43
9285	4.84	-8.12	-0.93	0.15	0.06	1.47
9304	5.75	-4.01	0.08	0.19	0.08	1.46
9322	3.27	5.00	0.53	0.22	0.11	1.41
9339	1.14	10.04	0.78	0.20	0.11	1.40
9357	-2.18	16.31	2.44	0.15	0.09	1.37
9374	-0.98	14.92	5.51	0.07	0.04	1.34
9392	4.29	5.51	8.54	0.03	0.03	1.24
9409	6.93	-0.40	10.12	0.02	0.04	1.19
9428	11.29	-11.22	14.31	0.04	0.05	1.04
9446	13.32	-17.93	19.85	0.06	0.07	0.86
9464	12.63	-20.32	25.41	0.07	0.06	0.68
9482	11.86	-20.13	27.71	0.07	0.05	0.59
9499	9.78	-17.81	30.44	0.08	0.04	0.44
9518	7.58	-12.82	30.20	0.09	0.03	0.34
9536	4.79	-7.20	26.49	0.08	0.04	0.26
9554	0.66	-2.32	21.65	0.06	0.02	0.19
9572	-0.96	0.20	19.03	0.06	0.01	0.15
9591	-3.16	3.80	14.08	0.03	-0.01	0.10
9609	-4.12	4.87	9.11	-0.01	-0.03	0.07
9628	-4.87	0.78	3.33	-0.05	-0.02	0.08
9647	-7.02	-7.75	-2.18	-0.10	-0.02	0.14
9667	-9.37	-22.32	-6.58	-0.16	-0.03	0.21
9687	-8.59	-47.67	-9.26	-0.31	-0.05	0.37
9706	-4.18	-89.16	-5.40	-0.50	-0.01	0.63
9728	-2.88	-119.45	-0.23	-0.32	0.06	0.86
9747	-2.47	-176.25	11.49	0.16	0.05	1.07
9765	-1.24	-167.91	11.15	0.37	0.05	1.17
9784	3.54	-130.26	5.29	0.70	0.07	1.29
9802	3.14	-55.01	-4.04	0.80	0.09	1.25
9821	1.34	20.87	-13.29	0.60	0.09	1.17
9839	-1.50	65.16	-20.60	0.27	0.08	1.09
9857	-3.04	73.59	-23.28	0.11	0.07	1.06
9876	-3.74	65.77	-25.79	-0.08	0.04	0.97
9894	-1.89	43.06	-24.55	-0.13	0.01	0.87
9914	0.84	20.58	-20.02	-0.06	0.01	0.79
9933	3.97	10.47	-14.77	0.04	-0.01	0.73
9951	7.90	8.06	-10.18	0.11	0.00	0.71
9969	8.87	12.25	-7.86	0.14	0.01	0.72
9987	9.93	17.94	-3.52	0.16	0.03	0.78
10005	8.67	27.02	0.90	0.16	0.05	0.84
10023	5.69	32.26	4.15	0.13	0.07	0.90
10040	4.00	32.52	5.22	0.10	0.08	0.92
10059	-0.75	28.67	6.04	0.03	0.08	0.95
10076	-4.65	16.71	5.02	-0.03	0.07	0.95
10094	-6.94	0.82	2.73	-0.05	0.05	0.92
10113	-7.28	-16.07	-0.18	-0.05	0.03	0.86
10133	-7.10	-24.12	-1.80	-0.04	0.02	0.79
10153	-6.35	-37.73	-4.91	0.01	0.02	0.71
10172	-5.48	-45.64	-8.12	0.04	0.02	0.67
10191	-4.97	-44.62	-10.97	0.10	0.01	0.57
10209	-4.81	-36.71	-14.22	0.14	-0.00	0.48
10228	-4.68	-23.32	-17.76	0.18	0.00	0.41
10248	-5.40	-4.97	-21.15	0.21	-0.00	0.35
10267	-5.69	16.75	-24.25	0.21	-0.02	0.30
10286	-5.34	38.10	-26.73	0.18	-0.02	0.29
10305	-5.08	47.71	-27.73	0.17	-0.02	0.30
10324	-5.08	64.42	-28.50	0.14	0.01	0.37
10343	-6.61	76.22	-26.46	0.10	0.03	0.52
10361	-7.11	80.52	-20.87	0.05	0.03	0.71
10380	-7.00	76.23	-13.11	-0.00	0.05	0.82
10398	-9.58	66.83	-3.98	-0.03	0.09	0.91
10418	-12.24	54.57	4.91	-0.03	0.08	1.02
10437	-13.08	47.47	9.12	-0.04	0.07	1.08
10456	-13.06	31.01	16.46	-0.02	0.08	1.27
10474	-13.46	19.13	23.64	0.10	0.10	1.41
10492	-13.87	18.23	28.27	0.17	0.11	1.45
10510	-14.63	24.00	30.24	0.20	0.09	1.39
10528	-14.54	28.11	29.97	0.20	0.07	1.38
10546	-11.70	37.92	27.63	0.21	0.03	1.34
10565	-7.14	46.98	23.33	0.16	0.02	1.31
10582	-1.66	48.61	18.14	0.08	0.02	1.30
10601	4.14	41.06	12.54	0.01	0.02	1.32
10618	6.84	34.29	9.89	0.00	0.02	1.34
10635	10.12	20.69	4.91	0.03	0.05	1.32
10654	8.61	11.41	0.24	0.07	0.09	1.32
10671	6.23	8.90	-1.89	0.10	0.10	1.32
10689	1.28	7.08	-6.21	0.12	0.09	1.32
10707	-1.72	7.66	-10.33	0.14	0.07	1.29
10725	-2.04	9.83	-14.59	0.14	0.06	1.27
10744	-2.59	12.82	-17.52	0.14	0.08	1.27
10762	-3.48	14.27	-18.11	0.13	0.08	1.28
10780	-4.24	14.69	-17.73	0.09	0.07	1.28
10799	-3.83	10.31	-15.58	0.05	0.05	1.30
10817	-1.19	1.95	-12.28	0.04	0.05	1.33
10836	1.89	-7.37	-8.00	0.06	0.04	1.38
10855	5.29	-14.34	-3.28	0.09	0.04	1.43
10873	6.82	-17.06	-0.75	0.10	0.04	1.46
10891	9.32	-20.48	4.50	0.11	0.05	1.47
10909	10.44	-21.97	8.61	0.12	0.07	1.44
10926	9.80	-22.49	10.99	0.13	0.09	1.44
10944	8.83	-22.38	11.78	0.13	0.09	1.44
10962	6.90	-22.11	13.02	0.11	0.08	1.42
10979	5.48	-23.59	13.84	0.10	0.08	1.39
10998	3.86	-25.36	14.05	0.10	0.07	1.36
11015	3.10	-26.17	13.69	0.10	0.06	1.35
11033	2.44	-27.98	13.06	0.09	0.07	1.33
11051	1.74	-30.21	12.34	0.10	0.07	1.35
11069	1.56	-30.82	10.65	0.14	0.06	1.37
11086	1.77	-29.62	9.14	0.16	0.05	1.37
11104	2.47	-23.82	4.96	0.18	0.05	1.35
11122	2.40	-17.70	1.66	0.15	0.06	1.33
11139	2.44	-15.81	-0.08	0.11	0.06	1.31
11157	2.58	-16.56	-0.50	0.09	0.06	1.28
11175	3.19	-20.29	-1.50	0.07	0.06	1.24
11194	3.89	-26.38	-2.84	0.05	0.07	1.16
11212	3.97	-33.83	-3.34	0.04	0.06	1.05
11230	3.95	-37.28	-3.22	0.04	0.04	0.93
11248	4.52	-42.60	-2.81	0.05	0.04	0.86
11268	4.50	-44.75	-2.44	0.07	0.05	0.72
11286	3.46	-43.84	-1.19	0.07	0.04	0.58
11304	2.21	-41.79	0.38	0.06	0.03	0.47
11322	2.00	-40.31	1.27	0.08	0.01	0.39
11339	2.04	-35.89	2.76	0.08	0.01	0.35
11357	2.30	-30.75	3.20	0.08	-0.01	0.29
11375	3.07	-25.34	3.83	0.05	-0.02	0.25
11394	3.83	-23.30	4.46	0.11	-0.03	0.20
11412	6.15	-17.01	4.53	0.15	-0.05	0.18
11430	10.53	2.53	4.26	0.26	-0.05	0.16
11447	12.80	35.23	7.34	0.34	-0.01	0.16
11466	10.80	68.08	13.26	0.21	0.03	0.25
11483	8.50	76.74	15.93	0.04	0.05	0.37
11502	2.23	60.53	17.47	-0.36	0.07	0.65
11520	-5.95	4.36	14.25	-0.53	0.09	0.86
11539	-12.42	-68.91	8.06	-0.54	0.04	1.05
11558	-11.37	-129.56	-0.46	-0.21	-0.01	1.11
11578	-5.68	-146.12	-7.46	0.28	-0.01	1.11
11597	0.15	-112.58	-11.40	0.63	0.01	1.07
11615	2.43	-81.99	-12.28	0.69	0.02	1.06
11634	4.70	-15.75	-12.05	0.58	0.06	1.04
11652	1.07	30.62	-7.35	0.30	0.13	1.03
11672	-6.90	46.80	0.24	0.04	0.12	0.99
11690	-12.33	36.45	8.12	-0.08	0.09	0.92
11708	-14.05	26.70	11.76	-0.09	0.06	0.85
11727	-15.15	6.93	18.60	-0.07	0.04	0.81
11745	-13.61	-6.76	23.88	0.03	0.03	0.74
11764	-11.37	-5.37	27.18	0.14	0.01	0.70
11782	-6.74	4.46	26.81	0.19	-0.01	0.71
11802	-0.09	17.58	23.01	0.18	-0.01	0.76
11820	3.25	22.34	20.57	0.10	0.00	0.81
11837	8.61	25.76	15.17	0.05	0.02	0.84
11855	11.12	16.72	8.82	-0.03	0.04	0.90
11873	10.73	0.12	1.30	-0.05	0.07	0.91
11891	9.81	-8.30	-2.79	-0.02	0.07	0.88
11910	7.32	-22.38	-11.03	-0.00	0.07	0.86
11929	4.44	-31.66	-18.23	0.02	0.05	0.82
11947	3.05	-39.03	-24.49	0.03	0.03	0.77
11965	2.99	-42.54	-29.66	0.07	0.02	0.72
11983	2.59	-38.24	-33.19	0.14	0.02	0.65
12001	2.37	-33.94	-34.64	0.16	0.01	0.62
12020	1.11	-20.25	-37.90	0.21	0.01	0.55
12038	-0.61	-2.04	-40.21	0.23	0.02	0.47
12057	-4.17	23.13	-40.60	0.24	0.02	0.42
12075	-8.03	46.97	-38.68	0.22	0.03	0.43
12094	-10.25	58.04	-37.23	0.22	0.04	0.47
12112	-15.11	78.43	-33.58	0.21	0.04	0.49
12131	-19.62	96.27	-29.22	0.17	0.04	0.53
12149	-22.66	107.86	-22.03	0.12	0.04	0.59
12167	-23.25	113.71	-12.30	0.09	0.03	0.65
12187	-22.19	114.23	-1.39	0.02	0.02	0.75
12205	-20.72	110.67	3.98	-0.03	0.01	0.82
12224	-15.88	93.66	13.84	-0.11	-0.00	0.99
12242	-9.90	68.21	22.29	-0.11	0.00	1.15
12260	-5.14	43.58	27.42	-0.06	0.03	1.26
12280	-4.00	24.80	29.31	-0.00	0.07	1.30
12298	-4.56	12.34	28.78	0.05	0.06	1.33
12316	-4.59	8.38	27.47	0.09	0.06	1.34
12334	-4.26	7.11	22.43	0.17	0.05	1.36
12352	-3.54	13.55	15.52	0.20	0.04	1.35
12370	-1.02	22.54	8.39	0.18	0.02	1.30
12389	0.84	26.18	4.65	0.16	0.01	1.26
12406	3.88	32.06	-3.89	0.16	0.03	1.22
12424	4.27	36.27	-11.69	0.11	0.05	1.18
12442	3.27	34.68	-16.92	0.04	0.06	1.18
12459	2.43	30.46	-18.66	0.01	0.07	1.24
12477	0.24	18.80	-21.35	0.01	0.07	1.27
12495	-1.45	6.29	-22.66	0.00	0.07	1.31
12515	-2.24	-7.55	-22.35	0.00	0.06	1.32
12533	-3.07	-20.20	-20.26	0.03	0.07	1.31
12553	-4.84	-27.65	-17.24	0.08	0.08	1.28
12571	-5.92	-28.90	-15.78	0.10	0.07	1.27
12590	-6.94	-29.11	-12.54	0.11	0.06	1.27
12610	-5.74	-28.14	-10.15	0.12	0.05	1.28
12629	-3.92	-25.22	-9.06	0.16	0.05	1.32
12648	-2.14	-17.64	-7.72	0.18	0.05	1.37
12667	0.69	-10.56	-3.91	0.16	0.04	1.42
12685	5.46	-7.35	1.21	0.14	0.03	1.48
12704	8.06	-6.82	3.30	0.13	0.05	1.50
12721	11.31	-6.12	5.84	0.12	0.06	1.49
12740	13.00	-8.50	7.64	0.06	0.08	1.45
12758	12.27	-15.96	9.89	0.03	0.10	1.43
12775	11.40	-20.66	10.91	0.02	0.10	1.41
12794	9.12	-30.99	12.05	0.03	0.11	1.40
12812	5.95	-39.32	13.21	0.06	0.09	1.42
12830	4.70	-42.66	12.39	0.12	0.08	1.41
12848	3.68	-39.32	10.03	0.17	0.08	1.39
12866	3.28	-35.57	9.03	0.20	0.08	1.38
12885	2.82	-24.95	9.26	0.21	0.07	1.38
12903	4.24	-14.60	10.15	0.19	0.06	1.39
12920	5.25	-5.81	8.32	0.19	0.08	1.37
12939	4.97	2.01	5.29	0.17	0.07	1.33
12956	5.48	4.44	4.14	0.15	0.06	1.31
12974	7.48	4.97	2.96	0.09	0.06	1.29
12992	9.17	-0.37	3.01	0.05	0.07	1.25
13011	9.78	-9.98	3.22	0.02	0.07	1.17
13029	9.77	-15.24	3.30	0.03	0.08	1.04
13046	9.00	-24.22	4.00	0.05	0.07	0.95
13065	7.49	-28.27	5.29	0.06	0.07	0.78
13083	5.16	-30.27	6.36	0.04	0.06	0.63
13101	3.94	-31.33	6.99	0.03	0.03	0.50
13119	2.47	-33.34	8.16	0.03	0.01	0.45
13137	3.56	-33.86	8.51	0.05	-0.01	0.36
13156	4.59	-30.79	7.39	0.09	0.00	0.31
13173	4.27	-24.66	6.06	0.10	-0.00	0.26
13193	3.23	-14.31	5.22	0.13	0.01	0.21
13211	2.40	-8.48	4.52	0.20	0.00	0.18
13229	0.85	15.56	2.11	0.27	-0.01	0.16
13248	0.64	48.46	-1.07	0.34	-0.03	0.17
13266	1.14	82.29	-3.31	0.19	-0.05	0.23
13285	4.55	88.15	-6.84	-0.12	-0.06	0.37
13303	5.97	77.68	-9.48	-0.44	0.01	0.59
13323	3.80	29.02	-14.07	-0.55	0.06	0.71
13341	-2.49	-47.82	-14.95	-0.63	0.08	0.93
13360	-5.77	-121.51	-15.30	-0.41	0.04	1.06
13380	-2.24	-161.30	-16.51	0.05	0.01	1.07
13398	1.63	-150.15	-15.81	0.45	0.02	1.04
13418	3.91	-103.84	-11.57	0.62	0.04	1.04
13436	4.18	-73.23	-8.58	0.59	0.06	1.05
13455	3.05	-16.27	-0.55	0.50	0.08	1.05
13473	-1.57	23.48	9.23	0.24	0.09	1.05
13491	-5.07	30.62	17.91	-0.03	0.06	1.05
13510	-5.75	10.28	23.35	-0.16	0.04	1.00
13528	-5.11	-16.17	25.99	-0.09	0.02	0.89
13548	-4.18	-31.27	26.09	0.04	0.03	0.80
13566	-4.64	-32.49	25.47	0.11	0.03	0.77
13584	-5.71	-22.25	23.19	0.21	0.04	0.73
13603	-6.84	-4.10	18.98	0.25	0.05	0.73
13621	-7.74	14.72	13.32	0.23	0.05	0.77
13640	-7.60	29.51	6.07	0.17	0.04	0.81
13658	-7.08	33.57	2.43	0.13	0.05	0.84
13676	-5.84	33.62	-3.80	0.04	0.05	0.89
13695	-3.72	24.87	-8.97	0.01	0.04	0.92
13713	-0.49	13.08	-13.44	0.02	0.03	0.91
13732	2.64	3.04	-15.37	0.01	0.03	0.88
13750	4.10	-1.89	-15.20	-0.02	0.03	0.83
13768	6.71	-15.99	-13.44	-0.04	0.03	0.80
13788	8.85	-28.55	-11.49	-0.02	0.02	0.72
13806	11.09	-39.37	-11.17	0.00	0.01	0.66
13826	12.02	-45.68	-11.22	0.03	0.01	0.63
13844	11.54	-48.08	-10.24	0.08	0.02	0.60
13862	10.80	-46.14	-9.51	0.17	0.02	0.54
13880	8.51	-34.55	-8.33	0.19	0.03	0.51
13898	4.71	-15.70	-7.20	0.23	0.04	0.46
13917	0.95	7.17	-6.33	0.25	0.03	0.44
13935	-2.88	32.39	-5.86	0.27	0.03	0.42
13953	-4.93	45.59	-6.03	0.26	0.03	0.42
13972	-9.05	71.18	-6.39	0.25	0.03	0.45
13990	-13.23	92.73	-7.11	0.21	0.06	0.54
14009	-19.30	107.22	-7.17	0.14	0.07	0.66
14028	-23.62	112.58	-7.78	0.08	0.04	0.76
14046	-24.77	107.65	-8.97	-0.01	0.03	0.89
14065	-24.83	100.86	-8.96	-0.06	0.04	0.99
14084	-24.26	81.67	-7.61	-0.07	0.03	1.03
14102	-21.55	60.23	-5.11	-0.07	0.02	1.13
14122	-17.06	38.50	-2.56	-0.03	0.02	1.22
14141	-11.17	22.87	-1.10	0.05	0.01	1.28
14161	-5.10	16.36	-1.34	0.12	0.01	1.30
14179	-1.57	15.81	-2.29	0.17	0.04	1.33
14197	-1.27	18.10	-2.75	0.20	0.06	1.33
14216	-3.56	26.66	-3.51	0.21	0.07	1.33
14234	-6.27	34.47	-3.31	0.17	0.06	1.36
14254	-5.95	36.91	-2.11	0.15	0.03	1.40
14272	-4.24	37.46	-1.53	0.15	0.05	1.38
14290	-5.33	37.06	-1.36	0.11	0.07	1.33
14309	-6.55	35.55	-1.30	0.09	0.08	1.31
14327	-8.42	30.03	-0.50	0.06	0.06	1.28
14347	-6.84	21.09	0.72	0.03	0.03	1.25
14364	-3.23	9.02	1.59	0.01	0.02	1.26
14382	1.14	-3.16	0.61	0.05	0.02	1.32
14401	2.73	-7.64	-0.67	0.08	0.05	1.34
14419	2.70	-13.37	-3.02	0.09	0.06	1.35
14438	1.48	-17.11	-5.05	0.10	0.05	1.36
14456	2.21	-19.10	-6.61	0.13	0.05	1.40
14474	3.62	-17.73	-7.51	0.16	0.05	1.41
14493	4.36	-13.82	-7.72	0.17	0.05	1.42
14511	4.35	-11.80	-7.16	0.16	0.06	1.42
14530	4.06	-9.57	-4.46	0.11	0.06	1.42
14548	3.65	-12.08	-1.80	0.08	0.07	1.39
14566	2.27	-17.26	0.02	0.06	0.06	1.38
14585	2.67	-23.91	1.16	0.06	0.04	1.40
14603	3.57	-27.15	1.71	0.07	0.04	1.41
14622	5.14	-31.89	2.84	0.09	0.04	1.39
14640	6.32	-33.60	4.41	0.11	0.05	1.38
14658	7.02	-32.49	6.13	0.14	0.05	1.37
14676	7.66	-28.38	7.98	0.15	0.05	1.34
14694	7.81	-25.83	8.74	0.15	0.05	1.33
14713	7.63	-20.58	10.15	0.15	0.06	1.32
14730	7.02	-16.19	11.75	0.13	0.06	1.35
14749	6.87	-15.47	13.31	0.11	0.05	1.36
14767	6.94	-17.84	14.39	0.09	0.05	1.36
14785	7.02	-19.45	14.30	0.10	0.06	1.34
14804	5.77	-20.46	12.24	0.12	0.07	1.28
14821	3.49	-19.53	7.51	0.12	0.06	1.20
14839	2.18	-18.71	2.87	0.10	0.05	1.09
14858	2.15	-18.74	1.02	0.08	0.04	1.02
14876	2.91	-19.99	-2.50	0.06	0.02	0.89
14894	5.31	-22.19	-5.84	0.05	0.01	0.77
14914	7.83	-24.15	-8.74	0.04	0.02	0.67
14932	9.46	-26.47	-9.81	0.03	0.01	0.57
14950	10.45	-29.19	-9.69	0.02	0.01	0.46
14969	10.85	-30.46	-9.57	0.03	-0.00	0.36
14988	11.41	-31.02	-9.99	0.04	-0.01	0.31
15007	12.18	-28.53	-10.50	0.05	-0.02	0.22
15026	13.93	-24.58	-10.76	0.06	-0.04	0.17
15045	16.45	-20.19	-10.33	0.03	-0.04	0.15
15064	18.62	-18.20	-10.51	0.04	-0.05	0.15
15082	21.22	-13.99	-10.04	0.07	-0.06	0.20
15102	22.84	-10.67	-8.88	0.09	-0.07	0.31
15120	26.90	-2.90	-2.55	0.08	-0.07	0.40
15140	29.60	-0.44	9.19	0.03	0.02	0.61
15158	21.88	-5.51	23.94	-0.04	0.16	0.89
15176	5.34	-23.24	33.14	-0.12	0.19	1.18
15195	-9.90	-50.23	35.81	-0.06	0.18	1.35
15214	-16.24	-61.65	35.75	0.15	0.14	1.34
15232	-25.22	-67.11	32.36	0.26	0.09	1.29
15251	-26.52	-45.53	25.04	0.39	0.02	1.14
15271	-22.26	-13.18	15.87	0.38	0.00	1.00
15289	-17.26	17.47	8.18	0.28	0.00	0.91
15306	-11.34	35.40	2.38	0.18	0.01	0.84
15325	-8.83	40.25	0.08	0.08	0.03	0.80
15343	-5.33	41.95	-3.27	0.04	0.05	0.80
15363	-3.37	34.18	-5.83	-0.01	0.05	0.80
15381	-1.66	23.27	-8.00	-0.01	0.05	0.81
15399	-0.41	15.09	-9.12	0.04	0.06	0.83
15418	-0.41	11.41	-9.92	0.13	0.09	0.86
15436	-1.28	13.23	-9.84	0.17	0.09	0.88
15456	-3.02	22.72	-10.09	0.21	0.08	0.91
15474	-3.36	34.01	-11.11	0.20	0.06	0.95
15492	-2.56	41.76	-12.44	0.17	0.07	0.99
15511	-1.86	44.94	-13.03	0.13	0.07	0.99
15529	-1.24	44.85	-12.91	0.07	0.06	0.99
15548	0.75	40.56	-11.57	0.04	0.06	0.98
15566	2.85	29.14	-9.11	-0.01	0.05	0.95
15584	4.55	13.03	-5.75	-0.05	0.05	0.89
15603	6.26	-6.18	-2.75	-0.08	0.04	0.82
15622	7.98	-26.12	-1.57	-0.09	0.03	0.74
15641	8.74	-44.04	-1.66	-0.07	0.02	0.66
15660	9.05	-51.21	-2.23	-0.06	0.02	0.63
15678	7.89	-63.02	-3.27	-0.02	0.03	0.58
15698	5.07	-68.92	-4.12	0.04	0.03	0.52
15716	1.56	-66.33	-5.91	0.11	0.02	0.46
15735	-1.75	-54.35	-8.29	0.18	0.02	0.43
15753	-4.90	-35.05	-10.28	0.23	0.02	0.41
15772	-6.48	-23.39	-11.20	0.24	0.02	0.39
15791	-9.26	2.00	-12.60	0.24	0.00	0.39
15809	-10.47	25.74	-13.50	0.21	-0.00	0.42
15829	-10.99	45.21	-13.08	0.18	0.02	0.49
15847	-12.80	59.57	-10.88	0.14	0.04	0.58
15866	-14.60	68.28	-6.44	0.10	0.04	0.69
15884	-14.98	70.19	-3.69	0.06	0.03	0.78
15902	-14.25	69.05	1.27	0.03	0.03	0.83
15921	-13.60	62.58	5.28	0.01	0.06	0.93
15939	-13.82	51.62	9.99	-0.02	0.05	1.07
15958	-10.88	35.87	14.85	-0.02	0.04	1.18
15976	-9.16	28.35	16.46	0.06	0.07	1.22
15995	-8.13	20.08	17.65	0.10	0.08	1.23
16013	-9.22	19.67	16.49	0.11	0.07	1.24
16030	-8.18	19.35	12.86	0.10	0.04	1.26
16049	-6.59	17.15	6.77	0.10	0.05	1.31
16066	-6.42	15.63	3.04	0.11	0.07	1.34
16084	-8.03	14.01	-4.44	0.13	0.07	1.35
16104	-9.46	16.31	-11.80	0.16	0.07	1.33
16122	-10.12	21.67	-18.51	0.17	0.07	1.30
16140	-10.56	27.34	-23.74	0.16	0.06	1.24
16158	-10.18	30.27	-25.45	0.15	0.04	1.22
16179	-7.51	34.82	-27.01	0.13	0.03	1.20
16197	-4.61	35.28	-26.63	0.09	0.05	1.24
16215	-3.42	31.62	-24.96	0.06	0.05	1.25
16234	-1.13	25.02	-21.29	0.05	0.03	1.26
16252	2.04	17.30	-16.48	0.06	0.05	1.30
16269	2.81	13.75	-13.60	0.06	0.06	1.30
16288	2.90	7.60	-7.43	0.06	0.07	1.31
16305	2.18	0.81	-1.19	0.06	0.06	1.33
16324	1.33	-4.94	3.57	0.09	0.07	1.36
16342	0.76	-6.56	5.51	0.12	0.07	1.38
16359	0.08	-7.06	8.19	0.13	0.06	1.39
16377	0.98	-5.39	9.38	0.12	0.05	1.41
16395	2.99	-6.48	9.77	0.11	0.05	1.44
16413	4.29	-7.20	10.24	0.13	0.05	1.43
16430	6.50	-6.74	11.55	0.13	0.04	1.42
16448	9.41	-5.49	11.93	0.11	0.03	1.39
16465	12.45	-7.90	11.70	0.07	0.04	1.38
16483	13.40	-10.42	11.64	0.07	0.06	1.37
16500	12.74	-15.15	11.20	0.07	0.08	1.34
16519	10.45	-19.61	10.28	0.07	0.07	1.34
16536	8.39	-23.36	9.23	0.08	0.06	1.34
16554	7.77	-25.10	8.79	0.08	0.06	1.34
16572	5.91	-28.27	7.43	0.10	0.07	1.33
16590	4.09	-28.59	7.11	0.12	0.07	1.34
16607	2.11	-26.82	8.00	0.13	0.07	1.35
16625	1.46	-25.38	8.45	0.14	0.07	1.35
16643	0.17	-21.94	8.50	0.16	0.06	1.37
16660	-0.93	-16.74	7.71	0.17	0.05	1.37
16678	-0.64	-11.11	7.83	0.15	0.04	1.33
16696	0.26	-9.41	8.21	0.13	0.04	1.30
16714	2.69	-8.88	9.02	0.10	0.03	1.24
16732	5.08	-10.44	8.42	0.09	0.04	1.15
16750	7.03	-13.29	6.96	0.06	0.03	1.05
16767	8.06	-15.24	6.18	0.05	0.04	1.00
16786	9.55	-20.66	4.53	0.02	0.04	0.88
16803	9.45	-26.47	2.96	0.02	0.05	0.76
16821	7.86	-30.75	1.08	0.02	0.05	0.64
16838	6.82	-32.44	0.26	0.02	0.05	0.58
16856	5.62	-35.13	-1.66	0.02	0.02	0.45
16874	5.86	-36.54	-3.81	0.02	0.00	0.34
16895	7.31	-36.12	-5.75	0.03	-0.02	0.27
16913	10.44	-34.18	-7.74	0.04	-0.02	0.21
16933	11.70	-30.30	-9.63	0.04	-0.00	0.17
16951	11.90	-30.56	-10.65	0.05	-0.01	0.16
16970	11.92	-24.75	-12.42	0.07	-0.02	0.16
16989	12.15	-15.43	-13.32	0.09	-0.01	0.18
17008	10.41	-7.32	-12.39	0.08	0.01	0.27
17027	9.12	-0.89	-7.74	0.11	-0.01	0.40
17046	9.95	8.53	-1.24	0.12	0.04	0.60
17064	8.16	11.32	2.67	-0.02	0.10	0.91
17082	1.51	3.02	10.21	-0.08	0.09	1.07
17100	-2.78	-22.42	16.85	-0.11	0.10	1.30
17120	-5.23	-47.70	21.97	0.00	0.09	1.40
17138	-4.81	-59.30	21.68	0.18	0.05	1.35
17156	-2.56	-47.42	17.18	0.34	0.07	1.20
17175	-2.33	-34.65	14.51	0.39	0.09	1.02
17193	-3.20	-5.14	9.00	0.37	0.09	0.95
17213	-6.01	26.06	4.49	0.28	0.09	0.83
17231	-8.42	44.33	0.93	0.14	0.09	0.78
17248	-10.82	46.86	-1.40	0.01	0.09	0.77
17267	-11.63	36.71	-2.62	-0.05	0.07	0.77
17286	-11.14	29.72	-2.84	-0.06	0.06	0.77
17305	-8.71	15.30	-2.38	-0.03	0.03	0.80
17324	-4.36	4.90	-2.18	0.06	0.02	0.82
17343	0.66	5.36	-1.97	0.15	0.02	0.86
17361	4.65	12.50	-1.45	0.20	0.04	0.91
17379	5.98	17.33	-1.25	0.22	0.07	0.97
17397	6.50	30.40	-1.71	0.22	0.08	0.99
17415	4.20	41.31	-3.37	0.20	0.10	1.00
17433	0.32	47.87	-6.23	0.13	0.10	1.01
17451	-2.85	44.97	-10.27	0.05	0.09	0.99
17469	-4.20	40.37	-12.25	-0.02	0.09	0.95
17489	-7.20	25.83	-15.14	-0.04	0.08	0.93
17508	-9.64	6.50	-15.93	-0.08	0.06	0.87
17527	-10.07	-14.66	-15.09	-0.10	0.04	0.81
17546	-9.08	-35.71	-13.21	-0.10	0.02	0.75
17566	-6.76	-53.92	-10.91	-0.07	-0.00	0.68
17586	-3.57	-65.34	-8.54	-0.00	-0.01	0.61
17605	-1.11	-68.31	-6.59	0.06	-0.01	0.55
17625	0.14	-63.29	-5.31	0.12	-0.02	0.49
17644	0.50	-51.56	-4.84	0.17	-0.01	0.41
17663	-0.29	-32.65	-3.62	0.22	-0.00	0.35
17682	-0.58	-22.51	-2.61	0.23	0.00	0.34
17702	-2.27	3.69	-0.58	0.22	-0.01	0.34
17721	-2.09	26.34	0.64	0.19	-0.01	0.39
17739	-1.56	44.88	2.08	0.16	0.01	0.46
17758	-2.06	58.85	4.67	0.12	0.02	0.55
17775	-2.53	65.17	7.55	0.06	0.02	0.66
17794	-2.37	65.49	8.51	0.04	0.02	0.71
17812	-2.93	63.46	9.25	0.03	0.05	0.78
17830	-5.14	57.63	9.20	0.01	0.06	0.91
17848	-6.23	48.57	10.28	-0.00	0.06	1.05
17866	-6.87	42.95	11.28	-0.00	0.09	1.17
17884	-9.74	30.43	12.16	0.01	0.11	1.22
17903	-15.55	18.16	10.93	0.03	0.13	1.31
17921	-19.91	9.45	8.15	0.09	0.09	1.35
17939	-19.87	7.95	3.37	0.14	0.06	1.32
17959	-18.71	11.52	-3.49	0.17	0.05	1.26
17977	-18.20	14.59	-7.40	0.17	0.05	1.24
17995	-17.23	20.16	-14.86	0.15	0.04	1.23
18014	-15.12	24.51	-20.34	0.14	0.02	1.21
18032	-10.30	27.51	-24.51	0.12	-0.00	1.19
18051	-4.20	27.63	-27.10	0.08	-0.00	1.21
18070	-1.07	26.02	-27.51	0.06	0.01	1.22
18088	3.60	20.71	-26.35	0.07	0.03	1.24
18106	5.86	15.46	-22.49	0.08	0.06	1.30
18124	6.79	12.47	-17.46	0.11	0.07	1.33
18143	6.68	12.10	-12.08	0.12	0.07	1.33
18161	6.01	11.80	-9.29	0.11	0.08	1.36
18178	4.50	10.07	-2.99	0.11	0.09	1.36
18197	2.43	8.83	3.89	0.10	0.09	1.34
18214	1.71	5.97	9.31	0.07	0.07	1.37
18233	1.86	3.10	11.06	0.08	0.07	1.43
18251	2.17	-2.87	12.71	0.10	0.07	1.43
18268	2.66	-4.27	12.37	0.12	0.06	1.41
18287	4.44	-4.78	10.53	0.10	0.04	1.42
18304	7.74	-8.21	7.84	0.09	0.04	1.46
18322	9.31	-10.19	6.44	0.11	0.05	1.45
18341	11.00	-11.35	4.55	0.13	0.07	1.44
18359	11.26	-9.66	3.10	0.13	0.07	1.43
18378	11.83	-9.03	2.53	0.11	0.06	1.42
18395	12.76	-11.20	2.55	0.08	0.06	1.41
18413	12.63	-13.20	2.59	0.08	0.07	1.40
18432	10.96	-16.42	2.82	0.09	0.08	1.39
18450	7.86	-18.42	2.93	0.09	0.08	1.37
18468	4.88	-20.00	3.46	0.09	0.07	1.36
18486	3.78	-20.77	4.15	0.10	0.07	1.37
18504	1.97	-21.71	5.49	0.13	0.07	1.38
18522	1.24	-18.36	6.39	0.16	0.05	1.37
18540	1.57	-13.20	5.54	0.15	0.05	1.35
18557	1.80	-11.03	5.13	0.14	0.05	1.33
18576	2.49	-8.04	4.94	0.13	0.05	1.31
18593	3.68	-6.33	5.98	0.12	0.06	1.26
18611	4.59	-5.66	7.43	0.10	0.06	1.18
18631	5.68	-6.36	7.48	0.08	0.05	1.08
18649	6.32	-7.19	6.84	0.05	0.06	0.96
18666	6.84	-10.31	4.87	0.04	0.06	0.89
18685	6.88	-14.66	2.75	0.02	0.05	0.75
18703	7.43	-19.71	0.82	0.01	0.02	0.61
18721	8.90	-24.15	-1.08	0.01	0.01	0.50
18740	9.60	-26.12	-2.32	0.00	0.01	0.43
18758	10.38	-29.65	-4.93	-0.00	0.01	0.39
18777	10.56	-33.72	-6.50	-0.00	0.00	0.34
18796	11.38	-36.97	-7.29	0.01	-0.01	0.28
18815	12.74	-37.90	-7.80	0.03	-0.03	0.22
18834	15.50	-36.54	-8.30	0.03	-0.04	0.18
18852	17.30	-34.04	-9.61	0.04	-0.02	0.17
18872	17.21	-31.65	-10.27	0.11	-0.03	0.17
18890	18.10	-22.37	-11.44	0.12	-0.04	0.19
18910	19.90	-9.67	-10.16	0.12	-0.03	0.29
18928	20.94	1.88	-4.84	0.14	-0.02	0.50
18947	18.42	13.32	4.12	0.13	0.07	0.76
18965	5.89	17.49	14.47	0.05	0.20	1.08
18982	-3.72	13.64	19.90	-0.02	0.23	1.25
19001	-24.15	-7.72	29.75	-0.06	0.23	1.47
19019	-38.54	-28.21	36.01	0.07	0.14	1.46
19037	-41.60	-33.23	38.02	0.19	0.02	1.32
19057	-34.44	-24.15	37.55	0.24	-0.03	1.14
19076	-29.19	-17.00	37.11	0.23	-0.03	0.96
19095	-18.83	1.27	36.42	0.22	-0.04	0.88
19113	-7.54	16.56	34.42	0.18	-0.04	0.76
19132	1.53	27.73	30.72	0.12	-0.00	0.69
19150	6.21	31.62	25.47	0.04	0.03	0.69
19167	7.23	30.29	22.26	-0.02	0.08	0.73
19186	6.15	21.74	14.76	-0.03	0.10	0.76
19203	1.69	10.33	6.04	-0.00	0.13	0.81
19222	-4.62	2.85	-2.38	0.06	0.13	0.88
19240	-10.03	1.62	-11.12	0.14	0.11	0.94
19258	-11.18	4.03	-15.34	0.18	0.08	0.98
19277	-10.73	11.03	-21.88	0.18	0.08	1.01
19295	-7.84	18.43	-25.12	0.17	0.05	1.04
19314	-1.46	25.24	-25.67	0.17	0.02	1.02
19332	6.04	31.40	-24.31	0.15	0.02	0.99
19351	12.51	34.18	-20.54	0.09	0.04	0.96
19369	14.85	32.73	-17.78	0.04	0.04	0.94
19387	18.16	23.12	-11.41	-0.04	0.05	0.90
19406	19.41	4.96	-5.16	-0.10	0.06	0.85
19424	18.28	-17.70	-1.11	-0.11	0.07	0.79
19442	15.44	-37.99	-0.11	-0.08	0.07	0.70
19463	11.70	-52.90	-1.53	-0.04	0.05	0.62
19481	9.57	-58.06	-2.69	-0.01	0.05	0.58
19501	4.53	-62.71	-5.20	0.04	0.05	0.52
19519	-1.36	-60.00	-6.84	0.09	0.04	0.47
19537	-5.97	-52.64	-8.64	0.11	0.02	0.46
19557	-8.51	-42.43	-11.34	0.15	0.01	0.44
19575	-9.69	-28.24	-14.97	0.18	-0.01	0.42
19595	-8.62	-8.61	-18.08	0.20	-0.02	0.41
19614	-7.60	1.63	-19.32	0.19	-0.01	0.44
19634	-6.30	20.90	-20.20	0.19	0.00	0.46
19652	-6.12	39.78	-18.75	0.18	0.01	0.52
19670	-6.76	56.05	-16.74	0.16	0.03	0.61
19689	-8.64	66.76	-13.64	0.11	0.06	0.73
19707	-11.64	69.78	-8.99	0.07	0.07	0.88
19726	-12.95	69.27	-6.42	0.05	0.05	0.98
19744	-13.76	64.97	-1.66	0.03	0.05	1.02
19763	-13.81	55.40	4.01	-0.02	0.06	1.10
19781	-13.09	41.11	9.84	-0.02	0.06	1.13
19800	-11.40	27.83	12.24	0.02	0.04	1.16
19818	-9.84	19.99	11.72	0.07	0.06	1.21
19836	-9.90	17.84	11.06	0.08	0.06	1.22
19853	-10.10	15.15	8.79	0.10	0.06	1.24
19873	-10.28	15.24	4.88	0.13	0.06	1.29
19891	-11.15	17.49	-0.18	0.15	0.09	1.35
19910	-12.51	21.70	-5.87	0.15	0.05	1.37
19928	-11.63	23.36	-8.53	0.14	0.04	1.36
19946	-8.04	24.28	-12.30	0.11	0.04	1.35
19965	-4.52	22.80	-14.66	0.10	0.06	1.33
19983	-2.53	20.42	-16.16	0.09	0.06	1.30
20002	-1.07	17.87	-16.57	0.08	0.06	1.25
20020	-0.72	16.11	-16.53	0.07	0.08	1.24
20038	-1.30	12.01	-16.54	0.08	0.08	1.24
20058	-2.98	9.46	-17.58	0.10	0.08	1.25
20076	-5.57	8.71	-17.23	0.10	0.09	1.25
20094	-6.62	6.79	-15.23	0.10	0.07	1.35
20112	-5.78	4.97	-14.04	0.12	0.06	1.43
20130	-3.08	3.33	-11.43	0.14	0.07	1.45
20148	-1.63	3.71	-8.42	0.13	0.09	1.47
20166	-1.97	3.17	-5.20	0.13	0.10	1.52
20184	-0.72	2.14	-2.14	0.12	0.07	1.50
20203	0.56	1.27	0.02	0.09	0.06	1.45
20220	4.20	-1.72	4.91	0.08	0.05	1.43
20238	7.92	-5.94	9.29	0.08	0.06	1.41
20255	10.28	-10.01	12.42	0.08	0.07	1.37
20274	10.85	-11.76	13.92	0.08	0.08	1.36
20291	10.54	-15.23	16.45	0.07	0.09	1.34
20309	9.87	-17.93	18.08	0.09	0.08	1.34
20326	10.15	-18.89	18.89	0.10	0.07	1.32
20344	10.10	-18.69	18.77	0.11	0.07	1.32
20362	9.28	-17.49	18.25	0.10	0.09	1.33
20379	7.57	-17.47	17.84	0.09	0.10	1.32
20397	6.53	-17.75	17.79	0.10	0.10	1.31
20415	4.01	-17.85	17.72	0.11	0.10	1.31
20433	2.09	-16.74	17.47	0.11	0.08	1.30
20450	1.94	-15.75	16.42	0.10	0.07	1.28
20468	2.50	-15.84	15.55	0.07	0.06	1.22
20486	3.45	-18.10	12.74	0.07	0.06	1.19
20504	4.30	-21.59	8.87	0.06	0.06	1.12
20521	4.58	-25.36	5.04	0.05	0.06	1.05
20539	4.70	-27.16	3.49	0.04	0.06	0.96
20556	4.52	-31.62	1.11	0.04	0.06	0.92
20574	3.85	-35.02	-1.53	0.04	0.06	0.84
20592	3.54	-37.67	-3.74	0.03	0.05	0.74
20610	3.83	-39.02	-4.65	0.02	0.03	0.65
20628	5.02	-42.25	-5.98	0.02	0.03	0.60
20646	6.33	-44.40	-7.26	0.02	0.01	0.51
20664	8.80	-45.24	-9.19	0.03	-0.01	0.43
20684	11.34	-43.62	-11.92	0.05	-0.00	0.35
20704	12.53	-39.57	-15.26	0.07	-0.00	0.29
20723	13.23	-33.29	-18.16	0.08	0.00	0.26
20742	13.64	-29.83	-19.33	0.05	-0.02	0.25
20761	15.37	-22.28	-22.06	0.06	-0.04	0.24
20780	20.63	-14.43	-26.09	0.12	-0.08	0.24
20799	28.46	0.81	-29.51	0.18	-0.10	0.30
20817	37.00	20.08	-27.85	0.21	-0.08	0.42
20836	40.82	38.07	-18.63	0.11	0.02	0.61
20854	38.86	41.56	-12.05	0.01	0.17	0.88
20872	25.44	36.61	3.36	-0.05	0.25	1.03
20891	-0.03	16.92	21.06	-0.13	0.32	1.28
20909	-25.13	-11.69	33.98	-0.08	0.25	1.38
20928	-41.81	-29.88	40.91	0.09	0.15	1.32
20946	-48.20	-27.73	44.25	0.24	0.07	1.19
20964	-47.90	-20.02	45.26	0.29	0.05	1.12
20983	-43.66	1.34	46.77	0.30	0.03	0.99
21001	-35.08	25.83	45.90	0.27	-0.02	0.88
21020	-23.21	47.09	42.08	0.17	-0.02	0.80
21038	-11.18	54.00	36.21	0.03	0.01	0.79
21056	-6.24	51.67	32.76	-0.03	0.04	0.80
21075	-0.21	37.46	25.21	-0.09	0.09	0.82
21093	1.83	19.36	16.27	-0.06	0.11	0.83
21112	2.50	7.17	5.33	0.02	0.10	0.84
21129	4.01	1.82	-7.13	0.09	0.09	0.87
21147	4.97	2.64	-12.79	0.13	0.09	0.88
21165	8.10	9.14	-22.71	0.16	0.06	0.91
21183	13.63	16.75	-29.94	0.15	0.04	0.94
21202	18.92	21.51	-33.95	0.12	0.05	0.96
21220	20.78	22.51	-34.87	0.08	0.05	0.95
21238	23.65	20.52	-34.81	0.05	0.05	0.94
21256	24.46	13.06	-31.39	-0.02	0.08	0.93
21274	22.26	-0.20	-24.43	-0.03	0.10	0.89
21294	17.70	-12.51	-15.56	-0.02	0.09	0.84
21312	12.74	-22.93	-6.73	-0.02	0.08	0.80
21331	10.18	-28.47	-2.67	-0.04	0.08	0.76
21350	5.31	-40.60	4.61	-0.04	0.07	0.73
21368	0.24	-52.12	10.83	-0.02	0.06	0.69
21388	-4.23	-59.71	15.87	0.02	0.05	0.65
21406	-7.92	-61.22	19.55	0.08	0.04	0.62
21426	-10.76	-55.79	21.42	0.13	0.03	0.58
21444	-12.15	-45.09	20.97	0.16	0.00	0.55
21462	-12.21	-37.63	19.68	0.18	-0.01	0.53
21481	-10.93	-19.79	15.93	0.22	-0.01	0.50
21501	-8.27	-0.14	10.97	0.23	-0.01	0.45
21520	-7.28	25.07	4.68	0.22	-0.00	0.41
21538	-5.60	46.36	-2.09	0.19	0.00	0.41
21556	-4.15	63.49	-8.58	0.15	0.00	0.44
21575	-3.66	70.19	-11.73	0.10	0.02	0.53
21593	-3.14	77.36	-18.08	0.06	0.03	0.58
21612	-4.07	75.30	-23.12	-0.02	0.05	0.68
21631	-5.52	62.74	-25.91	-0.08	0.05	0.80
21650	-6.73	42.88	-26.43	-0.10	0.06	0.91
21668	-7.89	23.07	-25.57	-0.06	0.06	1.00
21687	-8.41	14.86	-24.67	-0.03	0.08	1.09
21707	-10.16	-0.27	-22.63	0.00	0.12	1.19
21726	-14.22	-12.45	-18.95	0.04	0.13	1.23
21744	-18.30	-17.33	-15.14	0.12	0.12	1.28
21763	-20.29	-12.31	-13.28	0.22	0.09	1.30
21782	-18.97	2.04	-13.78	0.26	0.06	1.32
21800	-16.68	18.13	-14.43	0.22	0.06	1.32
21818	-15.76	24.29	-14.60	0.19	0.06	1.32
21836	-13.58	31.05	-14.31	0.15	0.05	1.34
21855	-10.06	33.62	-13.78	0.14	0.05	1.37
21873	-6.10	34.88	-13.24	0.12	0.06	1.38
21891	-4.15	34.53	-12.51	0.08	0.06	1.38
21910	-0.67	29.86	-9.72	0.06	0.07	1.39
21928	1.77	20.90	-6.07	0.04	0.08	1.37
21945	1.66	12.66	-2.17	0.06	0.12	1.37
21963	-0.23	6.68	1.59	0.09	0.12	1.42
21980	-0.89	4.88	3.40	0.11	0.11	1.44
21998	-0.72	3.95	6.52	0.13	0.10	1.47
22015	-0.55	5.11	7.46	0.13	0.11	1.46
22033	-1.46	5.54	6.94	0.11	0.11	1.45
22051	-3.36	4.44	4.87	0.10	0.10	1.46
22069	-2.88	0.43	2.98	0.11	0.09	1.51
22086	-1.69	-0.49	1.22	0.16	0.09	1.52
22104	-0.76	3.16	-0.31	0.15	0.08	1.48
22123	0.27	4.50	-0.75	0.14	0.08	1.46
22141	3.62	4.36	-0.52	0.10	0.06	1.43
22158	7.86	1.22	1.30	0.07	0.06	1.40
22176	11.61	-3.63	4.23	0.06	0.06	1.38
22193	12.79	-6.36	5.68	0.06	0.08	1.38
22211	12.83	-12.56	8.44	0.06	0.09	1.38
22228	11.47	-18.34	10.94	0.07	0.10	1.37
22246	10.62	-20.22	12.30	0.09	0.09	1.34
22264	9.34	-21.87	14.88	0.10	0.08	1.33
22282	8.50	-20.39	17.06	0.13	0.08	1.32
22299	7.45	-16.59	18.51	0.15	0.08	1.32
22317	6.76	-14.27	19.15	0.13	0.08	1.32
22335	5.63	-10.94	19.56	0.12	0.08	1.32
22354	4.78	-9.77	18.89	0.10	0.09	1.29
22372	4.35	-10.30	16.86	0.08	0.08	1.24
22390	4.78	-12.83	13.75	0.07	0.07	1.16
22408	5.37	-14.40	12.22	0.06	0.06	1.06
22427	6.82	-17.46	9.23	0.05	0.06	1.00
22445	7.10	-21.38	6.36	0.03	0.07	0.88
22463	6.10	-26.06	3.65	0.02	0.06	0.74
22481	5.25	-30.18	0.49	0.02	0.03	0.58
22499	5.42	-31.51	-1.05	0.02	0.02	0.51
22517	6.68	-32.78	-3.92	0.02	0.00	0.39
22537	8.27	-33.43	-6.20	0.01	-0.02	0.30
22555	11.02	-34.91	-8.42	0.01	-0.04	0.23
22574	13.40	-34.44	-11.14	0.01	-0.03	0.17
22593	13.89	-33.97	-14.01	0.03	-0.01	0.14
22612	13.47	-32.24	-15.18	0.10	-0.01	0.12
22632	12.21	-24.90	-17.53	0.15	-0.02	0.14
22650	11.08	-9.25	-18.91	0.18	-0.02	0.17
22670	8.56	11.73	-16.69	0.19	0.03	0.23
22688	1.74	27.16	-12.91	0.05	0.07	0.39
22705	-6.88	25.21	-9.49	-0.08	0.13	0.71
22725	-18.14	4.26	-2.55	-0.20	0.15	1.07
22744	-22.11	-12.63	0.96	-0.19	0.08	1.31
22764	-22.38	-47.85	5.54	-0.10	0.06	1.37
22782	-16.62	-66.65	7.14	0.14	0.04	1.36
22801	-9.41	-58.96	7.72	0.32	0.03	1.26
22819	-2.88	-33.98	7.89	0.38	0.05	1.13
22838	1.45	-2.43	7.49	0.34	0.06	0.99
22856	4.26	23.35	7.23	0.24	0.07	0.87
22874	4.97	31.89	7.37	0.17	0.08	0.83
22892	5.14	38.19	8.48	0.04	0.09	0.79
22909	4.18	30.87	10.19	-0.06	0.09	0.77
22927	3.62	23.19	11.37	-0.09	0.08	0.79
22946	2.38	4.78	14.22	-0.08	0.08	0.81
22963	0.90	-10.44	15.76	0.01	0.08	0.84
22982	-0.46	-13.73	14.69	0.13	0.07	0.86
23000	-1.46	-7.20	12.39	0.19	0.08	0.91
23018	-2.24	-1.08	11.15	0.23	0.08	0.95
23038	-3.10	12.86	8.27	0.23	0.07	0.97
23055	-3.17	26.81	4.23	0.20	0.07	0.99
23074	-2.88	34.21	-0.46	0.14	0.08	0.99
23092	-3.56	34.97	-3.91	0.08	0.08	0.99
23110	-4.23	33.29	-4.75	0.04	0.07	0.96
23129	-4.76	26.72	-4.82	0.02	0.07	0.95
23148	-4.15	16.85	-3.43	-0.02	0.05	0.90
23167	-3.05	2.94	-1.79	-0.04	0.04	0.85
23185	-1.30	-12.66	0.70	-0.05	0.03	0.80
23204	1.45	-27.71	3.86	-0.05	0.01	0.74
23223	4.15	-40.50	7.13	-0.04	-0.01	0.68
23242	5.60	-46.17	8.59	0.00	-0.02	0.61
23261	8.06	-52.31	9.96	0.02	-0.03	0.59
23279	10.04	-52.96	9.23	0.09	-0.03	0.53
23297	9.90	-46.52	7.83	0.14	-0.00	0.48
23316	7.46	-33.20	6.16	0.18	0.01	0.41
23333	5.87	-24.66	5.08	0.19	0.01	0.37
23353	3.23	-7.23	2.11	0.19	0.00	0.36
23370	0.12	13.55	-1.08	0.18	0.01	0.34
23388	-3.42	31.04	-4.27	0.17	0.02	0.37
23407	-6.45	47.15	-6.26	0.15	0.03	0.47
23425	-8.13	53.19	-6.94	0.10	0.07	0.62
23443	-12.95	60.10	-7.51	0.07	0.07	0.68
23463	-16.57	60.10	-7.05	0.04	0.04	0.74
23481	-16.94	56.37	-6.00	-0.00	0.04	0.84
23500	-16.08	45.99	-3.63	-0.03	0.05	0.98
23519	-14.85	31.83	-0.32	-0.02	0.06	1.13
23537	-12.95	18.89	3.65	0.04	0.06	1.26
23555	-11.14	14.74	5.05	0.07	0.06	1.29
23573	-7.16	12.01	6.04	0.12	0.06	1.29
23592	-4.79	13.64	4.94	0.14	0.07	1.29
23609	-4.23	15.96	2.82	0.13	0.08	1.36
23627	-4.43	16.65	1.54	0.13	0.09	1.38
23645	-4.65	18.20	-1.42	0.15	0.08	1.40
23664	-3.83	20.55	-5.94	0.15	0.07	1.39
23683	-2.30	23.53	-10.53	0.14	0.06	1.35
23701	-1.17	25.76	-14.68	0.12	0.07	1.30
23719	-1.34	25.88	-16.49	0.10	0.08	1.28
23738	-2.49	24.23	-19.26	0.09	0.09	1.27
23757	-3.72	21.99	-21.06	0.10	0.08	1.27
23776	-3.77	20.61	-22.26	0.10	0.08	1.25
23794	-3.30	19.56	-23.25	0.11	0.08	1.24
23812	-3.60	18.33	-23.54	0.10	0.08	1.23
23831	-3.78	17.79	-22.99	0.11	0.08	1.24
23849	-3.81	16.80	-20.42	0.11	0.07	1.25
23869	-2.55	15.75	-16.30	0.13	0.07	1.32
23887	-1.16	15.05	-11.90	0.12	0.09	1.39
23905	-0.27	12.48	-7.61	0.11	0.09	1.43
23924	0.44	9.12	-4.12	0.10	0.08	1.44
23942	0.87	7.20	-2.67	0.09	0.08	1.44
23961	2.06	2.64	0.98	0.09	0.09	1.47
23978	3.72	-2.26	5.54	0.07	0.08	1.46
23996	4.55	-8.38	10.35	0.07	0.09	1.45
24014	4.33	-11.34	12.19	0.07	0.09	1.41
24032	3.46	-16.53	14.42	0.07	0.09	1.40
24050	3.02	-19.61	15.05	0.09	0.07	1.36
24068	3.86	-21.36	14.94	0.09	0.05	1.35
24087	5.57	-22.78	13.60	0.09	0.06	1.35
24105	6.15	-23.06	12.71	0.10	0.07	1.35
24123	5.71	-22.00	11.32	0.12	0.08	1.34
24141	4.26	-18.81	11.15	0.13	0.07	1.34
24159	3.91	-15.93	10.76	0.11	0.07	1.34
24177	4.15	-15.30	10.28	0.11	0.07	1.35
24195	3.60	-15.15	8.61	0.12	0.08	1.34
24213	2.33	-13.44	7.16	0.13	0.07	1.30
24230	1.14	-10.88	6.52	0.11	0.07	1.23
24248	0.75	-10.33	6.47	0.08	0.06	1.16
24265	0.81	-11.43	6.48	0.07	0.05	1.12
24283	1.07	-14.28	5.74	0.05	0.05	1.03
24301	0.84	-18.49	4.52	0.03	0.05	0.93
24319	0.63	-21.09	3.83	0.01	0.03	0.83
24336	0.92	-26.87	2.62	0.01	0.03	0.77
24354	1.04	-32.78	1.94	0.00	0.02	0.65
24374	1.62	-37.63	1.14	0.01	0.01	0.54
24391	2.23	-40.60	0.14	0.01	0.00	0.44
24409	2.76	-41.60	-0.34	0.01	-0.01	0.39
24428	4.41	-43.55	-1.14	0.01	-0.02	0.31
24447	6.27	-43.88	-1.60	0.03	-0.02	0.24
24466	6.96	-41.85	-1.31	0.02	-0.02	0.19
24485	6.94	-40.42	-0.44	0.03	-0.02	0.16
24503	6.04	-35.35	0.66	0.13	-0.01	0.16
24523	5.20	-25.82	1.31	0.15	-0.03	0.24
24541	6.03	-12.73	2.66	0.17	-0.04	0.29
24559	8.83	8.83	5.72	0.26	-0.04	0.43
24578	9.80	31.63	7.05	0.22	0.05	0.64
24595	4.61	44.94	6.97	0.07	0.10	0.93
24613	0.81	42.40	6.71	-0.05	0.12	1.11
24630	-5.66	14.08	3.97	-0.20	0.12	1.39
24650	-8.90	-23.15	-3.36	-0.10	0.09	1.45
24668	-8.47	-45.56	-12.63	0.08	0.05	1.38
24687	-5.39	-45.85	-20.37	0.26	0.04	1.21
24707	-2.93	-24.84	-23.91	0.35	0.04	1.02
24725	-1.72	-10.25	-24.00	0.34	0.03	0.85
24744	0.40	19.79	-21.27	0.29	0.03	0.78
24762	2.67	40.45	-16.28	0.15	0.02	0.71
24780	4.20	44.71	-10.15	0.01	0.04	0.70
24799	4.10	34.00	-2.17	-0.10	0.07	0.73
24817	3.10	24.31	2.49	-0.12	0.07	0.76
24835	1.22	2.70	11.17	-0.10	0.07	0.78
24853	-0.87	-14.76	16.33	-0.02	0.07	0.83
24872	-3.34	-21.68	19.71	0.09	0.09	0.89
24891	-6.16	-17.91	21.44	0.20	0.08	0.95
24909	-6.91	-12.05	21.29	0.26	0.06	1.01
24928	-6.94	4.94	19.09	0.27	0.06	1.04
24945	-6.61	22.96	15.17	0.24	0.06	1.06
24963	-5.45	34.53	9.83	0.17	0.05	1.07
24982	-2.75	39.35	3.37	0.12	0.03	1.03
25000	-0.99	39.58	0.11	0.08	0.03	0.98
25019	2.52	37.78	-5.60	0.07	0.03	0.96
25036	5.16	33.51	-9.57	0.04	0.03	0.91
25054	7.11	26.09	-11.44	0.00	0.04	0.86
25072	8.15	14.94	-11.06	-0.06	0.04	0.84
25091	8.41	7.00	-10.21	-0.11	0.05	0.82
25110	8.24	-12.16	-7.81	-0.11	0.05	0.80
25129	6.99	-32.58	-5.66	-0.10	0.05	0.75
25147	5.16	-52.41	-3.22	-0.08	0.05	0.73
25166	2.91	-66.89	-1.34	-0.04	0.04	0.72
25185	1.33	-75.29	-0.26	0.02	0.03	0.70
25205	0.34	-75.09	1.13	0.08	0.02	0.70
25222	0.15	-72.54	2.14	0.11	0.01	0.71
25240	-0.11	-63.03	3.37	0.16	0.01	0.70
25259	0.08	-47.01	3.22	0.22	-0.00	0.65
25277	1.25	-24.28	1.92	0.25	-0.01	0.57
25296	2.91	2.73	-0.55	0.26	-0.02	0.47
25314	3.56	17.23	-2.08	0.26	-0.01	0.43
25333	4.18	46.57	-4.68	0.25	0.00	0.38
25351	3.66	73.30	-6.90	0.20	0.01	0.39
25369	2.47	92.96	-8.06	0.14	0.04	0.45
25388	-0.26	103.88	-8.96	0.08	0.06	0.55
25406	-2.47	106.46	-9.06	0.04	0.08	0.61
25425	-8.30	102.57	-8.74	-0.07	0.09	0.71
25443	-14.18	85.56	-8.30	-0.14	0.09	0.78
25462	-18.94	61.87	-8.12	-0.15	0.08	0.85
25480	-22.17	37.40	-7.45	-0.15	0.07	0.96
25499	-22.81	11.46	-6.03	-0.15	0.04	1.11
25517	-21.61	-1.86	-5.04	-0.11	0.04	1.19
25537	-18.75	-21.56	-3.77	0.02	0.07	1.28
25555	-16.80	-26.50	-3.59	0.12	0.07	1.29
25574	-13.35	-20.72	-4.71	0.18	0.05	1.27
25593	-8.42	-8.58	-6.39	0.22	0.04	1.31
25611	-3.77	6.64	-10.39	0.22	0.05	1.36
25629	-2.18	13.69	-12.99	0.21	0.06	1.36
25647	-0.92	25.62	-16.88	0.19	0.08	1.37
25665	-0.06	35.08	-19.06	0.17	0.07	1.36
25683	2.50	41.92	-19.87	0.11	0.06	1.31
25701	3.80	42.48	-19.82	0.03	0.06	1.29
25718	5.78	36.18	-18.75	0.01	0.07	1.30
25736	4.64	25.39	-16.11	0.01	0.10	1.31
25754	1.01	14.51	-12.86	0.02	0.10	1.31
25772	-0.66	9.48	-11.09	0.02	0.09	1.31
25790	-2.87	-0.18	-7.32	0.03	0.08	1.31
25809	-3.86	-9.06	-3.14	0.03	0.07	1.34
25827	-4.10	-16.48	0.12	0.07	0.07	1.37
25845	-4.07	-19.15	2.43	0.12	0.06	1.39
25863	-3.27	-18.43	3.39	0.16	0.04	1.47
25881	0.98	-14.01	5.71	0.19	0.04	1.52
25899	6.16	-6.38	7.66	0.19	0.04	1.55
25916	9.26	0.81	9.09	0.17	0.06	1.51
25934	9.48	3.51	10.01	0.15	0.07	1.49
25951	8.10	6.94	12.41	0.11	0.08	1.45
25968	6.39	6.01	14.74	0.07	0.08	1.43
25986	5.72	3.75	15.79	0.03	0.07	1.42
26003	4.82	-3.60	17.06	0.03	0.07	1.42
26021	4.15	-11.87	17.21	0.03	0.07	1.42
26038	2.49	-19.03	16.74	0.04	0.07	1.40
26056	1.69	-21.97	16.01	0.05	0.06	1.39
26076	0.79	-25.42	13.32	0.09	0.05	1.38
26093	0.75	-24.63	10.41	0.13	0.06	1.38
26112	0.38	-19.24	8.16	0.16	0.07	1.37
26130	-0.18	-10.88	5.25	0.16	0.07	1.35
26148	-0.31	-7.06	3.75	0.13	0.06	1.31
26168	-0.26	-1.92	1.42	0.12	0.06	1.28
26186	0.93	0.76	-0.44	0.09	0.04	1.20
26204	3.54	0.99	-2.78	0.06	0.04	1.11
26223	5.95	-2.00	-5.31	0.03	0.04	1.02
26241	7.31	-6.96	-6.30	0.02	0.05	0.90
26260	7.66	-9.86	-6.06	0.00	0.06	0.78
26278	7.26	-15.66	-4.58	-0.00	0.06	0.72
26297	6.07	-21.79	-2.59	-0.02	0.06	0.60
26317	5.02	-28.53	-0.99	-0.03	0.05	0.51
26335	4.15	-35.84	-0.38	-0.03	0.03	0.43
26355	3.72	-42.22	-0.69	-0.02	0.03	0.35
26373	2.73	-46.88	-1.56	-0.01	0.02	0.27
26392	1.97	-48.72	-2.06	0.02	0.01	0.22
26411	0.38	-47.90	-2.94	0.02	0.01	0.20
26429	-0.56	-47.03	-3.46	0.01	-0.01	0.19
26450	-0.73	-45.62	-4.46	0.07	0.00	0.21
26468	-2.15	-37.63	-6.15	0.12	-0.02	0.27
26487	2.72	-19.71	-6.96	0.29	-0.13	0.32
26506	14.98	12.31	-3.91	0.29	-0.07	0.45
26525	18.26	26.61	-1.11	0.16	0.01	0.72
26543	18.59	42.42	4.18	0.06	0.04	0.88
26560	12.36	35.49	7.32	-0.09	0.17	1.17
26578	-1.83	9.84	10.88	-0.14	0.19	1.31
26597	-13.57	-20.68	11.41	-0.08	0.13	1.38
26615	-17.17	-32.99	10.70	0.09	0.09	1.30
26635	-20.89	-42.02	8.73	0.16	0.09	1.24
26653	-21.35	-34.18	7.35	0.23	0.07	1.08
26672	-19.50	-16.34	5.81	0.23	0.04	0.96
26690	-13.99	0.31	3.40	0.18	0.02	0.86
26708	-10.74	6.39	2.24	0.10	0.01	0.78
26727	-4.03	12.95	-0.14	0.06	0.01	0.76
26745	2.87	10.51	-2.53	-0.02	0.01	0.75
26764	9.09	0.75	-4.32	-0.06	0.02	0.77
26783	13.58	-11.43	-6.29	-0.04	0.03	0.81
26801	17.15	-21.76	-9.54	0.03	0.04	0.86
26820	18.49	-22.19	-12.39	0.13	0.07	0.90
26839	18.11	-19.07	-13.50	0.17	0.08	0.93
26858	15.93	-6.23	-15.27	0.24	0.09	0.98
26876	11.76	11.12	-16.71	0.25	0.11	1.02
26894	6.16	27.27	-16.74	0.21	0.11	1.04
26912	0.03	37.67	-14.53	0.14	0.11	1.03
26930	-2.78	40.08	-12.79	0.09	0.10	1.00
26949	-7.13	40.07	-8.36	0.06	0.08	0.98
26967	-8.74	36.42	-3.27	0.04	0.06	0.94
26986	-8.26	30.03	2.27	0.01	0.05	0.90
27004	-6.87	20.83	7.57	-0.02	0.04	0.86
27022	-5.81	15.32	9.93	-0.05	0.02	0.83
27042	-2.99	1.94	13.63	-0.06	0.02	0.81
27060	0.20	-13.70	15.75	-0.07	0.01	0.77
27079	3.52	-29.17	17.07	-0.05	0.01	0.72
27097	6.29	-41.02	17.62	-0.02	0.01	0.67
27115	8.04	-48.80	17.76	0.02	0.01	0.61
27135	8.44	-49.32	17.30	0.07	0.01	0.56
27152	8.03	-47.35	16.71	0.10	0.02	0.53
27171	5.80	-37.89	14.71	0.14	0.02	0.48
27188	3.11	-23.64	11.06	0.18	0.02	0.44
27206	0.85	-5.54	5.95	0.20	0.01	0.40
27224	0.24	3.33	2.78	0.21	0.00	0.39
27241	-1.60	26.23	-4.01	0.21	0.01	0.37
27260	-4.71	47.74	-10.47	0.20	0.03	0.38
27278	-9.02	67.02	-15.75	0.15	0.04	0.45
27296	-11.20	73.72	-17.88	0.09	0.06	0.56
27315	-15.03	81.48	-20.39	0.06	0.06	0.62
27333	-17.36	80.61	-19.88	-0.00	0.05	0.74
27351	-17.40	70.59	-16.66	-0.08	0.04	0.86
27371	-15.61	50.92	-11.18	-0.13	0.05	0.97
27389	-12.08	26.41	-3.34	-0.12	0.04	1.09
27407	-10.04	14.43	0.49	-0.10	0.05	1.14
27425	-6.79	-5.29	6.71	-0.03	0.06	1.22
27446	-3.88	-17.64	10.62	0.06	0.06	1.27
27464	-2.29	-19.29	13.64	0.16	0.08	1.26
27482	-2.98	-9.98	14.57	0.21	0.10	1.27
27501	-4.75	2.67	12.85	0.20	0.09	1.29
27518	-4.97	8.47	11.57	0.20	0.07	1.28
27536	-4.38	19.10	9.70	0.18	0.07	1.28
27553	-3.16	27.22	7.42	0.17	0.06	1.34
27571	-2.27	30.03	5.69	0.11	0.05	1.40
27589	0.11	30.61	1.89	0.08	0.05	1.41
27606	1.97	24.03	-1.43	0.06	0.07	1.41
27624	2.62	16.66	-4.10	0.07	0.06	1.40
27642	2.93	13.47	-5.20	0.07	0.08	1.38
27661	3.10	8.26	-5.80	0.08	0.08	1.36
27679	3.60	4.38	-5.58	0.09	0.07	1.31
27697	3.56	2.58	-6.35	0.11	0.08	1.26
27715	1.71	2.20	-8.51	0.10	0.09	1.23
27732	0.53	2.29	-9.69	0.10	0.08	1.21
27751	-1.34	1.66	-11.73	0.09	0.07	1.19
27769	-2.18	-0.11	-13.03	0.10	0.07	1.25
27789	-2.40	-1.46	-12.89	0.12	0.08	1.33
27807	-2.79	-0.40	-11.29	0.16	0.08	1.41
27826	-3.43	2.69	-9.37	0.16	0.08	1.49
27845	-3.31	3.97	-8.27	0.14	0.07	1.52
27864	-1.98	4.26	-5.55	0.12	0.07	1.50
27882	-0.44	1.91	-1.24	0.07	0.06	1.46
27901	1.28	-5.69	3.66	0.03	0.06	1.43
27919	3.17	-16.31	8.27	0.01	0.05	1.40
27937	4.90	-26.90	11.46	0.03	0.06	1.40
27955	4.85	-31.28	13.17	0.05	0.06	1.40
27974	3.69	-36.19	16.36	0.09	0.06	1.39
27992	3.34	-36.50	18.52	0.11	0.06	1.35
28010	2.66	-33.16	20.19	0.14	0.06	1.33
28028	2.55	-30.00	20.69	0.18	0.05	1.33
28045	2.84	-20.52	21.01	0.19	0.05	1.32
28064	3.31	-8.64	20.20	0.20	0.07	1.29
28082	2.18	3.01	19.71	0.17	0.08	1.25
28100	-0.09	11.05	19.29	0.13	0.08	1.21
28118	-1.27	13.09	18.89	0.10	0.08	1.19
28135	-2.76	12.77	16.66	0.05	0.06	1.14
28155	-3.08	6.56	12.99	0.01	0.06	1.10
28173	-2.61	-2.59	8.70	0.01	0.05	1.05
28192	-2.01	-11.61	4.14	0.01	0.05	0.98
28210	-1.95	-15.72	2.03	0.01	0.05	0.94
28229	-1.62	-22.66	-1.10	0.01	0.04	0.86
28248	-1.37	-28.32	-3.33	0.02	0.04	0.77
28267	-1.88	-31.91	-4.30	0.03	0.03	0.66
28287	-2.47	-32.99	-3.89	0.05	0.02	0.54
28305	-2.55	-31.56	-2.37	0.05	-0.01	0.43
28324	-1.25	-28.34	-0.40	0.05	-0.03	0.33
28344	0.70	-25.51	2.94	0.03	-0.03	0.27
28363	1.07	-24.25	4.97	0.02	-0.02	0.25
28382	1.08	-24.81	8.42	0.00	-0.03	0.24
28400	1.82	-26.35	11.43	0.01	-0.01	0.23
28418	-2.33	-20.87	13.99	0.11	0.06	0.25
28437	-12.56	-5.55	13.15	0.25	0.09	0.33
28455	-17.76	10.28	9.80	0.41	0.05	0.45
28475	-24.87	49.04	-4.76	0.42	0.01	0.51
28493	-24.67	83.68	-24.03	0.26	-0.02	0.71
28511	-19.52	96.19	-43.41	-0.05	-0.08	0.99
28531	-4.10	64.51	-60.76	-0.36	-0.15	1.23
28550	15.21	5.00	-69.29	-0.43	-0.10	1.30
28571	30.40	-55.13	-67.64	-0.26	-0.03	1.25
28589	38.21	-84.69	-61.69	0.07	0.01	1.11
28608	40.27	-84.09	-57.92	0.33	0.06	0.97
28627	39.51	-61.78	-47.94	0.38	0.10	0.91
28645	31.16	-25.76	-33.37	0.36	0.14	0.82
28663	17.79	4.65	-16.08	0.19	0.15	0.81
28681	3.89	13.92	2.50	0.01	0.15	0.82
28699	-2.53	11.14	11.49	-0.10	0.12	0.82
28718	-12.48	-5.29	27.77	-0.13	0.10	0.82
28736	-18.04	-27.31	40.30	-0.12	0.05	0.85
28755	-18.01	-45.64	48.08	-0.05	0.00	0.87
28775	-14.72	-53.12	51.36	0.07	-0.00	0.88
28793	-10.10	-49.03	50.87	0.17	0.00	0.91
28812	-5.22	-35.03	46.57	0.21	0.00	0.95
28830	-2.58	-26.43	42.53	0.22	0.00	0.97
28849	2.40	-10.04	31.28	0.21	0.02	0.99
28867	5.65	4.29	18.68	0.18	0.04	0.99
28886	6.84	13.18	6.26	0.13	0.05	0.97
28904	7.55	17.00	-5.05	0.08	0.04	0.93
28921	8.21	17.30	-9.89	0.06	0.03	0.90
28940	9.95	15.23	-17.26	0.03	0.02	0.86
28957	11.84	11.08	-20.90	0.00	0.01	0.84
28976	13.66	3.05	-21.64	-0.02	0.01	0.81
28995	15.00	-6.61	-19.45	-0.04	0.01	0.79
29013	15.38	-12.34	-17.64	-0.04	0.01	0.77
29032	15.41	-21.03	-12.95	-0.00	0.00	0.73
29051	14.66	-24.69	-7.92	0.04	-0.00	0.69
29070	13.69	-23.61	-2.27	0.07	0.00	0.66
29089	11.80	-19.12	3.54	0.10	0.01	0.62
29107	8.70	-9.38	8.35	0.14	0.01	0.56
29126	6.81	-1.97	9.96	0.17	0.01	0.50
29143	3.68	15.08	11.75	0.17	0.01	0.48
29162	1.10	34.13	12.30	0.18	0.02	0.45
29180	-1.48	51.15	11.76	0.17	0.03	0.44
29197	-3.49	62.61	11.00	0.15	0.04	0.46
29216	-6.18	77.82	9.11	0.14	0.04	0.48
29233	-8.90	90.44	6.55	0.10	0.04	0.53
29251	-10.91	97.41	4.17	0.04	0.04	0.61
29269	-10.18	94.85	2.47	-0.01	0.02	0.72
29288	-8.79	91.52	1.69	-0.02	0.03	0.84
29307	-6.52	81.77	0.66	-0.04	0.05	0.89
29325	-5.81	66.60	0.06	-0.11	0.07	0.98
29344	-6.07	44.27	-0.55	-0.12	0.08	1.05
29363	-5.28	22.14	-1.65	-0.08	0.07	1.12
29382	-2.47	6.45	-3.37	-0.01	0.07	1.17
29402	-1.05	-2.06	-6.74	0.03	0.09	1.18
29420	-1.65	-4.78	-9.29	0.07	0.13	1.22
29439	-5.62	-6.91	-15.44	0.10	0.13	1.25
29458	-9.31	-3.91	-21.58	0.14	0.11	1.30
29476	-12.62	2.04	-25.92	0.14	0.11	1.31
29496	-15.55	8.07	-27.95	0.13	0.10	1.30
29514	-17.11	11.93	-27.33	0.12	0.09	1.33
29533	-17.26	13.58	-25.73	0.12	0.07	1.33
29552	-14.77	16.36	-21.16	0.11	0.05	1.34
29570	-9.11	16.30	-15.91	0.07	0.05	1.34
29589	-2.72	12.36	-11.06	0.05	0.06	1.35
29607	2.43	7.46	-6.29	0.06	0.07	1.35
29625	5.84	1.75	-2.18	0.03	0.08	1.35
29643	7.08	-2.06	-0.49	0.03	0.10	1.35
29661	8.01	-9.87	1.54	0.04	0.10	1.36
29680	6.62	-15.76	2.27	0.07	0.13	1.39
29699	2.11	-17.90	2.55	0.12	0.15	1.45
29716	-2.53	-16.28	3.20	0.12	0.13	1.49
29735	-3.81	-15.55	3.94	0.11	0.11	1.51
29753	-5.33	-15.67	5.75	0.11	0.11	1.51
29772	-5.89	-15.78	6.90	0.12	0.10	1.52
29791	-4.35	-14.95	7.25	0.11	0.07	1.50
29809	-0.05	-15.69	6.67	0.07	0.05	1.46
29828	3.88	-20.03	5.08	0.04	0.05	1.41
29846	5.26	-23.06	4.39	0.03	0.06	1.40
29863	7.45	-28.90	3.17	0.06	0.07	1.40
29882	7.61	-29.83	4.17	0.11	0.07	1.40
29900	8.32	-26.55	5.58	0.13	0.07	1.41
29918	8.58	-24.38	5.84	0.12	0.08	1.39
29937	7.46	-20.52	6.59	0.12	0.09	1.37
29954	4.59	-15.99	8.71	0.13	0.10	1.35
29973	1.63	-10.65	12.37	0.13	0.09	1.32
29990	-0.20	-6.93	15.67	0.10	0.07	1.29
30009	-0.32	-6.09	16.83	0.09	0.06	1.27
30028	0.61	-5.91	17.49	0.08	0.06	1.22
30046	1.07	-6.67	16.82	0.07	0.07	1.14
30064	0.98	-7.81	15.34	0.06	0.06	1.07
30081	0.34	-10.30	13.64	0.04	0.06	1.02
30100	0.17	-12.53	12.89	0.02	0.05	0.99
30118	-0.12	-20.19	11.38	-0.01	0.04	0.92
30137	-0.02	-30.40	9.38	-0.02	0.04	0.83
30156	0.05	-39.78	7.69	-0.01	0.03	0.72
30174	0.24	-46.57	6.20	-0.00	0.02	0.60
30192	0.29	-48.74	5.95	0.01	0.02	0.54
30211	0.20	-50.93	5.51	0.02	0.01	0.44
30229	0.17	-50.81	5.26	0.03	0.00	0.36
30248	-0.29	-49.47	5.69	0.03	0.01	0.29
30266	-1.95	-46.33	5.91	0.03	0.01	0.25
30284	-2.93	-45.17	5.46	0.03	0.01	0.22
30303	-5.31	-41.29	4.91	0.03	0.00	0.21
30321	-6.56	-36.77	4.67	0.07	-0.04	0.21
30340	-4.03	-27.18	4.07	0.14	-0.07	0.27
30359	0.49	-4.49	2.26	0.32	-0.07	0.37
30377	4.29	30.82	-3.75	0.30	-0.05	0.54
30396	5.46	45.96	-8.58	0.13	-0.02	0.75
30415	5.40	61.42	-20.07	0.03	-0.01	0.88
30434	4.78	47.99	-31.60	-0.16	0.02	1.12
30452	2.90	15.59	-39.78	-0.21	0.05	1.25
30470	0.38	-18.16	-43.33	-0.08	0.08	1.27
30489	-2.78	-32.55	-39.89	0.13	0.09	1.18
30508	-3.94	-30.11	-36.29	0.27	0.05	1.05
30528	-3.95	-13.50	-27.30	0.29	0.02	0.96
30546	-1.94	10.96	-17.62	0.26	0.02	0.92
30564	0.63	28.61	-6.32	0.16	0.03	0.87
30583	2.27	32.94	6.26	0.04	0.04	0.85
30600	2.87	26.00	17.17	-0.02	0.03	0.85
30619	3.04	20.20	20.97	-0.03	0.04	0.84
30637	2.08	9.25	25.13	0.00	0.06	0.85
30654	-1.27	2.21	25.73	0.07	0.08	0.85
30672	-5.78	2.81	23.56	0.13	0.07	0.87
30691	-7.97	4.76	21.16	0.15	0.06	0.90
30708	-10.65	11.47	14.04	0.16	0.05	0.92
30728	-11.25	18.07	5.84	0.14	0.04	0.96
30746	-9.81	22.37	-2.20	0.12	0.02	0.98
30764	-6.44	22.80	-8.56	0.10	0.02	0.98
30783	-2.98	21.68	-11.41	0.07	0.02	0.97
30801	-1.34	20.00	-11.63	0.07	0.02	0.96
30820	1.85	15.29	-9.41	0.04	0.03	0.92
30838	4.41	8.09	-5.37	0.01	0.03	0.88
30856	6.06	-1.13	-0.31	-0.02	0.03	0.83
30876	6.99	-11.55	4.82	-0.04	0.04	0.79
30894	7.10	-17.12	7.48	-0.05	0.03	0.75
30913	7.51	-29.65	12.37	-0.05	0.03	0.74
30931	7.26	-41.35	16.98	-0.05	0.04	0.72
30949	5.95	-51.59	20.45	-0.03	0.03	0.71
30969	4.75	-58.26	22.84	0.01	0.03	0.69
30986	3.07	-59.86	24.66	0.06	0.03	0.67
31005	2.01	-58.17	24.89	0.09	0.03	0.65
31023	0.60	-50.17	22.55	0.15	-0.00	0.62
31042	1.71	-33.66	16.82	0.23	-0.02	0.54
31060	3.08	-8.65	9.46	0.27	-0.02	0.42
31078	3.98	21.87	1.19	0.27	-0.02	0.34
31097	4.46	36.90	-3.04	0.26	-0.02	0.33
31115	4.90	66.04	-10.97	0.25	-0.01	0.36
31135	3.78	91.06	-17.40	0.19	0.01	0.41
31152	1.24	107.68	-22.28	0.12	0.03	0.49
31170	-1.60	114.91	-25.15	0.05	0.03	0.60
31189	-2.82	114.67	-25.76	-0.07	0.05	0.74
31207	-5.10	102.39	-25.34	-0.14	0.05	0.81
31227	-6.61	75.16	-21.42	-0.22	0.04	0.93
31245	-6.30	39.51	-15.46	-0.24	0.06	1.04
31264	-5.69	4.15	-9.86	-0.19	0.06	1.13
31283	-4.50	-23.99	-4.94	-0.09	0.05	1.27
31302	-2.75	-41.00	-1.28	0.05	0.08	1.39
31322	-3.27	-41.75	-1.25	0.19	0.10	1.41
31341	-4.53	-36.29	-2.56	0.27	0.11	1.39
31359	-8.27	-17.44	-5.29	0.30	0.10	1.38
31379	-9.31	6.65	-7.95	0.30	0.06	1.38
31397	-6.73	27.36	-11.25	0.23	0.04	1.38
31415	-2.78	40.04	-13.41	0.18	0.03	1.39
31434	2.09	46.33	-13.12	0.13	0.02	1.42
31452	4.99	46.75	-12.05	0.09	0.03	1.41
31470	9.26	41.34	-8.48	0.01	0.06	1.37
31488	9.02	28.85	-4.97	-0.02	0.10	1.34
31507	7.54	13.96	-2.09	-0.02	0.09	1.37
31525	5.17	-0.81	-0.24	-0.00	0.11	1.40
31544	3.11	-7.17	0.46	0.07	0.12	1.47
31563	-1.56	-14.68	1.14	0.12	0.12	1.53
31581	-4.71	-12.48	0.58	0.20	0.12	1.60
31600	-6.82	-4.03	0.73	0.19	0.11	1.58
31618	-7.17	2.56	0.18	0.17	0.10	1.56
31636	-6.99	5.48	-0.35	0.16	0.07	1.53
31655	-5.00	11.18	-1.63	0.14	0.06	1.50
31673	-2.23	12.97	-1.92	0.08	0.06	1.44
31692	0.24	9.22	-1.11	0.04	0.06	1.39
31709	3.20	2.30	0.09	0.02	0.04	1.36
31726	5.02	-2.00	0.72	0.01	0.04	1.36
31745	8.61	-12.41	1.36	0.00	0.05	1.38
31763	9.96	-22.43	2.26	0.03	0.07	1.38
31780	8.67	-27.45	4.04	0.09	0.08	1.35
31799	5.77	-26.31	7.42	0.11	0.09	1.30
31817	3.72	-24.96	9.49	0.11	0.10	1.30
31835	-0.98	-22.45	12.62	0.12	0.09	1.29
31854	-4.44	-18.88	12.70	0.12	0.08	1.24
31872	-6.35	-14.89	11.03	0.10	0.06	1.17
31891	-6.32	-13.49	9.02	0.06	0.04	1.09
31909	-5.69	-14.19	7.80	0.05	0.03	1.06
31928	-3.17	-18.55	4.41	0.01	0.02	1.01
31946	0.32	-25.70	0.20	-0.00	0.02	0.96
31965	2.96	-34.15	-3.16	-0.01	0.02	0.90
31984	4.65	-42.14	-5.07	-0.00	0.03	0.83
32002	5.10	-45.81	-5.46	0.00	0.03	0.77
32021	5.57	-52.23	-5.57	0.01	0.03	0.73
32039	5.05	-56.52	-5.28	0.01	0.04	0.64
32058	3.80	-59.57	-3.88	0.02	0.03	0.55
32076	2.59	-60.81	-1.71	0.03	0.02	0.48
32095	2.03	-59.63	0.53	0.05	0.01	0.40
32113	2.08	-57.92	1.28	0.06	0.01	0.34
32131	1.65	-53.50	2.04	0.06	0.02	0.32
32150	-1.07	-47.97	3.11	0.06	0.04	0.28
32168	-5.04	-42.74	4.29	0.05	0.05	0.27
32186	-10.36	-36.79	4.75	0.11	0.05	0.29
32205	-13.14	-30.98	4.35	0.14	0.02	0.39
32223	-15.47	-16.74	3.98	0.21	0.02	0.47
32242	-15.26	9.67	5.07	0.38	0.01	0.65
32260	-12.54	48.11	4.38	0.35	-0.02	0.86
32278	-6.20	72.30	0.98	0.15	-0.03	1.14
32297	1.54	66.74	-4.20	-0.09	0.01	1.33
32315	4.91	53.45	-6.82	-0.16	0.01	1.36
32334	12.25	17.38	-13.79	-0.17	-0.00	1.31
32352	17.99	-12.27	-22.35	-0.05	0.02	1.13
32372	19.35	-23.38	-29.46	0.10	0.06	0.94
32390	15.78	-15.38	-33.31	0.19	0.08	0.79
32408	12.99	-8.10	-33.92	0.20	0.08	0.70
32427	7.00	9.43	-32.73	0.19	0.08	0.67
32445	1.62	24.15	-29.27	0.13	0.08	0.66
32464	-3.31	29.48	-22.66	0.05	0.08	0.71
32482	-6.77	25.57	-13.38	-0.02	0.06	0.77
32501	-7.11	15.20	-2.47	-0.04	0.04	0.83
32520	-6.50	8.18	3.14	-0.02	0.02	0.91
32538	-3.07	-3.36	13.50	0.01	0.00	0.96
32557	2.43	-9.05	20.83	0.11	0.02	1.00
32574	6.01	-4.01	26.26	0.19	0.05	1.02
32592	6.99	9.00	27.62	0.22	0.07	1.02
32610	6.58	16.30	26.47	0.21	0.07	1.02
32627	5.13	27.08	20.81	0.16	0.09	1.01
32645	1.97	31.39	12.77	0.10	0.10	0.97
32663	-1.50	29.25	4.85	0.05	0.08	0.92
32681	-2.55	26.54	1.62	0.02	0.06	0.90
32700	-2.61	16.65	-2.85	-0.03	0.05	0.86
32718	-1.16	2.44	-4.24	-0.06	0.03	0.81
32738	2.04	-11.80	-3.66	-0.05	0.01	0.76
32756	5.84	-26.95	-2.49	-0.02	0.01	0.71
32776	8.04	-35.35	-0.08	0.01	0.02	0.68
32795	9.37	-39.69	2.03	0.04	0.01	0.65
32812	10.39	-40.02	2.23	0.07	0.01	0.63
32831	11.89	-36.64	2.08	0.11	0.02	0.60
32849	12.30	-28.15	0.49	0.16	0.01	0.55
32868	11.61	-13.15	-3.72	0.21	0.03	0.51
32886	9.31	8.10	-9.58	0.24	0.02	0.45
32904	8.39	20.23	-12.50	0.24	0.01	0.42
32922	6.59	44.42	-16.88	0.23	0.03	0.41
32940	2.91	65.58	-18.28	0.17	0.05	0.44
32959	-1.68	78.31	-17.44	0.09	0.06	0.50
32977	-4.03	80.60	-16.66	-0.00	0.08	0.58
32996	-9.41	76.61	-13.89	-0.03	0.08	0.61
33015	-13.35	64.90	-8.80	-0.08	0.07	0.69
33033	-15.49	47.76	-0.89	-0.11	0.07	0.77
33052	-15.81	27.30	9.14	-0.11	0.07	0.85
33070	-12.71	7.20	19.29	-0.10	0.05	0.94
33088	-10.38	-2.46	23.25	-0.09	0.05	0.98
33107	-5.86	-21.13	29.53	-0.06	0.08	1.10
33126	-4.12	-35.45	32.06	0.02	0.10	1.21
33144	-3.60	-40.83	29.85	0.11	0.12	1.30
33162	-5.45	-36.56	24.54	0.20	0.14	1.39
33183	-7.31	-23.99	16.30	0.25	0.11	1.43
33201	-7.17	-15.43	10.28	0.27	0.07	1.44
33219	-4.73	2.72	-3.68	0.25	0.06	1.43
33238	-0.37	17.46	-15.38	0.19	0.06	1.41
33256	3.37	26.18	-22.38	0.14	0.08	1.38
33275	4.59	28.29	-25.10	0.07	0.09	1.36
33293	4.70	26.79	-25.09	0.06	0.09	1.35
33310	4.94	22.34	-23.50	0.07	0.09	1.35
33329	4.61	18.62	-22.38	0.08	0.09	1.34
33347	5.77	16.30	-21.48	0.09	0.07	1.33
33364	7.54	15.24	-20.17	0.11	0.11	1.39
33384	6.35	15.30	-19.44	0.13	0.17	1.46
33401	0.60	16.20	-17.29	0.13	0.18	1.47
33420	-6.24	17.67	-11.92	0.13	0.17	1.46
33438	-11.37	17.97	-5.08	0.11	0.16	1.46
33456	-14.54	16.02	0.55	0.08	0.13	1.46
33475	-14.80	13.81	2.46	0.06	0.10	1.46
33493	-12.27	6.93	5.28	0.05	0.08	1.47
33512	-7.45	0.41	6.55	0.08	0.08	1.47
33530	-2.37	-2.64	6.36	0.09	0.07	1.44
33548	2.75	-4.14	6.24	0.08	0.07	1.39
33566	4.73	-4.94	6.36	0.08	0.09	1.37
33584	7.22	-6.56	5.92	0.09	0.09	1.37
33603	8.15	-7.52	4.30	0.10	0.10	1.37
33620	7.93	-7.58	2.49	0.11	0.11	1.35
33638	7.26	-7.35	1.34	0.10	0.12	1.34
33656	4.64	-8.01	-0.29	0.09	0.12	1.35
33674	0.84	-10.24	-0.18	0.09	0.13	1.35
33694	-3.80	-12.13	1.42	0.10	0.13	1.33
33712	-7.95	-12.39	2.55	0.11	0.11	1.27
33732	-9.29	-12.74	2.14	0.09	0.08	1.18
33750	-8.88	-13.41	1.45	0.07	0.05	1.09
33768	-6.18	-16.16	-0.03	0.06	0.05	1.05
33788	-3.11	-19.87	-1.60	0.04	0.04	0.95
33806	-0.99	-24.20	-3.42	0.03	0.05	0.88
33824	-0.63	-29.21	-4.73	0.02	0.04	0.81
33844	0.53	-35.08	-5.65	0.01	0.03	0.73
33862	2.06	-41.44	-6.32	0.01	0.03	0.65
33881	2.96	-44.27	-6.41	0.01	0.02	0.62
33900	4.44	-49.22	-6.79	0.01	0.02	0.57
33918	4.82	-53.79	-7.00	0.02	0.03	0.52
33937	4.47	-55.65	-6.33	0.05	0.02	0.45
33955	4.65	-52.38	-4.75	0.09	-0.00	0.36
33975	5.07	-48.66	-3.81	0.11	-0.01	0.29
33994	5.63	-39.28	-1.82	0.13	0.00	0.26
34012	4.87	-26.72	0.52	0.14	0.01	0.25
34030	2.64	-11.52	2.38	0.20	0.01	0.25
34048	0.11	10.54	3.48	0.23	0.01	0.32
34066	-1.19	22.92	4.12	0.30	0.02	0.41
34084	-3.57	51.64	5.55	0.29	0.03	0.50
34102	-8.09	74.16	8.10	0.10	0.05	0.76
34121	-12.82	64.00	8.94	-0.19	0.06	1.10
34139	-17.64	22.74	10.35	-0.35	0.07	1.32
34158	-19.32	-31.95	13.41	-0.26	0.03	1.35
34177	-15.73	-69.14	15.90	-0.03	-0.01	1.26
34196	-12.63	-76.83	15.88	0.22	-0.03	1.11
34216	-5.13	-69.66	13.79	0.31	-0.03	1.02
34235	1.86	-40.37	10.18	0.40	-0.02	0.88
34253	6.10	-4.23	6.45	0.36	0.01	0.79
34271	7.86	26.96	2.35	0.23	0.02	0.76
34288	8.29	35.49	0.05	0.06	0.04	0.77
34307	7.74	38.18	-4.47	-0.01	0.05	0.79
34325	4.93	23.62	-7.90	-0.13	0.07	0.83
34343	0.89	-2.15	-9.29	-0.15	0.09	0.86
34362	-3.39	-24.60	-8.50	-0.06	0.08	0.88
34381	-5.17	-37.48	-7.58	0.07	0.06	0.90
34401	-4.78	-35.39	-6.64	0.19	0.04	0.93
34420	-4.06	-28.82	-6.01	0.28	0.03	0.96
34438	-1.74	-7.97	-4.26	0.31	0.03	0.97
34458	0.98	17.30	-2.61	0.28	0.03	0.99
34475	4.23	35.05	-1.79	0.19	0.02	0.99
34494	6.59	41.96	-1.45	0.09	0.04	0.99
34512	7.16	41.14	-0.98	0.04	0.05	0.96
34530	6.67	35.49	-0.15	0.03	0.05	0.95
34549	5.40	29.10	0.40	0.04	0.06	0.91
34566	3.45	24.11	0.76	0.06	0.06	0.88
34584	0.95	20.10	1.14	0.05	0.06	0.85
34601	-0.17	17.90	1.31	0.04	0.05	0.84
34619	-1.57	11.54	1.25	0.01	0.03	0.82
34638	-1.48	2.15	2.21	-0.02	0.02	0.80
34656	-0.69	-10.06	4.30	-0.05	0.01	0.78
34675	0.79	-24.67	6.84	-0.05	-0.01	0.76
34693	1.60	-31.40	8.22	-0.04	-0.01	0.74
34712	2.98	-42.37	11.60	0.00	-0.01	0.71
34731	3.43	-48.81	15.58	0.03	-0.00	0.68
34749	2.61	-49.85	18.88	0.09	-0.01	0.63
34769	2.17	-43.37	20.51	0.14	-0.02	0.59
34787	2.72	-34.64	22.22	0.15	-0.01	0.57
34805	2.47	-27.91	22.71	0.20	-0.00	0.55
34825	1.13	-8.87	21.19	0.24	-0.00	0.54
34843	0.46	13.38	18.98	0.25	-0.00	0.53
34861	-1.46	38.42	15.69	0.24	0.02	0.52
34879	-3.51	60.47	11.05	0.21	0.02	0.55
34896	-4.50	69.37	8.42	0.18	0.02	0.58
34915	-6.71	80.69	3.92	0.09	0.04	0.66
34933	-10.28	79.94	1.75	0.00	0.06	0.77
34952	-13.05	68.71	0.89	-0.06	0.03	0.86
34970	-11.17	49.90	-0.47	-0.10	0.01	0.91
34988	-9.40	39.05	-1.13	-0.10	0.02	0.94
35008	-5.86	16.82	-1.42	-0.09	0.02	1.01
35027	-1.07	-2.70	-2.53	-0.04	0.00	1.10
35047	5.34	-16.94	-6.16	0.02	0.02	1.17
35065	9.60	-23.12	-11.29	0.13	0.06	1.23
35083	8.39	-16.27	-17.97	0.23	0.11	1.25
35102	3.86	-0.61	-25.39	0.26	0.11	1.24
35121	1.10	8.59	-28.93	0.27	0.11	1.23
35140	-3.92	27.21	-35.42	0.25	0.10	1.24
35158	-6.76	42.30	-40.51	0.21	0.08	1.27
35176	-7.80	51.24	-43.33	0.15	0.06	1.28
35194	-7.90	51.18	-42.83	0.07	0.06	1.29
35212	-7.89	47.52	-40.86	0.03	0.06	1.31
35232	-7.58	34.21	-34.15	-0.01	0.06	1.34
35250	-6.59	17.15	-25.97	-0.01	0.05	1.38
35270	-4.14	1.16	-17.56	0.02	0.04	1.42
35288	-0.34	-10.21	-9.57	0.07	0.04	1.47
35306	3.62	-16.40	-2.21	0.11	0.05	1.51
35326	6.00	-16.89	4.53	0.18	0.06	1.52
35343	6.52	-14.19	7.66	0.20	0.07	1.52
35362	6.30	-4.90	12.79	0.23	0.08	1.51
35380	5.07	5.49	15.46	0.21	0.09	1.50
35397	2.88	13.66	15.29	0.18	0.08	1.48
35415	1.85	16.42	14.63	0.16	0.07	1.45
35433	0.93	18.04	13.06	0.10	0.06	1.39
35451	0.52	14.24	11.66	0.06	0.05	1.35
35468	0.24	5.98	9.19	0.04	0.06	1.33
35486	0.02	1.43	7.90	0.04	0.05	1.32
35504	-0.50	-8.03	5.34	0.04	0.05	1.32
35522	-0.55	-16.91	3.60	0.06	0.04	1.33
35541	0.15	-23.06	2.35	0.08	0.04	1.31
35559	0.56	-24.98	1.82	0.10	0.04	1.29
35576	0.81	-27.16	1.01	0.11	0.05	1.29
35595	0.23	-26.96	0.95	0.14	0.06	1.28
35613	-0.35	-23.74	1.65	0.14	0.05	1.25
35632	-0.47	-20.20	2.15	0.13	0.04	1.20
35651	-0.40	-18.86	2.70	0.10	0.04	1.16
35669	-0.44	-19.26	3.16	0.09	0.04	1.12
35688	-0.23	-21.16	4.46	0.08	0.04	1.05
35706	0.02	-23.64	5.71	0.06	0.04	0.98
35724	-0.52	-28.24	6.84	0.03	0.04	0.91
35743	-1.08	-34.87	7.87	0.02	0.04	0.84
35761	-1.40	-38.30	8.36	0.03	0.03	0.77
35780	-1.63	-42.92	9.28	0.04	0.03	0.72
35798	-1.34	-44.82	9.81	0.05	0.02	0.63
35816	-0.69	-45.41	10.03	0.05	0.01	0.55
35836	0.56	-44.62	9.64	0.05	-0.00	0.46
35854	2.37	-42.53	8.77	0.06	-0.01	0.38
35873	3.05	-40.86	8.18	0.06	-0.01	0.35
35891	3.40	-35.84	6.82	0.08	0.01	0.29
35910	1.21	-28.53	5.46	0.07	0.02	0.27
35927	-1.63	-22.14	4.35	0.07	0.01	0.30
35946	-2.53	-16.85	3.97	0.08	-0.02	0.33
35965	-0.61	-9.90	4.15	0.11	-0.05	0.39
35984	1.39	-5.26	4.58	0.13	-0.07	0.43
36003	7.29	8.04	7.55	0.21	-0.08	0.57
36020	12.63	27.76	11.37	0.24	-0.04	0.80
36039	14.66	41.18	13.08	0.11	0.02	1.13
36057	15.55	31.49	10.25	-0.04	0.01	1.43
36074	16.10	19.50	6.59	-0.05	0.02	1.50
36093	14.89	-3.34	-1.89	0.02	0.07	1.48
36111	9.17	-15.69	-8.36	0.12	0.09	1.29
36129	2.23	-15.63	-13.31	0.18	0.08	1.06
36149	-4.24	-4.06	-16.71	0.19	0.05	0.86
36167	-6.20	3.20	-17.76	0.18	0.04	0.79
36186	-8.64	14.89	-18.75	0.13	0.02	0.69
36204	-8.90	21.19	-18.65	0.07	0.01	0.65
36224	-8.65	20.89	-16.97	0.00	0.02	0.67
36242	-7.78	12.92	-13.53	-0.03	0.02	0.73
36261	-5.51	2.62	-9.22	-0.02	0.01	0.80
36281	-2.87	-7.03	-4.26	0.00	0.04	0.87
36299	-2.03	-11.92	-1.50	0.03	0.06	0.91
36318	-1.45	-15.84	4.97	0.09	0.08	0.98
36336	-2.14	-13.08	10.07	0.17	0.08	1.04
36355	-2.58	-2.81	12.07	0.23	0.08	1.08
36373	-1.59	13.31	10.39	0.25	0.05	1.08
36393	1.82	28.15	6.18	0.22	0.03	1.07
36411	3.83	33.49	3.42	0.19	0.03	1.05
36428	7.71	40.85	-2.01	0.13	0.03	1.01
36447	10.06	43.09	-6.58	0.08	0.03	0.97
36465	11.73	40.04	-10.25	0.04	0.04	0.93
36483	12.10	37.17	-11.41	-0.01	0.05	0.90
36501	10.97	27.65	-11.95	-0.04	0.06	0.89
36520	8.12	11.23	-10.01	-0.08	0.06	0.88
36538	5.78	-8.24	-6.50	-0.09	0.04	0.85
36557	4.79	-27.42	-3.13	-0.06	0.03	0.81
36577	4.26	-41.28	0.24	-0.02	0.02	0.75
36595	3.98	-46.26	1.75	0.03	0.01	0.69
36614	3.60	-51.13	5.11	0.05	0.00	0.66
36631	3.43	-47.85	7.87	0.10	-0.01	0.59
36649	3.36	-37.08	9.66	0.13	-0.02	0.53
36669	4.04	-26.57	10.18	0.16	-0.02	0.47
36687	4.56	-12.39	9.80	0.18	-0.01	0.42
36706	4.44	-3.23	9.35	0.18	-0.00	0.39
36724	3.20	16.80	8.19	0.18	0.01	0.39
36741	1.88	33.74	7.34	0.15	0.02	0.44
36760	-1.45	49.01	6.47	0.11	0.05	0.49
36778	-3.45	53.65	6.44	0.06	0.06	0.56
36797	-8.19	58.75	7.77	0.05	0.06	0.59
36814	-12.62	59.75	9.81	0.02	0.07	0.66
36832	-16.42	55.89	12.08	-0.03	0.07	0.74
36851	-17.94	44.25	14.95	-0.10	0.05	0.84
36870	-17.55	35.23	16.72	-0.12	0.05	0.97
36888	-14.83	14.05	19.71	-0.11	0.05	1.03
36908	-10.88	-4.56	21.29	-0.03	0.04	1.11
36926	-6.35	-13.85	19.59	0.04	0.03	1.16
36945	-2.03	-16.05	14.88	0.09	0.05	1.16
36964	-0.35	-12.24	9.22	0.13	0.06	1.15
36982	-0.49	-3.04	2.09	0.17	0.07	1.15
37001	-0.95	2.79	-1.83	0.18	0.07	1.18
37019	-1.63	15.21	-9.43	0.19	0.06	1.20
37037	-0.90	27.50	-17.00	0.18	0.06	1.21
37056	-0.92	37.89	-23.82	0.16	0.07	1.20
37075	-1.88	44.17	-27.63	0.11	0.07	1.25
37093	-1.72	44.65	-28.52	0.05	0.08	1.30
37112	-1.46	40.30	-28.43	0.04	0.09	1.33
37130	-2.81	32.53	-28.11	0.04	0.11	1.41
37148	-4.44	23.62	-28.70	0.04	0.10	1.46
37168	-4.75	13.24	-28.69	0.03	0.08	1.45
37186	-3.40	4.09	-25.92	0.06	0.08	1.42
37204	-2.30	1.30	-23.88	0.08	0.08	1.42
37223	0.44	-1.30	-18.83	0.10	0.07	1.44
37241	3.81	-2.66	-12.53	0.11	0.07	1.48
37260	5.98	-1.89	-5.19	0.16	0.09	1.51
37279	6.55	3.63	0.73	0.17	0.09	1.52
37296	6.09	7.02	2.96	0.16	0.09	1.50
37314	5.66	12.47	6.88	0.15	0.08	1.49
37331	6.00	14.91	10.13	0.12	0.07	1.47
37348	6.42	14.86	12.60	0.10	0.07	1.44
37366	6.53	14.14	13.44	0.09	0.07	1.43
37384	6.79	11.41	14.97	0.06	0.07	1.40
37401	7.05	5.60	16.45	0.02	0.06	1.38
37419	7.55	-3.57	17.38	0.00	0.06	1.35
37437	7.78	-8.80	17.43	-0.01	0.06	1.34
37455	7.11	-19.42	16.51	-0.00	0.06	1.31
37474	5.33	-29.30	14.74	0.02	0.07	1.34
37492	3.52	-34.85	13.34	0.07	0.07	1.34
37509	2.50	-35.51	12.73	0.10	0.07	1.33
37528	0.72	-34.29	10.47	0.11	0.07	1.33
37546	-1.14	-30.75	8.04	0.13	0.07	1.31
37564	-2.04	-24.80	5.84	0.13	0.06	1.27
37583	-2.26	-19.47	4.09	0.11	0.06	1.22
37601	-2.14	-17.50	3.34	0.09	0.05	1.14
37619	-1.56	-14.86	1.60	0.07	0.04	1.10
37638	-0.98	-15.47	-0.61	0.04	0.04	1.00
37657	-0.52	-18.45	-2.41	0.01	0.03	0.91
37676	0.72	-23.51	-3.16	-0.01	0.02	0.83
37695	2.08	-30.99	-3.25	-0.02	0.02	0.75
37713	2.90	-38.27	-2.17	-0.01	0.02	0.66
37733	3.10	-40.94	-1.07	-0.00	0.01	0.56
37751	3.89	-44.94	1.25	0.00	0.00	0.51
37770	5.29	-46.88	3.22	0.01	-0.01	0.42
37789	7.20	-46.98	4.06	0.02	-0.02	0.35
37807	9.22	-46.10	3.68	0.02	-0.02	0.29
37826	9.46	-44.19	2.64	0.03	-0.01	0.25
37844	9.40	-43.08	2.09	0.05	-0.01	0.23
37862	8.83	-37.38	1.92	0.06	-0.01	0.23
37882	8.16	-26.57	3.27	0.12	-0.03	0.24
37900	10.18	-16.05	5.33	0.15	-0.03	0.32
37919	10.01	3.97	7.25	0.23	0.03	0.50
37936	7.66	15.35	7.54	0.32	0.12	0.71
37955	-2.20	45.70	6.94	0.28	0.15	0.84
37972	-13.79	64.99	4.93	0.09	0.16	1.13
37991	-24.15	53.10	1.92	-0.12	0.15	1.37
38010	-27.77	20.89	-2.03	-0.18	0.06	1.41
38028	-25.91	2.35	-4.87	-0.10	-0.01	1.31
38048	-17.68	-26.28	-9.98	0.07	-0.03	1.11
38067	-7.68	-33.11	-11.35	0.14	-0.02	1.01
38086	0.73	-20.77	-9.48	0.24	0.01	0.85
38105	5.39	1.13	-5.51	0.23	0.03	0.75
38123	6.52	18.14	-1.85	0.14	0.05	0.70
38141	5.05	23.96	1.48	0.00	0.07	0.70
38158	3.40	20.02	2.73	-0.05	0.07	0.70
38176	0.35	7.48	4.68	-0.10	0.07	0.73
38193	-2.32	-9.93	5.83	-0.10	0.07	0.78
38212	-4.91	-25.51	6.15	-0.04	0.07	0.86
38231	-5.92	-32.24	5.20	0.08	0.06	0.93
38249	-6.44	-33.78	2.35	0.16	0.06	0.97
38267	-5.43	-20.69	-1.63	0.26	0.05	1.03
38286	-3.07	2.32	-5.51	0.29	0.04	1.08
38306	0.35	24.17	-9.58	0.24	0.03	1.09
38324	4.43	37.37	-12.82	0.16	0.03	1.07
38342	5.94	41.17	-13.24	0.12	0.04	1.05
38360	8.13	42.83	-12.50	0.06	0.04	0.99
38378	9.35	39.28	-10.50	0.04	0.04	0.94
38397	10.09	34.58	-8.12	0.04	0.04	0.89
38414	10.35	34.13	-6.88	0.03	0.03	0.85
38433	10.21	27.60	-5.26	0.01	0.03	0.83
38450	9.57	18.78	-4.18	-0.04	0.03	0.81
38468	8.01	4.70	-3.14	-0.08	0.03	0.79
38487	5.84	-12.02	-1.85	-0.10	0.03	0.77
38507	4.03	-31.37	-1.45	-0.11	0.03	0.74
38526	1.72	-49.53	-1.34	-0.09	0.04	0.73
38545	0.35	-57.33	-1.19	-0.07	0.04	0.72
38565	-2.27	-68.59	-0.50	-0.01	0.04	0.71
38584	-4.17	-70.91	0.14	0.07	0.02	0.69
38602	-4.85	-63.46	0.11	0.15	0.02	0.66
38621	-5.72	-48.54	0.00	0.21	0.02	0.62
38639	-6.32	-26.98	-0.55	0.25	0.01	0.55
38659	-5.34	-0.29	-1.85	0.28	-0.01	0.48
38678	-3.94	14.77	-2.81	0.27	-0.03	0.43
38696	-0.37	44.10	-4.55	0.26	-0.02	0.42
38716	1.88	70.30	-5.19	0.22	0.01	0.43
38734	1.30	90.29	-4.75	0.15	0.03	0.47
38751	-0.99	100.95	-3.83	0.06	0.05	0.55
38770	-4.01	98.21	-1.77	-0.06	0.06	0.64
38789	-5.83	91.42	-0.23	-0.11	0.07	0.70
38809	-9.74	70.11	3.11	-0.17	0.07	0.80
38827	-13.93	41.46	7.16	-0.21	0.07	0.90
38845	-16.13	10.07	11.25	-0.18	0.05	1.00
38864	-16.19	-16.30	12.68	-0.08	0.04	1.10
38882	-15.35	-31.17	11.61	0.04	0.05	1.19
38902	-14.62	-33.58	10.48	0.14	0.05	1.24
38920	-13.02	-30.17	8.00	0.18	0.04	1.24
38938	-10.57	-16.77	4.88	0.25	0.05	1.26
38957	-8.15	2.99	0.70	0.29	0.04	1.28
38974	-4.79	23.93	-4.73	0.25	0.02	1.27
38992	-2.11	32.14	-7.05	0.21	0.01	1.26
39010	3.39	41.21	-10.19	0.13	0.02	1.24
39028	7.77	42.27	-11.49	0.08	0.03	1.24
39046	9.77	37.69	-12.47	0.04	0.06	1.27
39064	9.74	33.63	-13.03	0.01	0.09	1.32
39081	8.13	22.29	-13.69	-0.00	0.09	1.35
39099	6.41	8.26	-13.55	0.02	0.11	1.43
39118	4.44	-2.61	-11.89	0.07	0.11	1.50
39136	3.14	-6.27	-11.17	0.12	0.12	1.51
39154	-0.40	-9.11	-9.89	0.14	0.12	1.49
39172	-5.11	-7.57	-8.13	0.14	0.13	1.48
39191	-7.77	-5.00	-4.84	0.15	0.10	1.50
39209	-5.94	-2.27	-1.50	0.15	0.07	1.54
39228	-2.15	-0.20	-0.63	0.14	0.07	1.56
39247	-0.84	0.32	-1.02	0.13	0.07	1.56
39265	1.34	0.73	-1.45	0.12	0.07	1.53
39282	3.39	0.26	0.41	0.11	0.06	1.49
39299	5.80	-1.16	2.85	0.08	0.07	1.45
39318	6.84	-2.61	3.77	0.08	0.07	1.44
39335	7.89	-5.63	5.40	0.08	0.08	1.43
39353	8.09	-7.25	7.05	0.09	0.07	1.41
39370	8.62	-8.04	9.02	0.08	0.07	1.37
39388	8.51	-8.71	10.10	0.08	0.08	1.36
39405	6.84	-10.22	11.60	0.09	0.09	1.36
39423	3.71	-9.60	12.25	0.11	0.09	1.34
39440	2.23	-8.56	12.15	0.11	0.09	1.32
39459	-0.72	-6.61	11.06	0.09	0.08	1.31
39477	-2.79	-7.45	9.80	0.07	0.07	1.29
39495	-3.89	-10.12	8.64	0.08	0.06	1.26
39513	-3.45	-10.74	7.31	0.09	0.04	1.18
39532	-2.66	-10.24	6.47	0.07	0.04	1.11
39550	-1.53	-10.16	5.45	0.06	0.04	1.07
39570	-0.44	-12.91	5.86	0.03	0.04	0.98
39588	0.58	-17.14	6.09	0.02	0.03	0.89