Time	Gx	Gy	Gz	Ax	Ay	Az
2	-0.17	-0.23	-0.38	0.11	0.00	0.97
22	-0.17	-0.34	-0.38	0.11	0.00	0.96
40	-0.15	-0.26	-0.37	0.11	0.01	0.96
60	-0.08	-0.31	-0.31	0.11	0.01	0.96
78	-0.09	-0.23	-0.37	0.11	0.01	0.97
98	-0.12	-0.31	-0.26	0.11	0.01	0.96
117	-0.20	-0.26	-0.38	0.11	0.01	0.97
135	-0.17	-0.32	-0.35	0.11	0.01	0.96
155	-0.08	-0.18	-0.27	0.11	0.01	0.97
173	-0.08	-0.27	-0.41	0.11	0.01	0.96
193	0.00	-0.29	-0.34	0.11	0.01	0.96
211	-0.03	-0.24	-0.31	0.11	0.01	0.97
231	-0.12	-0.27	-0.31	0.11	0.01	0.97
249	-0.03	-0.26	-0.41	0.11	0.01	0.97
268	-0.14	-0.23	-0.37	0.11	0.01	0.97
287	-0.24	-0.23	-0.38	0.11	0.01	0.97
306	-0.09	-0.23	-0.31	0.11	0.01	0.97
326	-0.02	-0.29	-0.31	0.11	0.01	0.97
344	-0.14	-0.20	-0.38	0.11	0.01	0.97
363	-0.15	-0.24	-0.31	0.11	0.01	0.96
382	-0.08	-0.26	-0.41	0.11	0.01	0.96
400	-0.08	-0.27	-0.38	0.11	0.01	0.97
421	-0.08	-0.24	-0.37	0.11	0.01	0.96
439	-0.14	-0.26	-0.37	0.11	0.01	0.97
458	-0.17	-0.18	-0.31	0.11	0.01	0.96
478	-0.08	-0.32	-0.32	0.11	0.01	0.97
496	0.00	-0.24	-0.35	0.11	0.01	0.96
516	-0.11	-0.17	-0.27	0.11	0.01	0.96
535	-0.09	-0.21	-0.43	0.11	0.01	0.97
553	-0.12	-0.17	-0.35	0.11	0.01	0.96
572	-0.03	-0.27	-0.37	0.11	0.01	0.96
591	-0.08	-0.26	-0.34	0.11	0.01	0.97
611	-0.14	-0.23	-0.35	0.11	0.01	0.97
630	-0.09	-0.21	-0.29	0.11	0.01	0.97
649	-0.15	-0.27	-0.32	0.11	0.01	0.96
668	-0.05	-0.21	-0.32	0.11	0.01	0.96
686	-0.09	-0.14	-0.40	0.11	0.01	0.97
705	-0.05	-0.18	-0.35	0.11	0.01	0.96
723	-0.11	-0.31	-0.23	0.11	0.01	0.96
742	-0.09	-0.27	-0.37	0.11	0.01	0.96
761	0.09	-0.31	-0.35	0.11	0.01	0.96
779	-0.17	-0.29	-0.34	0.11	0.01	0.97
797	0.03	-0.34	-0.34	0.11	0.01	0.96
817	-0.12	-0.27	-0.34	0.11	0.01	0.96
835	-0.11	-0.29	-0.38	0.11	0.01	0.97
854	-0.12	-0.27	-0.40	0.11	0.00	0.96
872	-0.05	-0.27	-0.37	0.11	0.01	0.96
890	-0.12	-0.20	-0.35	0.11	0.01	0.97
909	-0.06	-0.21	-0.44	0.11	0.01	0.96
927	-0.05	-0.18	-0.44	0.11	0.01	0.96
946	-0.26	-0.27	-0.35	0.11	0.01	0.97
965	-0.09	-0.24	-0.35	0.11	0.01	0.96
984	-0.02	-0.24	-0.31	0.11	0.01	0.97
1002	-0.09	-0.27	-0.35	0.11	0.01	0.97
1021	-0.14	-0.27	-0.31	0.11	0.01	0.97
1040	-0.15	-0.21	-0.37	0.11	0.01	0.96
1058	-0.15	-0.18	-0.34	0.11	0.01	0.96
1077	-0.06	-0.23	-0.27	0.11	0.01	0.96
1095	-0.05	-0.20	-0.32	0.11	0.01	0.97
1114	-0.06	-0.34	-0.38	0.11	0.01	0.96
1132	-0.15	-0.27	-0.40	0.11	0.01	0.96
1150	-0.15	-0.23	-0.34	0.11	0.01	0.96
1170	-0.03	-0.26	-0.40	0.11	0.01	0.96
1188	-0.17	-0.20	-0.38	0.11	0.01	0.97
1207	-0.12	-0.21	-0.32	0.11	0.01	0.96
1226	-0.09	-0.20	-0.34	0.11	0.00	0.96
1245	-0.11	-0.24	-0.38	0.11	0.01	0.96
1263	-0.06	-0.18	-0.40	0.11	0.01	0.96
1281	-0.03	-0.29	-0.34	0.11	0.01	0.96
1300	-0.12	-0.26	-0.38	0.11	0.01	0.96
1318	-0.11	-0.24	-0.32	0.11	0.01	0.96
1337	-0.11	-0.31	-0.35	0.11	0.01	0.96
1357	-0.14	-0.26	-0.35	0.11	0.01	0.97
1376	0.02	-0.15	-0.40	0.11	0.01	0.96
1395	-0.05	-0.17	-0.37	0.11	0.01	0.96
1414	-0.05	-0.23	-0.32	0.11	0.01	0.96
1433	-0.09	-0.21	-0.35	0.11	0.01	0.97
1452	-0.05	-0.32	-0.34	0.11	0.01	0.96
1471	-0.11	-0.26	-0.37	0.11	0.01	0.96
1490	-0.03	-0.27	-0.40	0.11	0.01	0.97
1509	-0.08	-0.23	-0.35	0.11	0.01	0.97
1527	-0.12	-0.26	-0.40	0.11	0.00	0.97
1547	-0.20	-0.20	-0.37	0.11	0.01	0.96
1566	-0.14	-0.34	-0.37	0.11	0.01	0.97
1586	-0.03	-0.23	-0.35	0.11	0.01	0.96
1604	-0.08	-0.27	-0.38	0.11	0.01	0.97
1622	-0.15	-0.37	-0.40	0.11	0.01	0.96
1642	-0.05	-0.26	-0.35	0.11	0.01	0.96
1661	-0.23	-0.27	-0.32	0.11	0.01	0.97
1680	-0.12	-0.26	-0.23	0.11	0.01	0.97
1699	-0.11	-0.29	-0.24	0.11	0.00	0.96
1717	0.00	-0.26	-0.31	0.11	0.00	0.96
1737	-0.03	-0.23	-0.35	0.11	0.01	0.96
1756	-0.11	-0.27	-0.35	0.11	0.01	0.97
1775	-0.26	-0.26	-0.27	0.11	0.01	0.96
1794	-0.20	-0.23	-0.32	0.11	0.01	0.97
1813	-0.05	-0.23	-0.29	0.11	0.00	0.96
1832	-0.09	-0.32	-0.43	0.11	0.01	0.97
1851	-0.11	-0.21	-0.32	0.11	0.01	0.97
1870	-0.15	-0.31	-0.38	0.11	0.01	0.96
1889	-0.17	-0.20	-0.32	0.11	0.01	0.97
1908	-0.11	-0.20	-0.37	0.11	0.01	0.97
1927	-0.05	-0.20	-0.35	0.11	0.00	0.96
1947	-0.05	-0.27	-0.40	0.11	0.01	0.96
1966	-0.05	-0.11	-0.43	0.11	0.01	0.97
1984	-0.03	-0.18	-0.38	0.11	0.01	0.96
2004	-0.14	-0.31	-0.40	0.11	0.01	0.97
2022	-0.05	-0.27	-0.37	0.11	0.00	0.97
2042	-0.11	-0.27	-0.34	0.11	0.01	0.96
2060	-0.03	-0.21	-0.38	0.11	0.01	0.97
2079	-0.05	-0.26	-0.34	0.11	0.01	0.97
2098	-0.12	-0.20	-0.38	0.11	0.01	0.97
2117	-0.06	-0.21	-0.38	0.11	0.00	0.96
2136	-0.14	-0.21	-0.40	0.11	0.00	0.97
2155	-0.11	-0.18	-0.32	0.11	0.00	0.96
2175	0.05	-0.20	-0.32	0.11	0.01	0.97
2193	-0.12	-0.18	-0.37	0.11	0.01	0.96
2211	-0.06	-0.21	-0.31	0.11	0.01	0.96
2231	-0.06	-0.32	-0.37	0.11	0.01	0.97
2250	-0.09	-0.23	-0.43	0.11	0.01	0.96
2270	-0.09	-0.24	-0.41	0.11	0.01	0.96
2288	0.03	-0.21	-0.34	0.11	0.01	0.96
2307	-0.18	-0.27	-0.35	0.11	0.01	0.97
2326	0.03	-0.14	-0.35	0.11	0.01	0.96
2344	0.00	-0.29	-0.43	0.11	0.01	0.97
2363	0.02	-0.27	-0.29	0.11	0.00	0.97
2381	0.00	-0.17	-0.29	0.11	0.01	0.96
2400	0.02	-0.29	-0.35	0.11	0.01	0.96
2418	-0.03	-0.31	-0.37	0.11	0.01	0.97
2437	-0.05	-0.27	-0.32	0.11	0.00	0.96
2458	-0.09	-0.21	-0.37	0.11	0.00	0.96
2476	0.02	-0.27	-0.43	0.11	0.01	0.96
2495	-0.08	-0.27	-0.37	0.11	0.01	0.96
2514	-0.20	-0.24	-0.38	0.11	0.01	0.96
2532	-0.17	-0.21	-0.40	0.11	0.01	0.96
2551	-0.12	-0.26	-0.41	0.11	0.00	0.97
2571	-0.02	-0.27	-0.31	0.11	0.01	0.96
2590	-0.02	-0.27	-0.32	0.11	0.01	0.96
2609	-0.02	-0.29	-0.32	0.11	0.01	0.97
2628	-0.02	-0.32	-0.40	0.11	0.01	0.96
2646	-0.09	-0.27	-0.40	0.11	0.01	0.96
2666	-0.17	-0.31	-0.34	0.11	0.01	0.97
2685	-0.03	-0.21	-0.38	0.11	0.01	0.96
2704	-0.02	-0.18	-0.40	0.11	0.01	0.96
2723	-0.09	-0.31	-0.31	0.11	0.01	0.97
2742	-0.23	-0.20	-0.35	0.11	0.01	0.97
2762	-0.05	-0.35	-0.37	0.11	0.01	0.96
2781	-0.03	-0.29	-0.31	0.11	0.01	0.96
2799	-0.20	-0.21	-0.32	0.11	0.01	0.97
2819	-0.05	-0.23	-0.35	0.11	0.01	0.96
2837	-0.12	-0.26	-0.37	0.11	0.01	0.97
2856	-0.08	-0.24	-0.31	0.11	0.00	0.96
2876	-0.05	-0.24	-0.38	0.11	0.01	0.97
2894	-0.08	-0.24	-0.38	0.11	0.01	0.97
2914	0.12	-0.20	-0.31	0.11	0.01	0.97
2932	-0.06	-0.24	-0.34	0.11	0.01	0.96
2950	-0.15	-0.29	-0.26	0.11	0.01	0.96
2970	-0.08	-0.29	-0.29	0.11	0.01	0.97
2989	-0.12	-0.29	-0.34	0.11	0.01	0.97
3009	-0.06	-0.24	-0.41	0.11	0.01	0.96
3027	-0.09	-0.26	-0.35	0.11	0.01	0.96
3045	-0.05	-0.21	-0.26	0.11	0.01	0.97
3066	-0.08	-0.24	-0.40	0.11	0.01	0.96
3084	-0.29	-0.27	-0.29	0.11	0.01	0.95
3103	-0.41	-0.29	-0.35	0.11	0.01	1.00
3122	-0.17	-0.26	-0.44	0.11	0.00	0.95
3140	-0.02	-0.35	-0.31	0.11	0.01	0.97
3158	0.09	-0.21	-0.37	0.11	0.01	0.97
3176	-0.18	-0.29	-0.35	0.11	0.01	0.97
3195	-0.18	-0.26	-0.38	0.11	0.01	0.97
3214	-0.15	-0.26	-0.37	0.11	0.00	0.95
3233	-0.06	-0.29	-0.34	0.11	0.01	0.98
3251	0.09	-0.35	-0.29	0.11	0.01	0.96
3270	-0.03	-0.32	-0.43	0.11	0.01	0.96
3290	-0.27	-0.18	-0.32	0.11	0.01	0.97
3308	-0.20	-0.24	-0.38	0.11	0.01	0.97
3328	-0.03	-0.24	-0.34	0.11	0.00	0.96
3346	0.03	-0.26	-0.44	0.11	0.01	0.97
3364	0.03	-0.32	-0.32	0.11	0.01	0.97
3384	-0.06	-0.21	-0.37	0.11	0.01	0.96
3402	-0.15	-0.20	-0.38	0.11	0.01	0.96
3422	-0.11	-0.24	-0.35	0.11	0.00	0.96
3440	-0.08	-0.27	-0.31	0.11	0.01	0.96
3460	0.00	-0.27	-0.32	0.11	0.01	0.96
3478	0.00	-0.32	-0.34	0.11	0.01	0.97
3496	-0.09	-0.24	-0.31	0.11	0.01	0.97
3516	-0.23	-0.20	-0.38	0.11	0.01	0.96
3534	-0.14	-0.20	-0.34	0.11	0.00	0.96
3554	-0.05	-0.18	-0.35	0.11	0.01	0.97
3573	0.00	-0.26	-0.29	0.11	0.01	0.96
3591	-0.11	-0.21	-0.32	0.11	0.01	0.96
3611	0.00	-0.26	-0.31	0.11	0.01	0.97
3629	-0.20	-0.26	-0.32	0.11	0.01	0.96
3648	-0.08	-0.26	-0.29	0.11	0.01	0.97
3667	-0.11	-0.23	-0.32	0.11	0.01	0.96
3687	0.03	-0.31	-0.37	0.11	0.01	0.96
3705	-0.03	-0.24	-0.40	0.11	0.01	0.97
3724	-0.14	-0.26	-0.37	0.11	0.01	0.97
3743	-0.03	-0.35	-0.37	0.11	0.00	0.94
3762	-0.06	-0.27	-0.26	0.10	0.00	0.92
3781	0.27	-0.63	-0.38	0.12	0.00	1.05
3800	0.34	-0.44	-0.37	0.10	0.01	0.91
3818	0.12	-0.58	-0.29	0.12	0.01	1.00
3837	-0.05	-0.34	-0.34	0.11	0.00	0.93
3855	0.08	-0.20	-0.41	0.11	0.00	0.99
3874	0.31	-0.29	-0.37	0.11	0.00	0.95
3893	0.40	-0.31	-0.46	0.10	0.01	0.93
3911	0.35	-0.43	-0.32	0.11	0.01	0.99
3930	0.18	-0.58	-0.40	0.11	0.01	0.97
3948	-0.02	-0.69	-0.24	0.11	0.01	0.97
3968	0.03	-0.49	-0.35	0.11	0.01	0.96
3986	0.12	-0.43	-0.34	0.11	0.00	0.97
4006	0.12	-0.20	-0.43	0.11	0.01	0.97
4024	0.03	-0.03	-0.29	0.11	0.01	0.96
4042	-0.14	0.05	-0.34	0.11	0.01	0.97
4061	-0.31	-0.06	-0.35	0.11	0.01	0.96
4079	-0.05	-0.09	-0.37	0.11	0.00	0.96
4099	-0.02	-0.34	-0.38	0.11	0.01	0.96
4118	0.15	-0.41	-0.35	0.11	0.01	0.96
4136	0.20	-0.38	-0.32	0.11	0.01	0.97
4155	0.05	-0.55	-0.35	0.11	0.01	0.96
4173	0.00	-0.53	-0.35	0.11	0.01	0.97
4192	-0.03	-0.38	-0.31	0.11	0.01	0.96
4211	0.14	-0.23	-0.38	0.11	0.01	0.97
4229	0.09	-0.37	-0.40	0.11	0.01	0.97
4248	0.08	-0.26	-0.37	0.11	0.01	0.97
4266	0.11	-0.29	-0.43	0.11	0.01	0.97
4284	-0.06	-0.35	-0.27	0.11	0.01	0.96
4304	0.09	-0.35	-0.40	0.11	0.01	0.96
4322	0.11	-0.32	-0.35	0.11	0.01	0.97
4341	0.00	-0.35	-0.37	0.11	0.01	0.97
4359	-0.03	-0.15	-0.27	0.11	0.01	0.97
4379	-0.08	-0.26	-0.40	0.11	0.01	0.97
4398	-0.12	-0.14	-0.41	0.11	0.01	0.97
4416	-0.20	-0.08	-0.47	0.11	0.01	0.97
4436	-0.12	-0.18	-0.31	0.11	0.01	0.96
4455	-0.02	-0.15	-0.26	0.11	0.00	0.96
4475	0.05	-0.09	-0.38	0.12	0.01	1.01
4493	0.05	0.12	-0.34	0.10	0.02	0.92
4511	-0.47	0.03	-0.20	0.12	0.01	1.00
4530	-0.81	0.14	-0.23	0.11	0.01	0.94
4548	-0.52	0.18	-0.29	0.11	0.00	0.97
4567	-0.21	0.23	-0.31	0.11	0.01	0.96
4585	-0.20	0.23	-0.34	0.11	0.01	0.95
4604	-0.38	0.21	-0.23	0.11	0.01	0.95
4623	-0.38	-0.05	-0.37	0.11	0.01	0.97
4641	-0.21	-0.21	-0.32	0.11	0.00	0.97
4661	-0.06	-0.29	-0.37	0.11	0.01	0.96
4680	-0.20	-0.37	-0.35	0.11	0.01	0.96
4698	-0.15	-0.43	-0.27	0.11	0.01	0.96
4718	-0.09	-0.32	-0.29	0.11	0.01	0.96
4736	-0.20	-0.14	-0.34	0.11	0.01	0.97
4756	-0.21	-0.20	-0.27	0.11	0.01	0.96
4774	-0.15	-0.21	-0.37	0.11	0.01	0.97
4794	-0.15	-0.21	-0.34	0.11	0.01	0.96
4813	-0.08	-0.26	-0.41	0.11	0.01	0.96
4832	-0.09	-0.34	-0.35	0.11	0.01	0.97
4851	-0.02	-0.34	-0.40	0.11	0.01	0.96
4870	0.02	-0.32	-0.40	0.11	0.01	0.97
4889	-0.08	-0.23	-0.31	0.11	0.01	0.96
4907	-0.11	-0.18	-0.35	0.11	0.01	0.96
4927	-0.21	-0.17	-0.37	0.11	0.01	0.96
4946	-0.06	-0.27	-0.37	0.11	0.01	0.97
4964	0.03	-0.21	-0.31	0.11	0.01	0.96
4983	-0.12	-0.29	-0.37	0.11	0.01	0.97
5002	-0.09	-0.27	-0.35	0.11	0.01	0.97
5022	-0.14	-0.23	-0.29	0.11	0.01	0.96
5040	-0.11	-0.37	-0.37	0.11	0.01	0.97
5060	-0.11	-0.27	-0.32	0.11	0.01	0.97
5078	-0.23	-0.20	-0.31	0.11	0.01	0.96
5097	-0.09	-0.18	-0.40	0.11	0.01	0.96
5117	0.03	-0.24	-0.32	0.10	-0.00	0.93
5135	0.21	-0.24	-0.32	0.12	0.01	1.05
5155	0.40	-0.06	-0.47	0.10	0.01	0.89
5173	0.05	-0.21	-0.29	0.11	0.01	0.96
5191	-0.15	-0.15	-0.31	0.11	0.01	0.97
5210	-0.41	-0.34	-0.29	0.11	0.00	0.95
5229	-0.02	-0.34	-0.26	0.11	0.00	0.98
5248	0.29	-0.26	-0.35	0.11	0.00	0.94
5267	0.20	-0.31	-0.32	0.12	0.01	0.99
5285	0.17	-0.23	-0.46	0.11	0.01	0.97
5303	-0.06	-0.06	-0.32	0.11	0.01	0.96
5322	-0.34	-0.06	-0.31	0.11	0.01	0.97
5342	-0.29	-0.14	-0.37	0.11	0.00	0.96
5361	0.09	-0.20	-0.38	0.11	0.01	0.97
5379	0.08	-0.27	-0.27	0.11	0.01	0.96
5398	-0.05	-0.29	-0.34	0.11	0.01	0.97
5416	-0.15	-0.38	-0.35	0.11	0.01	0.96
5436	-0.34	-0.27	-0.37	0.11	0.01	0.96
5455	-0.09	-0.15	-0.38	0.11	0.01	0.96
5473	0.02	-0.17	-0.37	0.11	0.01	0.97
5492	-0.03	-0.14	-0.38	0.11	0.01	0.96
5511	0.02	-0.15	-0.41	0.11	0.01	0.96
5531	-0.12	-0.14	-0.34	0.11	0.01	0.97
5549	-0.20	-0.26	-0.32	0.11	0.01	0.96
5569	-0.09	-0.26	-0.29	0.11	0.01	0.96
5587	0.03	-0.29	-0.26	0.11	0.01	0.96
5605	-0.08	-0.26	-0.38	0.11	0.01	0.97
5625	-0.15	-0.17	-0.31	0.11	0.01	0.96
5644	-0.15	-0.15	-0.43	0.11	0.01	0.97
5664	-0.18	-0.17	-0.38	0.11	0.01	0.97
5682	-0.18	-0.26	-0.38	0.11	0.01	0.96
5700	-0.12	-0.24	-0.40	0.11	0.01	0.97
5720	-0.17	-0.18	-0.31	0.11	0.01	0.96
5739	0.00	-0.37	-0.41	0.11	0.01	0.96
5758	0.06	-0.20	-0.32	0.11	0.00	0.96
5776	0.00	-0.26	-0.38	0.11	0.01	0.97
5795	0.11	-0.18	-0.43	0.11	0.01	0.98
5813	-0.12	-0.17	-0.37	0.11	0.01	0.96
5832	-0.34	-0.32	-0.29	0.11	0.01	0.97
5851	-0.44	-0.31	-0.26	0.11	0.01	0.96
5870	-0.27	-0.31	-0.31	0.11	0.00	0.96
5888	0.03	-0.46	-0.23	0.11	0.00	0.97
5906	0.09	-0.35	-0.32	0.11	0.01	0.97
5924	0.05	-0.27	-0.32	0.11	0.01	0.96
5944	-0.21	-0.24	-0.31	0.11	0.01	0.97
5963	-0.24	-0.18	-0.31	0.11	0.01	0.96
5982	0.02	-0.17	-0.38	0.11	0.00	0.97
6000	0.11	-0.18	-0.40	0.11	0.01	0.97
6018	0.00	-0.18	-0.38	0.11	0.01	0.96
6038	-0.02	-0.20	-0.34	0.11	0.01	0.97
6056	-0.14	-0.26	-0.38	0.11	0.01	0.96
6076	-0.20	-0.31	-0.35	0.11	0.01	0.97
6094	-0.09	-0.29	-0.34	0.11	0.01	0.97
6113	-0.02	-0.29	-0.41	0.11	0.01	0.96
6132	-0.05	-0.17	-0.31	0.11	0.01	0.97
6152	-0.11	-0.27	-0.40	0.11	0.01	0.96
6171	-0.08	-0.18	-0.31	0.11	0.01	0.96
6190	-0.08	-0.20	-0.37	0.11	0.01	0.97
6209	-0.11	-0.14	-0.32	0.11	0.01	0.96
6228	-0.05	-0.27	-0.37	0.11	0.01	0.96
6247	0.00	-0.24	-0.35	0.11	0.01	0.96
6266	-0.09	-0.29	-0.37	0.11	0.01	0.97
6284	-0.14	-0.20	-0.37	0.11	0.01	0.96
6304	-0.06	-0.26	-0.32	0.11	0.01	0.97
6322	-0.12	-0.21	-0.41	0.11	0.01	0.97
6341	-0.17	-0.21	-0.32	0.11	0.01	0.96
6361	-0.08	-0.27	-0.34	0.11	0.01	0.97
6379	0.00	-0.21	-0.35	0.11	0.00	0.96
6398	-0.18	-0.24	-0.38	0.11	0.01	0.97
6416	0.00	-0.21	-0.38	0.11	0.01	0.96
6434	-0.11	-0.21	-0.31	0.11	0.01	0.97
6454	-0.15	-0.29	-0.31	0.11	0.01	0.97
6473	-0.06	-0.26	-0.38	0.11	0.01	0.96
6493	-0.08	-0.26	-0.32	0.11	0.01	0.96
6511	-0.08	-0.20	-0.34	0.11	0.01	0.96
6530	-0.06	-0.20	-0.35	0.11	0.00	0.95
6550	0.12	-0.31	-0.44	0.11	0.01	0.99
6568	-0.02	-0.23	-0.37	0.11	0.01	0.94
6587	-0.41	-0.29	-0.34	0.11	0.01	0.98
6606	-0.37	-0.29	-0.46	0.11	0.01	0.95
6625	-0.31	-0.37	-0.32	0.11	0.00	0.98
6644	-0.17	-0.26	-0.23	0.11	0.00	0.96
6663	-0.09	-0.40	-0.37	0.11	0.01	0.96
6682	-0.14	-0.23	-0.43	0.11	0.01	0.96
6701	-0.09	-0.23	-0.29	0.11	0.01	0.96
6720	-0.17	-0.20	-0.34	0.11	0.01	0.97
6739	-0.18	-0.20	-0.35	0.11	0.01	0.97
6759	-0.12	-0.20	-0.27	0.11	0.01	0.97
6777	-0.11	-0.17	-0.35	0.11	0.01	0.96
6796	-0.09	-0.31	-0.26	0.11	0.01	0.97
6815	-0.12	-0.31	-0.31	0.11	0.01	0.96
6834	-0.17	-0.29	-0.43	0.11	0.01	0.97
6853	-0.17	-0.26	-0.38	0.11	0.01	0.97
6872	-0.15	-0.26	-0.40	0.11	0.01	0.97
6891	-0.03	-0.29	-0.37	0.11	0.01	0.96
6910	-0.09	-0.20	-0.34	0.11	0.01	0.97
6929	-0.05	-0.27	-0.34	0.11	0.01	0.96
6948	-0.15	-0.24	-0.40	0.11	0.01	0.96
6967	-0.06	-0.21	-0.29	0.11	0.01	0.97
6987	-0.12	-0.26	-0.29	0.11	0.01	0.97
7005	-0.09	-0.24	-0.41	0.11	0.01	0.96
7024	-0.11	-0.27	-0.34	0.11	0.01	0.96
7043	-0.14	-0.27	-0.37	0.11	0.01	0.96
7062	-0.09	-0.24	-0.34	0.11	0.01	0.97
7082	-0.03	-0.17	-0.46	0.11	0.01	0.96
7100	-0.08	-0.15	-0.37	0.11	0.01	0.96
7119	-0.14	-0.23	-0.31	0.11	0.01	0.96
7138	-0.06	-0.32	-0.32	0.11	0.01	0.97
7157	-0.11	-0.21	-0.27	0.11	0.01	0.96
7177	0.02	-0.26	-0.35	0.11	0.01	0.96
7195	-0.11	-0.23	-0.32	0.11	0.01	0.97
7214	-0.14	-0.26	-0.34	0.11	0.01	0.95
7233	0.06	-0.26	-0.46	0.11	0.00	0.98
7251	0.34	-0.29	-0.44	0.10	0.00	0.92
7271	0.87	-0.21	-0.47	0.12	-0.00	1.01
7290	0.98	-0.26	-0.49	0.11	0.02	0.97
7308	0.66	-0.24	-0.47	0.10	0.03	0.90
7327	-0.56	-0.41	-0.29	0.11	0.02	0.99
7345	-0.50	-0.35	-0.31	0.11	-0.00	0.94
7365	0.26	-0.29	-0.40	0.11	-0.01	0.98
7384	1.02	-0.27	-0.52	0.11	0.01	0.96
7402	0.89	-0.20	-0.34	0.11	0.02	0.96
7421	0.64	-0.12	-0.34	0.11	0.02	0.98
7439	0.06	-0.20	-0.37	0.11	0.01	0.97
7458	-0.09	-0.14	-0.37	0.11	0.01	0.96
7478	0.12	-0.18	-0.38	0.11	0.00	0.98
7496	0.43	-0.27	-0.34	0.11	0.01	0.97
7515	0.26	-0.37	-0.41	0.11	0.02	0.96
7533	0.09	-0.40	-0.38	0.11	0.01	0.97
7551	-0.27	-0.37	-0.38	0.11	0.01	0.96
7571	-0.38	-0.41	-0.32	0.11	0.01	0.96
7589	-0.14	-0.41	-0.38	0.11	0.01	0.97
7609	0.03	-0.27	-0.38	0.11	0.01	0.96
7627	0.00	-0.26	-0.29	0.11	0.01	0.96
7646	0.05	-0.15	-0.32	0.11	0.01	0.96
7664	0.05	-0.20	-0.40	0.11	0.01	0.97
7682	-0.20	-0.20	-0.38	0.11	0.01	0.96
7702	0.03	-0.27	-0.37	0.11	0.01	0.96
7720	0.06	-0.29	-0.37	0.11	0.01	0.96
7739	0.29	-0.24	-0.43	0.11	0.01	0.97
7757	0.32	-0.31	-0.40	0.11	0.01	0.96
7776	0.20	-0.29	-0.34	0.11	0.01	0.96
7795	0.05	-0.38	-0.40	0.11	0.01	0.97
7813	-0.05	-0.43	-0.43	0.11	0.01	0.96
7832	0.03	-0.32	-0.47	0.11	0.01	0.97
7850	0.05	-0.35	-0.37	0.11	0.01	0.96
7868	0.06	-0.34	-0.32	0.11	0.01	0.97
7888	0.00	-0.27	-0.31	0.11	0.01	0.97
7906	-0.08	-0.23	-0.38	0.10	0.01	0.93
7925	0.02	-0.49	-0.27	0.12	0.01	1.05
7943	0.00	-0.35	-0.37	0.10	0.02	0.91
7961	-0.29	-0.60	-0.29	0.12	0.01	1.00
7981	-0.47	-0.47	-0.38	0.11	0.01	0.96
8000	-0.64	-0.34	-0.29	0.11	0.01	0.91
8019	-0.73	-0.21	-0.20	0.12	0.01	1.00
8037	-0.87	-0.05	-0.34	0.11	0.01	0.94
8056	-0.93	-0.06	-0.20	0.11	0.01	0.97
8075	-0.96	0.05	-0.29	0.11	0.01	0.96
8093	-0.93	-0.11	-0.29	0.10	0.01	0.95
8111	-0.81	-0.12	-0.27	0.11	0.01	0.97
8131	-0.61	-0.24	-0.26	0.11	0.00	0.96
8149	-0.15	-0.17	-0.27	0.11	0.00	0.97
8168	0.11	-0.27	-0.31	0.11	0.01	0.96
8188	-0.03	-0.21	-0.34	0.11	0.02	0.97
8206	-0.44	-0.21	-0.31	0.11	0.01	0.97
8225	-0.44	-0.21	-0.34	0.11	0.01	0.96
8244	-0.47	-0.15	-0.27	0.11	0.01	0.97
8263	-0.26	-0.11	-0.21	0.11	0.00	0.96
8282	-0.18	-0.02	-0.34	0.11	0.01	0.97
8301	-0.08	-0.09	-0.37	0.11	0.01	0.96
8320	-0.18	-0.21	-0.32	0.11	0.01	0.97
8339	-0.29	-0.31	-0.34	0.11	0.01	0.96
8358	-0.21	-0.26	-0.37	0.11	0.01	0.97
8378	0.02	-0.35	-0.41	0.11	0.01	0.97
8396	-0.11	-0.37	-0.43	0.11	0.01	0.96
8415	-0.03	-0.23	-0.32	0.11	0.01	0.97
8434	-0.02	-0.23	-0.37	0.11	0.01	0.97
8453	-0.21	-0.17	-0.38	0.11	0.01	0.96
8473	-0.17	-0.24	-0.34	0.11	0.01	0.97
8491	-0.09	-0.18	-0.38	0.11	0.01	0.97
8510	0.00	-0.21	-0.37	0.11	0.01	0.96
8529	-0.05	-0.32	-0.37	0.11	0.01	0.97
8548	-0.18	-0.27	-0.46	0.11	0.01	0.96
8567	-0.12	-0.27	-0.32	0.11	0.01	0.95
8586	-0.47	-0.31	-0.34	0.12	0.01	1.00
8605	-0.32	-0.24	-0.29	0.11	0.01	0.95
8624	-0.27	-0.29	-0.37	0.11	0.00	0.97
8643	-0.14	-0.17	-0.26	0.11	0.01	0.96
8662	-0.18	-0.23	-0.37	0.11	0.01	0.97
8681	-0.23	-0.15	-0.35	0.11	0.01	0.98
8701	-0.31	-0.20	-0.29	0.11	0.01	0.95
8720	-0.40	-0.29	-0.32	0.11	0.01	0.97
8738	-0.24	-0.23	-0.29	0.11	0.01	0.96
8757	-0.20	-0.27	-0.29	0.11	0.01	0.96
8776	-0.17	-0.37	-0.37	0.11	0.01	0.96
8795	-0.05	-0.26	-0.32	0.11	0.01	0.97
8814	-0.08	-0.29	-0.37	0.11	0.01	0.96
8832	-0.03	-0.27	-0.32	0.11	0.01	0.96
8852	-0.05	-0.23	-0.35	0.11	0.01	0.97
8871	-0.09	-0.21	-0.44	0.11	0.01	0.96
8890	-0.03	-0.20	-0.32	0.11	0.01	0.96
8909	-0.08	-0.18	-0.37	0.11	0.01	0.96
8929	-0.15	-0.11	-0.34	0.11	0.01	0.96
8947	-0.09	-0.26	-0.37	0.11	0.01	0.96
8966	-0.05	-0.34	-0.32	0.11	0.01	0.96
8985	-0.02	-0.35	-0.34	0.11	0.01	0.97
9003	-0.12	-0.27	-0.35	0.11	0.01	0.96
9023	-0.18	-0.37	-0.43	0.11	0.01	0.97
9041	-0.03	-0.31	-0.37	0.11	0.01	0.96
9060	-0.17	-0.21	-0.38	0.11	0.01	0.96
9078	-0.06	-0.18	-0.27	0.11	0.01	0.97
9097	-0.06	-0.18	-0.41	0.11	0.01	0.97
9115	-0.18	-0.21	-0.31	0.11	0.01	0.96
9134	-0.06	-0.29	-0.35	0.11	0.01	0.96
9153	-0.12	-0.24	-0.37	0.11	0.01	0.97
9171	0.00	-0.17	-0.31	0.11	0.01	0.96
9189	-0.12	-0.27	-0.31	0.11	0.01	0.96
9208	-0.02	-0.29	-0.49	0.11	0.01	0.97
9228	-0.05	-0.23	-0.26	0.11	0.01	0.96
9247	-0.20	-0.26	-0.38	0.11	0.01	0.96
9266	-0.14	-0.21	-0.27	0.11	0.01	0.98
9285	-0.15	-0.14	-0.34	0.11	0.01	0.97
9304	-0.11	-0.20	-0.29	0.11	0.00	0.97
9323	0.08	-0.08	-0.44	0.11	0.01	0.96
9341	0.15	-0.09	-0.37	0.11	0.01	0.95
9360	0.03	-0.17	-0.37	0.11	0.01	0.98
9378	-0.17	-0.18	-0.37	0.11	0.01	0.95
9398	-0.21	-0.29	-0.29	0.11	0.01	0.97
9417	-0.11	-0.15	-0.37	0.11	0.00	0.96
9435	0.00	-0.26	-0.31	0.11	0.01	0.96
9455	-0.06	-0.26	-0.37	0.11	0.01	0.97
9473	0.05	-0.23	-0.34	0.11	0.01	0.96
9492	-0.06	-0.24	-0.37	0.11	0.01	0.96
9511	-0.17	-0.26	-0.41	0.11	0.01	0.96
9530	-0.14	-0.31	-0.40	0.11	0.01	0.97
9550	-0.15	-0.23	-0.35	0.11	0.01	0.97
9568	-0.11	-0.18	-0.29	0.11	0.01	0.96
9588	-0.02	-0.24	-0.43	0.11	0.01	0.97
9606	0.00	-0.21	-0.37	0.11	0.01	0.96
9626	0.09	-0.26	-0.32	0.11	0.01	0.96
9644	-0.11	-0.32	-0.37	0.11	0.01	0.96
9662	0.02	-0.31	-0.32	0.11	0.01	0.96
9681	-0.08	-0.34	-0.37	0.11	0.01	0.97
9700	-0.06	-0.26	-0.32	0.11	0.01	0.97
9719	-0.15	-0.21	-0.23	0.11	0.01	0.97
9738	-0.15	-0.15	-0.38	0.11	0.01	0.96
9757	-0.24	-0.20	-0.38	0.11	0.01	0.97
9776	-0.17	-0.24	-0.29	0.11	0.01	0.97
9795	-0.02	-0.21	-0.35	0.11	0.01	0.97
9814	0.00	-0.21	-0.38	0.11	0.01	0.97
9833	-0.06	-0.29	-0.35	0.11	0.01	0.96
9853	-0.03	-0.31	-0.37	0.11	0.01	0.96
9871	-0.06	-0.23	-0.34	0.11	0.01	0.96
9890	-0.15	-0.27	-0.34	0.11	0.01	0.97
9909	-0.11	-0.20	-0.37	0.11	0.01	0.96
9928	-0.14	-0.29	-0.26	0.11	0.01	0.97
9948	-0.14	-0.18	-0.34	0.11	0.01	0.96
9966	-0.11	-0.24	-0.38	0.11	0.01	0.97
9985	-0.08	-0.24	-0.38	0.11	0.01	0.97
10004	-0.03	-0.26	-0.27	0.11	0.01	0.96
10022	-0.12	-0.23	-0.32	0.11	0.01	0.96
10042	0.00	-0.24	-0.37	0.11	0.01	0.96
10060	-0.09	-0.24	-0.40	0.11	0.01	0.97
10079	-0.11	-0.27	-0.37	0.11	0.01	0.97
10098	-0.08	-0.24	-0.35	0.11	0.01	0.96
10117	-0.11	-0.26	-0.26	0.11	0.01	0.96
10137	-0.11	-0.26	-0.38	0.11	0.01	0.96
10155	-0.14	-0.32	-0.34	0.11	0.00	0.97
10175	-0.05	-0.23	-0.40	0.11	0.01	0.96
10193	-0.09	-0.27	-0.34	0.11	0.01	0.96
10212	-0.06	-0.35	-0.29	0.11	0.01	0.96
10231	-0.09	-0.26	-0.32	0.11	0.01	0.95
10251	-0.14	-0.35	-0.38	0.11	0.01	1.01
10269	-0.11	-0.20	-0.41	0.11	0.01	0.93
10289	0.14	-0.37	-0.43	0.11	0.00	0.99
10307	0.18	-0.31	-0.37	0.11	0.01	0.95
10325	0.03	-0.31	-0.32	0.11	0.01	0.96
10344	-0.18	-0.31	-0.40	0.11	0.01	0.98
10363	-0.15	-0.31	-0.32	0.11	0.01	0.95
10383	-0.12	-0.26	-0.38	0.11	0.00	0.98
10401	-0.03	-0.26	-0.37	0.11	0.01	0.96
10421	-0.02	-0.23	-0.32	0.11	0.01	0.97
10440	0.00	-0.20	-0.32	0.11	0.01	0.96
10458	-0.14	-0.23	-0.35	0.11	0.01	0.97
10478	-0.29	-0.21	-0.29	0.11	0.01	0.97
10496	-0.09	-0.29	-0.43	0.11	0.00	0.96
10516	-0.02	-0.20	-0.35	0.11	0.01	0.97
10534	-0.02	-0.21	-0.41	0.11	0.01	0.96
10554	-0.15	-0.20	-0.37	0.11	0.01	0.97
10573	-0.18	-0.26	-0.31	0.11	0.01	0.96
10591	-0.06	-0.26	-0.35	0.11	0.01	0.96
10611	-0.02	-0.31	-0.32	0.11	0.01	0.96
10629	-0.02	-0.27	-0.40	0.11	0.01	0.97
10649	-0.09	-0.23	-0.34	0.11	0.01	0.96
10668	-0.02	-0.27	-0.35	0.11	0.01	0.97
10686	-0.14	-0.24	-0.32	0.11	0.01	0.97
10706	-0.14	-0.27	-0.38	0.11	0.01	0.96
10724	-0.11	-0.26	-0.32	0.11	0.01	0.97
10744	-0.09	-0.26	-0.38	0.11	0.01	0.97
10763	-0.26	-0.20	-0.34	0.11	0.01	0.97
10781	-0.09	-0.27	-0.40	0.11	0.01	0.97
10801	-0.15	-0.23	-0.34	0.11	0.01	0.97
10820	-0.12	-0.31	-0.37	0.11	0.01	0.97
10839	-0.02	-0.24	-0.37	0.11	0.01	0.97
10858	-0.18	-0.26	-0.38	0.11	0.01	0.97
10878	-0.20	-0.29	-0.21	0.11	0.01	0.96
10897	-0.05	-0.23	-0.37	0.11	0.01	0.96
10915	-0.11	-0.23	-0.27	0.11	0.01	0.96
10934	-0.11	-0.26	-0.29	0.11	0.01	0.97
10952	-0.15	-0.26	-0.29	0.11	0.01	0.96
10971	-0.18	-0.26	-0.38	0.11	0.01	0.97
10990	-0.15	-0.27	-0.29	0.11	0.00	0.97
11008	-0.09	-0.24	-0.35	0.11	0.01	0.96
11027	0.06	-0.31	-0.40	0.11	0.00	0.97
11045	0.17	-0.18	-0.44	0.11	0.01	0.96
11065	-0.15	-0.26	-0.40	0.11	0.01	0.97
11084	-0.31	-0.21	-0.34	0.11	0.01	0.96
11102	-0.18	-0.20	-0.41	0.11	0.01	0.97
11122	-0.14	-0.17	-0.35	0.11	0.00	0.97
11140	-0.03	-0.26	-0.41	0.11	0.01	0.96
11160	-0.06	-0.18	-0.41	0.11	0.01	0.97
11179	-0.14	-0.20	-0.35	0.11	0.01	0.97
11197	-0.17	-0.23	-0.29	0.11	0.01	0.97
11217	-0.18	-0.20	-0.31	0.11	0.00	0.96
11235	-0.27	-0.23	-0.34	0.11	0.01	0.97
11254	-0.09	-0.27	-0.32	0.11	0.00	0.97
11274	-0.05	-0.26	-0.38	0.11	0.01	0.97
11292	-0.05	-0.26	-0.35	0.11	0.01	0.96
11312	-0.06	-0.24	-0.34	0.11	0.00	0.96
11330	0.03	-0.23	-0.27	0.11	0.01	0.97
11349	-0.03	-0.31	-0.43	0.11	0.01	0.97
11368	-0.18	-0.20	-0.37	0.11	0.01	0.96
11387	-0.06	-0.18	-0.31	0.11	0.01	0.96
11406	-0.14	-0.20	-0.41	0.11	0.01	0.96
11425	-0.15	-0.21	-0.37	0.11	0.01	0.96
11444	-0.09	-0.32	-0.35	0.11	0.01	0.96
11464	-0.18	-0.21	-0.37	0.11	0.01	0.96
11483	-0.18	-0.26	-0.31	0.11	0.01	0.97
11502	-0.09	-0.29	-0.38	0.11	0.01	0.96
11520	-0.14	-0.21	-0.34	0.11	0.00	0.97
11540	0.02	-0.14	-0.26	0.11	0.01	0.97
11558	-0.08	-0.15	-0.34	0.11	0.01	0.96
11577	0.15	-0.18	-0.35	0.11	0.01	0.96
11595	0.06	-0.27	-0.35	0.11	0.01	0.97
11614	0.03	-0.15	-0.34	0.11	0.01	0.97
11632	-0.11	-0.26	-0.38	0.11	0.01	0.96
11651	-0.09	-0.29	-0.31	0.11	0.01	0.97
11672	-0.05	-0.31	-0.38	0.11	0.01	0.96
11690	-0.12	-0.15	-0.32	0.11	0.01	0.96
11709	-0.18	-0.24	-0.34	0.11	0.00	0.96
11728	-0.09	-0.29	-0.40	0.11	0.01	0.96
11747	-0.06	-0.37	-0.35	0.11	0.00	0.96
11765	-0.05	-0.23	-0.44	0.10	0.00	0.92
11785	0.52	-0.64	-0.41	0.11	-0.01	1.04
11804	1.19	-0.69	-0.53	0.11	0.02	0.95
11823	0.47	-0.79	-0.32	0.11	0.02	0.96
11841	-0.06	-0.70	-0.29	0.12	0.02	1.01
11859	-0.55	-0.32	-0.34	0.11	0.01	0.93
11879	-0.18	-0.21	-0.38	0.11	-0.01	0.98
11898	0.61	0.00	-0.44	0.11	0.00	0.96
11917	0.61	-0.21	-0.29	0.11	0.01	0.96
11935	0.24	-0.31	-0.35	0.11	0.01	0.97
11953	-0.03	-0.38	-0.23	0.11	0.01	0.95
11973	-0.18	-0.49	-0.37	0.11	0.00	0.97
11992	0.11	-0.53	-0.40	0.11	0.00	0.96
12011	0.47	-0.53	-0.49	0.11	0.01	0.97
12029	0.40	-0.37	-0.37	0.11	0.01	0.96
12047	0.03	-0.12	-0.44	0.11	0.01	0.97
12066	-0.12	-0.17	-0.37	0.11	0.01	0.96
12085	-0.11	-0.17	-0.37	0.11	0.00	0.96
12105	0.09	-0.23	-0.43	0.11	0.00	0.96
12123	0.23	-0.34	-0.37	0.11	0.01	0.97
12142	0.06	-0.47	-0.34	0.11	0.01	0.96
12160	0.06	-0.43	-0.37	0.11	0.01	0.96
12178	-0.11	-0.41	-0.40	0.11	0.01	0.97
12198	0.12	-0.32	-0.32	0.11	0.01	0.96
12216	0.03	-0.32	-0.37	0.11	0.01	0.96
12235	0.03	-0.23	-0.37	0.11	0.01	0.97
12253	-0.09	-0.31	-0.35	0.11	0.01	0.96
12272	-0.06	-0.31	-0.37	0.11	0.01	0.97
12292	-0.11	-0.21	-0.31	0.11	0.01	0.97
12310	0.00	-0.37	-0.35	0.11	0.01	0.96
12329	-0.05	-0.27	-0.34	0.11	0.01	0.97
12348	-0.27	-0.29	-0.32	0.11	0.01	0.97
12366	-0.18	-0.15	-0.23	0.11	0.01	0.96
12387	-0.40	-0.21	-0.32	0.11	0.01	0.95
12405	-0.52	-0.27	-0.24	0.12	0.01	0.99
12425	-0.44	-0.20	-0.27	0.11	0.01	0.96
12443	-0.41	-0.08	-0.31	0.11	0.01	0.98
12462	-0.35	-0.08	-0.29	0.11	0.01	0.95
12481	-0.47	0.14	-0.46	0.11	0.01	0.95
12500	-0.46	0.18	-0.29	0.11	0.01	0.97
12518	-0.31	0.00	-0.37	0.10	0.00	0.94
12536	-0.21	-0.26	-0.34	0.11	0.01	0.99
12555	-0.27	-0.49	-0.35	0.11	0.01	0.96
12573	-0.31	-0.55	-0.23	0.11	0.01	0.97
12592	-0.73	-0.55	-0.26	0.11	0.01	0.97
12610	-0.64	-0.38	-0.37	0.11	0.01	0.96
12630	-0.37	-0.17	-0.23	0.11	0.00	0.97
12648	-0.29	0.21	-0.38	0.11	0.00	0.95
12666	0.00	0.23	-0.38	0.11	0.01	0.98
12684	0.05	0.18	-0.37	0.11	0.01	0.97
12702	-0.18	0.03	-0.41	0.10	0.01	0.96
12720	-0.17	-0.14	-0.32	0.11	0.01	0.97
12739	-0.17	-0.32	-0.34	0.11	0.01	0.96
12757	-0.12	-0.44	-0.40	0.11	0.00	0.96
12775	-0.03	-0.43	-0.41	0.11	0.01	0.96
12794	-0.05	-0.32	-0.40	0.11	0.00	0.96
12812	-0.12	-0.17	-0.32	0.11	0.01	0.97
12832	-0.05	-0.17	-0.35	0.11	0.00	0.96
12850	-0.23	-0.18	-0.37	0.11	0.01	0.97
12869	-0.11	-0.24	-0.29	0.10	-0.01	0.88
12887	0.38	-0.29	-0.37	0.10	-0.02	0.87
12907	2.00	-0.53	-0.70	0.14	0.01	1.18
12925	1.21	-0.34	-0.49	0.09	0.04	0.81
12943	-0.99	-0.34	-0.15	0.12	0.03	1.03
12962	-1.34	-0.08	-0.29	0.10	-0.01	0.91
12981	-0.18	-0.06	-0.38	0.11	-0.02	1.00
12999	0.93	-0.02	-0.56	0.11	-0.02	1.01
13018	1.63	-0.08	-0.46	0.10	0.01	0.92
13037	0.75	-0.38	-0.38	0.11	0.03	0.99
13055	-0.34	-0.52	-0.34	0.11	0.02	0.95
13073	-0.49	-0.56	-0.43	0.11	-0.00	0.98
13092	0.02	-0.50	-0.47	0.11	-0.01	0.96
13111	0.81	-0.46	-0.41	0.11	-0.00	0.97
13130	1.02	-0.15	-0.38	0.11	0.02	0.97
13150	0.43	-0.14	-0.41	0.11	0.02	0.96
13168	-0.24	-0.11	-0.34	0.11	0.02	0.98
13187	-0.56	-0.08	-0.35	0.11	0.00	0.96
13207	-0.05	-0.17	-0.35	0.11	0.00	0.97
13225	0.27	-0.27	-0.43	0.11	0.01	0.96
13245	0.23	-0.27	-0.37	0.11	0.01	0.96
13263	0.11	-0.29	-0.38	0.11	0.01	0.96
13281	-0.26	-0.34	-0.35	0.11	0.01	0.96
13301	-0.31	-0.29	-0.29	0.11	0.01	0.97
13319	0.05	-0.24	-0.40	0.11	0.00	0.96
13339	0.18	-0.23	-0.31	0.11	0.01	0.97
13357	0.17	-0.23	-0.32	0.11	0.01	0.97
13376	-0.02	-0.23	-0.32	0.11	0.01	0.96
13394	-0.26	-0.26	-0.31	0.11	0.01	0.97
13414	-0.50	-0.29	-0.40	0.11	0.01	0.97
13433	-0.44	-0.27	-0.34	0.11	0.01	0.97
13452	-0.26	-0.20	-0.27	0.11	0.01	0.96
13471	-0.31	-0.12	-0.29	0.11	0.01	0.97
13490	-0.38	-0.09	-0.31	0.11	0.01	0.96
13508	-0.31	-0.26	-0.24	0.11	0.01	0.96
13528	-0.32	-0.23	-0.24	0.11	0.01	0.97
13547	-0.37	-0.31	-0.32	0.11	0.01	0.97
13566	-0.40	-0.35	-0.29	0.11	0.01	0.96
13585	-0.41	-0.35	-0.35	0.11	0.01	0.97
13603	-0.37	-0.31	-0.27	0.11	0.01	0.97
13622	-0.56	-0.21	-0.38	0.11	0.01	0.96
13641	-0.55	-0.24	-0.29	0.11	0.01	0.96
13660	-0.53	-0.23	-0.35	0.11	0.01	0.96
13679	-0.53	-0.18	-0.41	0.11	0.01	0.96
13697	-0.47	-0.29	-0.27	0.11	0.01	0.97
13716	-0.47	-0.23	-0.31	0.11	0.01	0.97
13734	-0.47	-0.24	-0.34	0.11	0.01	0.96
13753	-0.49	-0.17	-0.35	0.11	0.01	0.97
13771	-0.50	-0.15	-0.32	0.11	0.01	0.96
13790	-0.46	-0.09	-0.31	0.11	0.00	0.96
13808	-0.09	0.00	-0.29	0.11	0.01	0.97
13826	-0.05	0.05	-0.40	0.11	0.01	0.96
13844	-0.06	-0.18	-0.35	0.11	0.01	0.97
13864	-0.15	-0.21	-0.29	0.11	0.01	0.96
13882	-0.26	-0.29	-0.27	0.11	0.01	0.96
13901	-0.23	-0.34	-0.38	0.11	0.01	0.96
13920	-0.05	-0.24	-0.38	0.11	0.00	0.96
13939	0.06	-0.26	-0.40	0.11	0.01	0.96
13957	-0.05	-0.29	-0.26	0.11	0.01	0.96
13975	-0.08	-0.24	-0.35	0.11	0.01	0.97
13994	0.02	-0.24	-0.32	0.11	0.01	0.95
14012	-0.05	-0.14	-0.34	0.11	0.01	0.96
14030	0.03	-0.31	-0.35	0.11	0.01	0.98
14048	0.08	-0.29	-0.49	0.11	0.01	0.97
14067	-0.12	-0.27	-0.34	0.11	0.01	0.96
14085	-0.38	-0.17	-0.27	0.11	0.01	0.97
14104	-0.31	-0.12	-0.35	0.11	0.00	0.96
14122	-0.18	-0.12	-0.37	0.11	0.00	0.96
14141	0.17	-0.18	-0.34	0.11	0.01	0.96
14159	0.08	-0.27	-0.31	0.11	0.01	0.97
14178	-0.02	-0.37	-0.40	0.11	0.01	0.97
14196	-0.31	-0.44	-0.35	0.11	0.01	0.96
14214	-0.29	-0.41	-0.31	0.11	0.01	0.96
14235	-0.09	-0.32	-0.44	0.11	0.00	0.97
14253	-0.02	-0.20	-0.32	0.11	0.01	0.97
14272	-0.05	-0.14	-0.40	0.11	0.01	0.96
14291	-0.08	-0.05	-0.32	0.11	0.01	0.97
14310	-0.27	-0.15	-0.37	0.11	0.01	0.97
14330	-0.20	-0.14	-0.31	0.11	0.01	0.96
14349	-0.11	-0.29	-0.32	0.11	0.01	0.97
14368	0.06	-0.32	-0.31	0.11	0.01	0.97
14386	-0.06	-0.31	-0.41	0.11	0.01	0.96
14405	-0.09	-0.24	-0.37	0.11	0.01	0.97
14424	-0.09	-0.32	-0.38	0.11	0.01	0.96
14444	-0.03	-0.26	-0.35	0.11	0.01	0.96
14463	-0.05	-0.29	-0.32	0.11	0.00	0.97
14482	0.09	-0.29	-0.35	0.11	0.00	0.97
14500	0.17	-0.31	-0.43	0.11	0.01	0.96
14519	0.17	-0.32	-0.38	0.11	0.01	0.96
14537	0.27	-0.31	-0.43	0.11	0.01	0.96
14557	0.43	-0.32	-0.35	0.11	0.00	0.97
14575	0.58	-0.29	-0.47	0.11	0.01	0.98
14593	0.56	-0.35	-0.44	0.11	0.01	0.96
14612	0.27	-0.26	-0.40	0.11	0.01	0.96
14630	-0.09	-0.17	-0.34	0.11	0.01	0.96
14650	0.08	-0.20	-0.41	0.11	-0.00	0.96
14668	0.41	-0.15	-0.49	0.11	0.00	0.97
14686	0.64	-0.20	-0.44	0.11	0.01	0.96
14705	0.70	-0.27	-0.44	0.11	0.01	0.97
14723	0.49	-0.31	-0.46	0.11	0.01	0.97
14743	-0.02	-0.31	-0.40	0.11	0.01	0.96
14762	0.05	-0.26	-0.31	0.11	0.01	0.96
14780	0.11	-0.20	-0.40	0.11	0.01	0.96
14799	0.09	-0.14	-0.31	0.11	0.01	0.97
14817	0.05	-0.26	-0.40	0.11	0.01	0.97
14836	-0.18	-0.21	-0.37	0.11	0.01	0.96
14855	-0.20	-0.31	-0.31	0.11	0.01	0.97
14874	-0.18	-0.35	-0.46	0.11	0.01	0.96
14892	-0.05	-0.26	-0.37	0.11	0.01	0.97
14911	-0.05	-0.31	-0.37	0.11	0.01	0.96
14929	-0.20	-0.21	-0.32	0.11	0.01	0.96
14950	-0.14	-0.15	-0.26	0.11	0.01	0.96
14968	-0.27	-0.23	-0.32	0.11	0.01	0.97
14987	-0.12	-0.23	-0.37	0.11	0.01	0.96
15006	-0.06	-0.21	-0.37	0.11	0.01	0.97
15024	-0.02	-0.23	-0.32	0.11	0.01	0.97
15044	-0.09	-0.34	-0.38	0.11	0.01	0.97
15063	-0.15	-0.26	-0.37	0.11	0.01	0.97
15081	-0.21	-0.29	-0.32	0.11	0.01	0.96
15101	-0.15	-0.26	-0.37	0.11	0.01	0.96
15119	-0.21	-0.21	-0.40	0.11	0.01	0.97
15139	-0.12	-0.18	-0.35	0.11	0.01	0.97
15158	-0.12	-0.23	-0.38	0.11	0.01	0.96
15177	-0.15	-0.18	-0.38	0.11	0.01	0.97
15196	-0.23	-0.23	-0.27	0.11	0.01	0.96
15214	-0.23	-0.23	-0.40	0.11	0.01	0.96
15234	-0.20	-0.29	-0.32	0.11	0.01	0.96
15253	-0.05	-0.27	-0.35	0.11	0.01	0.97
15273	-0.05	-0.24	-0.32	0.11	0.01	0.97
15291	-0.12	-0.20	-0.31	0.11	0.01	0.98
15310	-0.24	-0.20	-0.40	0.11	0.01	0.96
15329	-0.41	-0.14	-0.31	0.11	0.01	0.98
15348	-0.38	-0.09	-0.31	0.11	0.01	0.96
15368	-0.18	-0.06	-0.29	0.11	0.01	0.96
15386	-0.27	0.00	-0.34	0.11	0.01	0.97
15404	-0.37	-0.14	-0.24	0.11	0.01	0.96
15424	-0.44	-0.08	-0.37	0.11	0.01	0.97
15442	-0.38	-0.15	-0.32	0.11	0.01	0.96
15462	-0.35	-0.11	-0.37	0.11	0.01	0.97
15481	-0.29	-0.11	-0.32	0.11	0.01	0.97
15499	-0.23	-0.15	-0.35	0.11	0.01	0.96
15519	-0.40	-0.23	-0.31	0.11	0.01	0.96
15537	-0.21	-0.03	-0.37	0.11	0.01	0.97
15556	-0.14	-0.09	-0.35	0.11	0.01	0.96
15575	-0.18	-0.14	-0.37	0.11	0.01	0.97
15595	-0.17	-0.27	-0.31	0.11	0.01	0.96
15613	-0.15	-0.29	-0.37	0.11	0.01	0.97
15632	-0.12	-0.31	-0.34	0.11	0.01	0.96
15651	-0.21	-0.47	-0.32	0.11	0.01	0.96
15670	-0.03	-0.35	-0.27	0.11	0.01	0.97
15690	-0.11	-0.31	-0.37	0.11	0.01	0.96
15709	-0.09	-0.18	-0.34	0.11	0.01	0.97
15727	-0.09	-0.12	-0.40	0.11	0.01	0.96
15747	-0.06	-0.24	-0.40	0.11	0.01	0.96
15766	0.00	-0.21	-0.37	0.11	0.01	0.96
15785	-0.02	-0.20	-0.37	0.11	0.01	0.97
15804	-0.05	-0.20	-0.34	0.11	0.01	0.97
15822	-0.06	-0.27	-0.35	0.11	0.01	0.96
15841	-0.15	-0.26	-0.29	0.11	0.01	0.96
15860	-0.08	-0.26	-0.44	0.11	0.01	0.96
15880	-0.06	-0.34	-0.35	0.11	0.01	0.97
15898	-0.09	-0.24	-0.34	0.11	0.01	0.96
15918	-0.08	-0.17	-0.40	0.11	0.01	0.97
15936	-0.03	-0.12	-0.47	0.11	0.01	0.96
15955	-0.03	-0.27	-0.31	0.11	0.01	0.97
15975	0.00	-0.27	-0.43	0.11	0.01	0.97
15993	-0.02	-0.27	-0.31	0.11	0.01	0.96
16012	-0.15	-0.27	-0.37	0.11	0.01	0.97
16031	-0.18	-0.29	-0.29	0.11	0.01	0.97
16049	-0.11	-0.26	-0.35	0.11	0.01	0.96
16069	-0.08	-0.24	-0.32	0.11	0.01	0.97
16088	0.05	-0.31	-0.40	0.11	0.01	0.96
16107	-0.03	-0.23	-0.35	0.11	0.01	0.98
16126	-0.06	-0.26	-0.34	0.11	0.01	0.96
16145	-0.21	-0.35	-0.37	0.11	0.01	0.97
16164	-0.09	-0.38	-0.37	0.11	0.01	0.96
16183	-0.08	-0.37	-0.32	0.11	0.00	0.97
16203	-0.11	-0.32	-0.31	0.11	0.01	0.96
16221	-0.14	-0.29	-0.29	0.11	0.01	0.97
16241	-0.06	-0.21	-0.37	0.11	0.01	0.96
16259	-0.15	-0.17	-0.34	0.11	0.01	0.96
16278	-0.08	-0.24	-0.32	0.11	0.01	0.97
16298	-0.05	-0.20	-0.37	0.11	0.00	0.96
16316	0.02	-0.26	-0.32	0.11	0.01	0.97
16335	-0.08	-0.17	-0.38	0.11	0.01	0.96
16354	-0.09	-0.18	-0.24	0.11	0.01	0.97
16372	-0.18	-0.34	-0.34	0.11	0.01	0.97
16392	-0.20	-0.35	-0.34	0.11	0.01	0.97
16411	-0.09	-0.43	-0.32	0.11	0.01	0.97
16430	-0.05	-0.29	-0.32	0.11	0.01	0.96
16449	-0.17	-0.27	-0.29	0.11	0.01	0.96
16467	-0.03	-0.26	-0.40	0.11	0.01	0.96
16488	-0.12	-0.24	-0.32	0.11	0.01	0.97
16506	-0.17	-0.17	-0.26	0.11	0.01	0.96
16526	-0.08	-0.21	-0.37	0.11	0.01	0.97
16544	-0.05	-0.26	-0.35	0.11	0.01	0.97
16563	-0.09	-0.23	-0.37	0.11	0.01	0.96
16583	-0.05	-0.24	-0.46	0.11	0.01	0.97
16601	-0.17	-0.20	-0.32	0.11	0.01	0.96
16621	-0.05	-0.29	-0.37	0.11	0.01	0.97
16639	-0.02	-0.26	-0.37	0.11	0.01	0.97
16658	-0.02	-0.20	-0.41	0.11	0.01	0.97
16677	-0.11	-0.29	-0.44	0.11	0.01	0.97
16696	-0.09	-0.27	-0.27	0.11	0.01	0.96
16716	-0.15	-0.23	-0.41	0.11	0.01	0.97
16735	-0.09	-0.27	-0.40	0.11	0.01	0.97
16754	-0.11	-0.23	-0.32	0.11	0.01	0.96
16772	-0.05	-0.24	-0.35	0.11	0.01	0.96
16791	-0.15	-0.20	-0.34	0.11	0.01	0.96
16811	0.14	-0.27	-0.34	0.11	0.01	0.99
16829	0.06	-0.17	-0.40	0.11	0.01	0.96
16848	-0.23	-0.29	-0.35	0.11	0.01	0.96
16866	-0.17	-0.26	-0.38	0.11	0.01	0.97
16885	-0.23	-0.31	-0.34	0.11	0.00	0.95
16905	0.05	-0.27	-0.38	0.11	0.01	0.97
16923	-0.05	-0.26	-0.37	0.11	0.01	0.95
16943	-0.11	-0.38	-0.35	0.11	0.01	0.96
16961	-0.09	-0.21	-0.34	0.11	0.01	0.97
16980	-0.06	-0.24	-0.38	0.11	0.01	0.96
17000	0.05	-0.15	-0.35	0.11	0.01	0.97
17018	-0.05	-0.23	-0.47	0.11	0.01	0.96
17038	0.09	-0.17	-0.37	0.11	0.01	0.97
17056	0.02	-0.24	-0.29	0.11	0.01	0.97
17074	0.00	-0.27	-0.17	0.11	0.01	0.97
17093	-0.20	-0.20	-0.31	0.11	0.01	0.96
17112	-0.17	-0.23	-0.31	0.11	0.01	0.96
17132	-0.05	-0.23	-0.40	0.11	0.01	0.97
17150	-0.15	-0.29	-0.32	0.11	0.01	0.96
17168	-0.09	-0.34	-0.37	0.11	0.01	0.96
17188	-0.20	-0.23	-0.34	0.11	0.01	0.97
17207	-0.15	-0.27	-0.35	0.11	0.01	0.96
17227	-0.17	-0.26	-0.29	0.11	0.01	0.97
17245	-0.08	-0.23	-0.38	0.11	0.01	0.96
17264	-0.08	-0.26	-0.32	0.11	0.01	0.96
17284	-0.05	-0.26	-0.43	0.11	0.01	0.96
17303	-0.08	-0.29	-0.24	0.11	0.01	0.97
17322	-0.12	-0.20	-0.37	0.11	0.00	0.96
17341	-0.09	-0.26	-0.24	0.11	0.01	0.96
17360	-0.09	-0.23	-0.38	0.11	0.01	0.96
17379	-0.09	-0.23	-0.34	0.11	0.01	0.97
17398	-0.09	-0.21	-0.31	0.11	0.01	0.96
17418	-0.09	-0.29	-0.41	0.11	0.01	0.97
17436	-0.11	-0.29	-0.37	0.11	0.01	0.97
17456	-0.09	-0.35	-0.34	0.11	0.01	0.96
17475	-0.15	-0.37	-0.29	0.11	0.01	0.97
17493	-0.02	-0.37	-0.40	0.11	0.01	0.97
17513	-0.08	-0.32	-0.35	0.11	0.01	0.96
17531	-0.06	-0.23	-0.37	0.11	0.01	0.97
17550	-0.02	-0.23	-0.44	0.11	0.01	0.97
17569	-0.15	-0.23	-0.40	0.11	0.01	0.96
17588	0.03	-0.35	-0.35	0.10	-0.00	0.93
17607	0.47	-0.43	-0.43	0.12	0.00	1.03
17625	0.43	-0.40	-0.49	0.11	0.02	0.93
17643	0.12	-0.44	-0.34	0.10	0.02	0.93
17661	-0.58	-0.35	-0.32	0.11	0.01	0.99
17680	-0.46	-0.31	-0.34	0.11	0.00	0.94
17698	0.08	-0.29	-0.37	0.11	-0.00	0.98
17717	0.55	-0.24	-0.32	0.11	0.01	0.95
17735	0.49	-0.43	-0.44	0.11	0.01	0.95
17753	0.14	-0.43	-0.38	0.11	0.01	0.97
17771	-0.14	-0.55	-0.35	0.11	0.01	0.96
17790	-0.05	-0.47	-0.38	0.11	0.00	0.97
17808	0.40	-0.44	-0.40	0.11	0.01	0.97
17827	0.47	-0.52	-0.41	0.11	0.01	0.97
17845	0.32	-0.32	-0.38	0.11	0.01	0.96
17863	-0.09	-0.17	-0.34	0.11	0.01	0.98
17882	-0.46	-0.12	-0.31	0.11	0.01	0.96
17900	-0.43	-0.05	-0.35	0.11	0.01	0.96
17918	-0.26	-0.06	-0.44	0.11	0.01	0.97
17937	-0.03	-0.09	-0.38	0.11	0.01	0.96
17956	0.03	-0.20	-0.35	0.11	0.01	0.97
17974	-0.15	-0.34	-0.37	0.11	0.01	0.96
17993	-0.12	-0.34	-0.34	0.11	0.01	0.97
18011	-0.11	-0.31	-0.29	0.11	0.01	0.96
18031	-0.09	-0.31	-0.37	0.11	0.01	0.96
18049	-0.02	-0.21	-0.46	0.11	0.01	0.97
18067	-0.03	-0.20	-0.34	0.11	0.01	0.96
18086	-0.08	-0.23	-0.38	0.11	0.01	0.97
18104	0.02	-0.23	-0.27	0.11	0.01	0.97
18122	-0.08	-0.24	-0.38	0.11	0.01	0.97
18141	-0.05	-0.27	-0.27	0.11	0.01	0.97
18160	-0.09	-0.27	-0.41	0.11	0.01	0.96
18179	-0.06	-0.27	-0.40	0.11	0.01	0.97
18197	-0.11	-0.31	-0.31	0.11	0.01	0.96
18216	-0.02	-0.23	-0.38	0.11	0.01	0.97
18237	-0.24	-0.21	-0.27	0.11	0.01	0.95
18256	-0.29	-0.27	-0.32	0.11	0.01	0.99
18275	-0.49	-0.18	-0.34	0.11	0.01	0.96
18294	-0.53	-0.14	-0.31	0.10	0.01	0.91
18312	-0.50	-0.24	-0.31	0.11	0.01	1.00
18332	-0.38	-0.05	-0.34	0.11	0.01	0.94
18351	-0.35	-0.05	-0.38	0.11	0.01	0.98
18370	-0.35	-0.03	-0.34	0.11	0.01	0.95
18389	-0.35	-0.20	-0.26	0.11	0.01	0.97
18408	-0.26	-0.18	-0.27	0.11	0.01	0.96
18427	-0.34	-0.20	-0.35	0.11	0.01	0.96
18446	-0.35	-0.29	-0.32	0.11	0.00	0.97
18466	-0.27	-0.37	-0.37	0.11	0.01	0.97
18484	-0.06	-0.23	-0.24	0.11	0.01	0.97
18504	-0.26	-0.27	-0.40	0.11	0.01	0.96
18522	-0.24	-0.11	-0.26	0.11	0.01	0.97
18541	-0.29	-0.21	-0.29	0.11	0.01	0.96
18560	-0.09	-0.15	-0.34	0.11	0.00	0.97
18580	-0.03	-0.32	-0.41	0.11	0.01	0.97
18598	-0.03	-0.29	-0.29	0.11	0.01	0.96
18617	-0.05	-0.31	-0.37	0.11	0.01	0.96
18637	-0.18	-0.29	-0.32	0.11	0.01	0.97
18656	-0.15	-0.32	-0.35	0.11	0.01	0.97
18674	-0.24	-0.24	-0.44	0.11	0.01	0.96
18694	-0.11	-0.20	-0.35	0.11	0.01	0.97
18712	-0.11	-0.20	-0.32	0.11	0.01	0.97
18732	-0.05	-0.18	-0.27	0.11	0.01	0.96
18751	-0.11	-0.31	-0.37	0.11	0.01	0.96
18770	-0.17	-0.29	-0.43	0.11	0.01	0.97
18789	0.00	-0.26	-0.32	0.11	0.00	0.97
18807	-0.14	-0.24	-0.34	0.11	0.01	0.97
18826	-0.06	-0.21	-0.32	0.11	0.01	0.97
18845	-0.08	-0.24	-0.35	0.11	0.01	0.96
18865	0.02	-0.18	-0.46	0.11	0.01	0.97
18883	-0.06	-0.34	-0.43	0.11	0.01	0.96
18902	-0.08	-0.24	-0.32	0.11	0.01	0.97
18921	-0.05	-0.32	-0.43	0.11	0.01	0.97
18940	-0.09	-0.20	-0.38	0.11	0.01	0.97
18959	-0.11	-0.32	-0.29	0.11	0.01	0.97
18978	-0.09	-0.23	-0.37	0.11	0.01	0.96
18997	-0.03	-0.23	-0.40	0.11	0.01	0.96
19016	0.00	-0.31	-0.38	0.11	0.00	0.97
19034	0.12	-0.26	-0.37	0.11	0.01	0.97
19054	0.06	-0.41	-0.40	0.11	0.01	0.97
19072	-0.03	-0.40	-0.38	0.11	0.01	0.96
19091	-0.02	-0.24	-0.43	0.11	0.00	0.97
19110	-0.02	-0.32	-0.40	0.11	0.01	0.96
19128	0.05	-0.20	-0.35	0.11	0.01	0.97
19148	0.17	-0.32	-0.32	0.11	0.01	0.96
19166	0.27	-0.34	-0.29	0.11	0.01	0.96
19185	0.15	-0.32	-0.43	0.11	0.01	0.97
19203	0.21	-0.38	-0.27	0.11	0.01	0.96
19221	0.18	-0.41	-0.38	0.11	0.01	0.96
19240	0.12	-0.40	-0.31	0.11	0.01	0.97
19259	0.02	-0.38	-0.32	0.11	0.01	0.97
19278	0.08	-0.34	-0.40	0.11	0.01	0.97
19296	-0.03	-0.35	-0.43	0.11	0.01	0.97
19314	-0.09	-0.21	-0.29	0.11	0.01	0.97
19334	0.00	-0.18	-0.47	0.11	0.01	0.97
19352	0.00	-0.14	-0.37	0.11	0.01	0.97
19371	-0.11	-0.21	-0.38	0.11	0.01	0.96
19390	-0.03	-0.24	-0.35	0.11	0.01	0.97
19408	-0.02	-0.26	-0.40	0.11	0.01	0.97
19428	-0.14	-0.27	-0.37	0.11	0.01	0.96
19446	-0.14	-0.26	-0.40	0.11	0.01	0.97
19466	-0.11	-0.23	-0.41	0.11	0.01	0.96
19485	-0.14	-0.15	-0.32	0.11	0.01	0.97
19503	-0.26	-0.20	-0.38	0.11	0.01	0.96
19523	-0.09	-0.24	-0.37	0.11	0.01	0.97
19541	-0.08	-0.26	-0.32	0.11	0.01	0.96
19561	-0.06	-0.20	-0.40	0.11	0.01	0.97
19580	-0.11	-0.34	-0.41	0.11	0.01	0.96
19599	0.05	-0.26	-0.40	0.11	0.01	0.97
19618	-0.08	-0.29	-0.32	0.11	0.01	0.96
19636	-0.11	-0.31	-0.41	0.11	0.01	0.97
19656	-0.17	-0.23	-0.35	0.11	0.01	0.96
19675	-0.08	-0.24	-0.32	0.11	0.01	0.97
19695	-0.08	-0.21	-0.34	0.11	0.01	0.97
19713	-0.09	-0.12	-0.32	0.11	0.01	0.96
19732	-0.05	-0.24	-0.41	0.11	0.01	0.97
19751	-0.15	-0.32	-0.24	0.11	0.01	0.97
19770	-0.24	-0.17	-0.37	0.11	0.01	0.96
19790	-0.23	-0.20	-0.37	0.11	0.01	0.97
19808	-0.23	-0.20	-0.40	0.11	0.01	0.96
19827	-0.21	-0.11	-0.34	0.11	0.01	0.97
19846	-0.32	-0.06	-0.32	0.11	0.01	0.97
19866	-0.27	-0.05	-0.31	0.11	0.01	0.96
19885	-0.27	-0.08	-0.29	0.11	0.01	0.97
19903	-0.29	-0.12	-0.37	0.11	0.01	0.96
19922	-0.09	-0.08	-0.32	0.11	0.01	0.97
19941	-0.23	-0.18	-0.35	0.11	0.01	0.96
19960	-0.12	-0.24	-0.21	0.11	0.01	0.96
19980	-0.11	-0.27	-0.35	0.11	0.01	0.97
19998	-0.24	-0.23	-0.35	0.11	0.01	0.96
20018	-0.14	-0.21	-0.34	0.11	0.01	0.97
20037	-0.11	-0.23	-0.40	0.11	0.01	0.96
20055	-0.09	-0.20	-0.27	0.11	0.01	0.97
20075	-0.11	-0.17	-0.40	0.11	0.01	0.97
20094	-0.15	-0.24	-0.40	0.11	0.01	0.96
20114	-0.08	-0.20	-0.37	0.11	0.01	0.96
20132	-0.06	-0.26	-0.32	0.11	0.01	0.97
20151	-0.03	-0.26	-0.37	0.11	0.01	0.96
20170	-0.09	-0.24	-0.31	0.11	0.01	0.96
20189	0.03	-0.27	-0.32	0.11	0.01	0.97
20208	-0.08	-0.23	-0.32	0.11	0.01	0.96
20226	-0.12	-0.32	-0.27	0.11	0.01	0.97
20245	-0.09	-0.26	-0.31	0.11	0.01	0.97
20265	-0.12	-0.23	-0.44	0.11	0.01	0.97
20284	-0.11	-0.26	-0.40	0.11	0.01	0.96
20303	-0.21	-0.23	-0.32	0.11	0.01	0.97
20321	-0.24	-0.21	-0.35	0.11	0.01	0.97
20340	-0.05	-0.17	-0.37	0.11	0.01	0.96
20359	-0.18	-0.17	-0.29	0.11	0.01	0.96
20378	-0.21	-0.23	-0.35	0.11	0.01	0.97
20398	-0.24	-0.08	-0.29	0.11	0.01	0.97
20417	-0.41	-0.14	-0.35	0.11	0.01	0.97
20435	-0.37	-0.17	-0.21	0.11	0.00	0.97
20454	-0.31	-0.17	-0.38	0.11	0.01	0.97
20474	-0.24	-0.17	-0.24	0.11	0.01	0.96
20493	-0.23	-0.18	-0.38	0.11	0.01	0.97
20512	-0.14	-0.20	-0.34	0.11	0.01	0.96
20530	-0.09	-0.24	-0.31	0.11	0.00	0.97
20550	-0.15	-0.29	-0.37	0.11	0.01	0.97
20568	-0.06	-0.23	-0.35	0.11	0.01	0.96
20588	-0.02	-0.21	-0.40	0.11	0.01	0.97
20607	-0.02	-0.26	-0.31	0.11	0.01	0.96
20627	-0.12	-0.21	-0.35	0.11	0.00	0.97
20645	-0.09	-0.26	-0.43	0.11	0.01	0.97
20664	-0.05	-0.26	-0.34	0.11	0.01	0.96
20683	-0.06	-0.23	-0.38	0.11	0.01	0.97
20702	-0.14	-0.21	-0.41	0.11	0.01	0.96
20721	-0.17	-0.20	-0.41	0.11	0.01	0.97
20740	-0.09	-0.24	-0.37	0.11	0.01	0.97
20758	-0.08	-0.29	-0.46	0.11	0.01	0.96
20778	-0.09	-0.40	-0.35	0.11	0.01	0.97
20797	-0.15	-0.14	-0.38	0.11	0.01	0.96
20816	-0.06	-0.37	-0.34	0.11	0.01	0.96
20835	-0.11	-0.26	-0.32	0.11	0.01	0.96
20853	-0.08	-0.24	-0.40	0.11	0.01	0.97
20873	-0.11	-0.20	-0.32	0.11	0.00	0.96
20892	-0.09	-0.29	-0.38	0.11	0.01	0.97
20911	-0.09	-0.20	-0.35	0.11	0.01	0.96
20930	-0.17	-0.31	-0.32	0.11	0.01	0.96
20949	0.00	-0.35	-0.29	0.11	0.01	0.97
20967	-0.05	-0.31	-0.34	0.11	0.01	0.97
20988	-0.09	-0.26	-0.32	0.11	0.01	0.97
21006	-0.06	-0.26	-0.29	0.11	0.01	0.96
21025	-0.08	-0.24	-0.35	0.11	0.01	0.97
21044	0.03	-0.27	-0.24	0.11	0.01	0.97
21062	-0.06	-0.24	-0.40	0.11	0.01	0.97
21081	0.02	-0.21	-0.31	0.11	0.01	0.96
21100	-0.12	-0.32	-0.37	0.11	0.01	0.97
21119	-0.08	-0.23	-0.31	0.11	0.01	0.97
21138	-0.18	-0.29	-0.38	0.11	0.00	0.97
21156	0.00	-0.27	-0.35	0.11	0.01	0.96
21175	-0.09	-0.18	-0.32	0.11	0.01	0.97
21195	-0.06	-0.20	-0.38	0.11	0.01	0.96
21213	-0.09	-0.27	-0.32	0.11	0.01	0.97
21233	-0.14	-0.26	-0.35	0.11	0.01	0.96
21251	-0.05	-0.17	-0.40	0.11	0.01	0.97
21271	-0.05	-0.20	-0.35	0.11	0.00	0.96
21289	-0.12	-0.24	-0.34	0.11	0.01	0.96
21308	-0.08	-0.21	-0.32	0.11	0.01	0.96
21328	-0.21	-0.20	-0.41	0.11	0.01	0.96
21346	-0.18	-0.24	-0.29	0.11	0.01	0.96
21366	-0.18	-0.29	-0.31	0.11	0.01	0.97
21384	-0.02	-0.23	-0.34	0.11	0.01	0.96
21404	-0.09	-0.29	-0.27	0.11	0.01	0.97
21423	-0.15	-0.32	-0.32	0.11	0.01	0.96
21441	-0.17	-0.27	-0.41	0.11	0.01	0.97
21461	-0.12	-0.26	-0.35	0.11	0.00	0.96
21480	-0.08	-0.29	-0.35	0.11	0.00	0.96
21499	-0.08	-0.31	-0.35	0.11	0.01	0.97
21518	-0.05	-0.21	-0.40	0.11	0.01	0.96
21536	-0.03	-0.27	-0.29	0.11	0.01	0.96
21556	-0.20	-0.20	-0.38	0.11	0.01	0.97
21574	-0.12	-0.27	-0.40	0.11	0.01	0.96
21594	-0.08	-0.26	-0.37	0.11	0.01	0.96
21613	-0.14	-0.24	-0.31	0.11	0.01	0.96
21633	-0.03	-0.31	-0.35	0.11	0.01	0.97
21651	-0.15	-0.21	-0.34	0.11	0.01	0.96
21670	-0.09	-0.24	-0.37	0.11	0.01	0.96
21689	-0.08	-0.20	-0.35	0.11	0.01	0.97
21708	-0.08	-0.23	-0.41	0.11	0.01	0.96
21728	-0.03	-0.17	-0.37	0.11	0.01	0.96
21746	-0.05	-0.29	-0.37	0.11	0.01	0.96
21766	-0.05	-0.24	-0.29	0.11	0.01	0.97
21785	-0.11	-0.29	-0.31	0.11	0.01	0.96
21803	-0.11	-0.23	-0.41	0.11	0.01	0.97
21823	-0.06	-0.20	-0.34	0.11	0.01	0.96
21842	-0.11	-0.21	-0.37	0.11	0.01	0.97
21861	-0.18	-0.15	-0.26	0.11	0.01	0.96
21880	-0.09	-0.24	-0.38	0.11	0.01	0.96
21898	-0.03	-0.24	-0.44	0.11	0.01	0.96
21919	-0.12	-0.18	-0.31	0.11	0.01	0.97
21937	-0.17	-0.29	-0.31	0.11	0.01	0.96
21956	-0.23	-0.14	-0.40	0.11	0.01	0.96
21975	0.02	-0.24	-0.31	0.11	0.01	0.97
21993	0.02	-0.23	-0.35	0.11	0.01	0.96
22013	-0.14	-0.20	-0.29	0.11	0.01	0.96
22031	-0.11	-0.18	-0.35	0.11	0.01	0.96
22051	0.03	-0.23	-0.34	0.11	0.01	0.96
22069	-0.09	-0.20	-0.34	0.11	0.01	0.97
22088	-0.06	-0.18	-0.26	0.11	0.01	0.96
22107	-0.06	-0.31	-0.37	0.11	0.01	0.97
22126	-0.02	-0.26	-0.34	0.11	0.01	0.97
22145	-0.08	-0.29	-0.44	0.11	0.01	0.96
22164	-0.06	-0.26	-0.35	0.11	0.01	0.96
22182	-0.14	-0.29	-0.43	0.11	0.01	0.96
22202	-0.11	-0.32	-0.32	0.11	0.01	0.96
22221	-0.12	-0.27	-0.35	0.11	0.01	0.97
22239	-0.08	-0.24	-0.38	0.11	0.01	0.96
22259	-0.14	-0.24	-0.29	0.11	0.01	0.97
22277	-0.12	-0.23	-0.31	0.11	0.01	0.97
22297	0.00	-0.26	-0.38	0.11	0.00	0.96
22315	-0.09	-0.31	-0.27	0.11	0.01	0.97
22335	-0.09	-0.27	-0.35	0.11	0.00	0.96
22353	-0.14	-0.18	-0.34	0.11	0.00	0.96
22372	0.11	-0.20	-0.37	0.11	0.00	0.97
22391	0.17	-0.43	-0.40	0.11	0.01	0.97
22409	0.21	-0.35	-0.40	0.11	0.01	0.96
22428	0.27	-0.56	-0.41	0.11	0.01	0.96
22446	0.43	-0.66	-0.35	0.11	0.00	0.97
22465	0.38	-0.44	-0.41	0.11	0.01	0.96
22484	0.31	-0.49	-0.37	0.11	0.01	0.97
22502	0.24	-0.41	-0.34	0.11	0.01	0.95
22521	0.27	-0.43	-0.44	0.11	0.00	0.95
22539	0.40	-0.44	-0.38	0.11	0.00	1.00
22557	0.37	-0.50	-0.53	0.11	0.02	0.96
22577	-0.06	-0.41	-0.32	0.11	0.02	0.96
22595	-0.50	-0.31	-0.31	0.11	0.01	0.97
22615	-0.41	-0.17	-0.37	0.11	0.00	0.96
22634	-0.27	-0.14	-0.31	0.11	0.00	0.97
22652	-0.03	-0.09	-0.46	0.11	0.00	0.96
22672	0.08	-0.09	-0.40	0.11	0.01	0.97
22690	-0.27	-0.12	-0.41	0.11	0.01	0.96
22709	-0.32	-0.27	-0.32	0.11	0.01	0.97
22729	-0.29	-0.34	-0.32	0.11	0.00	0.97
22747	-0.24	-0.27	-0.32	0.11	0.01	0.96
22767	-0.03	-0.27	-0.29	0.11	0.01	0.97
22785	-0.09	-0.20	-0.24	0.11	0.01	0.97
22804	-0.29	-0.14	-0.38	0.11	0.01	0.97
22823	-0.18	-0.02	-0.29	0.11	0.01	0.97
22842	-0.21	-0.09	-0.32	0.11	0.01	0.96
22862	-0.15	-0.17	-0.34	0.11	0.01	0.97
22880	-0.09	-0.20	-0.29	0.11	0.00	0.97
22900	0.02	-0.26	-0.38	0.11	0.01	0.96
22918	0.05	-0.34	-0.37	0.11	0.01	0.97
22937	-0.08	-0.31	-0.27	0.11	0.01	0.97
22956	-0.18	-0.37	-0.29	0.11	0.01	0.96
22975	-0.12	-0.21	-0.32	0.11	0.00	0.97
22994	0.03	-0.20	-0.40	0.11	0.01	0.97
23013	0.03	-0.14	-0.35	0.11	0.01	0.96
23031	0.09	-0.15	-0.40	0.11	0.01	0.97
23050	-0.20	-0.21	-0.41	0.11	0.01	0.96
23068	-0.24	-0.27	-0.34	0.11	0.01	0.97
23088	-0.02	-0.27	-0.35	0.11	0.01	0.97
23106	-0.06	-0.34	-0.43	0.11	0.01	0.96
23125	-0.02	-0.23	-0.37	0.11	0.01	0.97
23145	0.02	-0.32	-0.34	0.11	0.01	0.96
23163	-0.03	-0.21	-0.34	0.11	0.01	0.97
23182	-0.12	-0.26	-0.35	0.11	0.01	0.96
23201	-0.12	-0.18	-0.31	0.11	0.01	0.96
23219	-0.03	-0.34	-0.40	0.11	0.01	0.97
23239	0.00	-0.24	-0.35	0.11	0.01	0.96
23257	-0.08	-0.32	-0.31	0.11	0.01	0.97
23277	-0.05	-0.34	-0.38	0.11	0.01	0.97
23295	-0.05	-0.20	-0.37	0.11	0.01	0.97
23314	-0.06	-0.29	-0.37	0.11	0.01	0.96
23333	-0.14	-0.20	-0.40	0.11	0.01	0.97
23352	-0.14	-0.26	-0.35	0.11	0.01	0.96
23372	-0.02	-0.15	-0.35	0.11	0.01	0.97
23390	0.00	-0.24	-0.38	0.11	0.01	0.96
23409	-0.15	-0.23	-0.35	0.11	0.01	0.96
23428	-0.14	-0.21	-0.40	0.11	0.00	0.97
23447	0.17	-0.14	-0.35	0.13	-0.00	0.97
23467	0.67	0.93	-0.72	0.12	0.01	0.96
23485	0.41	1.48	-0.66	0.11	0.02	0.97
23503	-0.24	1.42	-0.46	0.10	0.01	0.96
23521	-0.44	0.84	-0.38	0.09	0.01	0.97
23540	-0.40	-0.06	-0.34	0.09	0.01	0.97
23560	-0.24	-1.33	-0.24	0.09	0.01	0.96
23578	-0.18	-1.77	-0.17	0.10	0.01	0.96
23598	-0.12	-2.26	-0.20	0.11	0.01	0.97
23616	0.02	-1.79	-0.49	0.13	0.01	0.96
23635	0.12	-0.37	-0.50	0.13	0.00	0.96
23654	0.15	1.05	-0.44	0.12	0.01	0.97
23672	0.08	1.60	-0.31	0.11	0.01	0.97
23691	-0.27	1.59	-0.20	0.09	0.01	0.97
23709	-0.43	0.67	-0.37	0.09	0.01	0.97
23728	-0.27	-0.63	-0.32	0.09	0.00	0.96
23746	-0.18	-1.74	-0.27	0.10	0.00	0.97
23765	0.08	-2.50	-0.27	0.11	0.01	0.97
23784	-0.09	-2.26	-0.23	0.12	0.01	0.96
23803	-0.14	-1.91	-0.27	0.12	0.01	0.96
23822	-0.18	-0.92	-0.23	0.12	0.01	0.96
23841	-0.29	0.12	-0.24	0.12	0.01	0.96
23859	-0.31	0.63	-0.26	0.11	0.01	0.97
23878	-0.05	0.60	-0.27	0.10	0.01	0.97
23896	-0.09	0.11	-0.41	0.10	0.01	0.97
23914	-0.15	-0.11	-0.43	0.11	0.01	0.97
23933	-0.14	-0.52	-0.46	0.11	0.01	0.97
23952	-0.08	-0.73	-0.27	0.11	0.01	0.97
23972	-0.17	-0.58	-0.35	0.11	0.01	0.97
23991	-0.08	-0.52	-0.34	0.11	0.01	0.96
24009	-0.06	-0.24	-0.40	0.11	0.01	0.97
24029	-0.18	-0.03	-0.46	0.11	0.01	0.96
24047	-0.23	0.02	-0.35	0.11	0.01	0.97
24066	-0.15	0.06	-0.34	0.11	0.01	0.97
24085	-0.11	-0.06	-0.35	0.11	0.01	0.97
24103	-0.17	-0.14	-0.34	0.11	0.01	0.97
24123	-0.08	-0.17	-0.32	0.11	0.01	0.96
24141	-0.14	-0.23	-0.38	0.11	0.01	0.96
24162	-0.09	-0.17	-0.34	0.11	0.01	0.96
24180	-0.09	-0.06	-0.46	0.11	0.01	0.97
24199	-0.11	0.02	-0.41	0.11	0.01	0.96
24218	-0.08	0.03	-0.31	0.11	0.01	0.97
24236	0.03	-0.31	-0.38	0.10	0.01	0.97
24255	-0.20	-0.49	-0.40	0.11	0.01	0.97
24274	-0.02	-0.55	-0.40	0.11	0.01	0.96
24293	-0.05	-0.47	-0.32	0.11	0.01	0.97
24312	-0.03	-0.41	-0.37	0.11	0.01	0.96
24331	-0.02	-0.31	-0.40	0.11	0.00	0.96
24350	0.15	-0.24	-0.38	0.11	-0.00	0.97
24369	0.44	-0.58	-0.43	0.10	0.01	0.96
24387	0.20	-0.89	-0.46	0.11	0.01	0.97
24406	-0.21	-0.98	-0.34	0.11	0.01	0.97
24425	-0.24	-1.13	-0.34	0.11	0.01	0.96
24445	-0.05	-1.02	-0.47	0.11	0.00	0.97
24463	0.09	-1.07	-0.49	0.11	0.01	0.96
24482	0.35	-1.17	-0.49	0.11	0.01	0.97
24501	0.02	-1.36	-0.35	0.11	0.01	0.97
24519	-0.27	-1.33	-0.29	0.12	0.01	0.96
24539	-0.38	-0.90	-0.38	0.12	0.01	0.97
24557	-0.24	-0.17	-0.34	0.12	0.01	0.96
24576	-0.02	-0.03	-0.32	0.11	0.01	0.97
24596	-0.12	-0.43	-0.46	0.10	0.01	0.97
24614	-0.27	-0.61	-0.41	0.11	0.01	0.97
24634	-0.23	-0.95	-0.23	0.11	0.01	0.97
24652	-0.06	-1.40	-0.47	0.10	0.00	0.97
24671	0.18	-2.15	-0.44	0.10	0.01	0.97
24690	0.31	-2.78	-0.24	0.11	0.00	0.97
24708	0.31	-2.53	-0.44	0.12	0.01	0.96
24727	0.47	-2.29	-0.52	0.13	0.02	0.96
45556	-0.02	2.18	-0.47	0.12	0.01	0.97
45576	-0.15	2.40	-0.52	0.10	0.01	0.96
45594	-0.06	1.66	-0.41	0.09	0.01	0.97
45613	-0.26	0.53	-0.37	0.09	0.01	0.97
45631	-0.31	-0.09	-0.35	0.09	0.00	0.97
45650	-0.21	-1.11	-0.35	0.10	0.00	0.97
45670	0.00	-1.85	-0.32	0.11	0.01	0.96
45688	-0.05	-1.94	-0.23	0.12	0.01	0.97
45707	0.11	-1.53	-0.35	0.12	0.01	0.96
45725	-0.08	-0.73	-0.35	0.13	0.01	0.97
45744	-0.09	0.02	-0.35	0.12	0.01	0.96
45763	-0.15	0.44	-0.35	0.12	0.01	0.96
45781	-0.09	0.87	-0.44	0.11	0.01	0.96
45800	-0.15	0.84	-0.38	0.11	0.01	0.96
45818	-0.05	0.58	-0.37	0.10	0.01	0.97
45836	-0.12	0.05	-0.38	0.10	0.01	0.97
45856	-0.08	-0.50	-0.34	0.10	0.01	0.96
45875	-0.21	-0.69	-0.32	0.11	0.01	0.97
45895	-0.09	-0.92	-0.37	0.11	0.01	0.96
45913	-0.18	-0.89	-0.38	0.11	0.01	0.97
45933	-0.09	-0.58	-0.32	0.11	0.01	0.96
45951	-0.23	-0.24	-0.40	0.12	0.01	0.96
45970	-0.18	0.18	-0.31	0.11	0.01	0.96
45990	-0.09	0.35	-0.35	0.11	0.01	0.97
46008	-0.12	0.35	-0.35	0.11	0.01	0.96
46027	-0.17	0.32	-0.29	0.11	0.01	0.97
46045	-0.35	0.05	-0.34	0.11	0.01	0.97
46063	-0.05	-0.17	-0.37	0.11	0.01	0.97
46083	-0.18	-0.43	-0.38	0.11	0.01	0.96
46101	-0.12	-0.41	-0.31	0.11	0.01	0.97
46121	-0.23	-0.40	-0.40	0.11	0.01	0.96
46139	-0.31	-0.37	-0.41	0.11	0.01	0.96
46158	-0.09	-0.15	-0.34	0.11	0.01	0.96
46176	-0.21	0.02	-0.47	0.11	0.01	0.97
46194	-0.05	0.00	-0.35	0.11	0.01	0.97
46213	-0.05	-0.02	-0.38	0.11	0.01	0.97
46231	-0.02	-0.15	-0.31	0.11	0.01	0.97
46250	-0.03	-0.31	-0.38	0.11	0.01	0.96
46268	-0.05	-0.40	-0.27	0.11	0.01	0.96
46289	0.03	-0.53	-0.37	0.11	0.01	0.97
46307	0.15	-0.75	-0.38	0.11	0.01	0.96
46325	0.14	-0.69	-0.35	0.11	0.01	0.97
46344	0.02	-0.64	-0.40	0.11	0.01	0.97
46362	0.08	-0.58	-0.34	0.11	0.01	0.97
46381	0.12	-0.50	-0.32	0.11	0.01	0.96
46400	0.20	-0.50	-0.38	0.11	0.00	0.96
46419	0.20	-0.44	-0.37	0.11	0.01	0.96
46437	0.17	-0.58	-0.38	0.11	0.01	0.97
46455	0.15	-0.67	-0.24	0.11	0.01	0.97
46474	0.06	-0.64	-0.32	0.11	0.01	0.96
46493	0.00	-0.64	-0.34	0.11	0.01	0.96
46511	-0.12	-0.40	-0.31	0.11	0.01	0.97
46531	-0.09	-0.34	-0.41	0.11	0.01	0.97
46549	0.00	-0.12	-0.40	0.11	0.01	0.96
46568	0.02	-0.21	-0.29	0.11	0.01	0.97
46587	0.00	-0.20	-0.38	0.11	0.01	0.96
46607	-0.12	-0.05	-0.40	0.11	0.01	0.96
46625	-0.14	-0.20	-0.32	0.11	0.01	0.97
46644	-0.12	-0.24	-0.38	0.11	0.01	0.96
46663	-0.09	-0.34	-0.31	0.11	0.01	0.96
46682	-0.08	-0.41	-0.34	0.11	0.01	0.96
46702	-0.03	-0.41	-0.43	0.11	0.01	0.97
46720	-0.03	-0.34	-0.34	0.11	0.01	0.97
46738	-0.06	-0.29	-0.37	0.11	0.01	0.97
46758	0.08	-0.23	-0.35	0.11	0.01	0.97
46776	-0.08	-0.17	-0.38	0.11	0.01	0.97
46796	-0.03	-0.20	-0.34	0.11	0.01	0.97
46815	-0.03	-0.26	-0.41	0.11	0.01	0.97
46833	-0.03	-0.24	-0.34	0.11	0.01	0.97
46853	0.00	-0.32	-0.32	0.11	0.01	0.97
46871	-0.02	-0.35	-0.38	0.11	0.01	0.96
46889	-0.06	-0.40	-0.32	0.11	0.01	0.96
46909	-0.03	-0.34	-0.29	0.11	0.01	0.97
46928	0.02	-0.27	-0.44	0.11	0.01	0.97
46947	-0.18	-0.20	-0.41	0.11	0.01	0.97
46966	-0.29	-0.17	-0.38	0.11	0.01	0.96
46984	-0.12	-0.09	-0.27	0.11	0.01	0.96
47005	-0.31	-0.05	-0.32	0.11	0.01	0.97
47023	-0.21	0.11	-0.37	0.11	0.01	0.97
47042	-0.35	0.11	-0.35	0.11	0.01	0.96
47060	-0.37	0.32	-0.35	0.11	0.01	0.95
47078	-0.67	0.55	-0.34	0.12	0.01	0.98
47097	-1.13	0.92	-0.34	0.11	0.01	0.98
47116	-0.72	1.05	-0.29	0.10	-0.00	0.95
47135	-0.15	0.70	-0.34	0.10	-0.00	0.97
47154	0.12	0.60	-0.37	0.10	0.00	0.96
47172	0.09	0.17	-0.24	0.11	0.01	0.97
47190	-0.38	-0.05	-0.38	0.11	0.01	0.96
47209	-0.93	-0.11	-0.32	0.11	0.01	0.96
47228	-1.04	0.24	-0.31	0.11	0.00	0.97
47246	-0.95	0.49	-0.26	0.11	-0.00	0.96
47266	-0.52	0.75	-0.38	0.11	-0.00	0.96
47285	-0.09	0.79	-0.32	0.11	0.00	0.97
47303	0.03	0.63	-0.31	0.10	0.01	0.97
47322	-0.06	0.23	-0.37	0.10	0.01	0.97
47340	-0.18	-0.21	-0.31	0.10	0.01	0.97
47359	-0.15	-0.66	-0.35	0.10	0.00	0.97
47378	-0.06	-0.75	-0.31	0.10	0.00	0.96
47396	-0.08	-0.85	-0.34	0.11	0.00	0.96
47417	0.05	-0.93	-0.40	0.11	0.00	0.97
47435	0.06	-0.56	-0.40	0.11	0.01	0.96
47454	-0.03	-0.26	-0.35	0.11	0.01	0.96
47473	-0.21	-0.03	-0.27	0.11	0.01	0.96
47491	-0.14	0.06	-0.37	0.11	0.00	0.97
47511	-0.14	0.17	-0.43	0.11	0.01	0.96
47529	-0.15	0.17	-0.34	0.10	0.00	0.97
47548	-0.12	0.05	-0.35	0.10	0.01	0.97
47566	-0.20	-0.15	-0.34	0.11	0.01	0.96
47584	-0.20	-0.27	-0.40	0.11	0.00	0.97
47603	-0.31	-0.34	-0.31	0.11	0.01	0.96
47622	-0.27	-0.32	-0.26	0.11	0.00	0.96
47640	-0.26	-0.17	-0.37	0.11	0.00	0.97
47660	-0.12	-0.05	-0.32	0.11	0.00	0.97
47678	-0.11	0.00	-0.31	0.11	0.00	0.97
47696	0.00	-0.06	-0.35	0.11	0.00	0.97
47716	-0.08	-0.15	-0.38	0.11	0.01	0.97
47735	0.09	-0.32	-0.38	0.10	0.01	0.96
47753	-0.05	-0.56	-0.38	0.10	0.01	0.96
47772	-0.06	-0.61	-0.40	0.11	0.00	0.96
47790	-0.15	-0.56	-0.37	0.11	0.01	0.97
47810	-0.09	-0.44	-0.38	0.11	0.00	0.96
47829	-0.12	-0.27	-0.31	0.11	0.01	0.96
47848	-0.09	0.00	-0.35	0.11	0.01	0.96
47867	-0.20	0.20	-0.40	0.11	0.01	0.97
47885	-0.14	0.20	-0.32	0.11	0.01	0.97
47904	-0.09	0.18	-0.34	0.11	0.00	0.96
47923	-0.15	-0.12	-0.35	0.10	0.00	0.97
47941	-0.08	-0.29	-0.29	0.11	0.00	0.97
47961	0.02	-0.47	-0.35	0.11	0.00	0.97
47979	-0.05	-0.56	-0.38	0.11	0.00	0.97
47998	0.02	-0.56	-0.32	0.11	0.00	0.96
48016	0.12	-0.61	-0.24	0.10	0.00	0.95
48035	0.23	-0.73	-0.35	0.11	0.00	0.99
48054	0.55	-1.04	-0.35	0.10	0.00	0.97
48072	0.46	-1.36	-0.34	0.11	0.01	0.96
48091	0.06	-1.43	-0.35	0.11	0.01	0.96
48109	-0.14	-1.40	-0.31	0.11	0.01	0.96
48129	0.05	-1.31	-0.40	0.11	0.00	0.97
48147	0.34	-1.10	-0.46	0.11	-0.00	0.96
48166	0.50	-1.04	-0.40	0.11	0.00	0.97
48185	0.53	-1.08	-0.46	0.11	0.01	0.97
48203	0.37	-1.13	-0.32	0.11	0.01	0.96
48222	0.12	-1.05	-0.35	0.11	0.01	0.96
48241	-0.11	-0.92	-0.37	0.11	0.01	0.97
48261	0.08	-0.87	-0.37	0.11	0.00	0.96
48279	0.12	-0.52	-0.34	0.11	0.01	0.96
48297	0.17	-0.43	-0.43	0.12	0.01	0.97
48316	0.08	-0.26	-0.50	0.11	0.01	0.96
48334	-0.03	-0.15	-0.37	0.11	0.01	0.96
48354	-0.20	-0.11	-0.35	0.11	0.01	0.97
48372	-0.20	-0.11	-0.40	0.11	0.00	0.96
48391	0.00	-0.20	-0.40	0.11	0.00	0.96
48410	0.00	-0.29	-0.32	0.11	0.01	0.96
48428	-0.15	-0.35	-0.34	0.11	0.01	0.96
48447	-0.31	-0.21	-0.26	0.11	0.01	0.97
48466	-0.34	-0.21	-0.31	0.12	0.01	0.97
48484	-0.52	0.05	-0.29	0.12	0.01	0.96
48503	-0.58	0.32	-0.35	0.11	0.00	0.97
48521	-0.31	0.43	-0.29	0.11	0.00	0.96
48541	-0.08	0.44	-0.41	0.11	0.00	0.96
48559	-0.03	0.21	-0.37	0.11	0.01	0.96
48577	-0.21	0.09	-0.29	0.11	0.01	0.96
48596	-0.23	-0.03	-0.29	0.11	0.01	0.97
48615	-0.37	-0.20	-0.32	0.11	0.01	0.97
48635	-0.35	-0.27	-0.35	0.11	0.00	0.96
48653	-0.23	-0.18	-0.38	0.11	0.00	0.96
48673	-0.17	0.00	-0.32	0.11	0.01	0.97
48691	-0.20	0.17	-0.32	0.11	0.01	0.96
48709	-0.23	0.17	-0.38	0.11	0.01	0.96
48728	-0.17	0.18	-0.34	0.11	0.01	0.96
48747	-0.31	0.11	-0.29	0.11	0.01	0.97
48766	-0.24	0.11	-0.32	0.11	0.01	0.96
48784	-0.18	-0.03	-0.37	0.11	0.00	0.97
48803	-0.14	-0.12	-0.32	0.11	0.01	0.96
48822	-0.05	-0.17	-0.20	0.11	0.01	0.96
48841	-0.11	-0.29	-0.46	0.11	0.01	0.97
48860	-0.06	-0.23	-0.41	0.11	0.01	0.97
48879	-0.26	-0.23	-0.31	0.11	0.01	0.97
48898	-0.12	-0.06	-0.31	0.11	0.01	0.97
48917	-0.18	-0.14	-0.37	0.11	0.00	0.97
48936	-0.17	-0.02	-0.43	0.11	0.01	0.97
48956	-0.05	-0.14	-0.26	0.11	0.00	0.97
48974	-0.08	-0.12	-0.35	0.11	0.01	0.96
48994	-0.14	-0.23	-0.34	0.11	0.00	0.97
49012	-0.12	-0.34	-0.38	0.11	0.01	0.96
49031	-0.12	-0.32	-0.34	0.11	0.01	0.96
49051	-0.08	-0.32	-0.35	0.11	0.01	0.96
49069	-0.20	-0.35	-0.53	0.11	0.01	0.96
49089	-0.03	-0.29	-0.32	0.11	0.01	0.96
49108	-0.14	-0.24	-0.41	0.11	0.01	0.97
49126	-0.09	-0.23	-0.32	0.11	0.00	0.96
49145	-0.12	-0.24	-0.26	0.11	0.01	0.96
49164	-0.11	-0.31	-0.34	0.11	0.01	0.96
49184	-0.12	-0.29	-0.34	0.11	0.00	0.96
49202	-0.05	-0.23	-0.38	0.11	0.00	0.97
49222	-0.12	-0.43	-0.29	0.11	0.01	0.96
49241	-0.11	-0.35	-0.37	0.11	0.00	0.97
49260	-0.09	-0.38	-0.41	0.11	0.01	0.96
49279	-0.11	-0.37	-0.32	0.11	0.00	0.97
49298	0.02	-0.31	-0.41	0.11	0.00	0.96
49316	0.03	-0.26	-0.41	0.11	0.00	0.96
49334	-0.06	-0.23	-0.35	0.11	0.01	0.97
49353	0.02	-0.26	-0.35	0.11	0.01	0.96
49373	-0.12	-0.18	-0.34	0.11	0.00	0.96
49391	-0.08	-0.20	-0.35	0.11	0.00	0.96
49411	-0.18	-0.12	-0.29	0.11	0.01	0.97
49429	-0.03	-0.18	-0.38	0.11	0.01	0.97
49449	-0.11	-0.18	-0.27	0.11	0.01	0.97
49468	-0.15	-0.21	-0.27	0.11	0.00	0.97
49487	0.02	-0.21	-0.26	0.11	0.01	0.96
49506	0.05	-0.21	-0.35	0.11	0.01	0.97
49524	0.00	-0.26	-0.41	0.11	0.00	0.96
49543	-0.05	-0.24	-0.38	0.11	0.00	0.97
49562	-0.15	-0.27	-0.34	0.11	0.00	0.96
49581	-0.17	-0.29	-0.37	0.11	0.01	0.96
49600	-0.09	-0.23	-0.35	0.11	0.01	0.96
49619	-0.12	-0.20	-0.37	0.11	0.00	0.96
49639	-0.11	-0.23	-0.37	0.11	0.01	0.96
49657	-0.18	-0.23	-0.37	0.11	0.01	0.96
49677	-0.11	-0.26	-0.38	0.11	0.01	0.97
49696	-0.15	-0.23	-0.32	0.11	0.01	0.96
49714	-0.11	-0.26	-0.32	0.11	0.01	0.96
49733	-0.14	-0.20	-0.37	0.11	0.00	0.97
49752	-0.12	-0.23	-0.34	0.11	0.00	0.96
49771	-0.17	-0.21	-0.49	0.11	0.01	0.97
49791	-0.03	-0.15	-0.32	0.11	0.01	0.97
49809	-0.08	-0.15	-0.38	0.11	0.01	0.97
49828	-0.17	-0.23	-0.27	0.11	0.01	0.97
49847	-0.12	-0.24	-0.37	0.11	0.01	0.96
49866	-0.03	-0.29	-0.23	0.11	0.01	0.96
49886	-0.08	-0.20	-0.34	0.11	0.01	0.97
49904	-0.12	-0.34	-0.40	0.11	0.00	0.97
49923	-0.18	-0.18	-0.37	0.11	0.00	0.97
49942	-0.08	-0.23	-0.35	0.11	0.01	0.96
49961	-0.03	-0.21	-0.29	0.11	0.00	0.96
49981	-0.12	-0.31	-0.38	0.11	0.01	0.97
49999	-0.12	-0.18	-0.31	0.11	0.00	0.96
50018	-0.15	-0.18	-0.35	0.11	0.00	0.97
50037	-0.08	-0.26	-0.27	0.11	0.01	0.97
50055	-0.06	-0.20	-0.24	0.11	0.01	0.96
50076	-0.21	-0.24	-0.34	0.11	0.01	0.97
50094	-0.06	-0.31	-0.29	0.11	0.01	0.96
50114	-0.02	-0.23	-0.31	0.11	0.01	0.97
50132	-0.08	-0.21	-0.38	0.11	0.01	0.97
50151	-0.03	-0.27	-0.37	0.11	0.01	0.97
50170	-0.09	-0.34	-0.38	0.11	0.00	0.97
50189	-0.11	-0.23	-0.35	0.11	0.01	0.96
50207	-0.05	-0.29	-0.27	0.11	0.00	0.97
50226	-0.06	-0.23	-0.35	0.11	0.01	0.97
50244	-0.03	-0.21	-0.35	0.11	0.01	0.96
50263	-0.15	-0.24	-0.43	0.11	0.00	0.97
50281	-0.17	-0.20	-0.34	0.11	0.00	0.97
50299	-0.08	-0.29	-0.38	0.11	0.01	0.97
50319	-0.12	-0.23	-0.40	0.11	0.01	0.97
50337	-0.14	-0.18	-0.37	0.11	0.01	0.96
50356	-0.06	-0.23	-0.34	0.11	0.01	0.96
50374	0.03	-0.27	-0.38	0.11	0.01	0.96
50394	-0.12	-0.20	-0.29	0.11	0.00	0.97
50413	-0.12	-0.17	-0.35	0.11	0.00	0.97
50432	0.02	-0.32	-0.37	0.11	0.01	0.96
50451	-0.09	-0.27	-0.31	0.11	0.01	0.96
50469	-0.06	-0.23	-0.35	0.11	0.01	0.97
50489	-0.09	-0.24	-0.38	0.11	0.01	0.97
50507	-0.15	-0.29	-0.34	0.11	0.01	0.97
50526	-0.11	-0.26	-0.29	0.11	0.00	0.96
50545	-0.12	-0.15	-0.37	0.11	0.01	0.96
50563	-0.06	-0.24	-0.32	0.11	0.00	0.96
50583	-0.15	-0.23	-0.35	0.11	0.00	0.96
50602	-0.12	-0.27	-0.32	0.11	0.01	0.97
50620	-0.06	-0.27	-0.31	0.11	0.01	0.96
50640	-0.21	-0.31	-0.31	0.11	0.01	0.97
50658	-0.08	-0.27	-0.40	0.11	0.01	0.97
50678	-0.06	-0.21	-0.40	0.11	0.01	0.96
50697	-0.03	-0.21	-0.35	0.11	0.00	0.97
50715	-0.09	-0.23	-0.40	0.11	0.01	0.97
50735	-0.20	-0.24	-0.35	0.11	0.00	0.97
50754	-0.11	-0.23	-0.37	0.11	0.01	0.96
50772	-0.15	-0.23	-0.38	0.11	0.00	0.96
50792	-0.18	-0.27	-0.41	0.11	0.01	0.97
50810	-0.12	-0.21	-0.40	0.11	0.01	0.96
50830	-0.11	-0.27	-0.34	0.11	0.01	0.97
50848	-0.20	-0.24	-0.40	0.11	0.00	0.96
50867	-0.02	-0.23	-0.32	0.11	0.00	0.97
50887	-0.06	-0.21	-0.35	0.11	0.00	0.96
50906	-0.02	-0.20	-0.44	0.11	0.01	0.96
50925	-0.12	-0.24	-0.37	0.11	0.00	0.96
50944	-0.03	-0.14	-0.32	0.11	0.01	0.97
50963	-0.12	-0.26	-0.44	0.11	0.01	0.96
50982	-0.17	-0.21	-0.44	0.11	0.01	0.97
51001	-0.09	-0.23	-0.27	0.11	0.01	0.96
51020	-0.08	-0.18	-0.38	0.11	0.00	0.97
51039	0.00	-0.23	-0.32	0.11	0.01	0.97
51058	-0.18	-0.14	-0.34	0.11	0.01	0.96
51076	-0.03	-0.27	-0.31	0.11	0.01	0.97
51095	-0.06	-0.21	-0.34	0.11	0.01	0.96
51115	-0.02	-0.23	-0.34	0.11	0.01	0.97
51133	-0.05	-0.26	-0.41	0.11	0.01	0.96
51153	-0.03	-0.31	-0.29	0.11	0.00	0.96
51171	-0.05	-0.26	-0.38	0.11	0.01	0.97
51189	-0.05	-0.31	-0.43	0.11	0.01	0.97
51210	-0.11	-0.32	-0.31	0.11	0.01	0.96
51228	-0.03	-0.21	-0.34	0.11	0.01	0.96
51248	-0.08	-0.23	-0.43	0.11	0.01	0.96
51266	0.05	-0.18	-0.35	0.11	0.01	0.96
51284	-0.12	-0.24	-0.35	0.11	0.01	0.96
51304	-0.17	-0.26	-0.32	0.11	0.00	0.97
51323	-0.11	-0.29	-0.35	0.11	0.01	0.97
51341	-0.17	-0.27	-0.38	0.11	0.01	0.96
51361	-0.06	-0.26	-0.35	0.11	0.01	0.97
51379	-0.09	-0.24	-0.38	0.11	0.01	0.97
51399	0.02	-0.21	-0.35	0.11	0.01	0.96
51417	-0.09	-0.21	-0.35	0.11	0.01	0.97
51436	-0.03	-0.18	-0.35	0.11	0.01	0.97
51456	-0.09	-0.35	-0.35	0.11	0.01	0.97
51474	-0.02	-0.26	-0.31	0.11	0.01	0.97
51494	-0.03	-0.21	-0.35	0.11	0.01	0.96
51513	-0.02	-0.20	-0.29	0.11	0.01	0.97
51531	-0.08	-0.20	-0.41	0.11	0.01	0.96
51551	-0.12	-0.20	-0.37	0.11	0.00	0.97
51569	-0.15	-0.12	-0.24	0.11	0.01	0.96
51589	-0.17	-0.23	-0.37	0.11	0.01	0.97
51608	0.08	-0.21	-0.38	0.11	0.01	0.96
51627	-0.11	-0.23	-0.27	0.11	0.00	0.97
51646	-0.17	-0.21	-0.40	0.11	0.01	0.96
51664	-0.09	-0.20	-0.24	0.11	0.00	0.96
51683	-0.05	-0.26	-0.35	0.11	0.01	0.97
51702	-0.05	-0.23	-0.37	0.11	0.01	0.96
51722	-0.06	-0.29	-0.29	0.11	0.01	0.96
51740	-0.09	-0.20	-0.32	0.11	0.01	0.97
51759	-0.08	-0.26	-0.37	0.11	0.00	0.96
51778	-0.11	-0.23	-0.37	0.11	0.01	0.97
51797	-0.08	-0.24	-0.31	0.11	0.01	0.97
51817	-0.03	-0.24	-0.34	0.11	0.00	0.97
51835	-0.03	-0.17	-0.37	0.11	0.01	0.97
51854	-0.18	-0.24	-0.34	0.11	0.01	0.96
51873	-0.05	-0.18	-0.32	0.11	0.01	0.96
51892	-0.15	-0.29	-0.31	0.11	0.01	0.96
51911	-0.09	-0.35	-0.31	0.11	0.01	0.97
51930	-0.12	-0.23	-0.35	0.11	0.01	0.96
51948	0.03	-0.17	-0.46	0.11	0.01	0.97
51968	-0.06	-0.17	-0.32	0.11	0.01	0.96
51986	-0.06	-0.21	-0.41	0.11	0.01	0.97
52006	-0.12	-0.23	-0.32	0.11	0.00	0.97
52025	-0.12	-0.17	-0.31	0.11	0.01	0.96
52043	-0.09	-0.11	-0.35	0.11	0.01	0.96
52063	0.02	-0.17	-0.32	0.11	0.01	0.97
52081	-0.14	-0.20	-0.32	0.11	0.01	0.97
52101	-0.09	-0.31	-0.26	0.11	0.01	0.97
52120	-0.20	-0.35	-0.32	0.11	0.01	0.96
52138	-0.02	-0.26	-0.35	0.11	0.01	0.97
52158	-0.08	-0.27	-0.38	0.11	0.01	0.97
52176	-0.12	-0.29	-0.32	0.11	0.01	0.97
52196	-0.11	-0.15	-0.38	0.11	0.01	0.97
52214	-0.18	-0.21	-0.34	0.11	0.01	0.97
52235	-0.12	-0.24	-0.31	0.11	0.00	0.97
52253	-0.09	-0.21	-0.37	0.11	0.01	0.96
52272	0.02	-0.27	-0.37	0.11	0.01	0.96
52290	-0.05	-0.29	-0.27	0.11	0.01	0.96
52309	-0.05	-0.23	-0.32	0.11	0.01	0.97
52329	-0.03	-0.29	-0.41	0.11	0.01	0.96
52347	0.02	-0.18	-0.43	0.11	0.01	0.97
52367	-0.08	-0.23	-0.32	0.11	0.01	0.96
52385	-0.03	-0.26	-0.26	0.11	0.01	0.96
52404	-0.09	-0.26	-0.31	0.11	0.01	0.97
52424	-0.14	-0.14	-0.44	0.11	0.01	0.96
52443	-0.05	-0.32	-0.32	0.11	0.01	0.97
52462	-0.09	-0.26	-0.40	0.11	0.01	0.97
52481	-0.17	-0.18	-0.32	0.11	0.01	0.97
52500	-0.14	-0.31	-0.37	0.11	0.01	0.97
52519	-0.18	-0.23	-0.40	0.11	0.01	0.96
52538	-0.06	-0.21	-0.35	0.11	0.01	0.96
52558	-0.05	-0.26	-0.37	0.11	0.00	0.96
52576	-0.15	-0.23	-0.44	0.11	0.01	0.97
52595	-0.06	-0.21	-0.29	0.11	0.00	0.97
52614	-0.02	-0.23	-0.43	0.11	0.00	0.97
52633	-0.21	-0.14	-0.31	0.11	0.01	0.97
52652	-0.15	-0.17	-0.29	0.11	0.01	0.97
52671	-0.06	-0.26	-0.37	0.11	0.01	0.96
52691	-0.15	-0.27	-0.27	0.11	0.01	0.96
52709	-0.08	-0.34	-0.32	0.11	0.01	0.96
52728	-0.17	-0.21	-0.32	0.11	0.00	0.97
52748	-0.11	-0.18	-0.21	0.11	0.01	0.96
52766	-0.12	-0.31	-0.37	0.11	0.01	0.96
52786	-0.11	-0.20	-0.29	0.11	0.01	0.97
52804	-0.06	-0.20	-0.21	0.11	0.01	0.97
52823	-0.12	-0.26	-0.34	0.11	0.01	0.97
52843	-0.08	-0.23	-0.40	0.11	0.01	0.96
52861	-0.12	-0.21	-0.34	0.11	0.01	0.96
52881	-0.17	-0.29	-0.41	0.11	0.01	0.96
52899	-0.09	-0.20	-0.35	0.11	0.01	0.96
52919	-0.09	-0.26	-0.32	0.11	0.00	0.97
52938	-0.06	-0.24	-0.34	0.11	0.01	0.97
52956	-0.08	-0.23	-0.35	0.11	0.01	0.97
52976	-0.08	-0.24	-0.35	0.11	0.01	0.96
52994	-0.11	-0.23	-0.37	0.11	0.01	0.97
53014	-0.09	-0.21	-0.32	0.11	0.00	0.96
53032	-0.20	-0.21	-0.37	0.11	0.00	0.97
53052	-0.03	-0.24	-0.32	0.11	0.01	0.97
53071	-0.12	-0.29	-0.38	0.11	0.01	0.97
53089	-0.08	-0.23	-0.38	0.11	0.00	0.96
53109	-0.11	-0.21	-0.38	0.11	0.00	0.96
53127	-0.17	-0.26	-0.35	0.11	0.01	0.97
53147	-0.14	-0.31	-0.32	0.11	0.00	0.96
53166	-0.06	-0.27	-0.34	0.11	0.00	0.97
53184	-0.09	-0.24	-0.38	0.11	0.01	0.96
53204	-0.24	-0.21	-0.44	0.11	0.01	0.97
53222	-0.15	-0.18	-0.38	0.11	0.00	0.96
53241	0.00	-0.24	-0.34	0.11	0.00	0.97
53260	-0.06	-0.17	-0.27	0.11	0.01	0.97
53279	-0.06	-0.21	-0.41	0.11	0.00	0.97
53298	-0.14	-0.26	-0.37	0.11	0.00	0.96