Time	Gx	Gy	Gz	Ax	Ay	Az
27631	-18.07	-21.82	6.15	0.13	0.08	0.96
27651	-20.25	-14.80	1.77	0.15	0.07	0.95
27669	-21.22	-6.24	-2.40	0.14	0.05	0.93
27689	-19.70	1.10	-6.50	0.13	0.03	0.91
27707	-16.20	6.61	-11.29	0.11	0.02	0.90
27725	-14.25	8.51	-13.53	0.08	0.03	0.91
27745	-10.74	9.14	-16.78	0.06	0.03	0.91
27763	-8.00	5.25	-18.10	0.02	0.04	0.92
27782	-6.96	-1.72	-17.94	0.01	0.07	0.94
27801	-7.97	-8.68	-17.91	0.02	0.07	0.95
27819	-9.46	-15.50	-17.43	0.01	0.08	0.96
27839	-11.86	-23.93	-15.87	0.01	0.09	0.97
27858	-14.25	-30.12	-14.28	0.06	0.08	1.00
27877	-14.80	-30.88	-13.61	0.08	0.07	1.02
27896	-14.11	-29.53	-12.18	0.10	0.06	1.06
27915	-11.87	-26.12	-10.16	0.13	0.05	1.07
27934	-7.63	-19.09	-8.70	0.17	0.03	1.09
27953	-1.59	-8.64	-7.95	0.19	0.03	1.14
27973	3.86	1.24	-6.35	0.18	0.06	1.20
27991	7.03	10.36	-4.14	0.18	0.07	1.21
28008	7.87	15.05	-3.23	0.19	0.08	1.22
28027	7.89	24.95	-1.65	0.19	0.13	1.26
28044	1.92	31.97	1.27	0.13	0.17	1.30
28063	-5.36	31.34	4.35	0.09	0.16	1.32
28080	-8.29	29.30	5.63	0.10	0.17	1.36
28098	-15.05	25.27	8.64	0.08	0.18	1.39
28116	-21.97	18.89	13.46	0.07	0.16	1.45
28134	-26.50	10.56	19.55	0.08	0.13	1.48
28153	-27.68	7.64	22.57	0.14	0.13	1.46
28171	-30.96	6.70	27.53	0.16	0.12	1.45
28189	-33.37	10.93	30.08	0.18	0.09	1.41
28207	-32.52	17.43	30.79	0.17	0.04	1.39
28225	-28.55	22.45	28.66	0.15	0.01	1.36
28243	-26.06	24.17	26.11	0.15	-0.00	1.34
28262	-19.87	27.79	16.89	0.15	-0.02	1.30
28280	-15.09	31.01	4.12	0.11	-0.01	1.25
28299	-12.13	29.45	-9.63	0.05	-0.01	1.20
28318	-11.58	22.64	-23.86	0.02	0.00	1.16
28337	-12.83	13.85	-38.64	-0.01	0.00	1.13
28355	-13.67	8.09	-45.82	-0.04	-0.02	1.09
28375	-14.82	-5.62	-58.62	-0.06	-0.03	1.07
28395	-12.44	-21.82	-69.89	-0.04	-0.07	0.99
28415	-8.39	-34.71	-79.12	-0.02	-0.07	0.96
28435	-4.44	-41.46	-84.96	-0.00	-0.09	0.90
28455	0.95	-47.01	-87.07	-0.00	-0.12	0.84
28476	8.36	-49.62	-85.07	0.03	-0.14	0.76
28494	16.19	-47.10	-79.41	0.05	-0.15	0.69
28512	25.15	-42.54	-70.88	0.06	-0.18	0.63
28532	36.53	-36.94	-59.84	0.06	-0.20	0.57
28550	47.03	-29.57	-45.49	0.08	-0.18	0.50
28570	54.84	-19.12	-29.79	0.11	-0.19	0.43
28589	58.78	-13.28	-22.09	0.09	-0.18	0.37
28607	66.51	-3.78	-6.03	0.08	-0.16	0.35
28627	68.48	3.40	10.35	0.05	-0.11	0.29
28644	65.70	7.22	24.43	0.01	-0.08	0.22
28662	58.18	6.47	36.62	-0.02	-0.05	0.20
28681	47.88	0.60	49.33	-0.06	-0.01	0.22
28699	41.37	-3.57	55.24	-0.07	-0.00	0.22
28718	27.22	-14.18	63.39	-0.08	-0.01	0.21
28737	15.63	-22.80	65.25	-0.05	-0.05	0.22
28756	8.22	-28.50	64.19	-0.05	-0.07	0.27
28776	3.62	-35.86	60.73	-0.05	-0.08	0.30
28794	0.90	-40.30	52.35	0.00	-0.08	0.33
28812	-0.46	-40.51	47.18	0.06	-0.06	0.37
28831	-4.35	-36.33	38.68	0.07	-0.07	0.40
28850	-6.07	-30.64	32.78	0.08	-0.06	0.44
28869	-10.12	-21.00	25.86	0.16	0.00	0.49
28888	-18.89	-5.65	19.18	0.17	-0.03	0.54
28906	-19.55	9.08	16.10	0.15	-0.09	0.63
28926	-18.86	21.01	14.24	0.17	-0.01	0.68
28944	-21.30	27.86	13.20	0.16	0.02	0.70
28962	-26.92	36.99	11.29	0.10	-0.03	0.78
28981	-24.12	39.83	9.25	0.10	-0.08	0.85
28999	-18.11	43.43	8.99	0.09	-0.02	0.96
29018	-19.58	41.18	7.54	0.02	0.04	1.01
29035	-21.01	36.53	5.48	-0.01	0.01	1.07
29054	-17.49	24.55	3.40	0.02	-0.02	1.18
29073	-12.63	14.39	4.76	0.03	0.03	1.19
29092	-11.28	5.69	1.14	0.09	0.03	1.26
29110	-9.69	2.50	-7.14	0.08	0.10	1.35
29128	-11.55	-0.52	-8.82	0.08	0.10	1.31
29147	-14.43	-6.70	-9.54	0.13	0.08	1.35
29166	-13.78	-2.91	-13.41	0.22	0.07	1.35
29186	-10.71	5.57	-19.20	0.19	0.07	1.28
29204	-13.31	13.58	-20.13	0.22	0.18	1.42
29223	-18.91	21.09	-17.00	0.19	0.07	1.42
29241	-9.87	25.44	-17.58	0.21	-0.03	1.37
29260	-3.08	29.08	-18.89	0.26	0.10	1.62
29279	1.50	37.86	-17.81	0.20	0.11	1.70
29297	6.85	33.98	-12.74	0.06	0.06	1.64
29316	11.67	19.65	-5.91	0.07	0.14	1.60
29333	6.52	11.93	-0.52	0.16	0.22	1.59
29351	0.53	12.07	1.11	0.19	0.26	1.55
29369	-14.02	15.47	3.22	0.18	0.26	1.55
29387	-28.34	16.77	5.07	0.16	0.23	1.56
29405	-36.22	16.71	4.55	0.17	0.14	1.55
29423	-34.48	17.55	-0.23	0.16	0.05	1.55
29442	-29.97	17.56	-3.27	0.14	0.00	1.55
29461	-16.71	13.90	-7.49	0.13	0.00	1.55
29479	-6.64	11.75	-9.14	0.17	0.03	1.52
29498	-1.71	16.19	-10.83	0.21	0.06	1.47
29516	-2.01	21.76	-11.75	0.14	0.08	1.43
29535	-6.76	19.85	-11.51	0.08	0.09	1.38
29554	-9.74	17.29	-11.81	0.08	0.08	1.35
29572	-15.55	13.73	-13.52	0.10	0.07	1.28
29590	-20.07	12.18	-16.28	0.09	0.03	1.22
29609	-22.26	10.22	-19.71	0.08	-0.01	1.18
29628	-21.45	9.37	-24.19	0.11	-0.06	1.13
29647	-16.27	11.31	-29.92	0.08	-0.11	1.07
29666	-12.31	11.43	-32.85	0.04	-0.14	1.01
29685	-2.90	8.54	-36.82	0.03	-0.14	0.98
29705	6.93	3.39	-38.85	0.02	-0.16	0.92
29723	17.58	-0.53	-39.69	0.03	-0.17	0.85
29742	26.78	-2.20	-37.46	0.03	-0.16	0.78
29761	34.10	-3.97	-32.47	0.02	-0.17	0.72
29780	40.97	-5.72	-25.59	0.03	-0.17	0.64
29799	48.26	-4.75	-16.89	0.04	-0.18	0.56
29817	51.59	-3.81	-11.31	0.04	-0.17	0.52
29837	55.63	-3.37	1.77	0.02	-0.14	0.47
29855	56.99	-3.74	14.72	0.02	-0.15	0.38
29874	58.94	-3.19	26.47	0.01	-0.18	0.30
29892	62.23	-5.29	37.96	-0.02	-0.15	0.25
29911	60.01	-10.53	50.13	-0.02	-0.10	0.20
29931	51.94	-14.34	61.75	-0.03	-0.07	0.15
29949	46.78	-16.92	66.13	-0.04	-0.07	0.13
29969	35.81	-22.22	71.27	-0.04	-0.04	0.13
29988	20.86	-27.08	73.53	-0.03	-0.01	0.15
30008	6.77	-29.43	71.99	-0.03	-0.03	0.17
30026	-3.81	-32.87	65.78	-0.04	-0.04	0.21
30045	-13.63	-37.43	55.66	-0.04	-0.04	0.27
30065	-21.90	-40.65	45.27	0.01	-0.04	0.31
30084	-26.47	-38.70	36.56	0.01	-0.09	0.36
30104	-27.53	-38.62	25.21	0.02	-0.06	0.43
30122	-28.99	-38.25	18.97	0.04	-0.04	0.46
30140	-31.80	-35.72	7.52	0.07	-0.09	0.51
30160	-27.76	-29.56	0.64	0.11	-0.11	0.58
30178	-24.98	-20.42	-4.20	0.14	-0.02	0.65
30198	-28.98	-9.74	-9.37	0.14	-0.01	0.72
30218	-27.45	1.19	-10.04	0.17	-0.09	0.81
30237	-18.33	10.94	-6.39	0.17	-0.08	0.96
30256	-14.71	15.49	-5.62	0.15	0.02	1.06
30274	-14.25	22.93	-7.86	0.11	0.01	1.07
30293	-11.89	21.12	-7.87	0.07	-0.00	1.12
30312	-7.26	18.92	-3.01	0.11	-0.02	1.25
30331	0.27	18.19	-1.85	0.10	0.03	1.30
30349	1.19	11.66	-4.78	0.05	0.06	1.33
30367	0.67	7.14	-6.10	0.08	0.16	1.37
30385	-7.10	1.08	-4.96	0.10	0.15	1.37
30403	-11.25	-1.72	-3.07	0.13	0.06	1.32
30423	-11.57	2.29	-5.54	0.23	0.16	1.36
30441	-19.17	11.20	-7.71	0.20	0.13	1.45
30460	-17.79	14.85	-6.82	0.15	0.02	1.41
30478	-13.34	15.43	-5.46	0.17	0.04	1.43
30496	-8.41	19.70	-0.84	0.21	0.09	1.52
30516	-4.84	25.89	3.46	0.20	0.07	1.51
30533	2.08	31.40	6.38	0.17	0.02	1.47
30552	11.89	31.40	8.10	0.12	0.07	1.64
30569	15.46	27.85	9.14	0.09	0.09	1.67
30586	17.65	15.73	11.28	0.08	0.16	1.64
30604	11.58	7.19	12.33	0.14	0.23	1.63
30621	5.63	5.65	12.08	0.21	0.25	1.61
30639	-8.24	9.06	10.16	0.21	0.23	1.58
30657	-18.14	13.89	8.13	0.16	0.17	1.56
30675	-20.60	12.45	6.84	0.13	0.09	1.57
30693	-14.16	11.44	4.30	0.20	0.05	1.58
30711	-10.47	14.19	2.87	0.23	0.06	1.57
30730	-5.48	21.64	-0.55	0.19	0.09	1.53
30748	-5.69	23.74	-4.30	0.12	0.11	1.47
30766	-9.66	20.80	-9.03	0.09	0.11	1.40
30785	-16.46	17.58	-15.23	0.10	0.10	1.34
30803	-19.99	16.25	-18.97	0.09	0.09	1.31
30823	-26.82	13.20	-27.83	0.08	0.06	1.25
30841	-30.15	10.62	-38.19	0.08	0.00	1.20
30859	-29.82	8.85	-49.06	0.08	-0.04	1.15
30879	-26.09	7.11	-59.45	0.06	-0.08	1.10
30897	-19.71	4.07	-68.05	0.05	-0.11	1.05
30917	-12.22	1.48	-75.45	0.05	-0.13	1.00
30937	-8.07	0.50	-78.57	0.04	-0.14	0.93
30956	-0.53	-1.59	-82.60	0.04	-0.14	0.89
30975	6.30	-3.54	-83.08	0.05	-0.14	0.87
30994	12.37	-1.91	-82.05	0.08	-0.16	0.80
31013	19.52	1.86	-80.08	0.07	-0.17	0.72
31032	26.58	5.46	-75.33	0.05	-0.17	0.65
31051	32.67	6.74	-67.03	0.04	-0.16	0.58
31069	38.01	8.53	-57.16	0.05	-0.18	0.51
31088	41.24	9.46	-52.11	0.02	-0.17	0.42
31106	47.38	9.60	-40.42	0.01	-0.17	0.39
31125	51.64	7.93	-25.82	0.02	-0.15	0.31
31144	52.25	8.36	-9.72	0.05	-0.12	0.23
31162	50.55	11.43	5.91	0.05	-0.10	0.15
31181	46.39	15.06	20.29	0.05	-0.06	0.11
31198	42.47	16.66	26.93	0.03	-0.03	0.10
31216	31.05	15.70	37.52	-0.02	-0.03	0.09
31235	22.98	11.18	42.42	-0.04	-0.07	0.11
31253	16.57	3.19	43.78	-0.08	-0.04	0.14
31273	7.46	-8.93	44.88	-0.10	-0.03	0.19
31291	3.23	-15.79	44.56	-0.11	-0.05	0.20
31310	-2.24	-29.65	40.21	-0.08	-0.09	0.23
31330	-4.24	-38.38	32.03	-0.04	-0.09	0.26
31349	-7.72	-44.33	26.46	-0.04	-0.04	0.31
31369	-13.64	-50.74	25.02	-0.03	-0.07	0.37
31388	-14.04	-54.09	18.28	0.06	-0.10	0.38
31407	-14.62	-49.79	8.45	0.06	-0.04	0.44
31426	-19.01	-47.03	4.61	0.06	-0.03	0.56
31445	-22.74	-44.65	4.14	0.10	-0.03	0.67
31465	-23.73	-41.96	2.55	0.20	-0.05	0.80
31483	-23.48	-29.02	-1.85	0.20	-0.04	0.85
31503	-20.95	-17.35	0.67	0.15	-0.06	0.96
31522	-13.14	-7.42	5.87	0.23	-0.06	1.13
31541	-7.57	6.97	4.99	0.23	-0.05	1.17
31560	1.83	21.21	-0.64	0.20	-0.02	1.16
31578	2.55	27.51	0.82	0.12	0.08	1.34
31596	2.21	27.11	3.88	0.07	0.05	1.38
31614	7.60	14.92	7.39	0.01	0.00	1.37
31631	9.58	3.37	5.95	0.12	0.22	1.49
31650	-8.38	1.11	8.07	0.07	0.24	1.50
31667	-15.24	-3.28	9.80	0.04	0.17	1.50
31686	-17.59	-13.57	12.05	0.09	0.03	1.41
31704	-11.80	-12.13	8.53	0.27	0.15	1.52
31723	-18.86	4.03	4.58	0.29	0.17	1.66
31742	-18.11	13.47	2.59	0.19	0.03	1.61
31759	-12.47	15.40	2.17	0.23	-0.01	1.56
31777	1.01	22.45	-0.14	0.25	0.04	1.67
31795	7.83	28.84	-3.36	0.18	0.11	1.78
31813	6.23	24.05	-4.06	0.12	0.19	1.74
31830	2.24	20.13	-3.36	0.13	0.24	1.67
31848	-9.52	14.63	-1.88	0.14	0.24	1.65
31866	-23.67	11.98	-1.40	0.15	0.25	1.55
31885	-37.06	11.15	-2.15	0.14	0.21	1.54
31903	-43.18	7.43	-4.26	0.11	0.10	1.55
31921	-41.60	4.21	-6.32	0.11	0.04	1.55
31939	-29.45	-0.43	-11.20	0.17	-0.03	1.54
31960	-14.59	4.38	-13.41	0.22	0.01	1.52
31978	-5.94	12.31	-11.96	0.17	0.03	1.47
31997	-0.78	14.01	-9.49	0.13	0.07	1.42
32015	-1.82	13.69	-7.64	0.13	0.10	1.38
32033	-3.89	14.10	-7.39	0.14	0.09	1.35
32053	-9.75	15.90	-8.04	0.11	0.11	1.29
32071	-17.78	13.99	-9.16	0.06	0.09	1.24
32090	-24.57	8.24	-11.06	0.06	0.05	1.18
32108	-28.21	4.88	-14.05	0.10	0.00	1.12
32126	-29.25	5.83	-17.40	0.08	-0.03	1.07
32145	-28.43	5.33	-18.62	0.05	-0.09	1.02
32164	-22.84	1.89	-20.29	0.05	-0.11	1.00
32183	-14.69	-0.60	-20.87	0.08	-0.13	0.94
32203	-5.91	0.23	-19.93	0.07	-0.15	0.90
32221	4.03	0.67	-17.07	0.06	-0.17	0.85
32240	15.03	1.14	-12.33	0.07	-0.19	0.79
32259	25.85	3.11	-6.52	0.07	-0.19	0.73
32277	31.02	4.36	-3.13	0.07	-0.19	0.70
32296	40.36	6.67	4.33	0.06	-0.17	0.65
32314	47.04	7.71	12.15	0.04	-0.16	0.59
32331	50.95	8.10	19.70	0.03	-0.15	0.53
32350	52.54	5.49	27.76	-0.02	-0.11	0.47
32369	51.47	2.38	32.47	-0.04	-0.10	0.44
32388	49.09	-6.03	42.02	-0.04	-0.12	0.37
32406	47.45	-11.99	49.32	-0.01	-0.13	0.29
32425	47.15	-15.58	54.24	-0.00	-0.13	0.23
32444	46.10	-16.94	59.37	0.03	-0.11	0.19
32463	42.68	-13.93	65.09	0.04	-0.08	0.15
32481	39.86	-11.70	66.94	0.02	-0.07	0.13
32500	33.77	-8.87	66.89	0.01	-0.07	0.13
32518	28.26	-7.40	62.32	0.01	-0.06	0.16
32536	21.61	-6.24	56.08	0.01	-0.04	0.19
32555	14.27	-6.10	48.60	-0.01	-0.04	0.23
32574	6.73	-8.33	39.02	-0.02	-0.02	0.26
32594	-2.18	-11.66	27.24	-0.01	-0.01	0.30
32613	-6.70	-12.77	21.47	0.01	-0.03	0.34
32631	-13.69	-12.92	12.02	-0.02	-0.04	0.36
32651	-19.35	-17.93	2.30	-0.01	-0.00	0.41
32671	-27.62	-22.86	-8.10	-0.01	0.00	0.49
32691	-33.65	-27.44	-13.17	0.02	-0.02	0.52
32710	-37.08	-27.73	-11.95	0.06	-0.01	0.62
32729	-40.63	-25.25	-13.82	0.10	-0.03	0.72
32749	-38.53	-22.89	-19.21	0.08	-0.09	0.84
32768	-28.08	-22.06	-17.99	0.11	-0.11	0.91
32788	-14.60	-14.86	-12.31	0.21	-0.11	1.01
32807	-1.10	0.47	-12.27	0.24	-0.09	1.14
32826	4.81	7.93	-13.37	0.19	-0.06	1.18
32845	12.25	14.95	-12.39	0.13	0.03	1.19
32862	10.80	17.59	-7.51	0.15	0.08	1.31
32882	10.04	19.87	-4.46	0.16	0.06	1.38
32900	10.70	23.18	-3.40	0.12	0.10	1.32
32917	8.61	22.92	-2.69	0.11	0.20	1.36
32936	-9.98	19.79	3.30	0.07	0.28	1.51
32953	-22.72	9.16	10.59	0.02	0.10	1.50
32972	-15.84	-2.49	13.60	0.12	0.01	1.54
32991	-6.67	-2.69	15.00	0.20	0.06	1.75
33009	-2.01	-1.85	15.82	0.15	-0.01	1.74
33029	12.57	-3.95	16.72	0.17	-0.02	1.66
33047	25.97	-0.52	15.23	0.25	0.08	1.65
33064	25.05	11.09	12.83	0.30	0.23	1.70
33083	10.73	23.76	12.79	0.23	0.29	1.64
33100	1.75	27.44	13.50	0.20	0.29	1.64
33117	-14.95	29.69	14.82	0.17	0.25	1.62
33136	-25.99	29.62	13.21	0.16	0.18	1.55
33154	-30.65	28.84	9.22	0.13	0.14	1.53
33173	-30.91	27.24	7.06	0.08	0.06	1.55
33191	-24.52	18.95	2.76	0.07	0.01	1.55
33208	-9.20	8.61	-2.85	0.10	-0.02	1.54
33228	4.03	5.26	-8.38	0.18	0.06	1.49
33245	5.33	11.52	-12.95	0.19	0.15	1.43
33263	2.58	15.12	-14.72	0.17	0.16	1.40
33282	-6.62	19.41	-19.01	0.15	0.18	1.36
33300	-18.95	23.33	-24.32	0.16	0.17	1.32
33319	-30.55	26.49	-30.78	0.10	0.14	1.28
33337	-39.96	23.12	-37.17	0.05	0.11	1.24
33355	-43.55	19.84	-40.18	0.04	0.06	1.19
33374	-48.45	13.35	-46.04	0.05	0.04	1.16
33393	-50.54	8.12	-52.19	0.05	0.01	1.12
33412	-50.31	4.47	-59.13	0.07	-0.05	1.07
33430	-46.37	3.04	-66.45	0.07	-0.08	1.02
33449	-40.13	0.93	-72.68	0.05	-0.11	0.97
33468	-32.65	-2.58	-76.87	0.03	-0.14	0.93
33488	-24.49	-6.84	-78.77	0.04	-0.16	0.89
33508	-15.05	-8.97	-78.02	0.04	-0.18	0.85
33527	-9.57	-9.90	-76.49	0.04	-0.19	0.83
33547	2.91	-12.10	-71.35	0.04	-0.21	0.78
33566	15.66	-14.21	-63.52	0.04	-0.21	0.73
33585	27.28	-14.63	-54.31	0.06	-0.20	0.68
33605	35.87	-11.98	-44.37	0.08	-0.18	0.61
33623	42.19	-7.43	-34.45	0.10	-0.17	0.55
33643	46.39	-0.11	-23.70	0.10	-0.15	0.47
33661	49.01	6.58	-11.23	0.08	-0.14	0.40
33679	49.93	8.97	-4.71	0.06	-0.13	0.36
33699	49.44	11.87	8.22	0.04	-0.10	0.30
33717	47.93	11.73	18.42	0.01	-0.11	0.24
33734	46.31	8.44	24.49	-0.01	-0.10	0.19
33753	44.01	3.98	27.63	-0.00	-0.09	0.14
33771	42.53	3.20	28.85	0.01	-0.10	0.10
33790	40.24	2.20	31.45	-0.01	-0.10	0.10
33809	39.17	-1.63	33.71	-0.02	-0.08	0.12
33827	35.28	-6.48	33.89	-0.03	-0.05	0.15
33846	28.66	-11.40	33.46	-0.03	-0.06	0.19
33865	23.22	-17.17	32.75	-0.05	-0.06	0.24
33884	18.20	-24.72	30.98	-0.04	-0.06	0.29
33904	15.35	-28.21	29.74	-0.04	-0.03	0.33
33923	8.15	-35.28	28.70	-0.05	-0.02	0.37
33942	-0.32	-44.48	31.81	-0.04	-0.02	0.43
33961	-7.80	-50.34	32.88	0.02	-0.03	0.47
33980	-17.06	-49.12	31.19	0.07	0.02	0.56
33999	-25.51	-46.05	32.29	0.09	-0.06	0.67
34019	-22.80	-37.73	34.10	0.19	-0.11	0.76
34037	-20.14	-21.94	33.65	0.24	-0.03	0.84
34056	-20.72	-12.44	32.10	0.20	-0.08	0.92
34075	-15.82	2.99	30.73	0.17	-0.15	0.94
34094	2.06	12.94	32.27	0.20	-0.15	1.07
34112	13.85	24.61	33.72	0.20	-0.04	1.12
34130	19.65	33.39	35.16	0.15	-0.03	1.12
34148	23.13	35.28	36.88	0.10	0.03	1.23
34166	25.94	33.94	42.28	0.08	0.17	1.26
34183	12.97	27.53	49.07	0.06	0.14	1.29
34202	6.24	20.39	50.86	0.07	0.11	1.31
34219	-2.50	15.79	52.15	0.12	0.26	1.50
34237	-11.69	14.22	54.38	0.09	0.24	1.53
34255	-20.25	7.39	57.95	0.07	0.07	1.44
34273	-16.62	3.17	59.01	0.15	0.11	1.52
34290	-16.92	4.75	60.68	0.17	0.11	1.67
34309	-15.40	5.04	61.75	0.18	0.07	1.73
34327	-4.62	6.59	64.12	0.22	-0.03	1.74
34345	15.23	11.60	64.90	0.25	-0.06	1.71
34363	31.68	19.06	64.13	0.25	0.07	1.71
34381	34.06	22.81	64.06	0.25	0.13	1.68
34398	30.14	32.15	62.96	0.27	0.18	1.61
34417	20.61	43.91	60.73	0.26	0.24	1.59
34434	6.01	50.57	58.70	0.16	0.26	1.58
34452	-1.40	49.88	57.25	0.11	0.20	1.56
34470	-11.96	44.39	50.99	0.10	0.16	1.57
34487	-13.14	36.53	40.53	0.10	0.10	1.58
34506	-9.83	26.06	30.59	0.04	0.06	1.58
34524	-4.14	12.48	21.82	0.05	0.07	1.54
34543	-2.06	6.53	16.24	0.08	0.07	1.53
34560	-1.27	1.37	0.82	0.14	0.11	1.50
34578	-6.32	3.75	-19.78	0.17	0.13	1.45
34598	-15.03	7.83	-43.46	0.14	0.14	1.38
34617	-25.65	10.10	-69.85	0.11	0.13	1.34
34635	-31.34	9.60	-83.47	0.09	0.13	1.32
34654	-43.26	5.89	-111.82	0.07	0.12	1.27
34672	-54.93	2.11	-139.66	0.10	0.09	1.22
34690	-64.04	2.43	-163.85	0.12	0.02	1.16
34709	-65.22	1.30	-181.18	0.06	-0.06	1.11
34728	-58.70	-5.04	-190.51	0.01	-0.12	1.07
34748	-46.65	-13.67	-192.79	0.02	-0.15	1.02
34767	-40.13	-16.72	-191.44	0.05	-0.15	0.95
34786	-27.22	-19.29	-183.30	0.05	-0.16	0.92
34806	-13.73	-19.94	-169.78	0.05	-0.17	0.85
34825	-1.24	-19.32	-151.82	0.06	-0.16	0.79
34846	9.00	-16.11	-131.79	0.08	-0.16	0.72
34864	19.29	-11.00	-111.59	0.08	-0.17	0.66
34883	29.88	-5.75	-89.23	0.08	-0.17	0.59
34902	40.16	0.03	-64.67	0.08	-0.15	0.54
34921	48.83	4.21	-40.51	0.04	-0.15	0.47
34940	52.87	4.65	-29.53	0.03	-0.15	0.43
34958	59.31	5.16	-9.84	0.04	-0.12	0.33
34976	63.54	6.44	8.42	0.05	-0.11	0.24
34995	65.23	9.87	24.46	0.06	-0.07	0.15
35012	61.89	13.90	38.21	0.09	-0.02	0.08
35031	58.85	17.96	44.16	0.12	-0.02	0.04
35049	51.90	28.06	54.84	0.10	-0.02	0.02
35067	45.21	33.26	61.86	0.03	-0.03	0.05
35085	38.77	32.50	64.97	-0.00	-0.03	0.09
35103	31.02	28.26	64.96	-0.03	-0.03	0.12
35122	27.18	25.22	64.44	-0.04	-0.05	0.14
35141	22.08	14.80	61.66	-0.07	-0.07	0.19
35160	17.61	3.65	57.59	-0.05	-0.07	0.24
35179	12.50	-4.96	53.33	-0.05	-0.05	0.27
35197	4.97	-14.16	50.57	-0.07	-0.03	0.33
35216	-3.17	-25.76	49.45	-0.07	-0.04	0.41
35236	-9.03	-35.84	49.59	-0.01	-0.04	0.47
35255	-12.01	-38.39	51.51	0.00	-0.02	0.51
35274	-18.37	-41.40	60.10	0.00	0.00	0.56
35293	-27.30	-45.50	66.96	0.03	0.01	0.66
35311	-32.18	-44.33	67.89	0.11	-0.09	0.73
35329	-25.28	-34.42	74.66	0.19	-0.10	0.84
35348	-19.21	-19.10	87.81	0.18	-0.08	0.97
35369	-9.81	-6.93	89.51	0.21	-0.16	1.02
35388	6.68	6.76	83.47	0.24	-0.08	1.08
35406	10.28	15.09	82.43	0.27	0.02	1.14
35423	12.25	30.91	82.06	0.18	-0.05	1.25
35441	20.68	35.80	76.22	0.13	-0.01	1.29
35459	21.36	33.45	69.03	0.10	0.15	1.35
35478	15.24	31.16	67.70	0.08	0.22	1.39
35495	-1.11	24.37	69.31	0.05	0.15	1.44
35512	-6.42	15.30	71.70	0.07	0.08	1.43
35531	-7.86	8.47	72.68	0.12	0.13	1.55
35549	-9.66	6.68	72.88	0.14	0.12	1.57
35567	-9.05	5.43	72.62	0.15	0.05	1.62
35585	-2.56	4.50	73.29	0.16	0.05	1.70
35603	4.32	3.78	73.67	0.20	0.06	1.72
35621	7.42	5.23	72.92	0.23	0.07	1.70
35639	10.30	11.58	69.56	0.25	0.09	1.71
35656	11.86	19.62	64.16	0.25	0.12	1.72
35674	9.37	26.89	57.97	0.25	0.17	1.65
35692	6.21	31.07	54.44	0.25	0.18	1.62
35709	-1.92	40.76	46.30	0.25	0.19	1.59
35727	-9.58	47.26	37.03	0.18	0.16	1.56
35746	-12.37	45.44	26.92	0.10	0.11	1.52
35764	-10.21	36.29	15.24	0.06	0.06	1.50
35782	-7.43	30.35	8.59	0.06	0.05	1.50
35799	0.98	18.94	-5.92	0.07	0.01	1.51
35818	10.60	8.61	-20.80	0.08	0.05	1.51
35836	12.19	2.04	-35.95	0.12	0.12	1.44
35854	10.12	1.74	-44.37	0.19	0.14	1.39
35872	2.30	7.72	-62.55	0.19	0.17	1.37
35889	-13.32	13.87	-81.22	0.12	0.21	1.33
35908	-31.43	12.13	-99.15	0.04	0.18	1.27
35926	-47.16	3.22	-116.82	0.03	0.14	1.22
35945	-53.50	-0.78	-126.02	0.06	0.11	1.20
35964	-61.94	-5.39	-143.71	0.09	0.04	1.17
35985	-62.52	-7.74	-159.88	0.08	-0.05	1.12
36004	-55.56	-10.59	-172.29	0.07	-0.10	1.07
36024	-44.30	-11.99	-179.43	0.10	-0.14	1.02
36043	-29.57	-9.03	-181.18	0.11	-0.17	0.97
36062	-13.87	-5.48	-177.26	0.08	-0.16	0.91
36082	-0.49	-3.51	-167.07	0.07	-0.14	0.86
36101	9.84	-0.99	-151.02	0.07	-0.13	0.81
36121	18.04	0.93	-131.36	0.04	-0.12	0.76
36139	21.12	0.87	-121.15	0.04	-0.11	0.74
36157	25.67	0.15	-99.55	0.04	-0.10	0.69
36176	29.69	-0.46	-76.25	0.03	-0.12	0.63
36196	34.61	-1.53	-53.21	0.02	-0.12	0.59
36215	39.96	-5.02	-33.42	0.00	-0.13	0.55
36234	46.66	-9.93	-15.67	-0.00	-0.13	0.48
36254	51.50	-13.55	2.32	0.03	-0.11	0.41
36272	53.30	-13.89	11.18	0.04	-0.12	0.35
36291	56.92	-13.70	27.47	0.03	-0.11	0.33
36309	57.88	-13.43	41.46	0.03	-0.06	0.28
36328	53.10	-11.41	53.18	0.08	-0.02	0.23
36347	45.76	-2.98	62.38	0.11	-0.02	0.19
36366	38.48	6.76	69.23	0.07	-0.02	0.19
36384	35.06	9.78	71.21	0.04	-0.03	0.22
36401	28.37	12.50	71.88	0.03	-0.03	0.23
36420	22.49	13.76	69.14	0.02	-0.03	0.25
36437	15.91	12.53	65.19	-0.01	-0.03	0.29
36456	10.19	6.27	59.60	-0.05	-0.04	0.36
36475	5.07	-3.20	51.21	-0.05	-0.04	0.39
36494	2.46	-7.89	46.81	-0.04	-0.03	0.41
36512	-3.89	-15.63	40.71	-0.02	-0.01	0.45
36531	-9.63	-22.80	38.10	-0.04	-0.03	0.51
36550	-13.58	-30.65	34.00	0.02	-0.04	0.53
36569	-17.09	-31.01	28.61	0.08	-0.03	0.58
36588	-20.16	-27.65	27.77	0.07	-0.05	0.64
36606	-19.94	-26.41	29.08	0.09	-0.05	0.73
36625	-19.38	-24.17	28.81	0.15	-0.03	0.76
36643	-21.19	-12.77	23.79	0.20	-0.02	0.83
36662	-18.78	0.00	21.38	0.15	-0.11	0.89
36680	-5.13	6.35	26.49	0.12	-0.14	0.98
36698	2.73	8.27	28.73	0.17	-0.07	1.10
36715	13.20	14.80	28.46	0.17	-0.06	1.11
36733	19.64	20.72	26.00	0.14	-0.01	1.11
36751	18.89	24.48	29.85	0.12	0.09	1.27
36768	16.27	24.06	34.24	0.07	0.10	1.33
36785	11.51	14.77	41.26	0.04	0.08	1.31
36802	6.88	7.26	43.56	0.13	0.17	1.34
36819	0.50	6.97	44.71	0.17	0.22	1.39
36836	-11.86	11.37	48.05	0.16	0.07	1.39
36854	-5.07	13.78	50.31	0.14	-0.02	1.40
36873	2.79	13.17	54.02	0.14	0.10	1.58
36890	3.71	11.46	57.07	0.12	0.08	1.56
36907	7.23	7.08	61.89	0.15	0.08	1.45
36924	6.36	11.76	65.34	0.24	0.15	1.46
36942	2.67	17.55	67.18	0.24	0.20	1.55
36959	-8.06	23.28	71.49	0.15	0.19	1.65
36976	-12.65	18.26	73.81	0.12	0.10	1.59
36995	-10.41	14.02	72.01	0.18	0.08	1.56
37012	-9.08	14.80	69.93	0.20	0.09	1.54
37030	-9.19	19.64	65.49	0.20	0.12	1.51
37047	-10.99	23.30	60.96	0.17	0.12	1.49
37066	-12.47	24.86	54.69	0.18	0.10	1.49
37083	-11.90	26.12	50.25	0.19	0.08	1.48
37103	-8.56	30.44	37.98	0.19	0.06	1.45
37121	-2.17	32.76	23.54	0.13	0.04	1.45
37139	4.61	27.89	9.77	0.09	0.06	1.46
37157	9.26	21.53	-2.87	0.13	0.06	1.43
37175	10.86	21.15	-8.94	0.15	0.08	1.42
37194	9.51	21.91	-21.97	0.12	0.15	1.41
37211	-1.17	16.98	-34.85	0.06	0.20	1.38
37229	-16.13	8.87	-47.78	0.07	0.20	1.32
37249	-31.08	3.78	-61.25	0.09	0.16	1.27
37267	-37.43	2.43	-68.01	0.09	0.14	1.25
37287	-45.97	-1.22	-80.90	0.06	0.08	1.21
37305	-48.55	-6.56	-92.93	0.07	0.02	1.17
37324	-46.84	-7.98	-104.20	0.12	-0.02	1.14
37344	-42.47	-5.57	-113.39	0.10	-0.04	1.09
37363	-37.64	-5.51	-119.16	0.07	-0.05	1.05
37383	-32.52	-5.04	-122.50	0.09	-0.08	1.00
37402	-25.59	-2.79	-124.07	0.07	-0.11	0.94
37421	-17.06	-2.50	-122.82	0.04	-0.12	0.89
37441	-7.84	-4.99	-119.25	0.02	-0.14	0.84
37460	-2.69	-6.35	-117.08	0.02	-0.14	0.78
37481	7.11	-8.93	-111.95	0.01	-0.15	0.73
37499	16.53	-10.88	-106.08	0.02	-0.15	0.70
37518	26.64	-9.98	-98.11	0.05	-0.16	0.64
37537	36.56	-6.07	-87.94	0.07	-0.15	0.58
37556	43.44	0.14	-75.62	0.09	-0.12	0.51
37575	48.20	8.00	-60.81	0.08	-0.12	0.43
37594	52.57	14.66	-43.32	0.06	-0.11	0.36
37612	54.40	16.88	-33.83	0.05	-0.10	0.33
37631	55.62	20.48	-15.03	0.05	-0.06	0.26
37649	52.12	23.99	1.13	0.04	-0.02	0.19
37667	46.33	26.73	14.13	0.03	-0.02	0.15
37685	39.34	28.46	25.27	0.02	-0.01	0.13
37703	35.84	28.58	30.00	0.00	-0.02	0.14
37722	30.53	25.45	37.12	-0.03	-0.04	0.16
37740	26.72	19.15	40.47	-0.05	-0.04	0.18
37758	21.91	10.54	41.52	-0.07	-0.03	0.24
37776	15.81	-1.08	42.18	-0.09	-0.02	0.29
37796	12.83	-7.54	42.37	-0.10	-0.04	0.34
37815	7.93	-22.05	40.74	-0.09	-0.03	0.35
37833	1.37	-33.92	37.28	-0.06	-0.01	0.39
37853	-7.28	-43.18	36.61	-0.03	0.01	0.46
37872	-14.43	-49.35	38.73	0.01	-0.04	0.52
37892	-17.72	-49.51	38.31	0.08	-0.02	0.56
37910	-22.46	-42.95	38.71	0.11	-0.01	0.63
37930	-23.22	-34.93	44.11	0.12	-0.08	0.75
37949	-16.65	-26.95	50.49	0.15	-0.07	0.83
37967	-14.14	-21.45	53.07	0.17	-0.04	0.87
37987	-11.12	-9.19	57.39	0.16	-0.05	0.93
38005	-1.82	-2.50	64.04	0.10	-0.13	1.02
38025	16.48	-0.09	69.46	0.11	-0.12	1.10
38043	26.63	3.40	70.11	0.17	0.04	1.12
38060	25.76	7.81	69.67	0.19	0.10	1.21
38078	20.39	17.91	69.60	0.15	0.05	1.25
38096	22.66	20.28	73.04	0.09	0.06	1.27
38114	18.05	16.59	77.67	0.09	0.21	1.31
38132	9.80	15.26	78.77	0.14	0.26	1.46
38149	-9.72	15.09	78.48	0.13	0.19	1.48
38167	-17.04	13.17	77.67	0.08	0.10	1.41
38185	-18.71	8.58	78.77	0.09	0.15	1.49
38204	-21.59	6.39	80.63	0.15	0.09	1.50
38222	-20.11	7.37	80.23	0.18	0.05	1.51
38239	-11.47	14.37	77.67	0.22	0.00	1.56
38258	0.87	21.61	73.41	0.20	-0.00	1.60
38275	10.82	25.28	68.76	0.18	0.06	1.61
38294	13.11	26.55	66.36	0.17	0.11	1.61
38311	13.18	28.24	60.78	0.17	0.14	1.62
38328	7.14	28.03	55.25	0.14	0.19	1.60
38347	-4.68	23.62	50.75	0.11	0.22	1.60
38364	-11.12	20.31	48.32	0.11	0.20	1.58
38382	-19.99	15.66	41.47	0.14	0.13	1.53
38401	-20.77	14.60	30.76	0.14	0.06	1.49
38418	-14.34	13.03	16.85	0.14	-0.00	1.47
38438	-2.23	12.51	0.82	0.14	-0.04	1.46
38456	5.08	12.66	-7.77	0.15	-0.01	1.45
38475	16.39	13.96	-24.63	0.15	0.04	1.45
38493	16.69	14.63	-39.87	0.12	0.12	1.40
38511	8.70	16.19	-56.06	0.15	0.15	1.35
38530	-6.62	18.92	-72.19	0.09	0.20	1.30
38548	-15.87	17.47	-79.70	0.01	0.19	1.26
38567	-34.47	8.16	-92.96	-0.01	0.18	1.23
38585	-51.44	-3.94	-106.66	0.04	0.13	1.18
38605	-65.05	-10.12	-121.66	0.07	0.07	1.14
38624	-71.03	-15.37	-135.19	0.06	-0.01	1.09
38643	-69.38	-21.36	-145.02	0.07	-0.07	1.06
38663	-61.23	-23.39	-150.50	0.11	-0.14	1.01
38682	-48.71	-20.48	-150.62	0.14	-0.17	0.97
38702	-34.56	-14.56	-144.81	0.14	-0.19	0.92
38721	-26.81	-10.68	-140.21	0.15	-0.21	0.88
38741	-10.73	-1.46	-127.96	0.16	-0.21	0.85
38760	4.23	9.60	-112.82	0.14	-0.20	0.80
38778	17.26	18.19	-94.50	0.11	-0.19	0.75
38797	27.94	23.91	-74.55	0.08	-0.17	0.69
38816	35.93	26.29	-55.37	0.04	-0.15	0.64
38835	42.14	24.20	-38.68	0.01	-0.15	0.59
38853	47.94	20.40	-24.83	0.02	-0.14	0.52
38871	50.40	19.32	-18.74	0.03	-0.13	0.48
38890	54.49	18.48	-7.42	0.02	-0.12	0.43
38909	57.02	15.84	3.85	-0.00	-0.11	0.38
38927	58.33	11.78	14.57	0.01	-0.09	0.33
38946	57.97	9.78	22.93	0.02	-0.06	0.29
38963	56.06	8.56	26.05	0.02	-0.04	0.26
38982	50.52	7.37	30.75	0.01	-0.02	0.20
38999	44.78	6.90	33.63	0.03	-0.02	0.18
39019	38.60	8.39	34.76	0.03	-0.01	0.18
39037	31.89	9.29	33.89	0.00	0.00	0.19
39054	27.88	8.41	32.93	-0.02	0.01	0.21
39072	19.88	3.48	29.83	-0.01	0.00	0.25
39090	11.20	-1.01	27.28	-0.02	0.03	0.31
39108	0.38	-7.55	26.46	-0.05	0.01	0.36
39127	-3.65	-13.15	25.10	-0.05	-0.01	0.41
39146	-10.12	-24.38	21.21	-0.04	-0.00	0.44
39166	-18.34	-34.81	21.00	-0.05	0.03	0.49
39185	-27.15	-44.91	24.49	-0.04	-0.02	0.55
39204	-29.79	-52.09	24.28	0.05	-0.04	0.59
39224	-33.91	-50.89	22.49	0.11	0.01	0.70
39242	-37.84	-44.95	24.93	0.12	-0.08	0.82
39261	-27.13	-39.89	25.31	0.15	-0.21	0.87
39280	-17.85	-35.64	22.75	0.26	-0.15	0.99
39298	-2.40	-19.20	17.29	0.27	-0.13	1.04
39319	10.41	-3.02	17.72	0.20	-0.10	1.10
39337	24.11	6.36	20.58	0.20	-0.11	1.10
39354	31.86	17.87	19.96	0.25	0.06	1.16
39373	23.33	29.85	20.17	0.16	0.12	1.21
39390	18.19	31.83	21.39	0.13	0.09	1.21
39407	11.46	30.99	25.02	0.08	0.11	1.21
39426	2.00	26.90	29.62	0.07	0.17	1.24
39443	-12.68	19.06	34.16	0.02	0.20	1.24
39462	-19.82	13.46	36.06	0.04	0.14	1.25
39480	-28.79	3.45	37.41	0.06	0.13	1.31
39497	-29.79	-2.94	37.41	0.10	-0.00	1.43
39516	-16.95	-9.54	37.28	0.09	-0.08	1.47
39535	0.75	-17.03	37.55	0.14	-0.07	1.61
39553	8.80	-19.42	37.90	0.17	-0.00	1.66
39571	19.10	-21.97	39.98	0.18	0.06	1.63
39589	17.53	-19.10	45.14	0.24	0.14	1.57
39606	9.16	-8.13	51.88	0.30	0.16	1.60
39624	4.61	-0.66	55.48	0.30	0.17	1.59
39642	-5.14	12.83	62.32	0.26	0.17	1.54
39660	-15.05	22.86	68.13	0.25	0.16	1.49
39678	-22.87	33.20	70.69	0.25	0.13	1.48
39695	-25.04	37.61	70.36	0.22	0.11	1.48
39713	-24.73	41.02	66.62	0.15	0.07	1.50
39732	-20.17	38.24	59.74	0.14	0.03	1.48
39750	-10.12	33.28	50.83	0.09	-0.03	1.48
39768	5.07	22.40	40.76	0.04	-0.04	1.44
39787	12.76	15.79	35.45	0.05	-0.04	1.41
39804	23.45	6.24	25.19	0.13	0.06	1.39
39822	23.45	8.30	14.83	0.17	0.13	1.36
39840	15.63	10.88	3.56	0.11	0.18	1.33
39857	8.94	10.04	-2.72	0.11	0.21	1.32
39876	-7.75	9.38	-17.41	0.13	0.20	1.26
39894	-24.19	12.50	-35.58	0.14	0.18	1.21
39912	-39.00	14.27	-55.27	0.08	0.14	1.18
39932	-50.42	10.62	-75.09	0.06	0.10	1.15
39950	-54.79	8.22	-84.52	0.07	0.05	1.11
39968	-60.52	4.03	-102.16	0.07	0.02	1.10
39987	-60.97	-0.26	-118.16	0.05	-0.04	1.06
40006	-55.69	-5.23	-130.62	0.05	-0.10	1.02
40026	-45.65	-8.64	-138.18	0.06	-0.14	0.98
40046	-32.10	-9.69	-140.01	0.07	-0.16	0.93
40065	-18.42	-8.88	-135.62	0.07	-0.16	0.88
40085	-6.33	-6.41	-126.01	0.07	-0.16	0.83
40103	4.70	-2.01	-112.78	0.08	-0.16	0.78
40123	9.81	0.69	-105.45	0.07	-0.16	0.73
40141	19.41	5.19	-90.00	0.06	-0.16	0.71
40159	28.43	8.26	-73.87	0.05	-0.17	0.66
40178	37.51	11.44	-58.33	0.06	-0.16	0.60
40196	45.44	14.18	-43.93	0.03	-0.15	0.54
40215	51.59	13.84	-30.36	0.01	-0.13	0.46
40233	53.77	12.88	-23.64	0.01	-0.12	0.41
40253	56.93	12.59	-11.03	0.05	-0.11	0.33
40271	59.31	15.81	-0.46	0.06	-0.10	0.25
40289	60.06	20.13	8.29	0.06	-0.08	0.21
40308	57.94	23.30	15.58	0.05	-0.04	0.18
40326	55.39	25.33	18.88	0.05	-0.02	0.16
40344	48.16	27.82	24.51	0.03	-0.01	0.15
40363	40.22	28.43	28.18	-0.00	-0.00	0.16
40381	30.76	24.92	29.65	-0.02	0.02	0.20
40399	18.26	18.68	29.60	-0.05	0.06	0.26
40417	10.71	14.16	29.66	-0.07	0.06	0.29
40435	-2.88	0.06	30.17	-0.12	0.03	0.35
40454	-13.90	-18.28	30.23	-0.12	0.03	0.41
40473	-25.68	-36.44	31.71	-0.09	0.05	0.47
40493	-36.10	-50.31	35.42	-0.08	-0.01	0.52
40512	-39.99	-61.10	37.40	0.00	-0.04	0.56
40530	-41.78	-63.67	36.94	0.07	-0.05	0.65
40550	-41.76	-62.09	37.35	0.14	-0.10	0.75
40568	-36.12	-53.94	39.43	0.17	-0.15	0.76
40588	-21.36	-39.08	39.90	0.24	-0.19	0.82
40606	-3.85	-18.34	38.27	0.25	-0.16	0.90
40625	12.59	-1.42	38.31	0.19	-0.17	0.94
40644	31.74	11.06	40.45	0.23	-0.15	0.98
40662	39.54	19.12	41.05	0.19	-0.06	1.04
40679	48.00	32.04	39.93	0.15	-0.02	1.06
40699	46.86	34.81	38.77	0.07	0.08	1.08
40716	37.87	30.38	41.75	0.07	0.13	1.15
40733	25.50	26.98	46.04	0.06	0.16	1.19
40752	18.42	24.41	47.42	0.05	0.17	1.19
40769	2.27	15.98	47.67	-0.02	0.20	1.17
40787	-15.21	-0.12	46.11	-0.02	0.22	1.26
40806	-31.97	-13.89	45.99	0.02	0.15	1.40
40824	-35.57	-19.94	46.19	0.03	0.02	1.41
40843	-31.27	-31.77	46.40	0.08	0.01	1.42
40862	-23.38	-33.26	46.10	0.20	0.03	1.50
40880	-16.10	-23.39	45.91	0.29	-0.00	1.56
40899	-2.81	-5.48	44.25	0.33	-0.05	1.57
40918	12.79	13.87	41.49	0.33	-0.01	1.62
40937	21.62	30.64	39.64	0.30	0.08	1.66
40954	22.63	36.91	39.08	0.26	0.11	1.67
40971	19.82	42.07	38.33	0.18	0.17	1.67
40990	10.74	39.67	37.64	0.15	0.22	1.61
41007	4.26	38.13	37.06	0.13	0.23	1.54
41025	-10.10	34.24	34.84	0.10	0.22	1.51
41042	-21.85	24.70	31.98	0.04	0.18	1.48
41060	-27.71	11.08	26.98	0.06	0.11	1.46
41079	-25.82	2.44	17.73	0.11	0.04	1.43
41096	-21.79	0.09	11.87	0.11	0.01	1.43
41115	-10.74	-5.54	0.14	0.11	-0.00	1.41
41134	0.29	-7.72	-11.22	0.15	0.02	1.38
41152	5.46	-3.60	-23.73	0.20	0.09	1.35
41171	3.43	3.95	-37.58	0.17	0.12	1.32
41189	1.07	6.73	-45.09	0.16	0.12	1.30
41208	-5.49	9.78	-60.49	0.12	0.15	1.26
41226	-15.43	10.80	-75.81	0.12	0.15	1.22
41244	-26.66	11.03	-89.77	0.08	0.15	1.16
41263	-37.11	7.25	-100.25	0.05	0.12	1.11
41281	-41.85	4.70	-103.85	0.03	0.09	1.07
41299	-49.24	-1.82	-108.52	0.03	0.06	1.06
41319	-51.83	-9.46	-111.80	0.02	0.00	1.02
41338	-48.84	-16.48	-113.77	0.02	-0.05	0.98
41357	-40.82	-22.22	-114.62	0.04	-0.10	0.94
41377	-28.05	-25.21	-113.80	0.05	-0.14	0.89
41396	-12.51	-25.10	-110.84	0.06	-0.17	0.85
41416	2.72	-22.80	-105.68	0.07	-0.15	0.81
41434	14.88	-19.12	-98.08	0.08	-0.13	0.77
41453	19.84	-16.66	-93.80	0.09	-0.13	0.75
41473	28.67	-9.19	-84.49	0.11	-0.13	0.69
41492	36.42	0.52	-73.65	0.10	-0.13	0.64
41511	43.37	10.15	-61.68	0.11	-0.13	0.57
41529	49.85	20.37	-48.66	0.13	-0.13	0.48
41548	56.32	32.29	-35.31	0.13	-0.12	0.40
41567	61.42	42.72	-21.99	0.10	-0.11	0.34
41585	63.74	45.97	-15.58	0.09	-0.10	0.30
41605	66.27	51.90	-3.36	0.06	-0.07	0.24
41623	65.31	55.31	7.78	0.05	-0.04	0.18
41641	61.22	58.04	16.68	0.04	-0.02	0.13
41659	56.15	60.03	23.61	0.03	-0.02	0.12
41677	53.24	60.70	26.47	0.02	-0.01	0.13
41696	45.65	59.48	31.49	-0.02	0.02	0.16
41713	35.61	51.09	34.55	-0.07	0.03	0.21
41732	24.51	37.38	36.12	-0.12	0.04	0.29
41749	18.48	28.02	36.79	-0.16	0.07	0.36
41767	4.18	5.60	39.15	-0.19	0.08	0.40
41786	-12.04	-21.65	40.31	-0.17	0.07	0.45
41805	-25.96	-44.66	40.22	-0.13	0.05	0.49
41824	-39.17	-64.51	42.54	-0.10	0.06	0.57
41843	-52.15	-79.09	43.87	-0.02	0.03	0.63
41862	-56.55	-82.86	43.32	0.08	-0.05	0.65
41882	-57.39	-78.31	41.08	0.13	-0.07	0.71
41900	-55.44	-73.70	41.93	0.16	-0.09	0.77
41920	-46.40	-60.10	42.43	0.24	-0.14	0.85
41938	-31.31	-38.80	39.32	0.30	-0.17	0.94
41958	-14.57	-14.24	37.75	0.28	-0.13	1.03
41976	2.99	4.27	40.28	0.22	-0.17	1.08
41994	21.29	18.23	43.88	0.24	-0.06	1.13
42013	25.77	25.89	46.07	0.24	0.08	1.19
42030	23.80	40.28	50.78	0.23	0.10	1.22
42047	17.29	49.65	55.07	0.11	0.10	1.20
42065	7.97	45.35	60.42	0.01	0.21	1.15
42083	-0.81	40.16	63.46	-0.01	0.26	1.15
42102	-23.36	27.60	68.66	0.01	0.24	1.30
42120	-34.91	14.97	68.19	0.01	0.09	1.45
42137	-30.82	1.37	62.01	0.05	-0.02	1.49
42156	-18.20	-7.78	53.42	0.09	-0.03	1.53
42175	-12.15	-11.20	49.21	0.10	0.01	1.58
42194	-3.95	-19.71	43.05	0.07	0.04	1.59
42212	-0.85	-29.07	39.73	0.11	0.09	1.56
42230	-2.84	-31.54	37.14	0.21	0.10	1.59
42250	-4.06	-23.99	33.08	0.27	0.09	1.63
42268	-5.31	-12.28	29.01	0.26	0.11	1.56
42287	-6.94	-6.96	27.39	0.26	0.13	1.55
42305	-11.93	4.17	24.67	0.28	0.14	1.55
42323	-17.85	17.29	21.79	0.27	0.13	1.51
42342	-21.56	26.99	18.77	0.18	0.11	1.50
42360	-22.13	25.45	15.49	0.09	0.07	1.53
42378	-20.25	20.68	13.08	0.10	0.01	1.52
42396	-11.49	11.90	4.94	0.12	-0.01	1.50
42414	1.80	6.74	-3.91	0.10	-0.02	1.45
42434	12.60	0.03	-9.80	0.09	0.05	1.41
42451	16.34	-2.61	-15.98	0.16	0.08	1.35
42470	16.28	-1.05	-19.94	0.16	0.13	1.32
42488	10.67	3.04	-28.55	0.13	0.16	1.30
42508	-1.75	1.54	-35.60	0.07	0.19	1.26
42526	-15.23	-3.28	-42.02	0.09	0.16	1.20
42544	-27.36	-5.22	-47.88	0.08	0.16	1.15
42564	-38.82	-6.79	-51.88	0.09	0.12	1.11
42582	-43.55	-6.97	-53.79	0.13	0.08	1.06
42602	-50.45	-3.36	-58.24	0.14	0.03	1.02
42621	-53.56	3.42	-62.50	0.12	0.01	1.01
42639	-52.14	7.22	-65.77	0.08	-0.06	0.97
42658	-44.54	7.08	-68.36	0.07	-0.12	0.93
42677	-33.42	7.75	-70.77	0.07	-0.14	0.89
42697	-21.55	8.09	-71.64	0.04	-0.16	0.86
42715	-8.76	6.45	-70.57	0.02	-0.17	0.81
42734	-2.17	5.40	-69.52	0.02	-0.18	0.80
42754	10.89	4.73	-66.39	0.03	-0.17	0.75
42772	21.82	5.00	-61.16	0.03	-0.16	0.70
42790	30.46	6.68	-54.05	0.05	-0.15	0.64
42809	37.89	11.90	-45.06	0.09	-0.15	0.58
42829	45.56	21.76	-34.84	0.10	-0.14	0.51
42847	51.22	31.08	-23.33	0.09	-0.13	0.45
42865	53.38	35.06	-17.46	0.09	-0.13	0.41
42884	57.83	42.71	-6.45	0.09	-0.13	0.34
42903	61.57	49.53	3.27	0.07	-0.12	0.29
42921	62.39	54.20	11.60	0.06	-0.08	0.24
42939	59.42	57.10	18.75	0.03	-0.05	0.20
42957	56.75	57.01	22.00	0.01	-0.04	0.19
42975	49.44	54.52	27.02	-0.01	-0.01	0.19
42993	39.40	49.18	29.72	-0.06	0.02	0.22
43011	26.20	37.60	30.70	-0.12	0.03	0.27
43030	12.76	15.06	29.31	-0.14	0.03	0.33
43048	5.81	6.70	28.17	-0.16	0.03	0.37
43066	-6.61	-18.16	26.86	-0.15	0.02	0.42
43085	-16.92	-39.93	26.15	-0.16	0.00	0.48
43103	-25.76	-62.24	24.77	-0.11	0.02	0.52
43123	-36.21	-78.52	23.71	-0.03	0.03	0.56
43142	-44.11	-84.05	25.50	0.05	-0.03	0.57
43161	-44.78	-83.36	27.83	0.13	-0.09	0.60
43180	-40.89	-74.02	31.28	0.16	-0.09	0.63
43198	-35.96	-59.39	31.33	0.21	-0.07	0.69
43218	-29.69	-40.71	30.61	0.25	-0.12	0.75
43237	-17.64	-18.37	32.06	0.28	-0.14	0.81
43256	-4.52	6.68	33.02	0.30	-0.12	0.87
43274	7.49	28.82	30.91	0.23	-0.10	0.93
43292	12.79	36.10	29.79	0.17	-0.09	0.95