Time	Gx	Gy	Gz	Ax	Ay	Az
5815	14.25	17.56	-58.87	-0.01	0.08	1.04
5833	8.73	4.88	-48.66	-0.06	0.10	1.03
5852	5.69	-3.86	-41.34	-0.06	0.12	1.04
5870	-1.57	-21.74	-25.34	-0.03	0.12	1.03
5889	-9.11	-33.89	-11.60	0.01	0.11	1.03
5908	-16.39	-40.08	-0.50	0.06	0.11	1.04
5926	-21.47	-39.18	8.48	0.11	0.07	1.08
5945	-22.69	-33.05	16.16	0.12	0.06	1.17
5963	-22.77	-29.77	18.52	0.12	0.06	1.22
5981	-20.34	-23.01	21.62	0.13	0.02	1.30
5999	-13.23	-15.41	22.43	0.14	-0.01	1.38
6017	-4.09	-7.45	19.06	0.14	-0.01	1.45
6037	3.23	-0.15	12.12	0.14	0.01	1.45
6054	5.87	3.13	7.86	0.13	0.02	1.44
6072	9.26	6.00	-0.20	0.07	0.04	1.42
6090	7.92	0.27	-7.80	-0.01	0.07	1.43
6108	5.45	-12.24	-14.18	-0.04	0.04	1.41
6127	4.76	-19.55	-15.67	-0.05	0.07	1.40
6146	0.87	-34.27	-15.03	-0.04	0.11	1.43
6164	-7.93	-44.92	-15.59	-0.02	0.07	1.45
6183	-10.86	-53.25	-15.12	-0.02	0.02	1.44
6202	-9.83	-59.62	-10.01	-0.02	0.01	1.41
6220	-9.26	-63.87	-0.46	-0.01	0.00	1.39
6239	-9.80	-63.17	10.44	0.03	0.01	1.35
6257	-10.53	-60.46	15.27	0.06	0.00	1.31
6276	-9.98	-49.32	21.55	0.11	-0.04	1.19
6294	-6.47	-33.00	23.41	0.14	-0.07	1.05
6312	-2.43	-13.76	22.67	0.12	-0.05	0.91
6330	-1.16	-4.82	21.59	0.09	-0.04	0.80
6351	0.08	18.08	15.00	0.08	-0.04	0.70
6368	0.17	25.59	11.95	0.08	-0.04	0.66
6386	0.61	39.73	4.91	0.06	-0.05	0.59
6404	1.08	51.71	-2.53	0.06	-0.04	0.53
6422	0.99	57.50	-6.24	0.02	-0.05	0.47
6441	1.11	65.89	-11.86	0.00	-0.06	0.44
6459	1.08	69.76	-15.91	-0.02	-0.06	0.37
6479	0.96	69.17	-22.69	-0.04	-0.07	0.33
6497	1.27	68.79	-34.73	-0.01	-0.06	0.30
6516	-0.27	69.58	-51.06	-0.05	-0.05	0.24
6535	-4.44	63.17	-68.13	-0.18	-0.03	0.23
6554	-9.96	35.10	-81.80	-0.43	-0.02	0.28
6574	-12.27	10.79	-84.90	-0.37	-0.07	0.42
6593	-11.70	-33.86	-81.42	-0.19	-0.09	0.53
6612	-7.49	-40.44	-68.37	0.23	-0.02	0.82
6631	-11.23	-5.34	-50.78	0.45	0.05	0.98
6650	-18.20	46.48	-32.12	0.46	0.04	1.08
6669	-23.86	91.48	-14.94	0.29	0.04	1.11
6687	-26.89	113.30	-1.45	0.05	-0.01	1.08
6706	-25.80	113.30	4.46	-0.19	-0.07	1.03
6724	-19.45	93.09	13.69	-0.26	-0.09	1.01
6742	-10.73	57.25	18.31	-0.29	-0.10	0.98
6762	-1.69	24.49	19.41	-0.18	-0.09	0.95
6781	4.35	6.41	18.78	-0.05	-0.06	0.92
6800	6.97	2.93	16.27	0.05	-0.04	0.91
6817	7.34	5.54	14.76	0.07	-0.03	0.90
6834	6.41	13.99	12.18	0.06	-0.02	0.89
6853	5.08	18.86	11.17	-0.01	-0.02	0.87
6871	2.72	15.84	10.39	-0.08	-0.01	0.86
6890	-0.50	6.47	9.05	-0.12	-0.01	0.86
6908	-2.38	0.20	8.27	-0.13	-0.02	0.87
6928	-5.68	-12.57	6.61	-0.13	-0.02	0.88
6947	-8.06	-23.25	5.55	-0.09	-0.04	0.90
6966	-7.68	-28.05	6.00	-0.05	-0.06	0.92
6985	-6.47	-28.15	7.69	-0.03	-0.05	0.93
7004	-5.71	-26.70	9.35	-0.03	-0.05	0.91
7024	-4.30	-24.84	9.38	-0.02	-0.05	0.89
7042	-3.14	-21.27	7.78	-0.02	-0.04	0.86
7062	-2.84	-17.58	4.82	-0.01	-0.04	0.83
7081	-2.78	-15.01	3.31	0.01	-0.05	0.82
7099	-1.36	-7.10	1.17	0.04	-0.06	0.80
7119	0.93	2.26	0.37	0.04	-0.06	0.78
7136	2.84	11.03	0.08	0.05	-0.05	0.76
7154	4.10	19.58	0.29	0.06	-0.05	0.74
7172	4.70	23.77	0.73	0.05	-0.05	0.73
7190	5.48	28.98	1.85	-0.00	-0.04	0.71
7208	5.48	26.89	2.93	-0.05	-0.04	0.70
7226	5.54	17.97	3.62	-0.11	-0.04	0.68
7245	5.58	10.83	3.78	-0.17	-0.04	0.63
7263	5.49	-8.83	3.42	-0.19	-0.03	0.60
7282	4.82	-33.42	2.33	-0.22	-0.03	0.52
7301	4.36	-59.51	1.56	-0.20	-0.04	0.46
7319	4.85	-82.58	1.53	-0.16	-0.05	0.45
7338	6.29	-98.91	1.97	-0.07	-0.04	0.49
7357	6.90	-103.12	1.98	0.06	-0.03	0.57
7375	7.95	-101.06	1.42	0.12	-0.03	0.62
7394	9.69	-84.55	-1.46	0.25	-0.03	0.72
7412	11.90	-56.70	-6.27	0.29	-0.04	0.80
7432	15.14	-26.49	-12.68	0.30	-0.04	0.84
7450	17.01	1.94	-19.20	0.28	-0.01	0.90
7470	16.53	14.80	-22.25	0.23	0.03	1.01
7487	13.44	35.95	-26.99	0.19	0.03	1.08
7505	9.38	46.68	-28.84	0.06	0.05	1.24
7523	5.34	40.70	-27.08	-0.07	0.06	1.34
7541	0.84	21.04	-20.74	-0.16	0.06	1.36
7560	-1.21	8.01	-16.74	-0.17	0.03	1.36
7578	-3.39	-19.10	-8.15	-0.15	0.02	1.34
7597	-2.23	-41.73	1.95	-0.11	-0.01	1.32
7617	-0.15	-57.91	12.80	-0.04	-0.02	1.27
7635	1.71	-64.50	23.50	0.04	-0.02	1.25
7654	3.22	-61.57	31.57	0.11	-0.02	1.22
7673	5.80	-50.69	35.00	0.17	-0.03	1.23
7690	7.68	-43.01	35.25	0.18	-0.04	1.24
7709	11.76	-27.34	34.55	0.16	-0.03	1.26
7727	14.02	-14.36	33.08	0.13	-0.01	1.24
7746	15.18	-4.27	29.97	0.13	-0.02	1.23
7764	14.71	5.22	25.21	0.11	0.01	1.24
7781	13.21	8.90	22.37	0.10	0.02	1.25
7800	7.58	12.65	16.43	0.05	0.04	1.25
7817	2.11	10.64	10.07	0.02	0.03	1.28
7834	-0.11	8.62	6.85	0.01	0.02	1.29
7852	-3.48	3.52	1.11	0.01	0.03	1.28
7869	-7.03	-1.72	-3.66	0.01	0.03	1.26
7889	-10.22	-6.76	-8.09	0.01	0.02	1.29
7908	-10.86	-11.28	-11.66	0.03	0.00	1.33
7927	-9.22	-13.31	-13.55	0.05	-0.01	1.36
7946	-7.39	-13.20	-13.75	0.07	-0.03	1.39
7964	-2.40	-11.76	-12.28	0.08	-0.02	1.40
7985	0.73	-7.39	-9.38	0.10	0.01	1.41
8003	2.09	-0.67	-6.61	0.11	-0.01	1.41
8022	4.65	6.81	-4.81	0.11	0.00	1.43
8039	5.69	15.05	-2.96	0.12	0.04	1.44
8057	4.96	19.30	-1.45	0.11	0.05	1.43
8074	1.46	25.73	2.61	0.08	0.07	1.42
8091	-2.40	27.74	6.58	0.04	0.05	1.41
8110	-3.81	24.67	10.30	0.01	0.03	1.42
8127	-4.06	22.13	12.02	0.01	0.03	1.43
8144	-4.90	17.67	14.85	0.01	0.05	1.41
8162	-7.13	14.65	16.34	0.02	0.05	1.38
8179	-8.30	13.81	16.65	0.05	0.04	1.36
8197	-10.24	14.30	16.24	0.06	0.02	1.34
8215	-9.16	19.10	15.11	0.09	-0.01	1.32
8233	-6.61	27.27	13.09	0.11	-0.01	1.28
8250	-5.63	32.24	11.58	0.11	-0.02	1.22
8268	-4.17	42.88	7.77	0.11	-0.02	1.17
8286	-2.87	51.70	3.07	0.08	-0.03	1.05
8304	-1.83	58.07	-2.46	0.07	-0.03	0.93
8323	-1.39	63.11	-7.77	0.05	-0.04	0.80
8341	-1.22	64.48	-10.09	0.04	-0.04	0.73
8359	-1.04	66.15	-14.18	0.02	-0.05	0.60
8377	-1.02	67.95	-17.49	0.04	-0.05	0.49
8396	-1.59	71.73	-19.44	0.04	-0.04	0.39
8415	-2.01	75.21	-20.60	0.03	-0.05	0.32
8433	-1.80	77.00	-20.97	0.03	-0.06	0.29
8451	-0.93	80.44	-21.15	0.03	-0.06	0.25
8469	-0.08	83.89	-20.89	0.02	-0.04	0.26
8488	0.06	86.03	-20.19	-0.03	-0.04	0.27
8506	-0.41	77.73	-18.78	-0.21	-0.03	0.30
8525	-1.01	64.74	-17.06	-0.54	-0.05	0.37
8544	-0.12	10.93	-10.85	-0.66	-0.07	0.42
8563	3.65	-64.22	-2.53	-0.59	-0.06	0.53
8581	6.15	-120.62	7.39	-0.29	-0.03	0.69
8600	6.53	-136.37	17.78	0.15	0.02	0.90
8618	0.40	-100.28	25.28	0.51	0.06	1.08
8635	-3.71	-67.90	26.25	0.54	0.06	1.14
8653	-9.34	-4.01	24.52	0.40	0.01	1.18
8673	-8.77	33.55	20.71	0.09	-0.05	1.13
8691	-3.22	34.04	15.21	-0.20	-0.09	1.03
8710	2.79	4.99	8.26	-0.35	-0.06	0.92
8728	5.07	-14.86	4.70	-0.31	-0.06	0.84
8746	8.68	-50.64	-0.99	-0.22	-0.06	0.82
8765	11.03	-66.19	-3.17	-0.02	-0.04	0.82
8784	9.87	-57.97	-2.27	0.13	-0.00	0.81
8803	4.76	-36.13	0.85	0.18	0.01	0.84
8822	-1.43	-11.08	4.00	0.14	0.02	0.87
8839	-4.67	-1.02	5.17	0.09	0.02	0.89
8858	-10.09	9.37	6.48	-0.01	-0.01	0.90
8876	-11.98	9.92	5.87	-0.04	-0.04	0.93
8896	-10.48	7.19	3.71	-0.07	-0.06	0.95
8915	-7.16	1.02	0.99	-0.08	-0.06	0.97
8933	-3.60	-4.79	-1.60	-0.05	-0.05	0.98
8954	-1.75	-7.39	-3.85	-0.03	-0.04	0.98
8973	-1.36	-8.22	-4.88	-0.03	-0.03	0.98
8993	-1.50	-8.70	-4.82	-0.03	-0.01	0.98
9013	-3.60	-9.34	-3.77	-0.02	-0.01	0.98
9033	-6.12	-9.69	-2.08	-0.03	-0.02	0.98
9052	-7.52	-10.64	-0.05	-0.04	-0.02	0.98
9071	-9.16	-13.20	1.79	-0.05	-0.01	0.95
9091	-10.60	-16.25	3.75	-0.03	-0.02	0.92
9110	-10.27	-15.91	5.58	0.01	-0.04	0.89
9129	-8.26	-9.35	7.55	0.07	-0.05	0.85
9148	-5.97	3.10	9.41	0.11	-0.05	0.81
9165	-5.00	10.70	9.66	0.11	-0.05	0.77
9184	-3.14	26.03	9.51	0.11	-0.05	0.74
9202	-1.74	38.09	8.51	0.08	-0.05	0.69
9221	-0.50	46.26	6.55	0.05	-0.05	0.66
9239	1.10	50.16	3.92	0.01	-0.05	0.64
9258	2.24	50.22	2.64	-0.03	-0.05	0.62
9276	4.17	46.26	0.09	-0.05	-0.05	0.62
9293	5.05	37.08	-3.14	-0.11	-0.04	0.61
9313	5.42	20.97	-7.51	-0.16	-0.04	0.59
9331	5.65	-1.10	-12.60	-0.20	-0.04	0.55
9350	6.67	-26.67	-17.03	-0.20	-0.05	0.51
9370	8.48	-51.74	-20.32	-0.18	-0.05	0.49
9389	9.55	-63.23	-21.64	-0.13	-0.05	0.50
9408	11.63	-81.25	-24.31	-0.08	-0.05	0.53
9428	13.63	-88.33	-26.00	0.04	-0.05	0.62
9446	13.76	-82.15	-25.76	0.14	-0.02	0.75
9465	10.68	-65.67	-24.48	0.22	0.01	0.86
9483	5.58	-40.82	-22.81	0.27	0.02	0.91
9501	2.87	-27.07	-22.19	0.27	0.03	0.97
9521	-1.94	-0.73	-21.36	0.23	0.02	1.05
9539	-5.14	21.99	-19.58	0.19	0.02	1.09
9557	-5.34	34.84	-15.64	0.10	-0.01	1.19
9576	-1.57	35.26	-10.12	-0.01	-0.03	1.31
9595	3.97	22.61	-3.83	-0.11	-0.03	1.40
9614	8.42	-0.08	2.78	-0.16	-0.02	1.40
9633	9.90	-12.74	6.36	-0.13	0.01	1.33
9650	10.35	-35.95	13.37	-0.10	0.02	1.28
9669	9.48	-52.06	18.66	-0.03	0.01	1.20
9687	9.60	-58.72	22.14	0.05	-0.01	1.18
9706	9.89	-56.69	23.48	0.12	-0.00	1.21
9724	9.66	-52.76	23.27	0.16	0.01	1.27
9742	8.50	-40.89	21.12	0.17	0.02	1.31
9760	7.10	-28.72	16.71	0.14	-0.00	1.34
9778	6.59	-20.02	11.31	0.12	0.00	1.35
9796	6.24	-16.77	8.45	0.11	-0.00	1.38
9814	5.43	-11.34	2.40	0.10	-0.01	1.39
9833	4.97	-9.25	-4.18	0.05	0.00	1.41
9851	4.33	-13.53	-10.74	-0.00	-0.00	1.40
9870	3.77	-22.55	-14.45	-0.00	0.02	1.42
9888	-0.06	-30.06	-17.04	0.02	0.05	1.43
9908	-2.06	-32.61	-18.05	0.04	0.01	1.41
9927	-3.42	-35.71	-18.14	0.05	0.01	1.40
9946	-4.59	-36.73	-17.01	0.07	0.02	1.43
9965	-6.73	-34.68	-16.33	0.10	0.00	1.43
9983	-6.27	-30.03	-14.72	0.11	-0.01	1.44
10003	-5.28	-23.36	-11.08	0.13	-0.00	1.43
10021	-4.59	-15.29	-5.91	0.13	0.01	1.43
10042	-4.26	-7.90	-1.17	0.12	-0.02	1.43
10060	-1.92	-1.54	4.10	0.11	-0.02	1.42
10078	-1.13	1.04	6.74	0.10	-0.00	1.41
10098	-1.56	6.13	11.29	0.11	0.02	1.40
10115	-2.98	10.89	14.25	0.09	0.02	1.39
10134	-4.50	12.74	16.82	0.05	0.00	1.38
10152	-4.47	12.28	18.42	0.03	-0.02	1.35
10169	-4.03	10.35	22.35	0.05	-0.01	1.35
10188	-6.00	12.28	24.72	0.10	0.02	1.32
10205	-9.38	18.78	24.25	0.11	-0.00	1.26
10223	-10.18	25.92	21.41	0.10	-0.03	1.20
10243	-9.93	29.39	19.50	0.10	-0.05	1.13
10261	-8.33	36.70	15.66	0.11	-0.06	1.09
10280	-6.15	47.15	12.24	0.14	-0.07	1.02
10297	-4.35	61.19	9.19	0.15	-0.07	0.95
10315	-1.79	75.87	5.89	0.13	-0.08	0.84
10335	-0.47	81.94	4.36	0.08	-0.08	0.72
10353	1.60	91.20	2.30	0.08	-0.07	0.65
10371	2.18	97.95	1.14	0.06	-0.06	0.55
10388	2.46	103.97	-0.93	0.04	-0.05	0.44
10406	2.56	108.06	-3.19	0.02	-0.06	0.36
10425	2.93	109.47	-3.95	0.02	-0.07	0.34
10443	4.75	111.43	-4.75	0.02	-0.05	0.30
10462	4.71	114.61	-5.34	0.02	-0.04	0.27
10480	3.51	113.83	-5.10	-0.05	-0.03	0.26
10498	1.16	106.37	-4.15	-0.14	-0.01	0.29
10518	-2.35	83.42	-1.48	-0.33	-0.02	0.38
10536	-3.39	63.29	0.27	-0.40	-0.04	0.43
10556	-2.21	18.52	3.08	-0.30	-0.06	0.56
10575	-0.23	-10.27	5.16	-0.12	-0.02	0.72
10594	-0.09	-17.88	6.24	0.05	0.00	0.86
10612	-0.67	-6.27	5.31	0.20	0.01	1.00
10630	-1.75	20.42	1.51	0.24	0.02	1.11
10648	-2.81	34.30	-1.19	0.19	0.03	1.12
10666	-5.02	50.20	-6.58	0.02	-0.01	1.10
10684	-4.35	46.80	-8.79	-0.14	-0.05	1.04
10704	-1.59	26.99	-7.40	-0.25	-0.05	0.96
10723	0.21	-3.34	-4.23	-0.30	-0.04	0.88
10742	1.80	-35.66	1.28	-0.28	-0.05	0.83
10761	3.01	-49.73	4.88	-0.20	-0.04	0.80
10781	4.10	-70.65	12.82	-0.10	-0.02	0.81
10800	2.40	-78.55	19.70	-0.06	-0.01	0.82
10819	-1.07	-75.44	24.08	0.01	-0.00	0.85
10837	-5.07	-66.25	24.61	0.01	-0.01	0.89
10856	-7.42	-58.58	21.56	-0.04	-0.02	0.91
10876	-8.74	-56.92	15.18	-0.08	-0.04	0.93
10895	-8.44	-58.69	7.13	-0.11	-0.06	0.93
10914	-6.23	-62.01	-2.11	-0.11	-0.06	0.94
10933	-4.81	-63.37	-6.85	-0.08	-0.07	0.94
10953	-1.16	-63.40	-14.91	-0.06	-0.07	0.93
10973	2.96	-58.73	-19.42	-0.01	-0.05	0.93
10992	4.17	-48.40	-20.07	0.04	-0.03	0.92
11011	3.27	-33.34	-17.18	0.08	-0.02	0.90
11029	1.34	-15.52	-11.29	0.10	-0.01	0.85
11049	-0.66	2.94	-5.48	0.12	-0.01	0.80
11068	-2.91	19.84	-2.37	0.11	-0.02	0.75
11086	-3.59	26.92	-1.94	0.09	-0.02	0.73
11105	-3.40	38.94	-2.26	0.09	-0.02	0.72
11123	-2.46	48.36	-4.04	0.07	-0.02	0.72
11143	-1.11	52.73	-7.06	0.02	-0.03	0.72
11162	0.75	50.74	-10.30	-0.03	-0.04	0.71
11180	2.93	41.52	-13.61	-0.10	-0.04	0.70
11199	4.82	23.88	-16.71	-0.17	-0.04	0.68
11218	5.77	11.87	-18.45	-0.20	-0.03	0.66
11237	7.81	-17.78	-21.84	-0.25	-0.03	0.60
11255	9.75	-50.60	-24.81	-0.25	-0.04	0.55
11276	12.04	-82.09	-26.70	-0.22	-0.04	0.50
11295	13.09	-108.20	-26.64	-0.14	-0.03	0.50
11313	12.89	-124.68	-23.90	-0.04	-0.01	0.58
11333	10.13	-127.46	-19.26	0.10	0.01	0.68
11350	8.33	-123.23	-16.75	0.22	0.01	0.78
11370	5.63	-103.82	-12.71	0.29	-0.02	0.84
11389	5.34	-75.68	-9.40	0.31	-0.01	0.86
11407	4.18	-44.85	-6.32	0.32	0.01	0.90
11426	2.61	-14.01	-3.86	0.32	-0.00	1.00
11444	2.85	14.33	-1.43	0.26	-0.01	1.12
11464	3.52	25.12	0.06	0.15	-0.00	1.19
11481	4.01	35.92	3.63	0.09	-0.01	1.22
11499	4.18	33.66	7.19	0.01	-0.02	1.28
11517	5.25	23.03	9.86	-0.03	-0.02	1.30
11535	6.97	7.42	11.58	-0.07	-0.02	1.29
11554	8.30	-1.51	12.16	-0.06	-0.01	1.30
11573	10.64	-19.07	11.92	-0.05	-0.02	1.30
11591	13.08	-34.21	9.72	-0.02	-0.02	1.28
11611	13.87	-44.42	7.74	0.02	0.02	1.30
11628	10.57	-48.58	7.32	0.09	0.06	1.34
11646	3.14	-44.78	7.31	0.16	0.07	1.35
11664	-0.99	-39.67	7.48	0.19	0.07	1.35
11682	-7.42	-25.56	7.80	0.22	0.04	1.39
11701	-9.60	-9.77	7.97	0.21	0.01	1.43
11719	-9.11	3.68	8.45	0.18	-0.00	1.39
11738	-7.05	12.53	9.89	0.12	-0.01	1.38
11756	-5.66	13.98	10.36	0.08	-0.01	1.39
11775	-2.03	11.73	9.32	0.05	-0.01	1.43
11793	-0.20	6.35	6.07	0.04	0.02	1.47
11811	0.47	0.87	2.59	0.04	0.01	1.50
11829	2.03	-5.65	0.44	0.03	0.02	1.53
11846	1.97	-8.99	-0.40	0.04	0.03	1.54
11864	-0.70	-12.91	-2.67	0.08	0.05	1.53
11884	-3.75	-12.04	-4.24	0.12	0.04	1.48
11902	-6.33	-8.15	-3.88	0.13	0.05	1.46
11920	-9.37	-2.17	-3.89	0.16	0.03	1.46
11940	-10.10	1.89	-4.00	0.15	0.01	1.45
11957	-9.83	9.23	-3.81	0.13	0.01	1.44
11976	-8.15	13.58	-2.76	0.11	-0.01	1.44
11994	-6.20	16.69	-1.31	0.12	0.01	1.43
12012	-5.20	21.15	-0.70	0.13	-0.00	1.42
12031	-4.15	23.68	-0.41	0.11	-0.01	1.39
12050	-2.24	27.56	0.85	0.10	-0.01	1.37
12068	-1.22	28.93	3.46	0.07	-0.01	1.31
12087	-1.86	29.19	6.64	0.07	-0.01	1.21
12105	-2.72	30.62	9.84	0.08	-0.01	1.12
12123	-2.84	33.66	11.81	0.09	-0.02	1.04
12141	-2.52	35.92	12.08	0.10	-0.02	0.99
12160	-1.40	42.19	11.96	0.10	-0.03	0.88
12178	-1.01	50.05	11.84	0.10	-0.02	0.77
12196	-0.99	58.58	11.64	0.09	-0.02	0.67
12215	-0.90	66.16	10.33	0.08	-0.03	0.57
12233	-0.90	69.73	9.32	0.08	-0.03	0.52
12252	-0.32	76.00	7.32	0.05	-0.04	0.42
12269	0.73	80.20	5.95	0.03	-0.05	0.34
12288	1.56	82.24	5.66	0.01	-0.04	0.29
12306	2.33	82.28	6.62	-0.00	-0.05	0.27
12324	3.20	81.94	7.16	0.00	-0.06	0.27
12341	5.02	83.07	6.93	0.03	-0.04	0.29
12359	4.36	85.92	6.35	0.03	-0.01	0.32
12377	3.23	87.40	6.73	-0.07	0.01	0.39
12395	-0.32	81.28	8.83	-0.18	0.01	0.44
12414	-3.08	50.03	13.11	-0.41	-0.02	0.57
12432	-1.53	-1.85	16.66	-0.42	-0.04	0.73
12452	2.03	-45.23	18.13	-0.22	-0.02	0.93
12470	3.95	-62.55	16.88	0.04	0.02	1.09
12488	3.16	-59.40	14.63	0.26	0.05	1.19
12507	-0.79	-33.58	7.22	0.31	0.04	1.20
12524	-3.89	2.06	-0.67	0.24	0.01	1.16
12543	-5.11	22.98	-6.56	0.04	-0.03	1.08
12562	-3.63	21.27	-9.06	-0.12	-0.05	0.98
12580	-2.29	13.78	-9.51	-0.22	-0.06	0.87
12600	0.95	-8.90	-8.70	-0.21	-0.05	0.80
12619	3.54	-32.01	-5.97	-0.17	-0.06	0.78
12638	5.87	-45.96	-1.60	-0.07	-0.04	0.78
12657	5.69	-47.01	3.69	0.02	-0.02	0.79
12675	2.84	-38.35	8.38	0.06	-0.00	0.80
12693	-1.27	-26.00	10.71	0.07	-0.00	0.84
12711	-2.72	-19.93	10.83	0.05	-0.02	0.86
12729	-3.49	-11.95	10.07	-0.00	-0.04	0.90
12748	-3.57	-10.19	6.85	-0.06	-0.03	0.95
12767	-4.03	-14.77	0.37	-0.09	-0.04	0.98
12786	-2.87	-22.02	-6.82	-0.10	-0.05	0.99
12805	-1.42	-27.15	-13.21	-0.04	-0.04	0.98
12825	-1.33	-26.03	-18.33	-0.01	-0.02	0.96
12844	-2.04	-23.94	-20.05	0.00	-0.01	0.93
12862	-3.72	-19.50	-21.03	-0.00	-0.01	0.92
12881	-5.62	-14.95	-19.88	0.01	-0.01	0.88
12901	-6.74	-9.52	-16.97	0.03	-0.01	0.85
12920	-8.50	-1.39	-13.44	0.07	0.01	0.82
12938	-12.18	10.68	-11.00	0.10	0.01	0.78
12956	-13.46	17.64	-10.22	0.11	-0.02	0.76
12974	-13.92	31.22	-8.70	0.10	-0.03	0.75
12992	-11.64	41.76	-8.54	0.07	-0.05	0.75
13010	-8.00	47.15	-10.27	0.02	-0.05	0.76
13029	-3.45	46.40	-13.46	-0.02	-0.06	0.77
13048	1.25	40.51	-17.49	-0.06	-0.05	0.76
13066	3.31	34.88	-19.87	-0.10	-0.05	0.75
13084	7.22	18.91	-24.35	-0.15	-0.05	0.72
13103	11.02	-3.11	-27.74	-0.19	-0.05	0.67
13122	14.11	-30.01	-30.96	-0.22	-0.04	0.60
13141	15.91	-58.94	-34.07	-0.21	-0.03	0.50
13159	16.57	-72.65	-35.03	-0.17	-0.04	0.44
13180	18.08	-106.66	-34.06	-0.12	-0.03	0.44
13199	18.22	-114.99	-32.09	-0.08	-0.03	0.46
13219	18.59	-123.52	-24.78	0.04	-0.03	0.55
13238	17.49	-117.28	-14.42	0.18	0.00	0.64
13256	13.53	-95.90	-3.43	0.29	0.02	0.73
13274	8.91	-65.08	6.30	0.33	0.02	0.81
13292	6.91	-48.87	9.89	0.32	0.01	0.89
13310	4.91	-18.11	13.73	0.31	0.00	0.94
13328	6.09	9.06	16.19	0.28	-0.00	1.03
13346	5.91	29.46	19.04	0.20	0.03	1.15
13362	4.85	35.60	20.19	0.09	0.03	1.28
13380	3.46	36.85	21.50	0.03	0.02	1.34
13397	3.94	23.94	22.60	-0.04	0.01	1.41
13416	4.52	3.63	22.98	-0.06	0.01	1.42
13434	5.16	-7.31	23.09	-0.02	0.01	1.40
13452	5.84	-26.63	22.20	0.00	0.01	1.37
13470	4.84	-39.79	20.90	0.05	0.01	1.30
13487	3.66	-48.66	19.91	0.07	0.02	1.28
13506	2.64	-54.57	17.30	0.10	0.02	1.29
13524	2.75	-56.20	15.27	0.11	0.01	1.29
13541	4.33	-55.77	11.78	0.15	0.00	1.29
13560	5.87	-51.15	8.44	0.17	0.01	1.30
13577	6.42	-43.84	4.56	0.17	0.02	1.31
13596	5.74	-40.47	2.66	0.17	0.03	1.32
13614	2.47	-33.63	-1.42	0.18	0.05	1.35
13632	-0.60	-25.10	-6.01	0.20	0.04	1.40
13651	-0.37	-15.82	-10.93	0.16	0.01	1.43
13669	0.78	-12.42	-13.24	0.11	0.05	1.45
13687	-0.17	-12.18	-13.29	0.12	0.06	1.45
13706	-3.43	-10.74	-12.60	0.13	0.05	1.43
13725	-5.26	-7.80	-11.35	0.14	0.03	1.42
13744	-4.78	-4.64	-8.91	0.13	0.03	1.40
13763	-2.91	-2.82	-5.43	0.11	0.02	1.37
13781	-2.21	-1.27	0.09	0.14	0.04	1.39
13800	-2.70	0.89	3.07	0.16	0.04	1.39
13817	-3.80	7.34	9.03	0.15	0.04	1.39
13836	-4.64	13.17	13.85	0.13	0.03	1.42
13853	-3.80	16.60	16.54	0.12	0.02	1.42
13870	-3.13	17.61	17.82	0.12	0.03	1.41
13889	-3.48	20.39	20.68	0.14	0.04	1.41
13906	-5.45	26.40	23.36	0.14	0.04	1.40
13925	-7.17	31.27	24.32	0.10	0.02	1.39
13942	-6.00	31.40	23.48	0.07	-0.01	1.35
13960	-4.46	30.35	22.74	0.06	-0.02	1.33
13979	-1.36	27.94	21.33	0.06	-0.02	1.30
13997	0.35	27.13	19.10	0.08	-0.01	1.27
14014	0.32	29.11	15.35	0.10	0.00	1.22
14033	0.02	31.20	12.79	0.12	-0.02	1.17
14050	0.11	38.13	6.85	0.14	-0.02	1.14
14068	0.92	48.90	0.82	0.16	-0.03	1.06
14086	1.97	61.77	-5.34	0.15	-0.03	0.95
14104	2.40	68.19	-8.06	0.12	-0.04	0.83
14123	2.67	79.27	-12.57	0.11	-0.04	0.77
14141	2.76	88.15	-15.99	0.09	-0.04	0.64
14159	1.97	95.76	-18.55	0.08	-0.04	0.54
14178	0.61	103.91	-20.78	0.08	-0.03	0.46
14196	-0.32	108.06	-21.33	0.06	-0.03	0.37
14215	-1.91	114.56	-21.24	0.04	-0.04	0.34
14234	-3.39	118.59	-19.59	0.04	-0.03	0.29
14252	-4.73	123.09	-17.00	0.05	-0.03	0.27
14272	-5.46	129.65	-14.60	0.07	-0.04	0.28
14290	-6.00	137.59	-11.90	0.05	-0.03	0.31
14309	-8.12	138.38	-6.96	-0.10	0.01	0.37
14327	-10.76	131.65	-1.94	-0.20	0.03	0.42
14346	-14.62	98.51	12.21	-0.45	-0.03	0.58
14366	-9.60	40.95	26.12	-0.52	-0.09	0.76
14384	-1.33	-17.93	35.02	-0.44	-0.07	0.92
14404	4.52	-63.69	39.34	-0.26	-0.04	1.06
14422	5.66	-85.24	37.90	-0.02	0.01	1.14
14442	3.77	-78.03	31.86	0.20	0.01	1.17
14459	2.53	-65.29	27.59	0.26	0.00	1.16
14477	0.66	-33.19	18.78	0.23	-0.02	1.06
14496	-0.52	-9.98	12.30	0.08	-0.03	0.95
14514	-1.36	-5.97	6.76	-0.11	-0.04	0.84
14533	-2.06	-23.09	0.82	-0.26	-0.05	0.76
14553	-2.24	-52.95	-4.49	-0.29	-0.05	0.72
14572	-2.00	-68.12	-6.55	-0.21	-0.06	0.72
14591	-1.46	-90.87	-8.94	-0.15	-0.05	0.73
14611	-1.72	-96.71	-8.77	0.01	-0.03	0.79
14630	-3.48	-84.58	-7.19	0.11	-0.01	0.86
14650	-6.87	-64.76	-5.77	0.09	-0.00	0.94
14669	-9.83	-50.86	-4.30	0.01	-0.01	1.00
14689	-11.15	-47.35	-2.81	-0.08	-0.03	1.04
14708	-10.73	-52.12	-2.35	-0.11	-0.03	1.07
14727	-10.04	-59.17	-3.85	-0.12	-0.03	1.06
14748	-8.04	-65.69	-4.93	-0.09	-0.04	1.04
14767	-5.28	-66.39	-5.36	-0.03	-0.03	1.01
14787	-3.28	-60.65	-5.31	0.01	-0.03	0.97
14806	-2.32	-56.40	-4.90	0.03	-0.03	0.92
14826	-0.63	-46.19	-3.07	0.07	-0.02	0.89
14845	0.11	-32.18	-1.02	0.08	-0.03	0.88
14863	1.22	-15.69	0.38	0.10	-0.02	0.83
14882	0.14	2.61	1.42	0.13	-0.00	0.78
14899	-2.50	22.19	0.47	0.14	0.00	0.72
14918	-3.77	32.04	-0.55	0.15	-0.02	0.68
14936	-4.87	51.22	-3.83	0.14	-0.02	0.67
14955	-4.65	68.22	-8.27	0.14	-0.03	0.66
14974	-3.65	83.24	-13.18	0.13	-0.03	0.68
14992	-2.32	93.67	-19.13	0.08	-0.03	0.70
15011	-0.75	97.29	-25.09	0.01	-0.04	0.73
15030	1.56	92.12	-31.04	-0.07	-0.03	0.77
15048	2.76	85.34	-33.81	-0.13	-0.04	0.77
15068	5.72	62.30	-37.78	-0.22	-0.03	0.76
15086	8.15	30.11	-39.89	-0.27	-0.02	0.71
15106	9.28	-7.35	-40.41	-0.29	-0.01	0.61
15124	10.83	-45.70	-39.51	-0.27	-0.03	0.51
15143	13.50	-80.15	-36.18	-0.22	-0.04	0.45
15163	15.15	-107.28	-29.48	-0.14	-0.04	0.46
15182	15.49	-117.07	-24.96	-0.01	-0.02	0.53
15202	14.24	-125.60	-13.78	0.16	0.01	0.62
15219	9.74	-115.94	-1.40	0.23	0.02	0.67
15237	4.79	-90.07	9.61	0.34	-0.01	0.76
15256	2.49	-55.60	18.30	0.37	0.00	0.85
15274	0.50	-19.44	23.59	0.38	-0.00	0.99
15293	0.44	-1.71	25.36	0.33	-0.04	1.13
15311	3.37	28.52	27.86	0.26	-0.03	1.19
15328	6.91	42.40	28.64	0.09	-0.03	1.27
15346	11.20	34.76	30.61	-0.09	-0.03	1.36
15364	13.14	22.72	31.81	-0.19	-0.01	1.42
15382	14.91	-11.00	33.62	-0.19	0.00	1.41
15400	14.11	-43.44	32.99	-0.11	0.02	1.41
15418	12.59	-65.44	30.67	-0.03	0.03	1.40
15435	11.43	-72.86	29.08	0.03	0.04	1.35
15453	8.16	-82.08	25.41	0.05	0.04	1.31
15470	4.50	-84.14	21.35	0.11	0.04	1.28
15489	-0.44	-80.02	16.14	0.15	0.06	1.29
15506	-2.90	-75.82	12.99	0.21	0.02	1.34
15524	-4.50	-62.82	6.65	0.23	0.01	1.35
15542	-3.01	-45.39	1.74	0.23	0.01	1.35
15561	-2.21	-30.62	-2.18	0.18	0.01	1.36
15580	-1.63	-19.27	-5.91	0.19	-0.01	1.37
15599	0.15	-7.51	-9.77	0.18	0.01	1.38
15618	0.31	-2.35	-11.60	0.16	0.02	1.39
15635	0.32	3.30	-14.62	0.10	0.01	1.43
15653	1.11	1.97	-15.21	0.05	0.01	1.45
15672	1.22	-2.75	-14.21	0.07	0.03	1.46
15690	0.58	-4.30	-13.87	0.09	0.02	1.45
15708	0.34	-5.26	-13.24	0.10	0.01	1.44
15727	1.71	-4.65	-11.15	0.11	-0.00	1.41
15745	2.50	-2.62	-6.59	0.12	0.03	1.39
15764	-0.14	0.98	-1.74	0.12	0.05	1.39
15782	-2.29	4.70	1.48	0.13	0.01	1.42
15799	-1.88	6.79	3.23	0.13	-0.00	1.41
15818	-0.61	11.67	6.91	0.14	0.02	1.42
15836	-1.07	19.01	10.36	0.17	0.04	1.42
15854	-2.62	28.69	12.18	0.17	0.02	1.38
15872	-2.96	33.45	12.56	0.15	0.02	1.35
15890	-2.46	41.06	12.41	0.13	0.01	1.34
15908	-1.45	45.21	11.38	0.11	0.00	1.32
15925	-0.66	47.85	8.93	0.10	-0.00	1.29
15943	-0.21	49.24	7.11	0.10	-0.01	1.27
15962	0.87	51.88	3.04	0.10	-0.01	1.23
15980	1.91	55.59	-1.89	0.12	-0.01	1.20
15998	1.54	62.85	-6.32	0.14	-0.00	1.14
16017	-0.08	72.31	-10.38	0.14	0.00	1.05
16034	-1.13	76.84	-12.56	0.13	-0.00	0.99
16054	-2.35	83.65	-16.24	0.09	-0.02	0.86
16072	-2.56	87.08	-18.37	0.07	-0.03	0.73
16091	-2.72	89.52	-18.26	0.06	-0.03	0.61
16110	-3.07	91.08	-17.12	0.05	-0.03	0.50
16128	-3.36	92.10	-15.35	0.03	-0.03	0.41
16148	-3.42	92.09	-14.16	0.02	-0.03	0.34
16166	-3.25	91.63	-11.02	0.02	-0.03	0.31
16186	-3.19	91.26	-7.60	0.02	-0.03	0.29
16205	-3.51	91.58	-4.26	0.03	-0.02	0.29
16223	-5.39	91.84	0.49	0.01	0.00	0.28
16241	-9.66	87.59	7.84	-0.09	0.03	0.30
16259	-12.53	80.63	13.46	-0.30	0.04	0.38
16279	-17.79	48.92	29.25	-0.42	0.00	0.43
16297	-15.23	-6.35	43.06	-0.48	-0.09	0.60
16315	-5.65	-57.16	50.14	-0.28	-0.08	0.82
16335	4.14	-81.85	49.96	-0.00	-0.08	1.03
16353	12.56	-75.10	40.89	0.25	-0.02	1.14
16372	14.48	-42.65	24.23	0.36	0.04	1.17
16389	13.66	-23.06	15.09	0.34	0.04	1.15
16407	10.22	9.78	-0.96	0.21	0.04	1.10
16425	5.75	24.23	-10.62	-0.02	0.02	1.03
16443	1.39	12.19	-15.82	-0.24	0.02	0.94
16462	-0.72	-2.78	-17.52	-0.35	0.02	0.87
16481	-5.11	-41.49	-19.04	-0.33	0.01	0.85
16499	-6.93	-75.74	-16.97	-0.21	-0.01	0.82
16519	-6.97	-92.48	-11.37	-0.04	-0.02	0.82
16539	-6.87	-87.92	-3.75	0.11	-0.01	0.86
16558	-7.80	-68.80	2.93	0.16	-0.01	0.88
16576	-7.75	-47.85	8.77	0.12	-0.03	0.90
16596	-5.58	-34.16	13.00	0.03	-0.05	0.92
16615	-3.94	-31.31	14.27	-0.05	-0.04	0.94
16633	-1.43	-32.50	14.16	-0.08	-0.03	0.95
16653	-0.31	-39.86	11.57	-0.10	-0.01	0.95
16671	-1.13	-47.38	7.84	-0.07	-0.01	0.96
16692	-1.56	-49.64	4.56	-0.02	-0.02	0.98
16711	-1.22	-45.50	2.94	0.02	-0.02	0.99
16729	-1.24	-37.19	1.92	0.03	-0.01	1.01
16748	-1.92	-28.79	0.67	0.02	-0.00	1.01
16767	-2.61	-25.22	-0.31	-0.01	0.01	0.99
16787	-4.78	-21.01	-2.52	-0.02	0.01	0.98
16806	-6.20	-18.77	-3.89	0.00	-0.01	0.96
16824	-5.55	-12.48	-3.83	0.04	-0.02	0.92
16844	-3.17	-2.35	-2.70	0.07	-0.03	0.88
16863	-1.25	10.77	-1.89	0.11	-0.00	0.83
16883	-1.53	27.48	-2.21	0.14	-0.00	0.78
16901	-2.03	44.42	-3.16	0.14	-0.00	0.74
16921	-2.41	52.51	-3.63	0.14	-0.00	0.70
16939	-3.34	68.18	-4.97	0.16	-0.00	0.69
16958	-3.95	84.32	-6.77	0.17	-0.01	0.69
16977	-3.75	100.71	-9.06	0.12	-0.02	0.70
16995	-3.42	109.50	-12.21	0.06	-0.02	0.71
17015	-2.73	109.85	-15.69	-0.01	-0.03	0.74
17034	-1.22	101.59	-18.95	-0.09	-0.03	0.76
17052	0.50	82.14	-21.93	-0.19	-0.03	0.76
17072	1.43	68.30	-22.99	-0.27	-0.03	0.71
17090	3.33	33.77	-24.43	-0.30	-0.02	0.67
17109	4.78	-6.32	-25.15	-0.30	-0.02	0.57
17128	5.75	-46.28	-24.84	-0.29	-0.02	0.47
17147	7.29	-83.42	-23.21	-0.26	-0.03	0.40
17167	8.97	-115.26	-20.36	-0.19	-0.04	0.39
17185	9.78	-137.41	-16.33	-0.07	-0.03	0.47
17205	9.17	-143.91	-11.25	0.08	-0.02	0.58
17223	8.19	-140.18	-8.21	0.16	-0.01	0.64
17241	4.44	-119.93	-1.77	0.30	0.01	0.75
17259	-0.27	-85.36	3.01	0.40	0.01	0.82
17277	-2.72	-42.72	5.19	0.42	-0.01	0.89
17295	-2.62	-21.58	5.77	0.34	-0.01	1.01
17313	-2.17	12.99	7.51	0.30	-0.01	1.08
17332	-1.07	36.01	9.69	0.21	-0.01	1.25
17350	1.56	46.42	11.64	0.06	-0.03	1.37
17367	6.16	35.25	13.05	-0.13	-0.04	1.45
17385	8.56	21.94	13.23	-0.18	-0.04	1.47
17404	13.15	-10.65	12.37	-0.17	-0.03	1.49
17422	17.27	-39.51	9.60	-0.10	-0.01	1.47
17440	18.92	-59.25	5.71	-0.02	0.02	1.41
17458	18.04	-65.31	3.95	0.05	0.03	1.31
17475	14.83	-70.92	1.02	0.07	0.03	1.27
17492	10.54	-70.51	-1.97	0.10	0.04	1.25
17510	5.00	-66.45	-4.46	0.13	0.06	1.29
17529	1.37	-63.02	-5.36	0.16	0.06	1.36
17547	-5.04	-53.22	-6.26	0.16	0.05	1.38
17565	-8.58	-42.30	-5.66	0.16	0.03	1.41
17583	-10.25	-32.30	-4.96	0.16	0.01	1.42
17601	-9.63	-21.38	-4.29	0.17	0.00	1.38
17620	-8.79	-15.46	-4.06	0.14	-0.03	1.36
17639	-4.97	-7.20	-4.21	0.11	-0.03	1.37
17658	-0.81	-3.81	-4.82	0.10	-0.02	1.40
17676	2.96	-2.52	-5.16	0.08	-0.01	1.42
17694	5.80	-4.35	-4.65	0.06	-0.00	1.40
17713	6.64	-7.02	-3.31	0.08	0.02	1.38
17731	5.68	-7.49	-2.79	0.09	0.03	1.38
17749	2.79	-6.42	-1.91	0.09	0.03	1.37
17766	0.72	-6.24	-0.18	0.08	0.03	1.37
17784	-1.66	-5.66	2.56	0.11	0.04	1.36
17803	-3.37	-3.75	4.06	0.14	0.04	1.36
17823	-6.84	2.75	6.61	0.14	0.04	1.36
17841	-8.50	9.55	8.97	0.13	0.01	1.34
17858	-8.30	17.18	10.70	0.15	0.00	1.31
17876	-7.10	26.90	10.21	0.16	-0.01	1.30
17895	-5.78	32.30	9.16	0.14	-0.02	1.30
17913	-2.52	41.87	6.18	0.13	-0.02	1.29
17932	1.71	48.13	3.86	0.09	-0.03	1.26
17949	4.71	51.36	2.41	0.08	-0.02	1.24
17968	6.09	54.08	0.92	0.08	-0.01	1.24
17985	6.23	55.74	-0.09	0.08	0.00	1.24
18003	4.76	59.17	-3.27	0.06	0.01	1.23
18022	3.01	61.49	-6.44	0.05	0.01	1.18
18039	0.69	62.82	-8.16	0.05	0.02	1.11
18057	-0.70	64.04	-8.76	0.06	0.01	1.06
18075	-3.33	69.66	-9.61	0.09	0.01	0.98
18093	-4.97	77.62	-10.13	0.09	-0.01	0.88
18112	-4.99	84.82	-10.71	0.07	-0.03	0.76
18131	-4.29	90.01	-10.79	0.04	-0.03	0.63
18150	-4.04	91.67	-10.53	0.03	-0.02	0.50
18169	-4.01	93.95	-9.87	0.02	-0.03	0.40
18187	-4.04	95.58	-8.29	0.02	-0.02	0.37
18206	-5.08	96.39	-4.82	0.01	-0.02	0.32
18225	-6.56	97.84	0.21	0.02	-0.01	0.30
18243	-8.00	100.77	5.62	0.01	0.00	0.30
18261	-10.41	100.14	11.63	-0.06	0.03	0.30
18279	-12.63	96.10	15.21	-0.14	0.02	0.31
18298	-13.93	72.01	22.20	-0.38	-0.07	0.38
18316	-5.97	22.92	25.48	-0.45	-0.13	0.49
18335	5.98	-23.68	24.96	-0.29	-0.12	0.61
18355	14.71	-48.43	20.23	-0.07	-0.06	0.74
18373	16.36	-51.09	16.80	0.12	0.00	0.87
18391	14.89	-39.75	8.30	0.18	0.03	0.95
18409	8.91	-14.53	-0.76	0.21	0.05	1.07
18428	3.59	9.06	-7.51	0.10	0.03	1.14
18446	-1.68	18.28	-12.30	-0.07	0.04	1.15
18464	-4.91	15.27	-14.50	-0.25	0.03	1.11
18483	-9.52	-6.84	-16.72	-0.32	0.01	1.06
18502	-9.86	-41.82	-13.82	-0.35	-0.01	0.96
18522	-8.93	-72.74	-7.11	-0.26	-0.01	0.88
18542	-6.56	-90.88	2.26	-0.16	-0.04	0.82
18560	-2.21	-95.38	13.17	-0.06	-0.03	0.80
18580	0.20	-88.46	21.09	-0.00	0.00	0.81
18598	0.06	-75.99	24.38	-0.00	0.01	0.84
18617	-0.31	-70.07	24.54	-0.04	-0.00	0.89
18636	-0.24	-61.87	22.03	-0.08	-0.01	0.92
18656	0.49	-59.95	16.46	-0.11	-0.00	0.97
18674	0.56	-59.91	8.39	-0.11	0.01	1.02
18692	1.22	-59.23	0.44	-0.10	-0.01	1.05
18711	2.61	-56.78	-4.91	-0.08	-0.01	1.05
18730	2.82	-52.35	-7.81	-0.07	-0.00	1.05
18750	1.83	-47.04	-8.64	-0.07	0.01	1.03
18768	0.52	-44.62	-8.45	-0.07	0.01	1.01
18788	-1.74	-38.44	-7.23	-0.03	0.01	0.98
18806	-3.16	-28.27	-5.28	-0.01	0.00	0.94
18825	-3.59	-16.88	-2.75	0.01	-0.00	0.91
18845	-3.89	-3.74	-0.40	0.03	-0.00	0.87
18864	-4.49	10.96	0.43	0.05	-0.00	0.85
18882	-4.32	25.97	-0.90	0.08	-0.02	0.81
18901	-3.60	34.04	-2.12	0.11	-0.03	0.77
18919	-1.77	50.58	-5.68	0.12	-0.04	0.76
18938	0.63	65.75	-9.38	0.12	-0.03	0.73
18956	2.23	78.93	-13.03	0.11	-0.03	0.71
18975	3.27	88.81	-16.36	0.09	-0.03	0.70
18993	3.51	92.24	-17.79	0.05	-0.02	0.71
19011	3.46	94.15	-20.28	0.01	-0.02	0.71
19029	2.37	87.22	-22.38	-0.06	-0.01	0.71
19048	1.53	70.07	-24.12	-0.15	-0.02	0.69
19066	1.88	42.80	-24.38	-0.21	-0.02	0.65
19084	2.32	26.18	-23.74	-0.25	-0.02	0.58
19103	3.16	-10.53	-21.50	-0.25	-0.02	0.55
19121	3.83	-47.56	-18.22	-0.23	-0.02	0.48
19140	5.34	-81.24	-13.31	-0.18	-0.04	0.44
19159	7.20	-107.48	-6.33	-0.09	-0.04	0.45
19178	7.86	-121.90	1.88	0.04	-0.03	0.50
19196	7.51	-123.18	5.45	0.22	-0.03	0.61
19214	6.26	-110.46	11.47	0.31	-0.03	0.66
19231	5.14	-78.90	14.85	0.43	-0.01	0.74
19251	3.51	-38.79	15.76	0.44	-0.01	0.85
19269	3.42	-0.05	15.21	0.43	-0.01	0.98
19287	3.98	17.82	14.36	0.36	-0.00	1.12
19305	5.48	46.52	11.02	0.29	-0.01	1.20
19323	8.79	56.17	8.30	0.10	-0.01	1.34
19341	12.57	41.34	7.35	-0.08	-0.00	1.41
19359	14.86	7.11	6.81	-0.17	0.03	1.46
19377	14.69	-13.29	6.44	-0.16	0.06	1.46
19395	10.27	-50.54	5.29	-0.09	0.07	1.42
19413	5.94	-76.80	5.39	0.01	0.06	1.37
19432	1.89	-92.13	6.85	0.08	0.07	1.33
19450	-0.73	-96.04	7.39	0.15	0.08	1.37
19468	-5.89	-97.18	7.46	0.18	0.06	1.38
19487	-6.94	-90.30	6.21	0.22	0.03	1.36
19505	-3.88	-80.78	4.35	0.21	0.01	1.36
19523	0.24	-72.49	2.72	0.21	0.01	1.38
19541	2.11	-68.25	2.01	0.23	0.02	1.40
19559	5.46	-57.57	1.45	0.23	0.03	1.41
19577	5.66	-47.26	0.66	0.18	0.06	1.42
19595	4.18	-44.63	-1.66	0.11	0.05	1.43
19613	3.92	-46.40	-2.76	0.08	0.05	1.39
19631	2.17	-51.86	-3.51	0.09	0.07	1.38
19649	-3.27	-54.35	-3.48	0.13	0.09	1.37
19668	-8.59	-51.56	-4.03	0.16	0.07	1.37
19687	-10.01	-46.81	-4.32	0.14	0.03	1.34
19706	-9.31	-43.53	-2.59	0.15	0.04	1.30
19724	-9.38	-41.11	-1.94	0.21	0.02	1.28
19742	-7.87	-30.52	-1.39	0.24	0.01	1.27
19761	-4.61	-13.37	-0.53	0.26	0.00	1.27
19780	-1.56	5.23	1.13	0.25	0.02	1.29
19797	0.23	21.33	2.49	0.23	0.02	1.31
19814	1.02	28.34	2.90	0.21	0.03	1.32
19831	1.60	39.26	3.51	0.18	0.03	1.31
19848	0.46	46.62	4.52	0.15	0.04	1.29
19866	-0.26	48.98	5.19	0.14	0.04	1.28
19884	-1.82	51.47	7.11	0.12	0.04	1.27
19902	-3.30	52.61	8.53	0.12	0.04	1.26
19920	-5.04	53.71	8.27	0.13	0.03	1.24
19938	-5.63	54.89	7.71	0.15	0.02	1.20
19955	-6.12	59.80	5.84	0.17	0.01	1.18
19973	-5.28	69.37	2.78	0.20	0.00	1.17
19991	-3.57	82.00	-1.02	0.20	-0.02	1.14
20010	-0.73	94.10	-4.82	0.17	-0.01	1.10
20028	0.27	99.11	-6.38	0.15	-0.01	1.06
20046	1.62	105.41	-8.18	0.10	-0.02	0.96
20065	3.37	107.28	-8.97	0.06	-0.03	0.84
20083	5.07	105.55	-9.54	0.03	-0.04	0.73
20102	6.52	100.81	-10.59	0.01	-0.04	0.65
20119	7.11	97.76	-11.32	0.00	-0.04	0.61
20137	7.39	91.22	-13.12	-0.01	-0.03	0.56
20156	6.74	85.17	-15.46	0.00	-0.01	0.52
20175	4.44	81.19	-17.96	0.02	-0.01	0.49
20194	1.59	80.29	-20.71	0.06	-0.01	0.47
20212	0.14	81.47	-22.09	0.09	0.01	0.47
20229	-3.95	87.23	-24.63	0.11	0.02	0.48
20248	-9.66	96.07	-26.92	0.11	0.03	0.51
20266	-15.63	102.71	-27.66	0.06	0.02	0.56
20285	-20.51	102.87	-25.33	-0.01	0.05	0.63
20303	-23.38	99.23	-22.51	-0.11	0.08	0.74
20322	-29.65	83.47	-13.31	-0.17	0.07	0.79
20341	-32.29	53.97	2.04	-0.30	0.02	0.88
20358	-27.02	11.35	20.42	-0.37	-0.05	0.95
20379	-15.47	-33.92	35.05	-0.32	-0.10	1.00
20397	-0.89	-68.85	43.06	-0.17	-0.11	1.00
20417	12.89	-83.97	44.95	0.00	-0.10	0.96
20435	18.81	-84.34	43.88	0.12	-0.07	0.91
20453	26.96	-74.42	39.70	0.15	-0.06	0.89
20472	30.41	-57.79	33.62	0.14	-0.02	0.84
20490	29.54	-44.77	27.71	0.06	0.00	0.80
20507	24.78	-41.31	22.64	-0.03	0.02	0.77
20527	21.84	-43.06	20.57	-0.06	0.01	0.77
20544	15.79	-50.80	17.01	-0.11	0.02	0.80
20563	7.26	-62.26	11.32	-0.12	0.05	0.82
20582	-3.23	-73.50	3.77	-0.10	0.04	0.86
20600	-11.32	-80.29	-2.70	-0.04	0.02	0.92
20620	-16.10	-78.37	-7.55	0.02	-0.00	0.97
20639	-17.43	-74.94	-9.49	0.03	-0.00	1.01
20658	-19.15	-67.34	-12.73	0.01	0.01	1.04
20676	-21.30	-62.88	-14.94	-0.04	0.00	1.07
20697	-20.55	-63.90	-13.76	-0.08	-0.03	1.08
20716	-16.36	-66.86	-9.54	-0.09	-0.04	1.07
20735	-10.62	-67.61	-4.46	-0.05	-0.04	1.05
20756	-5.97	-62.62	1.82	-0.01	-0.03	1.01
20775	-2.52	-52.14	8.76	0.02	-0.04	0.98
20795	1.25	-39.32	13.84	0.01	-0.03	0.96
20812	4.52	-28.87	15.41	-0.01	-0.03	0.94
20831	5.75	-24.55	15.30	-0.01	-0.03	0.93
20850	6.39	-14.88	13.17	0.02	-0.02	0.92
20868	6.30	-1.34	8.59	0.07	-0.03	0.91
20888	7.13	15.08	2.40	0.09	-0.03	0.89
20905	6.97	33.04	-4.09	0.11	-0.02	0.86
20923	6.03	41.90	-6.97	0.11	-0.01	0.85
20942	2.84	58.30	-12.45	0.12	-0.00	0.81
20960	-0.70	72.65	-16.53	0.11	-0.01	0.77
20979	-2.84	85.85	-19.06	0.14	-0.03	0.73
20998	-3.31	101.67	-21.22	0.17	-0.03	0.73
21017	-4.07	116.76	-23.97	0.13	-0.01	0.74
21036	-5.11	121.66	-25.30	0.07	-0.01	0.73
21054	-7.31	125.93	-28.43	0.04	-0.01	0.73
21073	-7.87	122.57	-31.11	-0.03	-0.02	0.74
21092	-7.77	110.29	-33.75	-0.12	-0.01	0.74
21111	-7.37	87.69	-35.35	-0.20	-0.01	0.72
21131	-7.20	56.67	-35.42	-0.27	0.00	0.71
21149	-5.69	17.33	-33.77	-0.33	-0.02	0.65
21169	-2.03	-26.93	-31.04	-0.33	-0.03	0.53
21188	-0.02	-48.61	-29.51	-0.30	-0.04	0.43
21209	6.99	-106.67	-22.99	-0.25	-0.04	0.33
21227	9.09	-122.51	-20.32	-0.21	-0.03	0.31
21246	11.41	-147.66	-14.31	-0.13	-0.02	0.36
21266	11.25	-161.85	-8.09	0.01	-0.00	0.50
21284	9.67	-156.16	-1.59	0.27	-0.00	0.71
21303	7.17	-120.07	5.08	0.54	0.03	0.92
21321	2.59	-60.38	9.52	0.66	0.04	0.99
21338	0.90	-26.60	11.63	0.65	0.02	0.99
21356	-0.41	35.28	17.72	0.51	0.01	1.04
21374	-1.95	76.32	24.48	0.32	0.04	1.18
21391	-3.02	87.91	27.68	0.05	0.00	1.37
21409	-1.21	87.16	33.17	-0.10	-0.03	1.45
21429	7.58	51.38	38.04	-0.34	-0.05	1.53
21447	16.01	-5.89	42.33	-0.38	-0.03	1.49
21466	19.42	-61.14	43.95	-0.27	0.01	1.44
21484	17.30	-100.39	41.49	-0.09	0.04	1.39
21502	14.51	-111.51	39.22	0.01	0.05	1.37
21521	7.35	-117.31	33.16	0.15	0.07	1.37
21538	0.08	-108.47	25.62	0.22	0.06	1.38
21557	-4.47	-93.05	17.35	0.23	0.03	1.38
21575	-5.08	-77.51	9.57	0.22	0.00	1.42
21593	-4.62	-70.51	6.09	0.21	0.01	1.44
21612	-3.46	-56.17	-1.63	0.23	-0.01	1.49
21631	-0.12	-41.52	-9.12	0.19	-0.01	1.57
21650	2.78	-31.89	-15.56	0.15	0.02	1.60
21669	2.70	-27.34	-20.34	0.11	0.02	1.55
21686	3.08	-27.65	-23.33	0.08	0.01	1.48
21705	3.46	-29.11	-24.38	0.07	0.01	1.47
21723	3.78	-32.56	-25.30	0.07	0.02	1.44
21741	3.59	-35.98	-23.74	0.08	0.01	1.42
21760	3.27	-38.22	-20.61	0.09	0.01	1.40
21777	2.81	-38.86	-18.63	0.11	0.02	1.37
21796	0.66	-38.31	-13.82	0.13	0.03	1.34
21815	-3.39	-32.12	-8.68	0.19	0.04	1.29
21833	-6.67	-18.74	-4.06	0.23	0.02	1.28
21853	-7.34	-2.20	0.41	0.23	0.00	1.31
21871	-6.53	13.90	5.02	0.22	-0.00	1.30
21890	-6.38	21.33	6.96	0.22	-0.00	1.27
21909	-6.06	36.27	9.32	0.23	-0.01	1.24
21927	-4.88	52.75	9.12	0.22	-0.01	1.21
21946	-3.05	67.25	7.93	0.19	-0.02	1.15
21963	-1.30	77.59	6.04	0.16	-0.02	1.11
21982	0.27	85.49	3.07	0.14	-0.03	1.09
22000	0.93	88.84	1.39	0.13	-0.03	1.08
22018	1.11	94.06	-2.12	0.11	-0.01	1.03
22037	0.24	96.82	-5.19	0.09	-0.01	0.95
22055	-0.79	99.24	-8.36	0.09	-0.01	0.84
22074	-2.18	102.46	-10.62	0.07	-0.01	0.75
22092	-2.98	103.87	-11.29	0.05	-0.00	0.67
22111	-4.61	105.50	-11.43	0.05	-0.01	0.62
22130	-6.30	106.38	-9.80	0.02	-0.00	0.54
22149	-8.15	103.26	-5.78	-0.05	-0.02	0.44
22169	-8.04	91.43	-1.21	-0.13	-0.04	0.36
22187	-6.09	72.30	3.39	-0.19	-0.05	0.30
22207	-2.88	44.75	6.45	-0.31	-0.06	0.29
22225	-0.96	4.47	7.37	-0.37	-0.02	0.32
22244	-1.04	-17.75	8.06	-0.35	-0.03	0.35
22264	0.27	-55.91	9.95	-0.21	-0.05	0.46
22282	2.17	-76.25	11.38	-0.02	-0.01	0.63
22301	1.01	-69.98	11.11	0.28	0.02	0.83
22319	-0.66	-31.80	8.67	0.50	0.03	1.00
22338	-0.72	25.02	4.18	0.54	0.03	1.10
22355	-0.29	53.33	1.80	0.47	0.03	1.11
22373	0.06	94.53	-1.79	0.24	0.04	1.12
22391	-2.23	107.97	-2.84	-0.02	0.04	1.11
22409	-4.76	92.27	-0.44	-0.25	0.03	1.08
22429	-5.23	52.64	4.93	-0.39	-0.01	1.00
22448	-4.41	28.00	7.81	-0.36	-0.05	0.92
22466	-0.58	-18.80	12.70	-0.30	-0.06	0.88
22486	4.50	-50.78	15.06	-0.14	-0.05	0.84
22504	7.64	-62.70	13.95	0.03	-0.03	0.82
22524	7.75	-56.47	10.99	0.15	-0.01	0.80
22542	6.10	-37.64	7.89	0.22	-0.00	0.81
22559	5.00	-25.85	6.39	0.17	0.01	0.82
22578	2.33	-5.46	3.16	0.12	-0.00	0.82
22595	0.90	2.91	0.50	0.00	-0.01	0.84
22614	0.29	-1.65	-1.01	-0.10	-0.02	0.87
22633	0.38	-15.70	-2.03	-0.14	-0.02	0.92
22652	0.31	-24.32	-2.43	-0.15	-0.01	0.96
22671	0.32	-42.24	-2.67	-0.11	-0.02	0.98
22690	0.50	-56.06	-2.08	-0.07	-0.01	0.99
22710	0.47	-60.46	-0.76	0.01	-0.01	1.00
22728	0.14	-55.71	0.56	0.06	-0.01	1.02
22746	0.20	-48.36	1.72	0.03	-0.01	1.02
22765	0.18	-44.82	2.93	-0.01	-0.01	0.99
22783	0.00	-44.98	3.56	-0.03	0.00	0.96
22802	-1.02	-47.06	4.52	-0.03	0.00	0.94
22821	-1.74	-47.39	4.59	0.01	-0.02	0.91
22839	-1.56	-42.62	3.07	0.07	-0.02	0.88
22859	-1.10	-31.59	0.41	0.12	-0.02	0.84
22877	-0.78	-16.20	-2.12	0.14	-0.02	0.81
22897	-0.95	0.90	-3.57	0.16	-0.01	0.77
22915	-1.04	10.10	-4.01	0.18	-0.01	0.75
22935	-1.77	29.13	-4.79	0.18	-0.01	0.74
22953	-2.44	47.30	-6.42	0.17	-0.01	0.73
22972	-2.76	63.00	-9.12	0.15	-0.01	0.73
22991	-2.87	75.33	-11.81	0.12	-0.02	0.73
23009	-2.35	82.20	-14.48	0.06	-0.02	0.73
23028	-1.89	81.91	-16.72	0.00	-0.01	0.73
23047	-1.91	78.96	-17.85	-0.03	-0.01	0.73
23067	-2.12	66.96	-19.50	-0.11	-0.01	0.74
23086	-1.92	45.06	-19.64	-0.20	-0.01	0.69
23104	-1.31	14.08	-18.66	-0.25	-0.02	0.60
23124	-0.06	-20.97	-16.77	-0.26	-0.02	0.51
23144	1.19	-56.78	-14.08	-0.27	-0.02	0.42
23164	2.56	-91.72	-11.03	-0.25	-0.03	0.37
23183	4.14	-122.51	-7.58	-0.20	-0.03	0.37
23201	6.01	-146.13	-4.36	-0.12	-0.03	0.43
23221	6.59	-154.19	-3.02	-0.00	-0.03	0.59
23240	7.00	-160.69	-0.17	0.09	-0.02	0.70
23259	4.99	-146.06	4.01	0.32	0.01	0.92
23277	0.06	-107.21	9.22	0.48	0.02	1.04
23294	-4.36	-53.82	12.60	0.55	0.00	1.12
23313	-5.37	3.42	14.66	0.54	-0.02	1.16
23331	-4.70	30.62	15.64	0.51	-0.02	1.19
23350	-2.53	76.52	19.49	0.36	-0.01	1.27
23368	-0.38	102.20	24.98	0.17	-0.00	1.37
23385	2.78	104.45	30.43	-0.02	-0.01	1.42
23404	8.13	84.03	34.01	-0.18	-0.02	1.45
23422	10.45	66.99	34.77	-0.24	-0.01	1.43
23440	11.09	25.99	34.76	-0.24	0.04	1.40
23458	5.48	-11.75	33.04	-0.15	0.06	1.34
23476	-1.66	-37.32	29.66	-0.04	0.05	1.31
23496	-7.22	-51.03	24.81	0.02	0.03	1.31
23513	-8.96	-55.18	21.51	0.04	0.02	1.30
23532	-10.10	-59.48	13.38	0.09	-0.01	1.28
23551	-8.82	-56.50	4.59	0.15	-0.02	1.35
23569	-6.64	-47.91	-3.86	0.19	-0.02	1.41
23589	-3.60	-34.39	-11.83	0.22	-0.03	1.44
23608	0.73	-18.52	-18.54	0.21	-0.03	1.44
23627	2.87	-11.32	-21.41	0.21	-0.02	1.47
23645	5.97	2.67	-26.14	0.20	-0.01	1.48
23664	7.46	14.72	-28.70	0.17	0.01	1.47
23682	6.90	22.77	-28.09	0.12	0.04	1.46
23700	5.14	23.09	-25.19	0.05	0.04	1.47
23717	4.26	20.23	-23.27	0.03	0.04	1.47
23736	2.06	12.07	-18.63	0.03	0.04	1.45
23754	0.27	4.96	-12.59	0.03	0.03	1.45
23772	-1.50	-3.20	-6.00	0.02	0.03	1.46
23791	-2.44	-11.12	0.67	0.05	0.03	1.48
23808	-3.28	-13.89	3.98	0.06	0.04	1.47
23827	-4.32	-15.17	10.48	0.12	0.02	1.45
23845	-3.78	-10.54	16.20	0.15	0.00	1.43
23864	-1.88	-2.99	20.54	0.17	-0.00	1.40
23883	0.24	6.48	22.00	0.17	-0.01	1.34
23900	1.31	10.97	21.59	0.16	-0.02	1.32
23919	3.42	19.50	18.60	0.16	-0.02	1.28
23936	5.02	27.79	14.68	0.16	-0.03	1.20
23953	5.68	35.46	10.62	0.14	-0.02	1.12
23972	5.40	38.73	8.24	0.13	-0.03	1.03
23990	4.56	44.48	2.61	0.12	-0.03	0.98
24008	3.48	50.25	-3.92	0.11	-0.03	0.89
24026	1.83	53.70	-10.38	0.07	-0.03	0.77
24044	1.21	54.15	-13.49	0.03	-0.04	0.63
24062	-0.08	53.13	-19.04	0.02	-0.03	0.57
24081	-1.69	49.91	-23.99	-0.00	-0.03	0.44
24099	-4.12	45.72	-28.14	-0.01	-0.03	0.34
24119	-6.85	42.50	-31.13	-0.00	-0.03	0.27
24138	-9.51	40.89	-32.55	-0.00	-0.01	0.22
24158	-13.17	39.12	-31.88	-0.01	-0.01	0.20
24177	-16.28	36.87	-29.10	-0.02	-0.03	0.20
24196	-17.00	35.22	-27.44	-0.03	-0.04	0.23
24216	-16.97	31.04	-24.08	-0.05	-0.04	0.27
24234	-16.80	20.65	-20.57	-0.17	-0.02	0.39
24254	-14.34	-4.96	-14.68	-0.26	-0.03	0.56
24274	-6.38	-33.31	-5.81	-0.12	-0.12	0.79
24294	11.14	-41.50	3.08	0.11	-0.15	1.07
24312	28.69	-25.63	11.11	0.27	-0.08	1.26
24330	39.14	4.94	17.88	0.33	-0.02	1.32
24348	41.81	21.74	21.33	0.24	0.05	1.29
24366	40.57	47.74	27.86	0.18	0.09	1.25
24383	30.38	58.70	34.03	0.03	0.14	1.15
24401	16.45	52.89	40.24	-0.11	0.12	1.03
24418	9.92	44.34	43.09	-0.15	0.10	0.97
24437	-1.27	21.50	46.98	-0.18	0.07	0.87
24454	-9.72	-1.22	47.00	-0.14	0.03	0.80
24474	-14.95	-17.09	42.36	-0.05	0.00	0.76
24493	-17.59	-22.78	32.85	0.03	-0.02	0.75
24511	-17.94	-21.99	26.46	0.10	-0.04	0.77
24530	-16.94	-14.34	11.54	0.12	-0.04	0.80
24549	-13.98	-1.45	-4.85	0.13	-0.05	0.84
24568	-10.09	9.83	-20.31	0.08	-0.05	0.89
24587	-5.20	14.40	-32.23	0.01	-0.06	0.95
24605	-0.46	10.59	-38.70	-0.07	-0.04	1.00
24625	2.21	-0.58	-39.76	-0.11	-0.01	1.03
24643	2.56	-7.87	-38.60	-0.13	0.00	1.04
24663	1.80	-23.30	-32.58	-0.12	0.01	1.04
24682	0.58	-37.06	-21.71	-0.10	0.00	1.02
24700	-0.38	-46.84	-7.25	-0.06	-0.00	1.00
24721	-1.05	-51.74	7.54	-0.02	-0.01	0.99
24739	-1.34	-53.05	20.20	-0.01	-0.01	0.97
24758	-1.27	-51.67	29.68	0.01	-0.02	0.95
24778	-0.23	-48.32	35.42	0.02	-0.03	0.93
24796	1.13	-44.11	36.58	0.02	-0.03	0.92
24815	1.89	-41.84	35.23	0.03	-0.02	0.91
24833	2.69	-37.03	29.14	0.03	-0.02	0.90
24852	2.52	-32.04	19.68	0.03	-0.02	0.90
24870	2.50	-26.05	8.91	0.06	-0.02	0.90
24888	1.95	-17.07	-1.72	0.09	-0.01	0.89
24908	0.61	-5.14	-11.28	0.12	0.00	0.88
24926	-0.29	1.69	-15.20	0.13	0.00	0.87
24944	-2.69	16.56	-21.00	0.14	0.02	0.84
24962	-4.97	30.65	-23.83	0.13	0.01	0.81
24981	-6.01	43.40	-24.40	0.13	-0.01	0.78
25000	-5.51	55.33	-23.86	0.13	-0.02	0.75
25018	-4.78	60.78	-23.64	0.12	-0.02	0.74
25037	-2.88	70.50	-23.07	0.11	-0.03	0.72
25056	-0.38	78.06	-22.63	0.09	-0.04	0.72
25074	2.03	83.27	-22.63	0.06	-0.03	0.72
25093	3.59	82.18	-22.96	-0.02	-0.02	0.70
25112	4.00	70.14	-23.38	-0.12	-0.01	0.65
25130	3.94	59.72	-23.44	-0.17	-0.01	0.61
25149	3.43	31.20	-22.98	-0.24	-0.01	0.52
25168	2.37	-4.04	-22.43	-0.28	-0.00	0.42
25188	0.47	-41.15	-21.74	-0.27	-0.00	0.32
25207	-2.00	-77.27	-20.28	-0.26	-0.01	0.27
25226	-3.78	-109.79	-18.43	-0.22	-0.01	0.30
25246	-4.30	-136.32	-16.27	-0.14	-0.02	0.42
25265	-3.37	-152.40	-15.11	0.01	-0.04	0.62
25286	0.55	-148.32	-12.82	0.26	-0.07	0.92
25304	3.10	-135.27	-10.51	0.52	-0.02	1.14
25322	5.62	-87.94	-4.70	0.58	-0.00	1.17
25342	5.72	-27.76	-0.17	0.58	-0.01	1.21
25360	4.97	25.59	3.77	0.44	0.02	1.24
25377	1.60	61.04	9.23	0.30	0.03	1.28
25396	-0.95	79.57	15.15	0.18	0.01	1.33
25413	-1.48	83.04	17.26	0.11	0.00	1.38
25432	-0.29	77.32	19.62	-0.05	-0.02	1.43
25450	1.59	52.02	20.55	-0.18	-0.01	1.40
25468	1.01	15.43	19.96	-0.19	0.00	1.35
25486	0.08	-2.72	19.24	-0.13	0.00	1.30
25505	-2.03	-32.68	17.99	-0.08	-0.00	1.27
25525	-3.78	-52.25	18.31	-0.01	-0.00	1.25
25543	-4.35	-64.15	19.79	0.02	-0.02	1.26
25562	-2.99	-72.24	21.27	0.05	-0.03	1.31
25581	-0.87	-74.48	23.33	0.13	-0.02	1.35
25600	-0.31	-67.72	25.59	0.18	-0.01	1.39
25619	0.09	-54.29	25.51	0.24	-0.00	1.42
25637	0.08	-45.20	24.48	0.26	0.00	1.44
25654	-0.53	-23.45	20.57	0.29	0.01	1.45
25673	-1.28	-1.68	15.46	0.24	0.02	1.48
25691	-2.20	13.34	10.03	0.18	0.01	1.54
25710	-2.76	17.59	7.00	0.11	-0.00	1.53
25728	-3.04	20.00	0.00	0.09	-0.02	1.51
25746	-0.60	16.49	-6.79	0.05	-0.02	1.46
25765	0.64	7.71	-12.28	0.02	0.01	1.43
25783	-0.98	-2.40	-16.30	0.03	0.03	1.44
25802	-2.21	-6.90	-17.94	0.04	0.01	1.43
25821	-3.01	-14.88	-19.64	0.05	0.00	1.42
25839	-0.63	-20.89	-20.87	0.08	-0.03	1.42
25858	4.17	-22.16	-20.37	0.12	-0.02	1.42
25877	6.84	-18.48	-18.49	0.16	0.01	1.39
25894	6.58	-10.12	-14.76	0.19	0.03	1.37
25914	4.81	1.60	-9.29	0.19	0.03	1.33
25932	3.85	7.32	-6.33	0.18	0.03	1.31
25950	2.20	17.12	-0.89	0.17	0.01	1.25
25968	1.71	27.21	3.95	0.18	0.00	1.21
25985	1.56	32.50	6.32	0.17	-0.00	1.15
26003	1.42	41.98	10.80	0.15	-0.00	1.12
26020	0.29	48.57	14.30	0.12	-0.01	1.05
26039	-1.08	52.17	16.17	0.10	-0.02	0.95
26056	-1.36	55.21	16.45	0.08	-0.04	0.85
26074	-0.89	56.03	15.98	0.07	-0.05	0.80
26093	0.98	56.40	14.22	0.05	-0.07	0.69
26111	4.03	55.28	12.13	0.03	-0.08	0.59
26129	7.13	53.50	9.63	0.01	-0.08	0.49
26147	8.76	52.28	8.22	0.00	-0.07	0.40
26164	11.31	49.38	5.19	0.00	-0.07	0.37
26183	12.63	47.13	1.89	0.01	-0.06	0.32
26200	13.93	47.18	-1.33	0.03	-0.06	0.29
26218	14.37	47.93	-2.61	0.03	-0.05	0.28
26237	14.04	49.61	-5.84	0.01	-0.04	0.28
26255	11.51	46.98	-10.47	-0.04	-0.01	0.30
26274	6.03	35.81	-14.77	-0.18	0.02	0.36
26292	-1.54	6.29	-15.26	-0.36	0.05	0.48
26311	-8.50	-38.16	-12.45	-0.33	0.04	0.64
26331	-10.80	-58.03	-10.77	-0.14	0.01	0.84
26349	-12.15	-81.77	-7.83	-0.01	0.01	0.96
26368	-12.44	-74.78	-6.99	0.30	0.03	1.18
26387	-13.09	-36.10	-8.67	0.47	0.03	1.27
26405	-12.89	14.48	-9.46	0.44	0.01	1.28
26425	-9.75	54.47	-8.19	0.24	-0.01	1.19
26443	-5.43	70.11	-4.12	0.03	-0.03	1.09
26462	-2.85	69.55	-1.11	-0.12	-0.04	0.97
26481	2.17	55.39	6.23	-0.17	-0.04	0.92
26499	5.36	30.96	12.30	-0.19	-0.02	0.82
26518	5.92	7.20	16.24	-0.14	-0.00	0.76
26536	4.64	-8.24	17.97	-0.04	0.00	0.75
26555	3.19	-12.28	17.21	0.05	0.01	0.76
26573	2.18	-10.31	15.87	0.09	0.01	0.79
26590	0.58	0.43	11.80	0.16	0.00	0.83
26608	-0.24	16.02	6.62	0.16	-0.01	0.88
26626	-0.35	29.88	0.95	0.11	-0.01	0.94
26645	-0.31	34.30	-2.06	0.02	-0.02	0.98
26664	0.29	34.76	-8.04	-0.03	-0.02	1.00
26682	1.53	23.68	-12.57	-0.13	-0.03	1.03
26701	3.54	2.82	-15.34	-0.18	-0.03	1.03
26720	4.52	-21.51	-16.57	-0.17	-0.01	1.01
26739	3.74	-41.85	-16.10	-0.10	0.00	0.98
26758	1.68	-52.87	-14.13	-0.02	0.01	0.96
26776	0.24	-54.93	-12.53	0.01	0.01	0.95
26795	-2.46	-53.48	-8.36	0.05	0.01	0.94
26813	-5.23	-48.11	-3.37	0.06	-0.00	0.92
26833	-6.93	-42.48	2.12	0.06	-0.01	0.90
26851	-7.46	-36.87	7.52	0.06	-0.03	0.88
26870	-6.50	-30.01	11.25	0.08	-0.03	0.86
26889	-5.77	-25.74	11.92	0.10	-0.02	0.84
26907	-5.19	-16.05	10.83	0.11	-0.02	0.83
26927	-5.00	-4.87	7.10	0.12	-0.02	0.81
26945	-4.14	6.87	2.11	0.13	-0.03	0.79
26964	-2.78	19.42	-3.66	0.14	-0.04	0.77
26983	-0.38	31.08	-9.95	0.12	-0.04	0.77
27001	1.10	36.19	-13.28	0.11	-0.04	0.78
27019	4.03	45.15	-19.81	0.11	-0.05	0.78
27038	7.46	50.70	-26.15	0.06	-0.04	0.77
27057	9.43	48.92	-32.21	-0.02	-0.02	0.74
27075	9.06	37.40	-37.41	-0.11	0.00	0.69
27093	6.91	16.60	-41.35	-0.18	0.01	0.60
27112	5.58	3.28	-42.36	-0.21	0.01	0.55
27130	2.85	-26.72	-41.96	-0.23	0.01	0.45
27150	1.02	-58.00	-38.18	-0.23	0.00	0.36
27168	0.12	-87.60	-31.68	-0.21	-0.01	0.31
27187	-0.03	-112.92	-23.10	-0.16	-0.02	0.32
27207	1.85	-130.10	-12.71	-0.06	-0.05	0.37
27225	5.13	-135.48	-1.60	0.05	-0.06	0.45
27244	6.74	-133.54	4.15	0.11	-0.05	0.52
27262	8.88	-118.06	15.81	0.27	-0.03	0.70
27280	9.83	-84.23	26.95	0.43	0.01	0.88
27298	8.59	-35.89	33.58	0.52	0.03	0.99
27315	7.74	-8.99	35.08	0.54	0.03	1.04
27332	7.72	44.30	35.78	0.48	0.01	1.09
27349	9.78	87.22	34.76	0.36	0.01	1.21
27367	11.70	112.26	33.51	0.18	0.03	1.35
27384	11.96	115.86	33.00	0.09	0.05	1.41
27401	10.04	107.86	32.82	-0.03	0.07	1.47
27418	7.49	85.71	33.94	-0.13	0.05	1.46
27437	6.56	70.16	34.45	-0.17	0.05	1.42
27454	4.55	33.13	35.02	-0.18	0.06	1.39
27471	0.95	0.67	34.52	-0.07	0.07	1.32
27489	-0.76	-10.41	33.80	0.02	0.04	1.31
27506	-2.15	-23.76	30.87	0.05	0.04	1.33
27524	-2.43	-30.44	26.11	0.06	0.04	1.37
27542	-2.76	-38.27	22.14	0.02	0.04	1.40
27560	-2.73	-43.61	20.52	0.03	0.05	1.44
27578	-2.85	-53.28	16.53	0.05	0.04	1.45
27596	-2.53	-56.79	11.11	0.13	0.07	1.49
27614	-2.26	-52.32	3.94	0.17	0.05	1.53
27632	1.01	-44.24	-3.51	0.18	0.03	1.57
27650	2.67	-39.79	-7.58	0.19	0.04	1.59
27668	4.04	-29.16	-16.05	0.21	0.05	1.59
27686	4.15	-16.49	-21.91	0.20	0.07	1.60
27704	2.53	-6.58	-24.61	0.16	0.08	1.61
27722	1.50	-4.06	-25.16	0.13	0.08	1.60
27739	0.52	-3.71	-24.35	0.09	0.06	1.53
27757	0.67	-7.87	-21.67	0.05	0.04	1.48
27776	1.89	-16.40	-17.68	0.03	0.03	1.51
27794	2.52	-21.30	-15.18	0.07	0.06	1.50
27812	1.11	-27.65	-9.95	0.09	0.07	1.49
27830	-1.46	-28.75	-4.73	0.13	0.06	1.46
27849	-2.84	-26.03	-0.53	0.14	0.04	1.46
27868	-3.94	-20.40	2.58	0.19	0.04	1.42
27887	-5.31	-8.13	4.68	0.23	0.03	1.36
27904	-5.89	-0.63	5.37	0.23	0.03	1.33
27923	-7.32	13.14	5.77	0.20	0.01	1.27
27941	-7.03	23.32	4.64	0.16	-0.02	1.17
27959	-6.16	29.92	2.58	0.14	-0.02	1.07
27978	-6.01	35.49	-0.27	0.13	-0.02	0.96
27996	-6.15	38.21	-2.27	0.11	-0.03	0.84
28015	-6.20	42.72	-6.61	0.10	-0.03	0.78
28034	-6.24	45.87	-11.25	0.07	-0.03	0.66
28052	-5.74	47.50	-15.93	0.05	-0.04	0.54
28071	-4.70	46.69	-19.81	0.01	-0.04	0.43
28090	-4.01	43.88	-22.34	-0.01	-0.04	0.34
28109	-4.10	40.47	-23.51	-0.02	-0.03	0.27
28128	-4.58	38.67	-23.67	-0.03	-0.03	0.24
28148	-5.60	34.19	-23.85	-0.04	-0.03	0.21
28167	-6.55	28.79	-23.71	-0.08	-0.04	0.21
28186	-7.74	17.11	-22.23	-0.17	-0.03	0.26
28206	-8.62	-6.88	-15.99	-0.33	-0.02	0.36
28225	-7.39	-48.26	-3.60	-0.38	-0.05	0.48
28245	-0.50	-82.98	11.47	-0.12	-0.07	0.64
28264	6.71	-83.77	23.70	0.27	-0.01	0.83
28283	7.92	-41.50	30.47	0.58	0.05	0.99
28300	6.26	-8.68	31.57	0.65	0.07	1.03
28318	2.47	63.55	30.55	0.63	0.05	1.06
28336	-0.26	124.08	27.07	0.41	0.04	1.03
28353	-1.14	143.75	24.73	0.13	0.01	0.97
28372	-0.67	158.83	19.04	-0.13	-0.03	0.93
28391	1.80	143.02	14.83	-0.23	-0.03	0.93
28409	4.50	105.04	11.17	-0.33	-0.03	0.92
28427	6.45	61.14	6.74	-0.28	-0.03	0.92
28445	7.31	27.01	1.28	-0.14	-0.02	0.93
28464	6.90	16.25	-1.82	0.02	0.01	0.95
28482	4.96	8.62	-8.00	0.09	0.01	0.96
28499	2.04	16.05	-13.02	0.17	0.01	0.96
28517	-0.66	30.27	-15.50	0.17	0.01	0.96
28535	-2.21	36.80	-16.28	0.09	0.02	0.94
28554	-5.72	43.58	-16.33	0.04	0.01	0.94
28572	-7.52	38.79	-13.75	-0.07	-0.01	0.92
28593	-7.63	21.91	-8.90	-0.16	-0.02	0.89
28611	-6.65	-2.88	-3.74	-0.19	-0.03	0.88
28631	-5.31	-28.00	1.08	-0.16	-0.04	0.86
28650	-3.45	-47.30	5.69	-0.10	-0.03	0.87
28669	-2.18	-58.59	9.77	-0.02	-0.03	0.89
28688	-1.54	-60.82	11.38	0.04	-0.03	0.92
28707	0.17	-59.51	13.26	0.06	-0.03	0.93
28725	1.48	-53.67	13.69	0.07	-0.02	0.94
28744	2.64	-48.11	13.00	0.04	-0.03	0.94
28762	3.17	-45.99	11.66	0.00	-0.03	0.93
28782	3.31	-46.71	9.48	-0.01	-0.02	0.92
28800	2.35	-47.35	6.45	0.01	-0.01	0.89
28818	1.63	-46.28	4.67	0.04	-0.02	0.88
28837	0.44	-40.10	1.42	0.09	-0.02	0.85
28854	-0.26	-28.03	-2.03	0.14	-0.02	0.82
28875	-1.17	-11.58	-5.63	0.17	-0.01	0.79
28894	-2.37	6.68	-9.00	0.18	-0.00	0.76
28912	-3.81	25.13	-12.01	0.18	-0.00	0.75
28932	-4.29	33.95	-13.20	0.14	-0.01	0.73
28950	-4.52	48.97	-14.42	0.12	-0.01	0.73
28969	-4.24	57.88	-15.21	0.06	-0.01	0.73
28988	-2.62	59.04	-15.14	-0.01	-0.02	0.72
29008	-0.79	52.15	-13.95	-0.08	-0.02	0.72
29027	0.60	35.28	-11.86	-0.18	-0.02	0.67
29045	1.39	8.18	-8.94	-0.24	-0.02	0.58
29064	1.60	-7.68	-7.11	-0.26	-0.02	0.47
29083	1.88	-41.06	-2.75	-0.27	-0.03	0.42
29103	2.47	-74.37	2.26	-0.26	-0.04	0.35
29121	3.19	-105.48	6.71	-0.22	-0.04	0.34
29139	3.62	-130.92	9.45	-0.15	-0.04	0.41
29159	4.20	-147.46	10.56	-0.04	-0.05	0.58
29178	5.36	-148.64	11.09	0.16	-0.06	0.82
29196	5.94	-140.11	11.32	0.39	-0.04	0.99
29214	5.77	-104.26	11.05	0.46	-0.03	1.06
29232	3.75	-53.50	8.16	0.51	-0.01	1.14
29251	2.81	-3.36	2.94	0.44	-0.03	1.15
29269	3.81	36.77	-2.47	0.33	-0.03	1.18
29288	4.67	62.13	-7.80	0.19	-0.00	1.25
29306	4.23	67.98	-10.57	0.11	0.01	1.28
29323	2.91	66.24	-16.59	-0.02	0.01	1.33
29342	2.66	50.02	-22.48	-0.11	-0.00	1.32
29360	2.94	24.64	-27.47	-0.13	0.01	1.31
29379	2.33	11.72	-29.33	-0.08	0.05	1.31
29397	-1.72	-9.55	-32.27	-0.04	0.03	1.31
29416	-3.83	-21.85	-34.18	0.02	-0.00	1.31
29435	-3.56	-27.88	-33.42	0.04	0.01	1.29
29454	-3.08	-31.85	-29.77	0.06	0.01	1.26
29473	-1.17	-33.22	-22.98	0.08	-0.01	1.27
29493	1.75	-31.77	-13.14	0.09	0.00	1.28
29510	2.23	-30.01	-7.39	0.11	0.03	1.30
29529	0.09	-23.82	3.62	0.14	0.06	1.33
29547	-2.23	-14.86	13.06	0.15	0.03	1.34
29565	-0.79	-5.28	21.77	0.15	0.02	1.40
29583	-0.05	5.71	30.18	0.19	0.04	1.49
29601	0.40	12.63	33.78	0.19	0.03	1.53
29619	3.20	25.41	38.68	0.15	0.01	1.59
29636	6.48	31.63	40.80	0.11	0.01	1.61
29653	7.08	32.41	40.99	0.09	0.05	1.58
29671	5.17	31.62	38.71	0.09	0.06	1.55
29689	1.10	28.53	33.45	0.04	0.05	1.53
29707	-1.17	18.84	25.44	-0.01	0.02	1.54
29725	-1.07	12.36	20.63	0.02	0.02	1.56
29742	-1.22	1.89	9.84	0.03	0.03	1.56
29761	-2.72	-5.54	-0.47	0.03	0.02	1.56
29779	-3.94	-12.97	-9.40	0.06	0.01	1.54
29799	-4.36	-14.43	-16.83	0.13	0.01	1.52
29818	-4.94	-9.14	-22.43	0.15	0.01	1.49
29836	-5.04	-6.09	-24.37	0.15	-0.00	1.41
29856	-5.14	0.55	-26.41	0.16	-0.00	1.36
29874	-4.75	9.67	-26.43	0.18	-0.01	1.27
29894	-4.09	20.90	-24.89	0.17	-0.02	1.16
29912	-3.63	30.76	-22.34	0.13	-0.02	1.05
29932	-3.56	36.82	-19.00	0.09	-0.03	0.92
29950	-3.78	39.11	-15.38	0.06	-0.03	0.77
29968	-3.83	39.72	-13.78	0.05	-0.05	0.62
29987	-3.72	40.65	-11.26	0.05	-0.05	0.56
30006	-3.27	41.92	-9.75	0.04	-0.06	0.45
30025	-2.29	42.33	-9.14	0.02	-0.06	0.36
30044	-1.68	41.06	-8.74	-0.01	-0.05	0.27
30062	-1.13	37.63	-8.64	-0.02	-0.05	0.21
30082	-1.28	34.73	-9.37	0.00	-0.05	0.19
30101	-1.13	34.64	-10.01	0.02	-0.06	0.21
30120	-0.14	36.53	-11.38	0.03	-0.06	0.25
30139	1.50	39.38	-12.33	0.00	-0.05	0.28
30156	1.91	36.61	-11.43	-0.07	-0.03	0.35
30176	-0.60	26.03	-4.85	-0.13	0.02	0.49
30194	-4.97	6.36	6.00	-0.19	0.02	0.66
30214	-6.20	-15.15	15.05	-0.08	0.01	0.87
30232	-6.20	-19.99	18.43	0.02	0.02	0.98
30251	-5.26	-13.03	23.56	0.15	-0.01	1.13
30269	-2.17	2.50	25.65	0.15	-0.01	1.15
30287	-0.32	16.33	22.35	0.14	-0.01	1.12
30306	0.82	27.71	15.59	0.10	-0.01	1.06
30323	1.56	31.86	11.98	0.08	-0.02	1.04
30341	3.08	36.74	5.62	0.03	-0.02	0.98
30359	3.45	34.70	0.69	-0.03	-0.02	0.91
30377	3.04	27.54	-3.68	-0.05	-0.03	0.86
30396	2.41	19.03	-6.84	-0.05	-0.03	0.83
30415	2.01	14.72	-7.97	-0.05	-0.02	0.82
30435	0.38	5.91	-9.20	-0.05	-0.01	0.82
30453	-2.59	-1.89	-9.45	-0.03	0.00	0.84
30472	-6.13	-7.43	-8.32	-0.01	0.01	0.88
30492	-9.02	-11.06	-5.22	-0.01	0.01	0.92
30511	-10.82	-14.01	-0.63	-0.01	0.00	0.96
30531	-12.18	-17.44	4.18	-0.02	0.00	0.99
30549	-12.07	-20.32	8.09	-0.00	-0.02	1.00
30569	-11.37	-20.95	9.58	0.01	-0.03	0.99
30588	-9.23	-21.65	11.41	0.01	-0.03	0.98
30606	-6.16	-20.81	11.78	0.03	-0.04	0.95
30626	-2.64	-18.05	11.09	0.05	-0.04	0.91
30644	1.01	-12.45	10.04	0.08	-0.04	0.88
30663	4.20	-4.33	8.18	0.10	-0.03	0.84
30681	6.13	4.96	5.23	0.10	-0.03	0.79
30699	6.74	9.35	3.43	0.08	-0.02	0.76
30717	7.52	15.12	0.64	0.05	-0.02	0.69
30735	7.42	15.95	-1.42	-0.01	-0.01	0.61
30754	6.13	9.92	-2.91	-0.06	-0.00	0.52
30772	4.36	-1.24	-3.75	-0.09	-0.01	0.46
30792	3.72	-7.52	-3.88	-0.09	-0.01	0.45
30811	2.81	-20.08	-3.36	-0.08	-0.02	0.46
30830	2.66	-31.31	-1.65	-0.08	-0.02	0.50
30850	3.10	-42.59	0.38	-0.09	-0.02	0.55
30868	3.20	-55.28	1.68	-0.09	-0.02	0.59
30888	4.39	-68.01	1.86	-0.07	-0.04	0.61
30906	5.60	-79.12	1.50	-0.04	-0.03	0.66
30925	4.76	-86.55	0.63	0.01	-0.02	0.71
30944	3.65	-87.92	0.18	0.09	-0.01	0.81
30962	0.37	-83.88	-1.28	0.14	-0.01	0.86
30981	-3.52	-70.21	-3.74	0.23	-0.00	0.98
31000	-6.68	-48.03	-6.77	0.29	-0.02	1.05
31018	-7.13	-20.84	-8.67	0.30	-0.05	1.09
31039	-4.78	4.04	-9.03	0.24	-0.06	1.08
31057	-0.21	20.16	-9.31	0.17	-0.07	1.10
31076	2.53	24.90	-9.67	0.12	-0.06	1.14
31094	8.36	30.43	-10.67	0.10	-0.06	1.16
31112	13.90	28.98	-11.29	0.02	-0.06	1.16
31131	18.48	17.84	-11.73	-0.05	-0.03	1.15
31149	18.88	0.70	-11.75	-0.06	0.00	1.15
31168	18.14	-7.93	-11.58	-0.03	0.02	1.20
31186	14.91	-22.25	-10.79	-0.02	0.04	1.23
31204	8.94	-32.76	-8.27	0.02	0.06	1.28
31223	1.60	-38.65	-3.30	0.07	0.07	1.30
31242	-5.28	-37.63	2.88	0.13	0.05	1.30
31261	-10.86	-30.29	7.64	0.17	0.04	1.30
31279	-13.09	-24.44	8.85	0.19	0.03	1.29
31296	-16.53	-9.60	9.29	0.22	0.02	1.30
31315	-17.84	5.71	8.59	0.19	-0.00	1.35
31334	-15.47	16.01	8.29	0.14	-0.04	1.38
31352	-9.48	20.31	8.32	0.11	-0.06	1.41
31370	-5.42	21.30	8.01	0.10	-0.07	1.42
31388	4.00	19.88	6.47	0.06	-0.06	1.46
31407	11.87	13.72	5.49	0.04	-0.03	1.47
31424	15.72	7.02	6.32	0.04	0.00	1.47
31443	15.70	-0.12	8.35	0.03	0.03	1.50
31460	14.37	-4.39	9.02	0.01	0.04	1.51
31478	10.38	-13.98	9.83	0.04	0.05	1.54
31496	4.81	-18.34	10.64	0.11	0.06	1.54
31513	1.17	-17.65	11.26	0.14	0.07	1.54
31532	-6.50	-13.29	12.70	0.15	0.06	1.54
31550	-12.22	-7.26	13.50	0.16	0.03	1.52
31568	-13.70	-0.72	13.84	0.16	0.00	1.51
31587	-12.28	5.95	13.81	0.14	-0.03	1.51
31605	-10.42	8.06	14.01	0.10	-0.05	1.49
31624	-5.89	8.41	13.82	0.10	-0.06	1.47
31642	-0.20	7.80	13.75	0.11	-0.06	1.44
31660	4.38	8.13	13.03	0.10	-0.04	1.41
31679	6.36	7.68	11.25	0.09	-0.03	1.35
31696	6.47	7.19	10.07	0.09	-0.02	1.26
31714	5.05	6.87	6.88	0.10	-0.02	1.21
31732	1.43	8.62	2.75	0.11	-0.01	1.10
31749	-3.98	13.90	-1.77	0.15	-0.01	1.01
31769	-9.20	23.10	-6.47	0.15	-0.03	0.93
31787	-11.28	28.20	-8.61	0.14	-0.05	0.81
31806	-13.89	37.52	-12.99	0.12	-0.06	0.75
31825	-13.53	44.25	-16.43	0.08	-0.07	0.60
31845	-11.72	48.34	-18.57	0.06	-0.07	0.46
31863	-9.00	51.64	-21.29	0.06	-0.08	0.33
31881	-4.73	56.30	-24.63	0.06	-0.07	0.24
31901	-0.92	61.19	-26.99	0.03	-0.06	0.18
31919	1.05	62.87	-27.13	0.02	-0.06	0.13
31938	5.31	65.44	-24.81	0.01	-0.07	0.12
31956	9.83	64.24	-18.10	-0.08	-0.07	0.10
31976	12.66	51.68	-5.55	-0.20	-0.02	0.18
31994	11.26	22.31	11.87	-0.37	0.02	0.33
32011	9.93	0.63	20.95	-0.30	0.01	0.51
32030	8.42	-37.67	37.67	-0.16	0.02	0.61
32048	5.66	-47.26	51.04	0.13	0.08	0.84
32067	1.60	-23.04	56.66	0.39	0.06	1.07
32084	2.79	22.51	55.21	0.42	0.01	1.18
32101	4.94	45.01	52.92	0.37	-0.00	1.20
32120	10.06	76.80	46.95	0.16	-0.01	1.19
32137	12.86	83.82	38.38	-0.04	-0.01	1.16
32157	14.08	69.03	27.19	-0.19	-0.02	1.11
32174	14.60	40.05	15.75	-0.25	-0.02	1.03
32192	14.54	23.74	10.35	-0.24	-0.02	0.99
32211	12.74	-5.43	-1.10	-0.15	-0.00	0.91
32230	8.71	-20.86	-13.32	-0.00	0.01	0.86
32249	3.97	-19.88	-23.96	0.08	0.01	0.81
32267	-1.50	-11.14	-31.23	0.10	0.03	0.80
32285	-4.67	-5.95	-33.52	0.07	0.04	0.80
32305	-11.83	2.03	-35.05	0.05	0.04	0.81
32322	-17.82	5.05	-32.47	-0.00	0.02	0.85
32342	-21.42	2.18	-27.53	-0.07	0.01	0.90
32360	-21.00	-7.55	-20.29	-0.11	-0.03	0.94
32379	-15.40	-19.73	-11.38	-0.10	-0.06	0.96
32400	-7.66	-29.14	-3.40	-0.07	-0.06	0.99
32419	0.05	-34.61	2.99	-0.05	-0.05	0.99
32438	3.69	-36.16	5.54	-0.04	-0.04	0.97
32457	9.55	-37.75	8.62	-0.03	-0.03	0.96
32476	11.96	-37.22	9.58	-0.01	-0.00	0.95
32494	11.22	-35.29	9.03	-0.02	0.01	0.93
32512	8.44	-33.72	8.15	-0.02	0.02	0.90
32531	4.67	-30.65	6.62	0.03	0.02	0.87
32548	2.46	-27.11	5.45	0.06	0.02	0.85
32567	-2.46	-15.24	2.59	0.11	0.03	0.81
32585	-7.69	0.81	-1.27	0.14	0.02	0.78
32603	-11.35	17.64	-6.01	0.15	0.00	0.75
32622	-12.80	34.27	-11.87	0.15	-0.02	0.72
32640	-12.62	41.73	-15.00	0.14	-0.02	0.71
32660	-11.23	54.40	-21.19	0.12	-0.04	0.71
32678	-8.53	61.89	-26.31	0.05	-0.04	0.70
32697	-5.05	58.94	-30.43	-0.04	-0.05	0.70
32716	-1.08	45.41	-33.57	-0.12	-0.05	0.68
32735	2.37	21.90	-35.29	-0.20	-0.04	0.64
32754	4.55	-9.99	-35.64	-0.25	-0.03	0.56
32774	5.66	-46.84	-34.53	-0.27	-0.02	0.49
32794	5.94	-65.87	-33.33	-0.25	-0.01	0.42
32813	6.48	-102.72	-29.43	-0.23	-0.02	0.39
32831	8.01	-134.06	-23.54	-0.16	-0.03	0.36
32851	8.82	-153.69	-16.02	-0.02	-0.02	0.40
32870	8.64	-155.55	-7.72	0.16	-0.02	0.49
32889	7.69	-136.90	1.97	0.34	-0.02	0.62
32907	4.20	-98.79	12.04	0.48	0.00	0.74
32924	2.00	-74.33	15.95	0.53	-0.01	0.79
32943	1.30	-21.09	21.12	0.53	-0.05	0.87
32961	5.07	28.03	23.94	0.48	-0.06	0.99
32979	8.96	68.24	27.02	0.39	-0.03	1.15
32996	10.04	83.22	28.70	0.22	-0.04	1.27
33014	13.44	96.24	31.56	0.10	-0.05	1.31
33031	16.51	81.85	30.67	-0.09	0.01	1.39
33048	13.64	49.97	24.09	-0.14	0.04	1.47
33066	11.55	33.11	19.74	-0.12	0.04	1.49
33083	9.14	2.56	10.41	-0.10	-0.00	1.44
33102	9.12	-27.48	2.27	-0.10	-0.00	1.33
33120	5.00	-54.38	-3.19	-0.03	0.05	1.26
33138	1.30	-64.04	-4.49	0.01	0.06	1.26
33156	-6.88	-74.78	-5.45	0.08	0.06	1.28
33176	-12.88	-76.63	-6.52	0.11	0.04	1.34
33194	-15.84	-76.69	-7.78	0.11	-0.00	1.36
33213	-15.21	-74.10	-7.68	0.16	-0.01	1.36
33233	-13.31	-64.06	-6.09	0.23	0.00	1.39
33251	-12.27	-55.74	-5.11	0.29	-0.02	1.40
33270	-7.54	-34.52	-4.00	0.29	-0.04	1.39
33289	0.82	-13.41	-3.25	0.24	-0.06	1.34
33308	8.70	1.05	-0.78	0.20	-0.03	1.36
33326	10.70	12.07	2.88	0.18	0.02	1.41
33343	9.69	19.50	5.81	0.14	0.02	1.41
33361	9.16	21.13	7.17	0.11	0.02	1.42
33379	6.93	19.82	9.80	0.07	0.05	1.44
33397	2.23	13.75	12.10	0.06	0.07	1.48
33414	-0.87	10.70	12.88	0.08	0.06	1.49
33431	-5.40	6.01	12.79	0.08	0.03	1.49
33449	-5.25	1.85	12.05	0.10	-0.00	1.48
33467	-3.14	-0.58	11.40	0.11	-0.00	1.49
33487	-2.32	-0.38	10.70	0.16	0.02	1.54
33505	-2.43	2.41	9.86	0.22	0.00	1.58
33523	-1.07	13.72	8.12	0.24	-0.01	1.59
33541	1.66	27.57	6.79	0.23	0.00	1.59
33558	4.01	39.28	5.08	0.20	-0.02	1.57
33576	5.43	43.40	4.27	0.16	-0.00	1.49
33594	6.68	47.70	2.47	0.15	0.00	1.46
33611	5.07	50.35	0.70	0.15	0.01	1.41
33629	1.88	52.57	-1.34	0.12	0.01	1.30
33647	-0.03	52.25	-2.93	0.08	-0.00	1.17
33666	-3.31	48.68	-6.42	0.06	-0.01	1.10
33684	-5.91	43.62	-10.42	0.06	-0.03	0.95
33703	-7.26	41.40	-14.83	0.08	-0.05	0.81
33722	-7.22	43.11	-19.26	0.09	-0.07	0.68
33740	-5.11	46.57	-23.39	0.08	-0.09	0.55
33760	-1.98	49.85	-26.66	0.06	-0.09	0.42
33778	-0.56	50.54	-27.95	0.04	-0.08	0.36
33797	1.56	50.03	-30.17	0.01	-0.07	0.25
33816	1.94	47.97	-32.06	0.01	-0.04	0.18
33834	-0.98	48.34	-34.64	0.04	-0.02	0.17
33853	-3.34	52.03	-37.34	0.07	-0.04	0.19
33872	-3.80	58.17	-39.86	0.06	-0.05	0.22
33891	-3.89	60.73	-40.51	0.05	-0.03	0.29
33910	-6.04	64.01	-39.96	0.02	0.00	0.32
33928	-14.08	60.07	-33.84	-0.08	0.07	0.43
33947	-24.55	41.84	-19.33	-0.23	0.05	0.57
33965	-27.76	9.74	3.78	-0.26	-0.05	0.78
33984	-18.94	-19.33	29.88	-0.14	-0.11	1.02
34004	-6.27	-32.53	50.66	0.03	-0.09	1.16
34022	-0.61	-32.09	57.33	0.11	-0.07	1.19
34041	8.26	-18.69	63.02	0.22	-0.05	1.19
34059	15.38	3.71	60.29	0.23	-0.03	1.13
34077	18.68	24.37	53.36	0.15	-0.01	1.05
34095	18.83	33.33	45.14	0.01	-0.00	0.96
34113	18.22	31.57	40.76	-0.06	0.00	0.91
34131	15.40	16.43	30.90	-0.17	-0.00	0.83
34149	11.86	-6.59	19.64	-0.18	-0.01	0.77
34169	7.69	-27.36	7.71	-0.11	0.01	0.76
34187	2.30	-37.98	-4.44	-0.01	0.00	0.79
34205	0.17	-38.83	-9.78	0.03	0.00	0.80
34224	-4.12	-34.91	-18.66	0.07	0.00	0.83
34242	-7.71	-27.40	-23.96	0.08	0.01	0.87
34262	-12.13	-19.00	-26.64	0.07	0.02	0.93
34280	-14.39	-14.11	-26.92	-0.00	-0.02	0.96
34300	-12.31	-17.70	-23.65	-0.06	-0.04	0.99
34320	-8.99	-25.60	-18.72	-0.07	-0.04	1.00
34339	-4.78	-32.81	-13.69	-0.05	-0.05	0.99
34359	-0.53	-37.78	-9.14	-0.03	-0.04	0.98
34378	1.43	-39.25	-7.16	0.00	-0.03	0.96
34397	4.49	-38.62	-4.33	0.01	-0.03	0.95
34416	5.72	-35.29	-2.23	0.05	-0.01	0.93
34435	5.49	-28.06	-0.37	0.08	-0.01	0.90
34454	4.12	-17.24	2.47	0.12	0.01	0.86
34472	1.83	-2.53	4.71	0.14	0.01	0.82
34490	0.78	5.40	4.94	0.14	0.00	0.80
34508	-0.53	20.37	3.77	0.14	-0.01	0.76
34526	-0.41	32.39	1.22	0.11	-0.03	0.72
34545	1.28	40.41	-1.56	0.08	-0.04	0.69
34562	3.86	42.43	-4.20	0.01	-0.05	0.66
34580	5.33	40.85	-5.43	-0.01	-0.05	0.64
34600	7.49	33.55	-7.58	-0.05	-0.04	0.62
34618	8.01	20.97	-8.54	-0.10	-0.03	0.58
34638	7.10	2.41	-9.35	-0.15	-0.02	0.52
34656	5.97	-21.84	-10.01	-0.19	-0.02	0.44
34676	5.19	-48.58	-9.81	-0.19	-0.03	0.37
34695	4.90	-74.75	-8.06	-0.18	-0.03	0.33
34714	4.94	-86.62	-6.59	-0.13	-0.03	0.36
34734	4.61	-106.52	-2.70	-0.10	-0.03	0.38
34752	3.80	-117.94	1.42	0.01	-0.03	0.46
34772	1.57	-115.72	6.50	0.15	-0.02	0.58
34789	-1.74	-97.72	11.60	0.29	-0.01	0.74
34808	-4.61	-63.57	14.37	0.45	0.01	0.95
34827	-6.67	-15.49	14.07	0.51	-0.01	1.08
34845	-5.94	9.99	13.63	0.49	-0.04	1.14
34864	-1.71	55.42	14.47	0.37	-0.04	1.29
34882	2.17	81.76	18.04	0.16	-0.02	1.37
34900	6.59	82.49	25.27	-0.03	-0.02	1.38
34919	9.34	62.44	33.71	-0.15	0.02	1.42
34937	8.16	47.32	36.59	-0.19	0.04	1.43
34955	2.79	12.65	36.67	-0.19	0.03	1.41
34972	-0.76	-20.17	32.10	-0.14	0.01	1.34
34991	-0.46	-46.20	26.98	-0.06	-0.02	1.31
35010	2.20	-60.36	20.81	0.07	-0.03	1.32
35029	3.72	-61.34	16.91	0.18	-0.01	1.39
35048	4.93	-53.21	8.15	0.21	0.01	1.43
35065	2.55	-38.25	-1.56	0.21	0.03	1.47
35083	-1.45	-25.24	-8.85	0.19	0.04	1.45
35102	-4.38	-12.10	-12.37	0.21	0.02	1.41
35121	-4.70	-4.97	-13.23	0.19	0.00	1.42
35141	-4.26	7.52	-14.59	0.16	0.01	1.42
35158	-4.73	12.36	-15.93	0.09	0.02	1.44
35176	-6.04	10.33	-17.30	0.05	0.01	1.44
35195	-4.70	4.47	-17.78	0.02	-0.02	1.43
35213	-1.71	-5.08	-16.94	0.00	-0.00	1.47
35233	-0.98	-10.44	-16.17	0.03	0.01	1.48
35252	-0.24	-19.04	-14.07	0.05	-0.01	1.48
35270	3.11	-23.09	-10.62	0.09	-0.02	1.46
35290	5.49	-22.95	-6.27	0.12	0.01	1.47
35307	4.71	-19.99	-2.52	0.14	0.02	1.46
35325	3.88	-14.60	0.05	0.16	0.01	1.43
35344	3.74	-10.77	0.87	0.18	0.02	1.43
35361	3.07	-1.17	2.85	0.18	0.02	1.44
35379	0.72	7.71	5.28	0.16	0.04	1.43
35397	-3.34	14.18	6.79	0.14	0.05	1.39
35414	-5.51	16.13	6.88	0.13	0.03	1.37
35433	-8.58	18.45	5.48	0.12	0.01	1.35
35450	-8.67	19.88	2.76	0.12	-0.01	1.33
35469	-7.13	21.53	0.34	0.11	-0.02	1.31
35487	-6.20	21.76	-0.61	0.10	-0.02	1.25
35505	-4.70	21.19	-2.99	0.10	-0.03	1.22
35524	-2.84	21.19	-5.89	0.11	-0.04	1.16
35543	-0.34	24.43	-9.00	0.14	-0.05	1.10
35563	2.08	31.07	-12.59	0.14	-0.05	1.01
35581	4.10	37.66	-15.59	0.11	-0.05	0.86
35598	4.85	39.99	-16.65	0.08	-0.06	0.70
35617	6.33	42.48	-17.93	0.07	-0.06	0.62
35635	7.22	44.16	-19.18	0.06	-0.05	0.49
35652	7.75	45.21	-21.56	0.03	-0.05	0.38
35672	7.84	44.45	-25.15	-0.01	-0.05	0.28
35690	7.68	42.82	-27.15	-0.03	-0.02	0.21
35709	4.93	37.73	-30.81	-0.05	-0.00	0.18
35727	-1.10	31.54	-33.58	-0.05	0.01	0.15
35747	-6.99	24.66	-33.28	-0.09	-0.00	0.14
35766	-11.51	12.37	-26.90	-0.13	0.00	0.19
35784	-15.63	-0.98	-9.55	-0.09	0.03	0.28
35804	-20.00	-6.42	18.34	-0.00	0.03	0.42
35823	-20.86	-5.57	33.52	0.05	-0.03	0.61
35843	-17.20	0.03	57.65	0.21	-0.04	0.88
35861	-10.10	19.13	67.84	0.32	-0.02	1.02
35878	-5.45	57.56	62.90	0.37	0.01	1.20
35897	-2.01	90.41	48.39	0.18	0.00	1.25
35914	1.46	98.39	30.61	-0.04	-0.02	1.25
35933	3.34	92.67	21.64	-0.14	-0.02	1.24
35952	7.26	66.02	3.75	-0.26	-0.03	1.17
35969	9.93	29.88	-12.21	-0.26	-0.02	1.06
35989	10.51	-2.26	-25.02	-0.17	-0.01	0.94
36008	9.43	-21.36	-34.18	-0.05	-0.00	0.85
36027	7.19	-26.29	-38.88	0.04	-0.01	0.80
36046	6.50	-24.72	-39.32	0.09	-0.01	0.76
36064	4.81	-16.36	-36.39	0.11	-0.01	0.76
36083	3.45	-4.84	-28.96	0.11	-0.01	0.76
36102	2.00	5.55	-18.02	0.07	0.00	0.78
36120	0.79	11.47	-6.24	0.02	0.01	0.82
36138	0.12	10.48	5.65	-0.06	0.01	0.88
36156	0.35	6.70	11.25	-0.09	-0.00	0.91
36175	2.49	-5.75	20.40	-0.12	-0.02	0.96
36193	6.10	-20.95	25.25	-0.13	-0.02	1.00
36213	9.78	-35.25	25.41	-0.10	-0.02	1.02
36231	12.13	-45.44	22.22	-0.06	0.00	1.04
36249	12.10	-50.86	15.79	-0.04	0.02	1.04
36269	10.94	-52.83	11.86	-0.04	0.03	1.04
36286	7.64	-56.56	3.75	-0.04	0.03	1.01
36305	4.24	-59.62	-2.76	-0.04	0.02	0.98
36323	1.39	-61.08	-6.38	-0.02	0.01	0.94
36341	-0.90	-58.65	-7.78	0.03	0.01	0.91
36361	-2.21	-55.24	-7.95	0.09	0.01	0.87
36379	-4.67	-43.00	-7.97	0.11	0.01	0.85
36399	-7.02	-25.88	-7.98	0.15	0.01	0.81
36417	-8.12	-7.31	-8.13	0.16	0.01	0.78
36436	-8.18	11.15	-8.54	0.17	-0.01	0.76
36456	-5.77	29.21	-9.03	0.17	-0.02	0.75
36474	-3.17	45.59	-9.52	0.15	-0.01	0.75
36493	-2.01	52.02	-9.87	0.11	-0.01	0.76
36511	0.20	61.19	-10.54	0.09	-0.01	0.77
36530	2.64	64.61	-10.50	0.05	-0.01	0.79
36548	4.59	62.77	-9.90	-0.00	-0.00	0.80
36568	6.23	54.40	-8.53	-0.06	0.00	0.80
36586	6.48	38.93	-6.09	-0.11	0.01	0.77
36604	5.86	28.76	-4.88	-0.14	0.01	0.74
36623	3.95	4.24	-2.11	-0.19	0.01	0.66
36640	1.45	-25.22	1.42	-0.22	0.00	0.55
36660	-1.02	-57.02	6.64	-0.23	0.01	0.47
36679	-4.18	-88.49	12.92	-0.21	0.00	0.43
36697	-6.30	-115.51	19.10	-0.15	-0.02	0.41
36716	-6.70	-125.79	21.56	-0.06	-0.05	0.43
36735	-5.80	-138.69	25.68	-0.01	-0.06	0.46
36755	-2.23	-138.08	28.79	0.14	-0.09	0.57
36774	2.46	-119.20	31.59	0.32	-0.08	0.69
36792	4.61	-82.12	32.03	0.45	-0.05	0.78
36810	4.58	-32.68	30.90	0.53	-0.04	0.83
36828	4.70	-5.36	30.62	0.54	-0.05	0.90
36847	6.35	48.87	29.59	0.51	-0.05	0.98
36865	8.51	95.14	26.37	0.40	-0.05	1.16
36882	12.57	122.39	20.84	0.18	-0.06	1.32
36901	18.01	120.09	14.56	-0.07	-0.01	1.45
36918	18.28	107.97	10.35	-0.18	0.03	1.49
36937	13.47	67.12	0.46	-0.31	0.06	1.45
36954	5.97	15.81	-8.71	-0.31	0.09	1.39
36973	-4.78	-31.71	-16.92	-0.24	0.09	1.37
36993	-12.53	-68.60	-24.58	-0.11	0.03	1.35
37011	-13.57	-80.92	-27.13	0.03	0.00	1.34
37031	-12.36	-92.22	-28.66	0.07	0.02	1.36
37049	-12.94	-91.37	-28.14	0.16	0.04	1.42
37068	-13.35	-80.35	-27.77	0.21	0.01	1.39
37087	-10.73	-64.76	-26.86	0.22	0.00	1.33
37105	-6.82	-49.18	-24.84	0.21	0.02	1.36
37124	-5.34	-32.38	-21.94	0.25	0.05	1.42
37143	-5.48	-21.96	-19.76	0.27	0.04	1.45
37162	-5.39	0.98	-13.03	0.25	0.05	1.46
37180	-5.48	16.82	-4.94	0.16	0.05	1.50
37198	-4.96	22.20	1.97	0.09	0.03	1.50
37216	-3.34	20.95	7.89	0.07	0.04	1.49
37234	-2.81	19.44	10.48	0.07	0.04	1.50
37251	-2.53	13.70	14.21	0.01	0.03	1.47
37270	-1.89	2.06	16.31	-0.00	0.01	1.44
37288	-0.69	-10.12	18.02	0.01	0.01	1.43
37307	-0.85	-20.54	17.94	0.05	0.02	1.44
37324	-0.87	-23.24	16.71	0.10	0.01	1.43
37342	0.38	-19.59	13.76	0.20	0.01	1.44
37360	0.87	-7.66	10.91	0.21	0.01	1.45
37378	0.63	4.50	7.95	0.22	0.02	1.49
37397	0.08	11.17	6.07	0.23	0.01	1.50
37414	0.49	26.61	1.98	0.23	-0.01	1.47
37431	1.08	38.62	-2.84	0.17	-0.01	1.39
37450	0.79	43.26	-8.06	0.12	-0.02	1.30
37468	0.18	43.79	-10.48	0.11	-0.02	1.25
37486	-0.87	44.14	-14.21	0.10	-0.02	1.19
37506	-2.43	43.49	-16.74	0.10	-0.02	1.16
37524	-3.63	43.00	-18.81	0.11	-0.03	1.13
37544	-4.07	43.84	-20.43	0.10	-0.03	1.06
37562	-4.67	44.94	-21.03	0.10	-0.04	0.92
37580	-4.59	45.78	-20.49	0.09	-0.05	0.77
37600	-4.65	48.16	-18.49	0.08	-0.05	0.69
37618	-3.83	48.93	-16.22	0.04	-0.06	0.54
37637	-1.75	46.20	-13.92	-0.01	-0.07	0.40
37656	1.60	39.73	-11.55	-0.04	-0.08	0.27
37674	4.97	30.76	-8.64	-0.07	-0.08	0.19
37695	8.67	20.55	-5.23	-0.08	-0.08	0.15
37713	10.68	15.30	-3.46	-0.10	-0.08	0.12
37732	13.93	3.68	-0.38	-0.08	-0.07	0.14
37750	15.98	-3.97	1.34	-0.03	-0.05	0.19
37768	15.00	-6.38	4.71	0.00	0.00	0.25
37786	8.97	-3.10	14.19	0.11	0.05	0.34
37804	1.83	13.52	26.50	0.23	0.04	0.50
37821	-0.72	26.46	31.28	0.27	0.04	0.58
37839	-4.65	56.61	34.61	0.32	0.05	0.76
37856	-7.00	88.38	30.96	0.27	0.04	0.97
37873	-7.58	100.08	27.31	0.18	0.03	1.07
37892	-7.32	106.32	17.84	-0.04	0.01	1.22
37911	-5.89	85.83	7.03	-0.25	-0.01	1.28
37929	-2.58	45.49	-3.42	-0.32	-0.04	1.28
37949	0.87	2.73	-13.87	-0.24	-0.02	1.22
37967	0.20	-25.86	-25.13	-0.08	0.02	1.12
37986	-1.57	-32.73	-30.00	-0.01	0.02	1.06
38006	-4.43	-35.29	-35.78	0.08	-0.01	0.95
38024	-5.07	-29.08	-36.10	0.10	-0.02	0.85
38044	-4.65	-21.99	-31.49	0.06	-0.02	0.78
38063	-5.48	-18.30	-23.35	0.03	0.01	0.75
38082	-7.46	-18.31	-12.89	-0.02	0.02	0.75
38101	-9.03	-22.96	-0.52	-0.05	0.01	0.78
38120	-8.71	-29.77	13.00	-0.05	-0.00	0.83
38139	-7.78	-32.65	19.49	-0.02	-0.03	0.89
38158	-3.13	-36.12	30.44	-0.00	-0.04	0.93
38178	4.33	-36.38	36.76	0.02	-0.07	0.98
38196	12.57	-35.23	37.96	0.02	-0.06	1.01
38214	18.30	-33.62	34.12	0.03	-0.03	1.03
38232	21.15	-32.53	26.76	0.01	-0.01	1.02
38250	20.97	-32.59	22.45	0.00	0.01	1.01
38269	17.24	-33.97	13.26	0.01	0.04	0.97
38286	10.45	-33.68	4.29	0.04	0.05	0.92
38304	2.46	-29.13	-3.36	0.09	0.05	0.86
38323	-5.04	-20.08	-9.29	0.13	0.04	0.82
38341	-8.53	-13.98	-11.87	0.14	0.04	0.80
38359	-14.42	-0.53	-16.69	0.15	0.02	0.77
38379	-17.24	13.09	-20.58	0.15	-0.00	0.75
38398	-17.29	25.39	-23.41	0.14	-0.02	0.76
38417	-15.01	35.52	-24.63	0.10	-0.03	0.75
38435	-11.67	39.40	-24.60	0.05	-0.04	0.73
38454	-9.61	39.09	-24.05	0.00	-0.04	0.70
38473	-5.60	34.85	-22.05	-0.01	-0.04	0.69
38492	-1.28	27.54	-17.87	-0.03	-0.04	0.69
38512	2.38	17.50	-12.31	-0.08	-0.03	0.68
38530	4.58	1.45	-7.48	-0.14	-0.02	0.62
38549	6.16	-20.17	-3.66	-0.17	-0.02	0.54
38568	7.16	-43.05	-1.02	-0.18	-0.02	0.49
38587	7.20	-65.61	1.86	-0.17	-0.03	0.46
38606	7.28	-76.17	3.74	-0.11	-0.04	0.48
38625	7.64	-92.15	9.40	-0.07	-0.04	0.50
38644	6.56	-98.71	18.31	0.02	-0.02	0.56
38662	2.41	-94.88	28.34	0.10	-0.01	0.65
38680	-4.41	-82.23	36.74	0.18	0.00	0.76
38699	-11.55	-62.52	42.25	0.24	-0.01	0.83
38717	-14.16	-50.57	43.06	0.26	-0.02	0.88
38737	-16.31	-24.99	41.12	0.27	-0.05	0.98
38755	-13.81	0.79	34.21	0.27	-0.08	1.08
38773	-6.27	24.02	26.08	0.24	-0.12	1.14
38792	5.20	40.74	19.76	0.16	-0.11	1.20
38810	13.73	46.80	15.59	0.06	-0.04	1.30
38829	15.01	45.27	13.17	0.02	0.00	1.35
38846	13.09	35.26	7.63	-0.02	0.04	1.43
38863	8.00	21.77	2.98	-0.02	0.07	1.48
38882	1.57	6.52	-2.35	-0.04	0.04	1.45
38899	-0.44	-2.11	-5.54	-0.04	-0.00	1.43
38921	-0.15	-17.33	-11.47	0.03	-0.05	1.39
38940	2.98	-23.51	-16.49	0.09	-0.04	1.35
38958	5.69	-22.66	-20.42	0.11	-0.04	1.34
38977	7.80	-22.20	-22.19	0.06	-0.03	1.31
38996	7.83	-27.04	-22.51	0.02	-0.01	1.32
39015	5.08	-32.58	-21.32	0.06	0.01	1.39
39033	3.28	-32.85	-20.37	0.11	-0.00	1.38
39052	1.71	-28.44	-17.78	0.12	-0.01	1.36
39071	1.89	-23.03	-12.70	0.11	-0.01	1.39
39089	1.72	-16.77	-4.59	0.16	0.01	1.47
39108	1.88	-4.41	3.60	0.20	-0.01	1.51
39127	4.99	10.07	10.59	0.16	-0.02	1.51
39144	6.81	14.51	13.75	0.12	-0.01	1.51
39163	6.29	17.82	19.38	0.10	0.04	1.54
39180	3.33	19.09	24.09	0.10	0.02	1.54
39196	2.41	19.24	26.21	0.07	0.00	1.51
39215	2.46	17.15	28.59	0.04	-0.01	1.50
39232	4.61	9.22	28.05	0.01	-0.02	1.50
39251	6.24	-0.99	25.18	0.02	0.01	1.48
39268	4.76	-9.34	19.78	0.05	0.04	1.47
39286	3.19	-11.66	16.27	0.08	0.04	1.47
39304	0.95	-11.35	8.58	0.13	0.01	1.43
39322	-0.24	-7.17	1.27	0.14	0.02	1.36
39341	-1.95	-1.39	-5.84	0.15	0.02	1.29
39359	-2.98	2.04	-9.26	0.15	0.00	1.23
39377	-4.33	9.64	-15.21	0.16	-0.01	1.21
39396	-3.97	19.32	-19.41	0.17	-0.03	1.19
39414	-2.85	28.09	-22.00	0.13	-0.03	1.14
39435	-2.73	33.33	-23.68	0.11	-0.02	1.08
39453	-3.72	37.29	-24.80	0.12	-0.01	1.02
39472	-6.15	42.18	-25.44	0.12	-0.00	0.93
39491	-7.46	44.86	-25.50	0.09	-0.02	0.81
39509	-9.37	48.86	-25.10	0.08	-0.03	0.75
39529	-9.35	50.84	-23.96	0.07	-0.06	0.63
39547	-7.66	52.37	-22.14	0.05	-0.07	0.52
39567	-5.11	52.72	-19.67	0.02	-0.07	0.40
39585	-2.49	50.63	-17.04	-0.01	-0.07	0.29
39604	-0.44	46.19	-14.50	-0.04	-0.06	0.21
39624	0.46	40.28	-12.25	-0.04	-0.05	0.17
39643	0.67	37.34	-11.40	-0.04	-0.05	0.17
39662	1.66	32.67	-9.96	-0.01	-0.06	0.20
39680	4.24	32.27	-8.59	0.04	-0.06	0.25
39699	5.34	39.23	-6.10	0.12	0.00	0.32
39716	-1.77	53.10	-0.98	0.12	0.10	0.43
39735	-8.16	58.72	4.27	0.01	0.09	0.59
39753	-19.00	60.29	20.11	-0.06	0.06	0.68
39771	-22.19	46.91	35.34	-0.12	0.01	0.92
39790	-18.77	30.06	46.54	-0.08	0.01	1.21
39807	-13.03	19.91	53.53	-0.02	-0.03	1.41
39826	-8.59	16.31	55.02	-0.04	-0.04	1.42
39846	0.90	7.55	52.23	-0.04	-0.03	1.38
39864	6.88	-0.52	43.00	-0.01	-0.01	1.24
39883	11.11	-5.48	30.76	0.01	-0.03	1.10
39900	14.36	-8.36	17.55	-0.00	-0.04	0.95
39919	16.20	-12.92	3.60	-0.02	-0.04	0.83
39939	17.09	-19.10	-9.23	-0.04	-0.03	0.74
39957	17.03	-22.72	-14.63	-0.04	-0.03	0.71
39977	15.32	-29.60	-23.18	-0.04	-0.01	0.68
39996	11.11	-35.19	-28.92	-0.02	0.02	0.69
40014	4.88	-37.25	-31.27	0.02	0.03	0.75
40033	-0.93	-34.99	-29.68	0.04	0.02	0.82
40052	-5.37	-31.78	-24.66	0.03	0.01	0.89
40071	-8.51	-29.66	-17.49	0.02	0.01	0.98
40089	-10.01	-28.87	-13.82	0.02	0.02	1.03
40108	-12.63	-28.70	-7.17	-0.01	0.00	1.08
40127	-12.16	-32.53	-0.84	-0.05	-0.02	1.11
40147	-8.48	-39.70	3.98	-0.06	-0.04	1.11
40167	-3.98	-47.12	6.41	-0.05	-0.03	1.08
40186	-0.23	-53.60	6.73	-0.03	-0.03	1.04
40205	2.62	-56.26	5.60	0.00	-0.03	0.98
40223	4.29	-54.57	3.39	0.05	-0.02	0.93
40243	4.68	-51.67	2.08	0.10	-0.01	0.88
40261	4.26	-41.58	-0.89	0.12	-0.00	0.85
40279	2.66	-26.38	-3.77	0.16	-0.00	0.80
40298	1.19	-8.30	-5.95	0.18	-0.01	0.77
40317	0.00	10.59	-7.60	0.18	-0.02	0.73
40336	-0.46	28.85	-8.94	0.17	-0.03	0.70
40355	-0.56	37.54	-9.34	0.17	-0.04	0.68
40373	0.12	54.00	-9.60	0.17	-0.04	0.68
40392	1.11	69.37	-9.37	0.15	-0.04	0.71
40410	2.76	80.25	-8.67	0.09	-0.03	0.74
40428	2.98	83.83	-7.52	0.02	-0.02	0.77
40447	1.53	79.41	-6.74	-0.04	-0.01	0.79
40465	0.09	74.65	-6.87	-0.06	0.01	0.80
40484	-4.58	60.67	-8.38	-0.12	0.02	0.79
40502	-8.97	39.61	-10.12	-0.18	0.02	0.75
40522	-11.44	13.18	-10.57	-0.21	-0.01	0.68
40540	-11.73	-16.45	-10.36	-0.23	-0.02	0.59
40560	-10.73	-47.47	-9.74	-0.22	-0.04	0.49
40580	-8.19	-76.02	-8.09	-0.19	-0.05	0.43
40599	-4.97	-99.69	-5.58	-0.13	-0.05	0.45
40620	-2.23	-114.90	-3.23	-0.04	-0.07	0.52
40639	-0.32	-118.45	-2.15	0.06	-0.08	0.60
40659	4.61	-117.32	0.47	0.16	-0.05	0.68
40677	7.37	-105.16	3.25	0.20	-0.04	0.72
40695	8.15	-83.40	4.81	0.27	-0.02	0.79
40713	7.52	-54.17	5.65	0.33	-0.01	0.89
40731	7.35	-37.70	5.75	0.34	-0.03	1.05
40751	9.00	-4.65	4.81	0.33	-0.04	1.13
40769	12.54	22.60	3.17	0.25	-0.04	1.29
40786	14.11	38.68	1.66	0.15	0.02	1.43
40804	11.51	41.31	-0.85	0.03	0.04	1.51
40822	9.89	36.67	-3.07	-0.09	0.00	1.48
40840	8.29	16.16	-7.60	-0.13	-0.01	1.46
40859	7.81	-11.92	-11.37	-0.13	0.02	1.39
40878	4.99	-37.08	-15.72	-0.08	0.02	1.33
40897	3.89	-57.24	-19.42	-0.05	0.00	1.25
40915	2.85	-71.81	-21.12	0.01	0.00	1.21
40933	2.17	-75.47	-20.94	0.06	0.00	1.21
40952	1.21	-74.13	-18.54	0.14	0.01	1.22
40971	-1.59	-62.59	-15.06	0.22	0.05	1.23
40990	-5.29	-43.33	-9.72	0.27	0.04	1.26
41008	-6.85	-18.71	-2.15	0.29	0.03	1.27
41026	-6.68	6.26	5.02	0.27	0.01	1.26
41045	-6.45	17.61	7.86	0.26	0.01	1.27
41062	-6.09	37.69	12.65	0.23	0.03	1.35
41081	-6.32	52.84	16.63	0.17	0.02	1.42
41099	-4.41	59.52	19.38	0.10	-0.00	1.49
41116	-2.75	59.33	20.07	0.01	0.01	1.56
41135	-0.27	50.67	20.19	-0.01	0.01	1.56
41153	1.88	35.81	19.87	-0.02	-0.00	1.54
41172	5.08	20.97	19.15	-0.00	0.00	1.52
41189	7.78	8.47	18.08	0.02	0.01	1.53
41206	8.67	3.34	17.68	0.04	0.02	1.52
41224	8.32	-3.60	15.55	0.08	0.04	1.49
41242	6.88	-5.52	12.01	0.12	0.03	1.49
41259	5.83	-4.39	10.18	0.15	0.06	1.50
41279	2.01	0.81	6.50	0.16	0.07	1.49
41296	-4.41	7.60	3.30	0.15	0.08	1.48
41314	-8.90	13.26	1.02	0.14	0.03	1.47
41331	-9.11	17.33	0.90	0.12	0.02	1.43
41349	-9.37	18.20	0.55	0.11	0.04	1.41
41368	-10.33	18.54	-1.71	0.09	0.01	1.35
41386	-7.23	17.12	-3.89	0.08	-0.04	1.28
41406	-1.53	14.72	-4.84	0.07	-0.05	1.19
41424	2.50	13.24	-4.73	0.08	-0.02	1.09
41442	3.54	13.34	-4.75	0.08	-0.01	0.99
41461	4.30	14.10	-6.13	0.08	-0.02	0.94
41479	4.14	15.00	-9.43	0.09	-0.01	0.82
41498	3.11	17.91	-13.29	0.09	-0.01	0.70
41516	2.44	21.91	-16.40	0.09	-0.02	0.56
41534	2.20	25.48	-18.08	0.07	-0.03	0.43
41553	2.12	26.92	-18.62	0.04	-0.04	0.32
41572	2.09	28.20	-18.97	0.03	-0.05	0.27
41590	2.04	27.60	-18.39	0.01	-0.04	0.20
41609	1.28	27.01	-17.11	0.02	-0.04	0.17
41626	0.11	28.21	-15.35	0.05	-0.03	0.18
41645	-0.38	30.21	-14.65	0.10	-0.03	0.22
41664	-1.79	38.80	-13.79	0.13	-0.02	0.24
41684	-4.68	54.05	-14.11	0.20	0.02	0.32
41702	-11.26	76.45	-15.41	0.25	0.05	0.43
41720	-19.73	100.16	-16.05	0.17	0.08	0.59
41738	-27.54	107.93	-10.33	-0.08	0.07	0.79
41756	-29.59	99.62	-4.10	-0.24	0.04	0.92
41777	-25.10	56.63	13.31	-0.49	-0.05	1.20
41795	-10.64	-8.15	31.59	-0.53	-0.07	1.36
41814	2.38	-67.17	42.76	-0.32	-0.03	1.33
41833	9.80	-97.27	45.64	-0.03	-0.01	1.25
41851	12.39	-94.68	41.63	0.21	0.03	1.13
41870	10.73	-68.18	32.73	0.32	0.05	1.00
41888	9.29	-50.95	27.16	0.32	0.04	0.93
41905	7.23	-19.71	16.59	0.22	0.01	0.81
41924	7.89	-0.32	8.24	0.10	-0.02	0.73
41942	9.70	5.11	1.68	-0.01	-0.02	0.69
41960	10.04	3.59	-1.28	-0.07	-0.01	0.68
41979	9.35	-5.02	-6.96	-0.09	-0.01	0.69
41998	8.03	-16.60	-11.80	-0.07	-0.01	0.74
42017	6.21	-23.67	-15.32	-0.00	-0.01	0.80
42036	5.83	-22.93	-16.43	0.06	-0.03	0.87
42056	6.81	-14.40	-15.18	0.13	-0.03	0.94
42074	6.61	-0.32	-12.80	0.14	-0.01	1.01
42093	6.03	6.76	-11.61	0.11	0.00	1.05
42111	3.72	17.44	-9.22	0.07	0.00	1.06
42129	1.82	18.78	-6.90	-0.02	0.00	1.05
42147	0.06	10.59	-4.46	-0.07	-0.01	1.03
42166	-1.14	-2.08	-2.38	-0.07	-0.01	1.01
42186	-2.17	-13.38	-0.75	-0.04	-0.01	0.96
42206	-2.90	-20.11	-0.11	0.02	-0.02	0.92
42225	-3.19	-20.84	-0.18	0.08	-0.02	0.87
42244	-3.80	-17.15	-1.31	0.12	-0.02	0.84
42263	-4.33	-8.38	-3.10	0.12	-0.01	0.83
42283	-5.13	2.53	-4.85	0.13	-0.01	0.80
42302	-6.15	13.41	-6.73	0.13	-0.01	0.79
42321	-7.11	23.24	-8.51	0.12	-0.01	0.78
42340	-8.00	31.34	-9.61	0.11	-0.00	0.79
42358	-8.62	37.92	-10.48	0.09	-0.00	0.79
42377	-8.77	40.04	-10.85	0.05	-0.01	0.79
42396	-8.65	41.47	-11.63	0.03	-0.01	0.79
42414	-8.10	38.89	-11.92	0.00	-0.01	0.79
42434	-8.04	31.92	-12.50	-0.04	-0.01	0.79
42452	-9.41	19.74	-13.41	-0.09	0.00	0.74
42471	-10.99	3.02	-13.93	-0.12	-0.01	0.65
42491	-11.02	-17.14	-13.41	-0.15	-0.03	0.55
42510	-9.37	-39.03	-11.81	-0.15	-0.05	0.47
42530	-6.59	-60.87	-9.66	-0.16	-0.06	0.41
42550	-4.94	-71.88	-8.21	-0.15	-0.07	0.40
42570	-1.48	-93.37	-5.08	-0.12	-0.06	0.42
42589	1.45	-110.79	-1.43	-0.09	-0.06	0.44
42608	4.76	-121.40	1.45	-0.02	-0.07	0.50
42628	7.71	-123.37	2.99	0.08	-0.05	0.59
42645	10.38	-112.70	2.87	0.23	-0.06	0.75
42664	15.41	-84.32	1.85	0.39	-0.09	0.96
42682	19.06	-63.78	0.78	0.46	-0.06	1.09
42701	24.15	-17.41	-2.85	0.46	-0.03	1.14
42721	24.11	26.96	-7.03	0.40	0.02	1.21
42738	20.22	60.73	-11.25	0.28	0.06	1.25
42755	14.04	77.65	-14.43	0.12	0.09	1.27
42774	5.28	77.09	-16.19	0.00	0.10	1.31
42791	1.19	71.82	-16.40	-0.04	0.08	1.34
42811	-3.59	52.44	-14.89	-0.13	0.04	1.32
42829	-6.23	26.02	-11.17	-0.13	0.05	1.30
42847	-10.24	0.73	-5.80	-0.10	0.05	1.29
42866	-13.34	-18.20	0.02	-0.03	0.03	1.27
42885	-13.67	-24.69	2.73	0.01	-0.00	1.31
42904	-11.87	-33.48	8.00	0.03	-0.02	1.34
42923	-8.44	-38.19	12.45	0.07	-0.03	1.39
42942	-3.75	-36.65	16.07	0.14	-0.04	1.35
42961	1.63	-28.02	18.92	0.17	-0.04	1.29
42979	5.94	-17.03	21.48	0.17	-0.03	1.24
42997	7.40	-11.51	22.19	0.18	-0.03	1.21
43016	10.82	0.50	22.28	0.18	-0.02	1.20
43035	13.73	11.87	20.94	0.16	-0.01	1.23
43052	14.74	20.66	19.18	0.14	0.02	1.29
43069	13.37	25.97	16.94	0.11	0.04	1.34
43087	11.84	26.98	15.59	0.08	0.05	1.38
43104	7.17	24.51	11.80	0.03	0.07	1.47
43123	1.34	16.51	5.04	0.02	0.06	1.47
43140	-2.01	8.35	-1.66	0.04	0.03	1.44
43158	-3.11	5.33	-4.14	0.05	0.03	1.44
43176	-4.88	-0.43	-7.23	0.05	0.03	1.48
43195	-6.12	-5.02	-9.40	0.08	0.03	1.50
43215	-6.90	-6.36	-11.15	0.12	0.02	1.49
43233	-5.97	-2.98	-11.78	0.15	0.00	1.49
43251	-5.22	-0.06	-11.46	0.15	0.01	1.50
43271	-3.94	5.54	-9.61	0.14	0.01	1.50
43288	-2.91	9.14	-6.00	0.11	0.01	1.49
43307	-2.08	9.35	-1.83	0.09	0.01	1.48
43326	-0.50	6.23	2.91	0.06	-0.01	1.45
43344	1.28	1.98	8.44	0.08	0.02	1.40
43362	1.19	0.75	11.09	0.09	0.03	1.37
43379	-0.70	0.73	15.73	0.11	0.03	1.31
43396	-3.27	2.26	20.32	0.09	0.02	1.25
43415	-4.97	1.79	24.61	0.07	-0.00	1.19
43433	-5.25	1.16	26.63	0.07	-0.01	1.17
43452	-5.51	0.21	29.25	0.07	-0.02	1.10
43470	-5.66	0.11	29.17	0.07	-0.02	0.99
43488	-5.62	-0.18	27.10	0.05	-0.03	0.84
43507	-5.40	-1.94	24.00	0.02	-0.04	0.66
43526	-4.88	-3.39	22.29	0.00	-0.05	0.51
43545	-3.52	-7.16	18.77	-0.01	-0.06	0.37
43564	-1.80	-11.80	15.06	-0.02	-0.06	0.31
43583	0.09	-17.76	11.28	-0.04	-0.06	0.23
43602	1.92	-24.02	7.80	-0.04	-0.06	0.19
43622	3.40	-28.00	4.46	-0.01	-0.06	0.16
43640	4.23	-27.37	1.30	0.04	-0.05	0.16
43658	4.17	-19.07	-2.44	0.12	-0.04	0.20
43677	4.07	-11.22	-4.55	0.21	-0.03	0.26
43696	3.20	12.33	-10.96	0.25	-0.02	0.28
43715	0.73	44.39	-18.05	0.26	-0.01	0.37
43733	-1.28	69.21	-21.85	0.07	-0.03	0.53
43752	1.25	67.49	-24.15	-0.15	-0.05	0.77
43771	6.68	46.33	-28.61	-0.16	-0.05	1.04
43789	9.32	36.01	-31.28	-0.08	-0.03	1.23
43807	13.34	21.90	-35.31	-0.04	-0.01	1.27
43827	12.13	16.51	-36.94	0.05	0.06	1.29
43845	3.86	22.77	-36.41	0.15	0.11	1.25
43863	-7.90	38.06	-32.90	0.17	0.12	1.16
43881	-13.75	46.33	-29.71	0.12	0.10	1.06
43898	-22.89	58.14	-21.01	0.08	0.08	1.02
43917	-27.95	60.70	-11.73	-0.00	0.04	0.93
43936	-27.39	54.53	-2.78	-0.06	-0.02	0.86
43957	-21.77	43.15	5.02	-0.07	-0.06	0.82
43975	-13.17	31.40	10.67	-0.05	-0.07	0.80
43993	-8.59	26.41	12.28	-0.02	-0.08	0.81
44012	0.09	19.24	13.46	-0.01	-0.07	0.82
44031	7.86	16.63	12.89	0.03	-0.07	0.85
44049	14.69	17.73	11.40	0.06	-0.06	0.89
44067	19.53	20.26	9.32	0.05	-0.04	0.94
44085	22.11	20.52	7.26	0.01	-0.03	0.97
44103	22.49	18.62	6.44	-0.02	-0.02	0.98
44121	20.49	10.38	5.49	-0.07	0.01	0.99