Time	Gx	Gy	Gz	Ax	Ay	Az
2	-0.11	-0.24	-0.31	0.11	0.00	0.96
22	-0.26	-0.23	-0.35	0.11	0.00	0.96
40	-0.06	-0.21	-0.32	0.11	0.00	0.97
60	-0.09	-0.27	-0.34	0.11	0.01	0.96
78	-0.06	-0.27	-0.31	0.11	0.01	0.97
97	-0.05	-0.24	-0.38	0.11	0.01	0.96
116	-0.17	-0.21	-0.43	0.11	0.00	0.96
135	-0.09	-0.21	-0.32	0.11	0.00	0.96
155	-0.11	-0.23	-0.35	0.10	0.00	0.96
173	-0.08	-0.27	-0.47	0.10	0.01	0.96
192	-0.09	-0.21	-0.34	0.11	0.00	0.96
212	-0.15	-0.32	-0.32	0.10	0.01	0.97
230	-0.20	-0.23	-0.29	0.11	0.00	0.97
250	-0.23	-0.21	-0.35	0.11	0.00	0.96
268	-0.06	-0.27	-0.38	0.11	0.01	0.96
288	-0.03	-0.26	-0.32	0.10	0.01	0.96
307	-0.09	-0.26	-0.32	0.11	0.01	0.96
325	-0.18	-0.21	-0.32	0.11	0.00	0.96
345	-0.17	-0.21	-0.35	0.11	0.00	0.97
363	-0.14	-0.23	-0.31	0.11	0.00	0.97
383	-0.03	-0.27	-0.41	0.11	0.00	0.96
401	0.02	-0.27	-0.31	0.11	0.01	0.96
421	-0.15	-0.32	-0.37	0.11	0.01	0.96
439	-0.14	-0.24	-0.31	0.11	0.00	0.96
458	-0.17	-0.23	-0.41	0.10	0.00	0.97
477	-0.06	-0.26	-0.46	0.11	0.00	0.97
496	0.02	-0.27	-0.41	0.10	0.01	0.96
516	0.05	-0.26	-0.35	0.11	0.01	0.96
534	0.00	-0.29	-0.41	0.11	0.01	0.97
552	-0.09	-0.27	-0.31	0.11	0.01	0.96
571	-0.12	-0.20	-0.38	0.10	0.00	0.96
590	-0.15	-0.29	-0.31	0.11	0.00	0.97
609	0.00	-0.24	-0.47	0.11	0.01	0.97
628	-0.02	-0.18	-0.37	0.11	0.01	0.96
647	-0.17	-0.18	-0.43	0.11	0.00	0.96
666	-0.18	-0.26	-0.27	0.11	0.01	0.97
684	-0.09	-0.35	-0.37	0.11	0.00	0.97
704	-0.03	-0.26	-0.32	0.11	0.00	0.96
723	0.08	-0.26	-0.35	0.11	0.01	0.97
742	-0.09	-0.24	-0.43	0.10	0.01	0.97
761	-0.06	-0.20	-0.31	0.11	0.01	0.97
780	-0.14	-0.20	-0.35	0.10	0.00	0.96
799	-0.11	-0.26	-0.27	0.11	0.00	0.96
817	-0.14	-0.21	-0.43	0.10	0.00	0.96
837	0.02	-0.27	-0.32	0.11	0.00	0.96
855	0.08	-0.21	-0.41	0.11	0.00	0.96
874	-0.15	-0.24	-0.31	0.11	0.01	0.96
892	-0.05	-0.26	-0.35	0.11	0.00	0.97
911	-0.20	-0.23	-0.40	0.11	0.00	0.97
931	-0.05	-0.27	-0.32	0.10	0.00	0.96
949	0.05	-0.21	-0.37	0.11	0.00	0.97
968	0.05	-0.31	-0.35	0.10	0.01	0.96
986	-0.08	-0.26	-0.32	0.11	0.01	0.96
1006	-0.17	-0.23	-0.32	0.11	0.00	0.96
1025	-0.23	-0.26	-0.41	0.11	0.00	0.97
1043	-0.08	-0.21	-0.34	0.11	0.00	0.96
1063	0.03	-0.15	-0.32	0.11	0.01	0.96
1081	-0.11	-0.18	-0.37	0.11	0.01	0.97
1100	-0.15	-0.26	-0.41	0.11	0.01	0.96
1119	-0.15	-0.27	-0.37	0.11	0.00	0.97
1138	-0.08	-0.26	-0.35	0.10	0.00	0.97
1158	-0.06	-0.20	-0.37	0.10	0.00	0.96
1176	0.02	-0.21	-0.43	0.11	0.01	0.97
1195	0.09	-0.27	-0.34	0.10	0.01	0.96
1213	-0.09	-0.21	-0.35	0.11	0.01	0.97
1233	-0.14	-0.26	-0.29	0.11	0.01	0.96
1252	-0.14	-0.17	-0.32	0.10	0.00	0.96
1270	0.02	-0.24	-0.37	0.11	0.00	0.97
1289	0.00	-0.18	-0.31	0.10	0.01	0.96
1307	-0.02	-0.18	-0.38	0.11	0.01	0.96
1327	-0.12	-0.27	-0.37	0.11	0.01	0.96
1346	-0.12	-0.27	-0.38	0.11	0.01	0.97
1365	-0.06	-0.21	-0.43	0.11	0.00	0.96
1384	-0.11	-0.21	-0.35	0.11	0.00	0.97
1403	0.08	-0.24	-0.32	0.11	0.01	0.96
1422	-0.06	-0.24	-0.34	0.11	0.01	0.96
1441	-0.15	-0.18	-0.27	0.11	0.00	0.96
1460	-0.26	-0.17	-0.40	0.11	0.00	0.96
1479	-0.14	-0.23	-0.38	0.11	0.00	0.97
1497	-0.03	-0.24	-0.38	0.11	0.01	0.96
1516	0.00	-0.17	-0.29	0.11	0.00	0.96
1535	-0.11	-0.29	-0.38	0.11	0.01	0.97
1555	-0.17	-0.23	-0.38	0.11	0.00	0.97
1573	-0.23	-0.21	-0.37	0.11	0.00	0.97
1592	0.03	-0.32	-0.41	0.10	0.00	0.96
1611	0.05	-0.23	-0.40	0.11	0.01	0.96
1629	0.00	-0.26	-0.29	0.11	0.01	0.96
1649	0.00	-0.26	-0.32	0.11	0.01	0.96
1667	-0.18	-0.38	-0.35	0.11	0.00	0.96
1685	-0.15	-0.26	-0.37	0.10	0.00	0.96
1705	-0.08	-0.27	-0.37	0.10	0.00	0.97
1723	-0.15	-0.31	-0.38	0.11	0.01	0.96
1743	0.05	-0.31	-0.26	0.11	0.01	0.96
1761	-0.12	-0.32	-0.35	0.11	0.01	0.96
1780	-0.21	-0.24	-0.35	0.11	0.00	0.97
1799	0.02	-0.18	-0.34	0.11	0.00	0.96
1817	0.00	-0.21	-0.34	0.10	0.00	0.97
1836	-0.05	-0.24	-0.35	0.10	0.01	0.96
1855	0.03	-0.24	-0.32	0.11	0.01	0.97
1874	-0.17	-0.23	-0.37	0.11	0.01	0.96
1893	-0.21	-0.37	-0.31	0.11	0.01	0.96
1911	-0.11	-0.20	-0.41	0.11	0.01	0.96
1930	0.08	-0.35	-0.29	0.10	0.00	0.96
1949	0.02	-0.21	-0.35	0.11	0.01	0.96
1968	-0.05	-0.27	-0.32	0.11	0.01	0.96
1987	-0.11	-0.18	-0.31	0.11	0.01	0.96
2006	-0.11	-0.27	-0.38	0.10	0.01	0.97
2025	-0.03	-0.27	-0.38	0.10	0.00	0.97
2044	0.06	-0.26	-0.35	0.10	0.00	0.96
2063	0.00	-0.31	-0.32	0.11	0.01	0.96
2082	-0.08	-0.17	-0.32	0.11	0.01	0.97
2100	-0.15	-0.27	-0.38	0.11	0.01	0.97
2119	-0.15	-0.27	-0.34	0.11	0.00	0.96
2138	-0.12	-0.21	-0.34	0.11	0.01	0.97
2158	0.02	-0.23	-0.31	0.11	0.01	0.96
2176	-0.02	-0.17	-0.34	0.10	0.00	0.96
2195	-0.09	-0.31	-0.35	0.11	0.01	0.96
2214	-0.24	-0.26	-0.29	0.10	0.00	0.97
2232	-0.15	-0.21	-0.32	0.11	0.00	0.97
2252	-0.11	-0.29	-0.21	0.10	0.01	0.96
2271	0.11	-0.27	-0.41	0.11	0.01	0.96
2290	0.14	-0.29	-0.35	0.10	0.01	0.96
2308	-0.05	-0.26	-0.38	0.11	0.01	0.97
2327	-0.18	-0.26	-0.38	0.11	0.01	0.96
2346	-0.15	-0.27	-0.29	0.10	0.01	0.97
2365	-0.11	-0.26	-0.46	0.11	0.00	0.96
2385	-0.03	-0.31	-0.35	0.11	0.01	0.97
2403	0.03	-0.27	-0.37	0.11	0.01	0.96
2421	-0.08	-0.18	-0.26	0.10	0.01	0.96
2441	-0.23	-0.31	-0.43	0.11	0.01	0.97
2459	-0.12	-0.27	-0.34	0.11	0.00	0.97
2479	-0.11	-0.32	-0.34	0.11	0.01	0.96
2497	0.00	-0.27	-0.31	0.11	0.01	0.97
2516	0.03	-0.34	-0.37	0.10	0.01	0.96
2535	-0.24	-0.29	-0.32	0.11	0.01	0.97
2553	-0.09	-0.23	-0.41	0.11	0.01	0.96
2573	-0.14	-0.26	-0.37	0.11	0.01	0.97
2592	0.05	-0.24	-0.34	0.11	0.00	0.97
2611	0.02	-0.26	-0.40	0.11	0.00	0.96
2629	-0.06	-0.21	-0.34	0.10	0.00	0.97
2648	-0.14	-0.32	-0.40	0.11	0.01	0.96
2667	-0.17	-0.29	-0.34	0.10	0.01	0.96
2685	-0.14	-0.20	-0.37	0.11	0.01	0.97
2704	0.11	-0.24	-0.38	0.11	0.00	0.96
2722	-0.03	-0.26	-0.31	0.11	0.01	0.97
2740	0.03	-0.21	-0.35	0.11	0.01	0.96
2758	-0.06	-0.24	-0.38	0.10	0.01	0.96
2777	-0.23	-0.31	-0.41	0.11	0.00	0.96
2796	-0.08	-0.21	-0.34	0.11	0.01	0.97
2814	-0.05	-0.15	-0.31	0.11	0.00	0.97
2833	-0.02	-0.24	-0.38	0.11	0.00	0.96
2851	-0.11	-0.15	-0.35	0.10	0.01	0.96
2871	-0.18	-0.24	-0.38	0.11	0.01	0.96
2889	-0.17	-0.35	-0.32	0.11	0.01	0.96
2908	-0.18	-0.23	-0.29	0.11	0.00	0.97
2926	-0.06	-0.29	-0.37	0.10	0.00	0.96
2944	0.06	-0.27	-0.37	0.11	0.01	0.97
2962	0.03	-0.23	-0.35	0.11	0.01	0.97
2981	-0.06	-0.21	-0.37	0.11	0.01	0.96
2999	-0.12	-0.24	-0.31	0.11	0.00	0.97
3018	-0.11	-0.17	-0.38	0.11	0.01	0.96
3037	-0.09	-0.29	-0.40	0.11	0.00	0.97
3055	0.03	-0.26	-0.43	0.11	0.00	0.97
3074	0.03	-0.21	-0.29	0.11	0.01	0.96
3092	-0.14	-0.32	-0.34	0.11	0.01	0.96
3110	-0.23	-0.26	-0.34	0.11	0.01	0.97
3129	-0.06	-0.32	-0.40	0.11	0.00	0.97
3147	-0.17	-0.27	-0.41	0.10	0.00	0.96
3166	0.06	-0.24	-0.35	0.11	0.00	0.96
3184	0.03	-0.24	-0.41	0.11	0.01	0.97
3202	-0.08	-0.24	-0.35	0.10	0.01	0.96
3221	-0.14	-0.31	-0.29	0.11	0.01	0.97
3240	-0.08	-0.27	-0.35	0.10	0.00	0.97
3258	-0.24	-0.27	-0.34	0.10	0.00	0.97
3277	-0.03	-0.23	-0.43	0.10	0.00	0.97
3296	0.02	-0.31	-0.32	0.11	0.01	0.96
3316	-0.11	-0.26	-0.35	0.11	0.00	0.97
3335	-0.18	-0.21	-0.43	0.11	0.00	0.97
3355	-0.20	-0.27	-0.32	0.11	0.00	0.97
3373	0.02	-0.31	-0.26	0.11	0.00	0.96
3393	0.00	-0.26	-0.32	0.11	0.01	0.97
3411	0.08	-0.27	-0.34	0.10	0.01	0.96
3429	0.05	-0.31	-0.34	0.11	0.01	0.96
3448	-0.17	-0.20	-0.38	0.11	0.00	0.97
3466	-0.23	-0.18	-0.37	0.10	0.00	0.96
3487	-0.15	-0.23	-0.41	0.11	0.00	0.96
3505	0.00	-0.29	-0.32	0.11	0.01	0.96
3523	0.02	-0.20	-0.37	0.11	0.01	0.96
3542	-0.08	-0.35	-0.37	0.11	0.01	0.96
3561	-0.23	-0.24	-0.41	0.11	0.00	0.97
3581	-0.08	-0.23	-0.29	0.11	0.00	0.96
3599	0.08	-0.24	-0.38	0.11	0.00	0.96
3619	0.08	-0.21	-0.46	0.11	0.01	0.97
3637	0.05	-0.23	-0.35	0.11	0.01	0.96
3655	0.00	-0.26	-0.32	0.11	0.01	0.97
3674	-0.14	-0.26	-0.37	0.11	0.01	0.96
3693	-0.08	-0.26	-0.35	0.11	0.00	0.97
3712	0.00	-0.29	-0.49	0.11	0.00	0.97
3731	-0.03	-0.23	-0.38	0.10	0.00	0.96
3749	-0.15	-0.27	-0.38	0.11	0.01	0.97
3768	-0.20	-0.21	-0.37	0.11	0.01	0.96
3788	-0.29	-0.26	-0.29	0.11	0.00	0.97
3807	-0.06	-0.34	-0.44	0.11	0.00	0.97
3826	0.02	-0.23	-0.40	0.11	0.00	0.96
3844	0.03	-0.27	-0.35	0.11	0.01	0.97
3862	-0.05	-0.21	-0.34	0.11	0.01	0.96
3881	-0.05	-0.29	-0.41	0.11	0.00	0.97
3901	-0.21	-0.27	-0.32	0.11	0.00	0.96
3919	-0.08	-0.23	-0.40	0.11	0.00	0.97
3939	-0.08	-0.23	-0.29	0.10	0.01	0.97
3957	-0.05	-0.21	-0.46	0.11	0.00	0.97
3976	-0.03	-0.23	-0.34	0.11	0.00	0.96
3996	-0.12	-0.35	-0.31	0.11	0.00	0.96
4014	-0.14	-0.24	-0.37	0.11	0.01	0.97
4034	-0.02	-0.34	-0.34	0.10	0.00	0.96
4053	-0.02	-0.34	-0.38	0.11	0.00	0.96
4071	0.08	-0.24	-0.38	0.11	0.01	0.97
4090	-0.06	-0.24	-0.35	0.11	0.01	0.96
4109	-0.12	-0.14	-0.37	0.10	0.01	0.97
4129	-0.20	-0.23	-0.37	0.11	0.01	0.96
4147	-0.08	-0.32	-0.41	0.11	0.00	0.97
4166	-0.08	-0.18	-0.29	0.11	0.00	0.96
4185	-0.06	-0.23	-0.38	0.11	0.01	0.96
4204	-0.03	-0.27	-0.34	0.11	0.01	0.97
4224	-0.09	-0.29	-0.32	0.11	0.01	0.96
4242	-0.17	-0.26	-0.37	0.11	0.00	0.97
4261	-0.03	-0.17	-0.37	0.10	0.00	0.97
4280	-0.11	-0.26	-0.37	0.11	0.01	0.97
4299	0.08	-0.24	-0.37	0.10	0.01	0.97
4318	-0.09	-0.17	-0.47	0.11	0.01	0.96
4337	-0.09	-0.21	-0.43	0.10	0.01	0.96
4356	-0.06	-0.26	-0.34	0.11	0.00	0.96
4375	-0.17	-0.29	-0.31	0.11	0.00	0.97
4393	-0.09	-0.23	-0.37	0.11	0.00	0.97
4414	-0.05	-0.31	-0.41	0.11	0.01	0.96
4432	-0.02	-0.23	-0.44	0.10	0.01	0.97
4452	-0.11	-0.27	-0.35	0.10	0.01	0.96
4470	-0.06	-0.29	-0.31	0.11	0.00	0.97
4489	-0.12	-0.21	-0.34	0.10	0.00	0.96
4509	-0.08	-0.23	-0.35	0.11	0.01	0.96
4528	0.06	-0.29	-0.37	0.11	0.01	0.96
4547	0.03	-0.29	-0.34	0.11	0.01	0.97
4565	-0.08	-0.29	-0.31	0.11	0.01	0.96
4583	-0.12	-0.24	-0.35	0.11	0.01	0.96
4602	-0.17	-0.18	-0.29	0.11	0.00	0.97
4621	-0.17	-0.24	-0.32	0.11	0.01	0.97
4639	-0.08	-0.23	-0.40	0.11	0.01	0.96
4658	0.02	-0.24	-0.21	0.10	0.01	0.97
4676	-0.15	-0.23	-0.37	0.11	0.01	0.96
4694	-0.20	-0.27	-0.35	0.11	0.01	0.97
4715	-0.15	-0.23	-0.27	0.11	0.00	0.97
4734	0.09	-0.21	-0.32	0.10	0.01	0.97
4752	0.03	-0.23	-0.40	0.10	0.01	0.97
4771	0.02	-0.23	-0.32	0.11	0.01	0.96
4789	-0.08	-0.29	-0.34	0.11	0.01	0.96
4808	-0.17	-0.31	-0.31	0.11	0.00	0.96
4827	-0.18	-0.26	-0.32	0.11	0.00	0.97
4847	-0.05	-0.21	-0.40	0.11	0.00	0.96
4866	-0.05	-0.27	-0.35	0.11	0.01	0.96
4884	-0.15	-0.21	-0.34	0.10	0.01	0.96
4904	-0.11	-0.27	-0.37	0.11	0.01	0.96
4923	-0.14	-0.18	-0.35	0.10	0.00	0.97
4942	-0.05	-0.15	-0.37	0.11	0.00	0.96
4961	-0.03	-0.29	-0.38	0.10	0.00	0.97
4979	0.11	-0.20	-0.34	0.10	0.01	0.96
4999	-0.11	-0.18	-0.40	0.11	0.01	0.97
5018	-0.12	-0.23	-0.43	0.11	0.01	0.96
5037	-0.09	-0.27	-0.29	0.11	0.00	0.96
5056	-0.14	-0.20	-0.32	0.11	0.01	0.97
5074	-0.03	-0.31	-0.37	0.11	0.00	0.96
5094	-0.03	-0.17	-0.40	0.11	0.00	0.97
5112	-0.06	-0.29	-0.31	0.11	0.01	0.96
5132	-0.06	-0.29	-0.27	0.10	0.00	0.96
5151	-0.14	-0.24	-0.35	0.10	0.00	0.96
5171	-0.15	-0.27	-0.41	0.11	0.00	0.96
5189	0.08	-0.24	-0.24	0.11	0.00	0.96
5207	-0.03	-0.32	-0.41	0.10	0.01	0.96
5227	-0.03	-0.24	-0.37	0.11	0.01	0.96
5246	-0.24	-0.21	-0.37	0.10	0.00	0.96
5265	-0.11	-0.23	-0.31	0.10	0.00	0.96
5284	-0.12	-0.27	-0.37	0.10	0.00	0.96
5302	-0.08	-0.27	-0.35	0.10	0.01	0.96
5322	-0.03	-0.23	-0.26	0.10	0.01	0.96
5340	-0.11	-0.20	-0.31	0.10	0.01	0.96
5360	-0.15	-0.23	-0.34	0.11	0.00	0.97
5378	-0.03	-0.23	-0.44	0.11	0.00	0.97
5397	0.02	-0.27	-0.37	0.10	0.00	0.96
5416	0.05	-0.29	-0.38	0.10	0.01	0.97
5434	0.11	-0.24	-0.37	0.11	0.00	0.96
5454	-0.17	-0.24	-0.34	0.10	0.01	0.96
5472	-0.11	-0.23	-0.37	0.11	0.01	0.97
5491	-0.18	-0.26	-0.34	0.11	0.00	0.96
5510	-0.08	-0.27	-0.41	0.11	0.00	0.96
5529	-0.06	-0.29	-0.32	0.10	0.00	0.96
5549	-0.08	-0.31	-0.31	0.10	0.01	0.96
5567	-0.09	-0.32	-0.34	0.11	0.00	0.96
5587	-0.12	-0.31	-0.32	0.11	0.00	0.97
5605	-0.15	-0.29	-0.44	0.10	0.00	0.97
5624	0.02	-0.21	-0.31	0.11	0.00	0.96
5644	0.05	-0.31	-0.31	0.10	0.00	0.96
5662	0.02	-0.34	-0.32	0.11	0.01	0.96
5681	-0.06	-0.21	-0.26	0.11	0.00	0.96
5699	-0.12	-0.27	-0.34	0.10	0.00	0.96
5718	-0.09	-0.27	-0.37	0.11	0.00	0.96
5738	-0.06	-0.29	-0.37	0.11	0.00	0.97
5756	-0.02	-0.27	-0.40	0.10	0.01	0.97
5776	-0.03	-0.21	-0.34	0.10	0.01	0.96
5794	-0.03	-0.37	-0.31	0.11	0.01	0.97
5814	-0.12	-0.23	-0.38	0.10	0.00	0.97
5833	-0.08	-0.29	-0.31	0.11	0.00	0.96
5852	-0.03	-0.20	-0.34	0.11	0.01	0.96
5871	-0.02	-0.26	-0.35	0.11	0.01	0.97
5890	0.06	-0.23	-0.43	0.11	0.01	0.96
5909	-0.11	-0.32	-0.29	0.11	0.00	0.97
5927	-0.12	-0.21	-0.29	0.10	0.01	0.96
5946	-0.11	-0.27	-0.37	0.10	0.00	0.97
5966	-0.14	-0.21	-0.37	0.11	0.01	0.96
5984	-0.02	-0.26	-0.38	0.10	0.01	0.97
6004	-0.08	-0.20	-0.37	0.11	0.01	0.96
6022	-0.14	-0.23	-0.34	0.11	0.01	0.97
6043	-0.18	-0.26	-0.38	0.11	0.00	0.97
6061	-0.02	-0.27	-0.34	0.11	0.01	0.96
6080	-0.02	-0.23	-0.41	0.11	0.00	0.96
6099	-0.03	-0.23	-0.44	0.11	0.01	0.96
6118	-0.11	-0.26	-0.35	0.11	0.01	0.96
6137	-0.11	-0.24	-0.34	0.10	0.00	0.96
6156	-0.18	-0.26	-0.32	0.11	0.01	0.96
6175	-0.11	-0.21	-0.27	0.11	0.00	0.96
6194	-0.02	-0.27	-0.35	0.11	0.01	0.97
6213	-0.15	-0.26	-0.32	0.11	0.01	0.97
6232	-0.03	-0.20	-0.32	0.11	0.01	0.96
6251	-0.18	-0.29	-0.34	0.11	0.01	0.97
6270	-0.06	-0.29	-0.34	0.11	0.00	0.97
6290	0.05	-0.26	-0.31	0.11	0.00	0.96
6308	0.05	-0.21	-0.34	0.11	0.00	0.97
6327	-0.02	-0.31	-0.43	0.11	0.01	0.96
6346	-0.05	-0.23	-0.40	0.11	0.01	0.96
6366	-0.08	-0.23	-0.37	0.11	0.01	0.96
6384	-0.26	-0.18	-0.37	0.10	0.00	0.96
6402	-0.20	-0.26	-0.38	0.11	0.00	0.97
6422	0.02	-0.23	-0.38	0.10	0.00	0.96
6440	0.00	-0.24	-0.44	0.11	0.01	0.97
6459	-0.12	-0.29	-0.34	0.11	0.01	0.96
6478	-0.17	-0.24	-0.34	0.10	0.01	0.96
6497	-0.12	-0.24	-0.26	0.11	0.01	0.97
6516	-0.02	-0.32	-0.31	0.10	0.01	0.96
6534	0.11	-0.29	-0.26	0.11	0.01	0.97
6554	-0.08	-0.27	-0.34	0.11	0.01	0.96
6572	-0.11	-0.26	-0.34	0.11	0.01	0.96
6592	-0.15	-0.21	-0.27	0.10	0.00	0.96
6610	-0.23	-0.24	-0.40	0.11	0.00	0.96
6629	-0.12	-0.18	-0.34	0.11	0.00	0.97
6648	0.06	-0.27	-0.34	0.11	0.01	0.96
6667	0.06	-0.18	-0.40	0.10	0.01	0.96
6686	-0.21	-0.31	-0.31	0.11	0.01	0.96
6704	-0.03	-0.32	-0.40	0.11	0.01	0.97
6724	-0.20	-0.24	-0.35	0.11	0.00	0.97
6742	-0.03	-0.32	-0.21	0.10	0.00	0.96
6761	0.09	-0.23	-0.37	0.10	0.01	0.97
6780	-0.14	-0.24	-0.38	0.11	0.01	0.96
6799	-0.08	-0.21	-0.40	0.11	0.01	0.97
6818	-0.24	-0.20	-0.29	0.11	0.00	0.96
6837	-0.17	-0.26	-0.34	0.11	0.01	0.96
6855	-0.08	-0.20	-0.35	0.11	0.00	0.96
6875	-0.03	-0.32	-0.37	0.10	0.00	0.96
6894	0.00	-0.27	-0.40	0.11	0.01	0.96
6913	-0.12	-0.20	-0.43	0.10	0.00	0.96
6931	-0.14	-0.29	-0.31	0.11	0.00	0.97
6950	-0.09	-0.24	-0.34	0.11	0.00	0.96
6970	0.03	-0.21	-0.40	0.10	0.00	0.97
6988	-0.02	-0.23	-0.44	0.11	0.00	0.97
7007	0.03	-0.18	-0.31	0.11	0.00	0.96
7026	-0.08	-0.27	-0.29	0.11	0.01	0.96
7044	-0.14	-0.29	-0.34	0.10	0.00	0.96
7064	-0.08	-0.27	-0.34	0.11	0.01	0.96
7082	-0.02	-0.32	-0.37	0.11	0.00	0.97
7102	-0.09	-0.34	-0.29	0.11	0.01	0.96
7120	-0.03	-0.29	-0.34	0.11	0.01	0.96
7138	-0.09	-0.23	-0.40	0.11	0.01	0.96
7158	-0.17	-0.26	-0.38	0.11	0.01	0.97
7177	-0.02	-0.17	-0.34	0.11	0.00	0.97
7197	-0.02	-0.31	-0.37	0.11	0.00	0.96
7215	0.02	-0.24	-0.27	0.10	0.01	0.96
7234	-0.05	-0.21	-0.32	0.11	0.01	0.97
7253	-0.12	-0.26	-0.32	0.11	0.01	0.97
7272	-0.12	-0.23	-0.35	0.11	0.01	0.96
7292	-0.15	-0.23	-0.35	0.11	0.00	0.96
7310	-0.08	-0.23	-0.40	0.11	0.00	0.97
7329	-0.06	-0.26	-0.34	0.10	0.01	0.97
7348	-0.20	-0.24	-0.43	0.10	0.01	0.97
7366	-0.20	-0.26	-0.34	0.10	0.01	0.96
7386	-0.14	-0.27	-0.37	0.11	0.01	0.97
7405	-0.18	-0.24	-0.32	0.11	0.00	0.97
7424	-0.03	-0.29	-0.35	0.11	0.00	0.96
7442	0.11	-0.23	-0.31	0.11	0.00	0.97
7461	0.02	-0.31	-0.38	0.10	0.01	0.96
7480	-0.03	-0.21	-0.34	0.11	0.00	0.97
7499	-0.11	-0.29	-0.41	0.10	0.00	0.96
7519	-0.17	-0.27	-0.35	0.11	0.00	0.97
7537	-0.11	-0.23	-0.41	0.10	0.00	0.97
7556	-0.15	-0.23	-0.31	0.10	0.01	0.96
7575	-0.09	-0.29	-0.32	0.11	0.01	0.97
7595	-0.12	-0.20	-0.37	0.11	0.00	0.96
7614	-0.18	-0.29	-0.32	0.11	0.00	0.97
7632	-0.14	-0.27	-0.40	0.11	0.00	0.97
7651	0.08	-0.20	-0.41	0.10	0.01	0.96
7669	0.14	-0.17	-0.37	0.11	0.01	0.96
7689	-0.02	-0.24	-0.41	0.10	0.01	0.96
7707	-0.14	-0.27	-0.31	0.11	0.01	0.97
7726	-0.08	-0.26	-0.29	0.10	0.01	0.96
7745	-0.11	-0.27	-0.34	0.11	0.00	0.97
7764	-0.11	-0.31	-0.32	0.11	0.00	0.97
7784	0.05	-0.23	-0.34	0.11	0.01	0.97
7802	-0.08	-0.21	-0.40	0.11	0.01	0.96
7822	-0.14	-0.32	-0.40	0.11	0.00	0.96
7841	-0.02	-0.20	-0.32	0.11	0.00	0.96
7859	-0.11	-0.23	-0.40	0.11	0.01	0.97
7879	-0.05	-0.29	-0.40	0.10	0.00	0.96
7898	0.05	-0.27	-0.40	0.11	0.01	0.96
7917	0.00	-0.27	-0.34	0.10	0.01	0.96
7935	-0.17	-0.23	-0.27	0.11	0.01	0.97
7953	-0.08	-0.21	-0.27	0.11	0.01	0.96
7972	-0.20	-0.31	-0.29	0.11	0.01	0.96
7991	-0.09	-0.23	-0.37	0.10	0.01	0.97
8011	-0.02	-0.32	-0.40	0.11	0.00	0.96
8030	-0.03	-0.31	-0.38	0.11	0.01	0.97
8049	-0.11	-0.31	-0.34	0.11	0.01	0.96
8067	-0.15	-0.31	-0.38	0.11	0.00	0.97
8086	-0.08	-0.31	-0.32	0.11	0.00	0.97
8106	0.02	-0.27	-0.34	0.10	0.00	0.96
8124	0.23	-0.29	-0.38	0.11	0.00	0.97
8143	-0.12	-0.32	-0.37	0.11	0.01	0.97
8161	-0.06	-0.26	-0.34	0.11	0.01	0.97
8180	-0.18	-0.20	-0.35	0.11	0.01	0.96
8200	-0.14	-0.23	-0.43	0.11	0.00	0.96
8218	-0.09	-0.23	-0.40	0.10	0.01	0.96
8237	-0.02	-0.27	-0.35	0.11	0.01	0.96
8256	-0.09	-0.29	-0.29	0.11	0.00	0.97
8274	-0.18	-0.31	-0.35	0.11	0.01	0.96
8293	-0.21	-0.24	-0.32	0.11	0.00	0.97
8311	-0.11	-0.24	-0.31	0.11	0.00	0.96
8330	0.00	-0.26	-0.38	0.11	0.00	0.96
8348	0.11	-0.24	-0.31	0.11	0.00	0.97
8366	-0.03	-0.17	-0.35	0.11	0.01	0.96
8385	-0.18	-0.23	-0.34	0.11	0.01	0.97
8404	-0.14	-0.29	-0.40	0.11	0.00	0.96
8423	-0.08	-0.24	-0.40	0.11	0.00	0.97
8441	-0.14	-0.21	-0.32	0.11	0.00	0.97
8460	0.09	-0.29	-0.35	0.11	0.00	0.96
8478	0.02	-0.29	-0.37	0.11	0.01	0.96
8496	-0.17	-0.29	-0.37	0.11	0.01	0.96
8514	-0.15	-0.26	-0.27	0.11	0.00	0.97
8534	-0.26	-0.21	-0.34	0.11	0.00	0.96
8552	-0.12	-0.20	-0.37	0.11	0.00	0.96
8571	0.14	-0.26	-0.37	0.11	0.00	0.96
8589	-0.05	-0.27	-0.40	0.11	0.01	0.96
8608	-0.11	-0.34	-0.26	0.11	0.01	0.97
8626	-0.21	-0.21	-0.35	0.11	0.00	0.96
8645	-0.21	-0.24	-0.31	0.11	0.00	0.97
8663	-0.05	-0.18	-0.40	0.11	0.01	0.97
8682	0.03	-0.17	-0.31	0.11	0.00	0.96
8700	-0.14	-0.26	-0.38	0.11	0.00	0.97
8718	-0.12	-0.29	-0.44	0.11	0.00	0.97
8738	-0.15	-0.27	-0.40	0.11	0.00	0.97
8756	-0.08	-0.27	-0.32	0.11	0.00	0.97
8774	-0.15	-0.29	-0.31	0.10	0.01	0.96
8793	0.05	-0.24	-0.38	0.10	0.00	0.97
8812	-0.03	-0.20	-0.31	0.11	0.01	0.96
8830	-0.09	-0.37	-0.31	0.11	0.00	0.96
8849	-0.12	-0.24	-0.41	0.11	0.01	0.96
8867	-0.17	-0.26	-0.34	0.11	0.00	0.97
8888	-0.05	-0.27	-0.35	0.11	0.00	0.96
8907	-0.05	-0.32	-0.38	0.11	0.01	0.97
8927	-0.06	-0.26	-0.35	0.11	0.01	0.97
8945	0.09	-0.24	-0.34	0.11	0.00	0.97
8963	-0.08	-0.29	-0.35	0.10	0.00	0.96
8983	-0.11	-0.27	-0.40	0.11	0.00	0.96
9001	-0.11	-0.31	-0.31	0.11	0.00	0.97
9021	-0.06	-0.20	-0.41	0.10	0.00	0.97
9040	-0.14	-0.27	-0.34	0.10	0.01	0.97
9058	-0.14	-0.17	-0.37	0.11	0.00	0.96
9077	-0.11	-0.21	-0.34	0.11	0.00	0.97
9096	-0.08	-0.27	-0.38	0.11	0.00	0.97
9116	-0.08	-0.23	-0.37	0.11	0.00	0.97
9134	-0.15	-0.26	-0.38	0.11	0.01	0.97
9153	-0.06	-0.26	-0.49	0.11	0.01	0.97
9173	-0.18	-0.23	-0.37	0.11	0.00	0.96
9191	-0.09	-0.31	-0.47	0.11	0.00	0.97
9211	-0.03	-0.29	-0.32	0.11	0.00	0.97
9230	0.00	-0.21	-0.31	0.11	0.01	0.97
9248	-0.06	-0.24	-0.35	0.11	0.01	0.96
9267	-0.05	-0.31	-0.26	0.11	0.01	0.97
9286	-0.09	-0.24	-0.40	0.11	0.00	0.96
9305	-0.14	-0.21	-0.40	0.11	0.00	0.97
9324	-0.09	-0.31	-0.31	0.11	0.00	0.96
9344	-0.03	-0.27	-0.37	0.11	0.00	0.96
9363	-0.17	-0.24	-0.35	0.11	0.01	0.97
9381	-0.18	-0.26	-0.38	0.11	0.01	0.96
9401	-0.08	-0.23	-0.35	0.11	0.00	0.96
9420	-0.09	-0.21	-0.37	0.11	0.00	0.97
9439	-0.06	-0.24	-0.35	0.11	0.01	0.96
9458	-0.14	-0.27	-0.32	0.11	0.01	0.96
9477	-0.05	-0.27	-0.38	0.11	0.01	0.96
9496	-0.06	-0.20	-0.27	0.11	0.00	0.97
9514	-0.02	-0.20	-0.29	0.11	0.00	0.97
9535	-0.03	-0.23	-0.38	0.11	0.00	0.97
9553	-0.08	-0.21	-0.32	0.11	0.00	0.96
9573	-0.06	-0.21	-0.31	0.11	0.00	0.96
9592	-0.09	-0.21	-0.35	0.10	0.00	0.96
9610	-0.05	-0.27	-0.37	0.10	0.00	0.96
9630	-0.11	-0.27	-0.37	0.11	0.00	0.96
9648	-0.02	-0.27	-0.34	0.10	0.01	0.97
9668	-0.11	-0.27	-0.35	0.11	0.01	0.97
9687	-0.05	-0.21	-0.31	0.10	0.01	0.97
9705	-0.08	-0.15	-0.44	0.10	0.00	0.96
9725	-0.09	-0.31	-0.37	0.11	0.00	0.97
9743	-0.06	-0.26	-0.35	0.11	0.00	0.96
9762	-0.05	-0.18	-0.37	0.11	0.00	0.96
9781	-0.12	-0.23	-0.35	0.10	0.00	0.96
9800	-0.12	-0.20	-0.37	0.11	0.00	0.97
9819	-0.08	-0.27	-0.32	0.11	0.01	0.96
9838	-0.12	-0.32	-0.34	0.10	0.00	0.97
9857	-0.03	-0.29	-0.41	0.11	0.00	0.97
9876	-0.05	-0.20	-0.37	0.10	0.00	0.97
9895	-0.15	-0.21	-0.27	0.10	0.00	0.96
9914	-0.08	-0.24	-0.34	0.11	0.01	0.97
9933	-0.06	-0.34	-0.34	0.10	0.00	0.96
9953	-0.09	-0.21	-0.37	0.10	0.00	0.96
9971	-0.14	-0.17	-0.40	0.11	0.00	0.97
9990	-0.12	-0.34	-0.32	0.11	0.01	0.96
10009	-0.12	-0.20	-0.34	0.11	0.00	0.97
10028	-0.08	-0.26	-0.35	0.11	0.00	0.97
10048	-0.14	-0.29	-0.23	0.11	0.00	0.97
10067	-0.08	-0.26	-0.38	0.11	0.00	0.97
10085	0.00	-0.27	-0.37	0.11	0.00	0.96
10104	-0.11	-0.21	-0.40	0.10	0.00	0.97
10123	-0.11	-0.27	-0.37	0.11	0.01	0.96
10143	-0.09	-0.26	-0.32	0.11	0.00	0.97
10161	-0.06	-0.17	-0.35	0.11	0.00	0.96
10181	-0.05	-0.21	-0.41	0.10	0.00	0.96
10199	-0.09	-0.31	-0.40	0.10	0.00	0.97
10218	-0.06	-0.21	-0.41	0.10	0.00	0.97
10238	-0.05	-0.27	-0.32	0.11	0.00	0.96
10257	-0.11	-0.31	-0.38	0.10	0.00	0.96
10276	-0.05	-0.32	-0.32	0.11	0.01	0.97
10295	0.00	-0.24	-0.41	0.11	0.01	0.96
10313	-0.14	-0.34	-0.32	0.11	0.00	0.97
10332	-0.03	-0.26	-0.26	0.10	0.01	0.96
10352	-0.15	-0.34	-0.34	0.10	0.00	0.97
10371	-0.05	-0.24	-0.31	0.11	0.01	0.97
10390	-0.12	-0.20	-0.37	0.11	0.01	0.96
10409	-0.08	-0.26	-0.32	0.10	0.00	0.96
10428	-0.20	-0.27	-0.38	0.11	0.01	0.97
10447	-0.11	-0.24	-0.40	0.10	0.00	0.96
10466	-0.11	-0.20	-0.38	0.11	0.01	0.97
10485	-0.11	-0.26	-0.35	0.10	0.01	0.96
10504	0.02	-0.17	-0.31	0.11	0.01	0.97
10522	-0.20	-0.24	-0.27	0.11	0.01	0.96
10542	-0.09	-0.32	-0.34	0.11	0.00	0.96
10561	-0.11	-0.29	-0.35	0.10	0.00	0.97
10579	0.02	-0.35	-0.37	0.11	0.00	0.97
10598	-0.09	-0.29	-0.37	0.11	0.01	0.97
10617	0.02	-0.37	-0.43	0.10	0.01	0.95
10636	-0.05	-0.32	-0.37	0.11	0.01	0.97
10655	0.02	-0.34	-0.32	0.11	0.00	0.96
10673	-0.18	-0.23	-0.35	0.11	0.00	0.96
10693	-0.14	-0.31	-0.32	0.11	0.00	0.97
10711	-0.14	-0.26	-0.29	0.10	0.01	0.96
10731	-0.03	-0.38	-0.38	0.11	0.01	0.97
10750	-0.09	-0.24	-0.44	0.11	0.00	0.96
10769	-0.17	-0.24	-0.27	0.11	0.00	0.97
10788	-0.05	-0.26	-0.41	0.11	0.01	0.96
10806	-0.06	-0.32	-0.34	0.11	0.01	0.97
10826	-0.08	-0.24	-0.34	0.11	0.01	0.97
10844	-0.11	-0.27	-0.29	0.11	0.00	0.96
10864	-0.06	-0.26	-0.37	0.11	0.01	0.96
10883	-0.05	-0.20	-0.27	0.10	0.01	0.97
10901	0.08	-0.17	-0.35	0.11	0.01	0.96
10920	-0.18	-0.23	-0.34	0.10	0.01	0.96
10938	-0.11	-0.24	-0.27	0.11	0.00	0.96
10958	-0.11	-0.29	-0.26	0.11	0.00	0.97
10977	-0.05	-0.23	-0.31	0.10	0.00	0.97
10995	-0.05	-0.31	-0.37	0.11	0.00	0.96
11015	-0.11	-0.26	-0.37	0.11	0.01	0.96
11033	0.00	-0.24	-0.27	0.11	0.01	0.96
11052	-0.14	-0.26	-0.35	0.11	0.00	0.96
11071	-0.12	-0.31	-0.34	0.11	0.00	0.97
11091	0.00	-0.20	-0.34	0.11	0.00	0.97
11109	-0.08	-0.23	-0.34	0.11	0.00	0.96
11127	-0.06	-0.27	-0.37	0.11	0.01	0.97
11147	-0.12	-0.27	-0.41	0.10	0.00	0.96
11166	-0.02	-0.23	-0.41	0.11	0.00	0.97
11185	-0.09	-0.27	-0.31	0.11	0.00	0.97
11204	-0.05	-0.29	-0.38	0.10	0.00	0.97
11222	-0.11	-0.18	-0.32	0.10	0.00	0.96
11242	-0.15	-0.29	-0.32	0.11	0.01	0.96
11261	-0.08	-0.24	-0.40	0.11	0.01	0.97
11280	-0.14	-0.21	-0.24	0.11	0.00	0.96
11299	-0.02	-0.18	-0.35	0.10	0.00	0.96
11317	0.00	-0.27	-0.38	0.11	0.01	0.97
11336	-0.02	-0.20	-0.37	0.10	0.00	0.96
11355	-0.20	-0.27	-0.29	0.11	0.01	0.97
11375	-0.09	-0.34	-0.18	0.11	0.00	0.96
11394	-0.14	-0.24	-0.35	0.10	0.01	0.96
11413	-0.18	-0.26	-0.32	0.10	0.00	0.97
11432	-0.11	-0.18	-0.41	0.10	0.01	0.96
11450	-0.15	-0.34	-0.31	0.11	0.00	0.97
11470	-0.17	-0.21	-0.38	0.11	0.00	0.96
11488	-0.03	-0.26	-0.34	0.11	0.00	0.97
11508	-0.11	-0.31	-0.43	0.10	0.00	0.97
11526	-0.08	-0.21	-0.32	0.10	0.00	0.97
11546	0.02	-0.26	-0.29	0.11	0.00	0.96
11564	-0.12	-0.27	-0.38	0.11	0.00	0.97
11583	-0.12	-0.27	-0.35	0.10	0.00	0.96
11602	-0.08	-0.32	-0.32	0.11	0.00	0.97
11620	-0.05	-0.27	-0.34	0.10	0.00	0.97
11640	-0.15	-0.23	-0.41	0.11	0.00	0.97
11658	-0.11	-0.21	-0.37	0.10	0.00	0.97
11679	-0.02	-0.21	-0.34	0.10	0.00	0.97
11697	0.03	-0.29	-0.37	0.10	0.00	0.96
11715	-0.18	-0.29	-0.38	0.11	0.00	0.96
11735	-0.11	-0.27	-0.34	0.11	0.00	0.97
11753	-0.15	-0.27	-0.26	0.10	0.00	0.97
11773	-0.05	-0.21	-0.40	0.11	0.00	0.97
11792	-0.14	-0.24	-0.32	0.10	0.00	0.96
11810	0.03	-0.31	-0.37	0.11	0.00	0.96
11829	-0.09	-0.26	-0.31	0.10	0.00	0.97
11848	-0.06	-0.26	-0.35	0.11	0.00	0.97
11867	-0.11	-0.24	-0.29	0.11	0.00	0.97
11887	-0.09	-0.18	-0.32	0.11	0.00	0.97
11907	-0.05	-0.26	-0.40	0.11	0.00	0.97
11925	-0.05	-0.21	-0.38	0.11	0.00	0.97
11944	-0.24	-0.29	-0.43	0.11	0.01	0.96
11963	-0.14	-0.20	-0.34	0.11	0.00	0.97
11982	0.00	-0.24	-0.37	0.11	0.00	0.95
12000	-0.06	-0.29	-0.31	0.11	0.01	0.97
12020	0.03	-0.26	-0.35	0.11	0.01	0.96
12038	-0.05	-0.23	-0.38	0.11	0.01	0.97
12058	-0.15	-0.21	-0.32	0.11	0.00	0.96
12076	0.12	-0.32	-0.38	0.11	0.00	0.96
12097	0.02	-0.21	-0.32	0.11	0.01	0.97
12115	-0.03	-0.35	-0.37	0.10	0.01	0.96
12133	-0.14	-0.20	-0.31	0.11	0.01	0.97
12153	-0.18	-0.24	-0.32	0.10	0.00	0.96
12171	-0.09	-0.23	-0.37	0.11	0.00	0.96
12191	0.12	-0.24	-0.34	0.11	0.01	0.97
12209	-0.03	-0.26	-0.37	0.10	0.01	0.96
12229	-0.08	-0.20	-0.34	0.10	0.01	0.97
12247	-0.09	-0.34	-0.37	0.11	0.00	0.96
12266	-0.11	-0.29	-0.34	0.11	0.01	0.96
12285	-0.14	-0.15	-0.35	0.11	0.00	0.96
12304	-0.09	-0.26	-0.32	0.10	0.00	0.96
12323	-0.02	-0.26	-0.37	0.11	0.01	0.97
12342	-0.06	-0.23	-0.31	0.11	0.01	0.97
12361	-0.05	-0.27	-0.37	0.10	0.01	0.96
12379	-0.09	-0.24	-0.41	0.11	0.00	0.97
12398	-0.14	-0.26	-0.40	0.11	0.01	0.97
12418	-0.08	-0.26	-0.34	0.11	0.00	0.97
12436	0.00	-0.27	-0.41	0.11	0.00	0.96
12455	-0.12	-0.23	-0.34	0.11	0.01	0.97
12474	-0.09	-0.26	-0.31	0.10	0.00	0.96
12494	-0.15	-0.21	-0.31	0.11	0.00	0.97
12513	-0.12	-0.24	-0.31	0.11	0.00	0.96
12531	-0.02	-0.26	-0.43	0.11	0.01	0.96
12551	-0.15	-0.21	-0.26	0.11	0.00	0.96
12569	-0.06	-0.29	-0.35	0.11	0.01	0.97
12588	-0.11	-0.20	-0.31	0.11	0.01	0.96
12608	-0.06	-0.18	-0.43	0.11	0.01	0.97
12627	-0.06	-0.23	-0.35	0.11	0.00	0.96
12646	-0.09	-0.41	-0.20	0.10	0.00	0.97
12664	-0.18	-0.21	-0.37	0.11	0.01	0.96
12684	-0.08	-0.24	-0.29	0.10	0.00	0.97
12703	0.05	-0.24	-0.40	0.11	0.01	0.96
12722	-0.11	-0.23	-0.35	0.11	0.01	0.97
12740	-0.09	-0.18	-0.49	0.11	0.01	0.96
12759	-0.06	-0.29	-0.27	0.11	0.00	0.96
12778	-0.20	-0.18	-0.38	0.11	0.01	0.96
12797	-0.02	-0.21	-0.34	0.11	0.00	0.96
12816	-0.15	-0.21	-0.35	0.11	0.00	0.97
12835	-0.03	-0.21	-0.35	0.10	0.00	0.96
12854	-0.11	-0.21	-0.31	0.11	0.01	0.96
12873	-0.11	-0.26	-0.34	0.10	0.00	0.96
12891	-0.08	-0.31	-0.26	0.11	0.00	0.96
12910	-0.15	-0.23	-0.38	0.11	0.00	0.97
12930	-0.06	-0.26	-0.38	0.11	0.00	0.96
12948	-0.17	-0.27	-0.32	0.11	0.01	0.96
12968	-0.11	-0.24	-0.38	0.11	0.00	0.97
12986	-0.20	-0.21	-0.32	0.10	0.01	0.95
13006	-0.18	-0.31	-0.32	0.11	0.01	0.97
13025	-0.03	-0.35	-0.40	0.11	0.00	0.97
13043	-0.12	-0.34	-0.31	0.11	0.00	0.95
13063	-0.09	-0.38	-0.38	0.11	0.00	0.97
13081	-0.09	-0.35	-0.23	0.11	0.00	0.97
13101	-0.11	-0.32	-0.35	0.11	0.01	0.96
13120	-0.12	-0.32	-0.40	0.11	0.01	0.95
13139	-0.32	-0.34	-0.41	0.11	0.00	0.99
13158	-0.18	-0.24	-0.38	0.10	0.00	0.95
13177	-0.06	-0.23	-0.49	0.10	0.00	0.95
13196	0.05	-0.23	-0.38	0.11	0.01	0.97
13215	-0.09	-0.34	-0.34	0.11	0.01	0.97
13234	-0.34	-0.26	-0.35	0.11	0.00	0.97
13253	-0.34	-0.27	-0.35	0.11	0.00	0.96
13271	-0.18	-0.23	-0.35	0.11	0.00	0.97
13291	0.06	-0.17	-0.40	0.11	0.00	0.96
13309	0.08	-0.18	-0.40	0.10	0.00	0.96
13328	-0.03	-0.27	-0.37	0.11	0.01	0.96
13347	-0.18	-0.24	-0.32	0.10	0.01	0.96
13365	-0.06	-0.24	-0.41	0.10	0.00	0.96
13385	-0.03	-0.31	-0.31	0.11	0.00	0.96
13403	-0.11	-0.26	-0.31	0.11	0.00	0.97
13423	-0.03	-0.31	-0.35	0.11	0.00	0.96
13442	-0.11	-0.29	-0.40	0.11	0.00	0.96
13461	-0.08	-0.31	-0.32	0.11	0.01	0.97
13480	-0.11	-0.26	-0.35	0.10	0.00	0.96
13498	-0.11	-0.34	-0.40	0.11	0.00	0.96
13518	-0.12	-0.27	-0.32	0.11	0.01	0.97
13537	-0.08	-0.32	-0.38	0.10	0.00	0.96
13556	-0.03	-0.34	-0.26	0.11	0.01	0.96
13575	-0.05	-0.31	-0.40	0.11	0.01	0.97
13594	-0.15	-0.27	-0.41	0.11	0.00	0.96
13613	-0.12	-0.24	-0.32	0.11	0.01	0.97
13632	-0.09	-0.18	-0.37	0.11	0.00	0.96
13651	0.00	-0.21	-0.38	0.10	0.00	0.96
13669	0.02	-0.14	-0.38	0.10	0.00	0.96
13688	-0.23	-0.11	-0.37	0.11	0.01	0.97
13706	-0.17	-0.27	-0.26	0.11	0.01	0.96
13726	-0.18	-0.24	-0.35	0.11	0.01	0.97
13745	-0.05	-0.29	-0.20	0.11	0.00	0.97
13763	0.02	-0.18	-0.37	0.11	0.00	0.97
13782	-0.08	-0.32	-0.37	0.11	0.01	0.96
13801	-0.14	-0.20	-0.34	0.11	0.01	0.97
13819	-0.12	-0.27	-0.35	0.11	0.00	0.96
13839	-0.08	-0.21	-0.38	0.10	0.01	0.96
13858	-0.03	-0.20	-0.32	0.10	0.00	0.97
13877	0.03	-0.26	-0.37	0.11	0.01	0.96
13895	-0.09	-0.32	-0.37	0.11	0.00	0.97
13915	-0.18	-0.27	-0.31	0.11	0.01	0.96
13934	-0.14	-0.32	-0.43	0.11	0.01	0.97
13952	-0.15	-0.23	-0.34	0.11	0.00	0.97
13972	-0.06	-0.23	-0.37	0.11	0.00	0.96
13991	-0.15	-0.21	-0.38	0.11	0.01	0.96
14010	-0.12	-0.18	-0.31	0.10	0.01	0.96
14029	-0.03	-0.24	-0.24	0.11	0.01	0.96
14049	-0.06	-0.24	-0.35	0.11	0.00	0.96
14067	-0.08	-0.26	-0.38	0.11	0.01	0.97
14086	-0.05	-0.26	-0.38	0.10	0.00	0.96
14105	-0.08	-0.31	-0.34	0.10	0.00	0.96
14124	-0.05	-0.27	-0.31	0.11	0.01	0.97
14144	-0.08	-0.26	-0.32	0.11	0.01	0.96
14162	-0.05	-0.18	-0.47	0.10	0.01	0.96
14181	-0.15	-0.18	-0.40	0.11	0.01	0.97
14200	-0.06	-0.18	-0.20	0.11	0.00	0.96
14219	-0.05	-0.26	-0.37	0.11	0.01	0.97
14238	-0.06	-0.24	-0.34	0.11	0.01	0.97
14257	-0.11	-0.24	-0.38	0.11	0.01	0.96
14275	-0.06	-0.15	-0.32	0.11	0.00	0.97
14294	-0.12	-0.21	-0.27	0.11	0.01	0.96
14312	-0.11	-0.18	-0.40	0.10	0.00	0.97
14332	0.00	-0.18	-0.38	0.11	0.01	0.97
14351	-0.03	-0.21	-0.43	0.10	0.00	0.96
14370	-0.09	-0.15	-0.37	0.11	0.01	0.97
14388	-0.09	-0.23	-0.43	0.11	0.00	0.96
14407	-0.23	-0.18	-0.44	0.11	0.01	0.96
14426	0.00	-0.26	-0.29	0.11	0.00	0.96
14445	-0.08	-0.24	-0.34	0.11	0.01	0.96
14465	-0.11	-0.21	-0.38	0.10	0.00	0.96
14483	-0.12	-0.17	-0.44	0.10	0.00	0.96
14502	-0.15	-0.23	-0.27	0.11	0.01	0.97
14521	0.02	-0.24	-0.35	0.10	0.00	0.97
14539	-0.08	-0.27	-0.43	0.11	0.00	0.96
14559	-0.17	-0.21	-0.26	0.11	0.00	0.96
14577	-0.11	-0.17	-0.37	0.11	0.01	0.97
14596	0.06	-0.32	-0.35	0.11	0.00	0.97
14615	-0.20	-0.24	-0.31	0.11	0.00	0.96
14633	-0.05	-0.23	-0.43	0.11	0.01	0.97
14653	-0.09	-0.29	-0.32	0.11	0.00	0.97
14672	-0.09	-0.27	-0.34	0.11	0.01	0.97
14691	-0.08	-0.18	-0.37	0.11	0.01	0.96
14709	-0.08	-0.27	-0.35	0.10	0.01	0.96
14728	-0.09	-0.23	-0.40	0.11	0.01	0.96
14748	-0.09	-0.27	-0.35	0.11	0.00	0.97
14767	-0.05	-0.24	-0.31	0.10	0.01	0.96
14786	-0.11	-0.26	-0.34	0.10	0.00	0.97
14805	0.02	-0.15	-0.38	0.11	0.01	0.97
14823	-0.14	-0.24	-0.37	0.11	0.00	0.97
14842	-0.06	-0.20	-0.37	0.11	0.01	0.96
14861	-0.11	-0.24	-0.29	0.10	0.00	0.97
14881	-0.02	-0.29	-0.35	0.11	0.01	0.97
14899	-0.06	-0.26	-0.29	0.10	0.01	0.96
14919	-0.12	-0.29	-0.40	0.11	0.00	0.97
14937	0.02	-0.23	-0.40	0.11	0.01	0.96
14956	0.02	-0.20	-0.37	0.11	0.01	0.97
14975	-0.14	-0.21	-0.40	0.10	0.01	0.96
14993	-0.11	-0.26	-0.40	0.11	0.00	0.97
15013	-0.12	-0.27	-0.40	0.11	0.01	0.96
15031	-0.14	-0.23	-0.34	0.11	0.01	0.97
15050	-0.06	-0.27	-0.37	0.11	0.00	0.96
15070	-0.02	-0.29	-0.29	0.10	0.00	0.96
15088	0.03	-0.21	-0.34	0.10	0.00	0.96
15107	-0.03	-0.23	-0.38	0.11	0.00	0.97
15126	-0.14	-0.24	-0.35	0.11	0.01	0.96
15145	-0.05	-0.26	-0.44	0.10	0.01	0.97
15164	-0.20	-0.27	-0.31	0.11	0.00	0.96
15183	-0.05	-0.27	-0.41	0.10	0.00	0.96
15202	-0.12	-0.23	-0.24	0.11	0.01	0.97
15221	-0.15	-0.23	-0.34	0.11	0.00	0.96
15240	-0.08	-0.35	-0.34	0.11	0.01	0.96
15259	0.02	-0.29	-0.23	0.10	0.01	0.96
15277	-0.02	-0.29	-0.37	0.10	0.00	0.97
15297	-0.06	-0.29	-0.46	0.11	0.01	0.97
15316	-0.02	-0.29	-0.37	0.11	0.00	0.96
15334	-0.02	-0.24	-0.31	0.10	0.01	0.96
15354	-0.20	-0.29	-0.34	0.11	0.00	0.97
15372	-0.08	-0.26	-0.31	0.11	0.01	0.97
15392	-0.06	-0.26	-0.35	0.11	0.00	0.96
15411	-0.09	-0.31	-0.32	0.11	0.00	0.97
15429	-0.02	-0.31	-0.37	0.10	0.01	0.96
15448	-0.06	-0.26	-0.35	0.11	0.01	0.97
15468	-0.09	-0.18	-0.35	0.10	0.00	0.96
15487	0.00	-0.26	-0.32	0.11	0.00	0.96
15505	-0.05	-0.21	-0.34	0.10	0.00	0.96
15524	-0.03	-0.23	-0.27	0.10	0.00	0.96
15543	-0.08	-0.31	-0.34	0.11	0.00	0.97
15562	-0.15	-0.27	-0.35	0.11	0.00	0.96
15582	-0.06	-0.32	-0.37	0.10	0.01	0.97
15600	-0.11	-0.31	-0.31	0.11	0.00	0.97
15620	-0.03	-0.31	-0.24	0.11	0.00	0.97
15638	-0.08	-0.32	-0.31	0.11	0.00	0.96
15657	-0.11	-0.27	-0.35	0.11	0.00	0.97
15677	-0.11	-0.23	-0.35	0.11	0.00	0.96
15695	-0.05	-0.20	-0.24	0.11	0.01	0.96
15715	-0.06	-0.20	-0.37	0.11	0.01	0.97
15733	-0.05	-0.26	-0.35	0.11	0.00	0.96
15752	-0.02	-0.18	-0.32	0.11	0.00	0.97
15771	-0.06	-0.24	-0.35	0.11	0.01	0.96
15790	-0.06	-0.23	-0.38	0.11	0.01	0.96
15809	-0.18	-0.31	-0.32	0.11	0.01	0.96
15828	-0.08	-0.27	-0.41	0.10	0.01	0.96
15846	-0.09	-0.24	-0.37	0.11	0.00	0.97
15866	-0.08	-0.20	-0.32	0.11	0.00	0.96
15884	-0.15	-0.31	-0.38	0.11	0.00	0.96
15904	-0.05	-0.21	-0.38	0.10	0.00	0.97
15923	0.18	-0.31	-0.47	0.10	0.00	0.96
15942	0.35	-0.43	-0.44	0.10	0.00	0.96
15960	0.31	-0.46	-0.29	0.10	0.01	0.96
15979	0.34	-0.50	-0.43	0.11	0.00	0.97
15998	0.38	-0.58	-0.35	0.10	0.00	0.95
16016	0.67	-0.69	-0.41	0.11	-0.00	0.98
16035	0.99	-0.70	-0.44	0.11	0.01	0.98
16054	0.73	-0.73	-0.37	0.11	0.01	0.94
16072	0.26	-0.69	-0.40	0.11	0.01	0.95
16092	0.14	-0.60	-0.37	0.11	0.00	0.97
16110	0.32	-0.50	-0.40	0.11	0.00	0.97
16128	0.43	-0.40	-0.37	0.11	0.01	0.97
16147	0.03	-0.27	-0.40	0.11	0.01	0.96
16165	-0.12	-0.20	-0.34	0.11	0.01	0.97
16184	-0.35	-0.15	-0.40	0.11	0.01	0.97
16203	-0.17	-0.14	-0.29	0.11	0.00	0.97
16221	-0.03	-0.09	-0.41	0.11	0.00	0.96
16240	-0.09	-0.11	-0.32	0.11	0.01	0.97
16258	-0.08	-0.18	-0.37	0.10	0.01	0.96
16277	-0.09	-0.18	-0.34	0.11	0.01	0.96
16295	-0.27	-0.18	-0.34	0.11	0.01	0.97
16314	-0.09	-0.21	-0.34	0.10	0.00	0.96
16333	-0.08	-0.27	-0.34	0.11	0.01	0.97
16352	-0.11	-0.24	-0.32	0.11	0.01	0.97
16370	-0.27	-0.21	-0.27	0.11	0.01	0.97
16389	-0.38	-0.21	-0.29	0.11	0.01	0.96
16408	-0.43	-0.17	-0.34	0.11	0.00	0.96
16426	-0.27	-0.03	-0.37	0.10	0.01	0.96
16445	-0.32	-0.32	-0.29	0.11	0.01	0.98
16463	-0.38	-0.35	-0.23	0.11	0.01	0.96
16482	-0.35	-0.40	-0.29	0.11	0.01	0.97
16500	-0.46	-0.27	-0.31	0.11	0.01	0.98
16519	-0.69	-0.27	-0.29	0.11	0.01	0.95
16538	-0.64	-0.14	-0.26	0.11	0.00	0.97
16556	-0.50	-0.06	-0.34	0.10	0.00	0.96
16574	-0.17	-0.15	-0.27	0.10	-0.00	0.97
16595	-0.05	-0.14	-0.37	0.10	0.00	0.97
16613	-0.23	-0.20	-0.32	0.10	0.01	0.96
16632	-0.12	-0.32	-0.35	0.11	0.01	0.97
16650	-0.06	-0.29	-0.35	0.11	0.00	0.96
16669	-0.09	-0.34	-0.35	0.11	0.00	0.97
16687	0.02	-0.24	-0.41	0.10	0.00	0.96
16705	-0.11	-0.15	-0.29	0.11	0.00	0.97
16724	-0.05	-0.12	-0.34	0.11	0.00	0.97
16742	-0.09	-0.23	-0.38	0.11	0.00	0.96
16761	-0.18	-0.21	-0.41	0.11	0.00	0.97
16779	0.00	-0.31	-0.35	0.11	-0.00	0.95
16799	0.17	-0.29	-0.41	0.11	0.00	0.98
16819	0.37	-0.24	-0.41	0.10	0.00	0.95
16837	0.26	-0.11	-0.32	0.11	0.01	0.98
16855	0.24	0.00	-0.41	0.11	0.01	0.96
16874	0.11	-0.03	-0.32	0.11	0.01	0.97
16892	-0.02	-0.06	-0.35	0.11	0.00	0.97
16912	0.11	-0.11	-0.41	0.10	0.00	0.96
16930	0.21	-0.21	-0.40	0.10	0.01	0.96
16948	0.14	-0.23	-0.40	0.10	0.01	0.96
16967	0.02	-0.32	-0.37	0.11	0.01	0.97
16985	0.20	-0.32	-0.37	0.11	0.01	0.97
17003	-0.05	-0.34	-0.31	0.11	0.01	0.96
17023	-0.12	-0.18	-0.29	0.11	0.00	0.96
17042	-0.06	-0.24	-0.46	0.11	0.00	0.97
17061	-0.02	-0.17	-0.38	0.11	0.01	0.96
17080	0.11	-0.18	-0.40	0.10	0.01	0.97
17098	0.02	-0.24	-0.43	0.10	0.01	0.97
17117	-0.31	-0.34	-0.32	0.10	0.01	0.96
17136	-0.12	-0.35	-0.31	0.11	0.00	0.97
17155	-0.05	-0.32	-0.40	0.11	0.00	0.96
17174	-0.11	-0.31	-0.34	0.11	0.01	0.97
17192	0.00	-0.20	-0.38	0.11	0.01	0.96
17212	-0.23	-0.15	-0.32	0.11	0.01	0.97
17231	-0.15	-0.14	-0.32	0.10	0.01	0.97
17249	-0.14	-0.26	-0.27	0.11	0.00	0.97
17269	-0.14	-0.21	-0.40	0.10	0.01	0.96
17287	-0.03	-0.35	-0.34	0.10	0.01	0.96
17307	-0.05	-0.34	-0.40	0.11	0.01	0.97
17326	0.06	-0.37	-0.41	0.11	0.01	0.96
17344	-0.15	-0.24	-0.35	0.11	0.01	0.97
17364	-0.18	-0.26	-0.41	0.11	0.01	0.97
17382	-0.18	-0.17	-0.35	0.11	0.00	0.97
17402	-0.09	-0.24	-0.34	0.11	0.01	0.97
17421	-0.08	-0.21	-0.35	0.10	0.00	0.96
17440	-0.09	-0.24	-0.40	0.11	0.01	0.96
17459	-0.11	-0.73	-0.38	0.09	0.01	0.96
17477	-0.06	-2.04	-0.37	0.09	0.01	0.97
17497	0.03	-2.61	-0.26	0.10	0.01	0.96
17515	-0.08	-3.17	-0.20	0.12	0.01	0.97
17535	0.02	-2.03	-0.29	0.14	0.01	0.96
17553	0.00	0.11	-0.41	0.14	0.00	0.96
31921	0.09	-4.56	-0.14	0.14	0.02	0.96
31939	-0.40	-2.50	-0.23	0.15	0.01	0.96
31958	-0.46	-1.22	-0.37	0.15	0.00	0.96
31977	-0.35	1.36	-0.40	0.14	0.00	0.96
31995	-0.08	3.11	-0.43	0.12	0.00	0.96
32014	-0.05	3.40	-0.41	0.10	0.01	0.97
32032	-0.14	2.55	-0.34	0.08	0.01	0.97
32052	-0.02	0.90	-0.40	0.08	0.00	0.96
32070	-0.15	-0.87	-0.32	0.08	0.01	0.97
32089	-0.12	-1.66	-0.35	0.09	0.00	0.97
32108	-0.14	-2.56	-0.32	0.10	0.01	0.96
32126	-0.09	-2.64	-0.35	0.12	0.01	0.95
32146	-0.26	-1.88	-0.32	0.13	0.01	0.99
32165	-0.18	-0.56	-0.38	0.13	0.00	0.95
32183	-0.02	0.58	-0.46	0.12	0.00	0.97
32202	0.12	1.50	-0.40	0.12	0.01	0.96
32220	0.05	1.51	-0.40	0.11	0.01	0.96
32238	-0.12	1.33	-0.40	0.10	0.01	0.97
32257	-0.06	0.55	-0.41	0.09	0.01	0.96
32275	-0.14	-0.26	-0.38	0.10	0.01	0.97
32295	-0.06	-0.93	-0.27	0.10	0.01	0.96
32314	-0.12	-1.14	-0.35	0.11	0.01	0.96
32333	-0.21	-1.27	-0.27	0.11	0.01	0.96
32352	-0.12	-1.04	-0.29	0.12	0.01	0.97
32372	-0.23	-0.49	-0.26	0.12	0.00	0.96
32390	-0.15	0.09	-0.44	0.12	0.01	0.97
32408	0.06	0.41	-0.37	0.11	0.01	0.97
32427	0.00	0.40	-0.44	0.10	0.01	0.97
32445	0.03	0.24	-0.43	0.10	0.01	0.96
32464	-0.14	0.03	-0.35	0.10	0.01	0.97
32482	-0.02	-0.38	-0.29	0.10	0.01	0.97
32501	-0.14	-0.72	-0.37	0.11	0.01	0.96
32519	0.00	-0.72	-0.38	0.11	0.01	0.96
32537	-0.09	-0.64	-0.31	0.11	0.01	0.96
32556	-0.02	-0.61	-0.35	0.11	0.01	0.96
32576	-0.08	-0.23	-0.32	0.11	0.01	0.96
32594	-0.21	-0.08	-0.31	0.11	0.00	0.97
32614	-0.15	0.02	-0.43	0.11	0.01	0.96
32632	-0.11	0.08	-0.31	0.11	0.01	0.96
32650	-0.08	-0.02	-0.31	0.10	0.01	0.97
32670	-0.06	-0.23	-0.32	0.11	0.01	0.97
32689	-0.03	-0.32	-0.34	0.11	0.00	0.97
32708	-0.09	-0.38	-0.31	0.11	0.00	0.97
32727	-0.06	-0.47	-0.40	0.11	0.01	0.97
32745	-0.09	-0.53	-0.34	0.11	0.00	0.96
32766	-0.05	-0.26	-0.24	0.11	0.00	0.96
32784	-0.06	-0.21	-0.37	0.11	0.01	0.97
32804	0.00	-0.09	-0.31	0.11	0.00	0.97
32822	0.02	-0.11	-0.34	0.11	0.00	0.96
32840	-0.02	-0.14	-0.31	0.11	0.01	0.96
32859	0.08	-0.24	-0.41	0.11	0.01	0.96
32878	-0.17	-0.34	-0.35	0.11	0.01	0.96
32897	-0.27	-0.37	-0.37	0.11	0.01	0.98
32916	-0.15	-0.31	-0.37	0.11	0.00	0.95
32934	0.08	-0.29	-0.40	0.11	0.00	0.97
32953	0.09	-0.24	-0.38	0.11	0.01	0.96
32972	0.12	-0.26	-0.31	0.11	0.01	0.97
32991	-0.09	-0.20	-0.35	0.11	0.01	0.96
33010	-0.17	-0.12	-0.27	0.11	0.01	0.96
33028	-0.17	-0.31	-0.38	0.11	0.00	0.97
33048	-0.08	-0.27	-0.35	0.11	0.00	0.96
33066	-0.03	-0.29	-0.32	0.11	0.01	0.96
33086	0.09	-0.29	-0.40	0.11	0.01	0.96
33105	-0.17	-0.31	-0.31	0.11	0.01	0.96
33123	-0.17	-0.27	-0.32	0.11	0.00	0.96
33143	-0.20	-0.27	-0.26	0.11	0.01	0.97
33161	-0.09	-0.24	-0.37	0.11	0.00	0.97
33182	-0.09	-0.17	-0.34	0.11	0.00	0.96
33200	0.02	-0.18	-0.34	0.11	0.01	0.97
33218	0.00	-0.17	-0.41	0.11	0.01	0.96
33237	-0.24	-0.23	-0.32	0.11	0.01	0.96
33256	-0.14	-0.23	-0.38	0.11	0.01	0.96
33275	-0.23	-0.21	-0.35	0.11	0.00	0.97
33294	-0.06	-0.24	-0.34	0.11	0.00	0.96
33313	-0.08	-0.23	-0.34	0.11	0.01	0.97
33332	0.00	-0.23	-0.29	0.11	0.00	0.96
33350	0.03	-0.14	-0.34	0.11	0.01	0.97
33369	-0.06	-0.23	-0.44	0.11	0.00	0.97
33388	-0.08	-0.26	-0.31	0.11	0.00	0.96
33408	-0.09	-0.17	-0.35	0.11	0.00	0.97
33426	-0.08	-0.26	-0.40	0.11	0.01	0.96
33445	-0.06	-0.27	-0.35	0.11	0.00	0.97
33464	0.00	-0.35	-0.35	0.11	0.01	0.97
33483	0.09	-0.27	-0.40	0.11	0.00	0.96
33502	-0.11	-0.21	-0.38	0.11	0.01	0.97
33520	0.03	-0.27	-0.32	0.11	0.01	0.96
33539	-0.05	-0.21	-0.38	0.11	0.00	0.97
33558	0.03	-0.31	-0.29	0.11	0.01	0.96
33576	-0.09	-0.21	-0.37	0.11	0.00	0.97
33597	-0.09	-0.15	-0.35	0.11	0.01	0.96
33615	-0.05	-0.24	-0.34	0.11	0.01	0.96
33635	-0.11	-0.27	-0.38	0.11	0.00	0.97
33653	-0.09	-0.31	-0.34	0.11	0.01	0.95
33672	-0.03	-0.27	-0.34	0.11	0.01	0.97
33691	0.00	-0.26	-0.38	0.11	0.01	0.96
33709	-0.21	-0.12	-0.32	0.11	0.00	0.97
33729	-0.03	-0.34	-0.31	0.11	0.00	0.96
33747	-0.15	-0.26	-0.35	0.11	0.01	0.96
33767	-0.08	-0.31	-0.40	0.11	0.01	0.97
33785	-0.09	-0.23	-0.41	0.11	0.01	0.96
33806	-0.15	-0.29	-0.32	0.11	0.00	0.97
33825	-0.11	-0.21	-0.34	0.11	0.01	0.96
33844	-0.09	-0.20	-0.31	0.11	0.01	0.96
33863	-0.08	-0.17	-0.38	0.11	0.01	0.96
33882	-0.09	-0.26	-0.34	0.11	0.01	0.96
33902	-0.18	-0.26	-0.40	0.11	0.01	0.96
33921	0.00	-0.27	-0.37	0.11	0.01	0.96
33939	0.00	-0.21	-0.34	0.11	0.01	0.97
33958	-0.15	-0.20	-0.32	0.11	0.01	0.97
33976	-0.08	-0.23	-0.34	0.11	0.01	0.96
33996	-0.20	-0.26	-0.32	0.11	0.00	0.96
34015	-0.08	-0.31	-0.38	0.11	0.00	0.96
34033	-0.05	-0.31	-0.34	0.11	0.01	0.96
34053	-0.12	-0.27	-0.38	0.11	0.01	0.96
34071	-0.12	-0.27	-0.37	0.11	0.01	0.96
34091	-0.08	-0.26	-0.34	0.11	0.01	0.96
34110	-0.03	-0.29	-0.35	0.11	0.01	0.97
34128	-0.18	-0.23	-0.31	0.11	0.01	0.96
34148	-0.05	-0.20	-0.35	0.11	0.01	0.97
34167	-0.11	-0.23	-0.34	0.11	0.01	0.96
34186	0.00	-0.23	-0.34	0.11	0.01	0.96
34205	-0.02	-0.23	-0.35	0.11	0.01	0.97
34223	-0.09	-0.14	-0.35	0.11	0.01	0.96
34243	-0.03	-0.27	-0.35	0.11	0.01	0.97
34261	-0.02	-0.21	-0.43	0.11	0.01	0.96
34281	0.05	-0.24	-0.17	0.11	0.00	0.97
34299	0.00	-0.32	-0.41	0.11	0.01	0.96
34318	-0.06	-0.35	-0.38	0.11	0.01	0.96
34337	-0.05	-0.27	-0.41	0.11	0.01	0.97
34356	-0.02	-0.17	-0.32	0.11	0.01	0.97
34375	-0.06	-0.26	-0.44	0.11	0.00	0.96
34394	-0.03	-0.15	-0.37	0.11	0.01	0.97
34414	-0.08	-0.24	-0.40	0.11	0.01	0.96
34433	-0.03	-0.29	-0.37	0.11	0.01	0.96
34451	0.03	-0.31	-0.35	0.11	0.01	0.96
34470	-0.05	-0.26	-0.37	0.11	0.01	0.97
34488	0.02	-0.20	-0.44	0.11	0.01	0.96
34508	-0.08	-0.31	-0.34	0.11	0.01	0.97
34526	0.00	-0.24	-0.38	0.11	0.01	0.96
34544	-0.18	-0.20	-0.38	0.11	0.01	0.96
34564	-0.15	-0.18	-0.34	0.11	0.01	0.96
34582	-0.11	-0.32	-0.32	0.11	0.01	0.96
34601	-0.06	-0.26	-0.35	0.11	0.01	0.96
34621	-0.14	-0.27	-0.40	0.11	0.01	0.97
34640	-0.21	-0.27	-0.35	0.11	0.01	0.97
34659	0.02	-0.20	-0.34	0.11	0.01	0.97
34677	-0.14	-0.37	-0.29	0.11	0.01	0.96
34697	-0.11	-0.23	-0.34	0.11	0.01	0.97
34715	-0.03	-0.29	-0.37	0.11	0.01	0.96
34735	-0.08	-0.23	-0.34	0.11	0.01	0.96
34754	-0.12	-0.26	-0.34	0.11	0.01	0.96
34772	-0.12	-0.24	-0.35	0.11	0.01	0.97
34792	-0.09	-0.26	-0.38	0.11	0.01	0.96
34810	-0.14	-0.24	-0.31	0.11	0.01	0.97
34830	-0.06	-0.34	-0.38	0.11	0.01	0.96
34848	-0.14	-0.18	-0.31	0.11	0.01	0.96
34868	-0.12	-0.29	-0.35	0.11	0.01	0.97
34887	0.03	-0.21	-0.40	0.11	0.00	0.96
34905	-0.03	-0.32	-0.35	0.11	0.01	0.97
34925	0.02	-0.34	-0.31	0.11	0.01	0.96
34943	-0.09	-0.31	-0.37	0.11	0.01	0.97
34962	-0.12	-0.26	-0.32	0.11	0.00	0.96
34981	-0.14	-0.24	-0.41	0.11	0.01	0.96
34999	-0.06	-0.27	-0.34	0.11	0.01	0.97
35019	0.06	-0.14	-0.37	0.11	0.01	0.96
35037	0.00	-0.24	-0.35	0.11	0.01	0.96
35056	-0.08	-0.31	-0.35	0.11	0.01	0.97
35075	-0.12	-0.35	-0.41	0.11	0.01	0.96
35093	-0.18	-0.27	-0.31	0.11	0.01	0.96
35113	-0.12	-0.26	-0.32	0.11	0.01	0.96
35132	-0.06	-0.26	-0.34	0.11	0.01	0.96
35151	0.09	-0.24	-0.27	0.11	0.01	0.97
35169	-0.17	-0.21	-0.40	0.11	0.01	0.96
35188	-0.03	-0.17	-0.26	0.11	0.01	0.97
35207	-0.09	-0.20	-0.31	0.11	0.01	0.96
35226	-0.09	-0.21	-0.35	0.11	0.01	0.96
35246	-0.18	-0.21	-0.29	0.11	0.01	0.96
35264	0.00	-0.31	-0.46	0.11	0.01	0.97
35282	-0.15	-0.29	-0.43	0.11	0.01	0.97
35302	-0.08	-0.14	-0.34	0.11	0.01	0.96
35320	-0.03	-0.24	-0.43	0.11	0.01	0.96
35341	-0.06	-0.27	-0.27	0.11	0.00	0.97
35359	-0.08	-0.17	-0.37	0.11	0.01	0.96
35378	-0.06	-0.23	-0.35	0.11	0.00	0.97
35397	-0.02	-0.29	-0.40	0.11	0.01	0.97
35415	-0.05	-0.24	-0.29	0.11	0.00	0.96
35435	-0.02	-0.31	-0.35	0.11	0.00	0.96
35454	-0.05	-0.24	-0.34	0.11	0.01	0.96
35474	-0.12	-0.21	-0.32	0.11	0.01	0.97
35492	-0.02	-0.23	-0.38	0.11	0.01	0.96
35511	-0.11	-0.21	-0.29	0.11	0.01	0.97
35530	-0.03	-0.23	-0.37	0.11	0.01	0.96
35549	-0.03	-0.18	-0.35	0.11	0.01	0.96
35569	0.08	-0.32	-0.37	0.11	0.01	0.97
35587	-0.15	-0.20	-0.41	0.11	0.00	0.96
35606	0.00	-0.21	-0.29	0.11	0.01	0.97
35624	-0.03	-0.21	-0.41	0.11	0.01	0.97
35645	-0.08	-0.29	-0.31	0.11	0.01	0.96
35663	0.06	-0.21	-0.35	0.11	0.01	0.97
35681	-0.14	-0.20	-0.26	0.11	0.01	0.96
35701	-0.06	-0.29	-0.40	0.11	0.00	0.97
35719	-0.05	-0.23	-0.34	0.11	0.01	0.96
35740	-0.05	-0.31	-0.37	0.11	0.01	0.97
35758	-0.03	-0.29	-0.29	0.11	0.01	0.96
35777	-0.14	-0.24	-0.38	0.11	0.01	0.96
35796	-0.06	-0.29	-0.32	0.11	0.00	0.97
35815	-0.06	-0.34	-0.32	0.11	0.01	0.96
35834	-0.12	-0.20	-0.31	0.11	0.01	0.97
35854	0.00	-0.23	-0.41	0.11	0.00	0.96
35872	-0.09	-0.24	-0.41	0.11	0.01	0.97
35891	-0.11	-0.24	-0.29	0.11	0.00	0.96
35910	-0.06	-0.21	-0.40	0.11	0.00	0.97
35929	-0.03	-0.21	-0.32	0.11	0.00	0.96
35948	-0.12	-0.27	-0.32	0.11	0.00	0.96
35968	-0.02	-0.17	-0.38	0.11	0.01	0.96
35987	-0.05	-0.21	-0.31	0.11	0.01	0.96
36005	-0.18	-0.21	-0.40	0.11	0.01	0.96
36024	-0.03	-0.24	-0.38	0.11	0.00	0.96
36044	-0.06	-0.27	-0.35	0.11	0.01	0.97
36062	-0.05	-0.26	-0.40	0.11	0.01	0.97
36082	-0.06	-0.23	-0.43	0.11	0.01	0.96
36100	-0.08	-0.21	-0.29	0.11	0.01	0.96
36120	0.03	-0.24	-0.29	0.11	0.01	0.96
36138	-0.12	-0.24	-0.38	0.11	0.01	0.97
36157	-0.09	-0.23	-0.46	0.11	0.00	0.96
36177	-0.02	-0.29	-0.29	0.11	0.00	0.96
36195	-0.12	-0.29	-0.32	0.11	0.01	0.97
36215	-0.05	-0.32	-0.34	0.11	0.01	0.96
36233	-0.08	-0.21	-0.40	0.11	0.01	0.97
36252	-0.11	-0.20	-0.32	0.11	0.00	0.96
36271	-0.08	-0.31	-0.34	0.11	0.01	0.96
36290	-0.02	-0.18	-0.41	0.11	0.01	0.97
36309	-0.17	-0.24	-0.29	0.11	0.01	0.97
36328	-0.11	-0.21	-0.38	0.11	0.01	0.96
36346	-0.14	-0.23	-0.27	0.11	0.01	0.96
36366	-0.08	-0.21	-0.41	0.11	0.00	0.96
36385	-0.11	-0.24	-0.40	0.11	0.00	0.96
36404	-0.24	-0.23	-0.31	0.11	0.01	0.96
36423	0.02	-0.29	-0.41	0.11	0.01	0.97
36442	-0.14	-0.24	-0.32	0.11	0.00	0.96
36461	-0.08	-0.24	-0.34	0.11	0.01	0.97
36479	-0.06	-0.20	-0.38	0.11	0.01	0.96
36499	-0.11	-0.24	-0.34	0.11	0.01	0.97
36517	-0.15	-0.24	-0.32	0.11	0.01	0.97
36537	-0.08	-0.20	-0.40	0.11	0.01	0.96
36556	-0.11	-0.34	-0.43	0.11	0.01	0.96
36576	-0.11	-0.29	-0.26	0.11	0.01	0.97
36594	0.03	-0.21	-0.41	0.11	0.01	0.96
36612	-0.08	-0.20	-0.43	0.11	0.01	0.97
36632	-0.06	-0.26	-0.43	0.11	0.00	0.96
36650	-0.11	-0.21	-0.40	0.11	0.01	0.96
36669	-0.14	-0.26	-0.41	0.11	0.00	0.97
36688	-0.02	-0.17	-0.31	0.11	0.01	0.97
36707	-0.11	-0.24	-0.41	0.11	0.00	0.96
36726	-0.12	-0.29	-0.35	0.11	0.01	0.96
36745	-0.14	-0.26	-0.40	0.11	0.01	0.97
36764	0.02	-0.23	-0.41	0.11	0.00	0.97
36782	-0.11	-0.15	-0.38	0.11	0.00	0.97
36802	-0.12	-0.26	-0.38	0.11	0.00	0.97
36821	-0.05	-0.24	-0.27	0.11	0.01	0.97
36840	-0.08	-0.31	-0.34	0.11	0.01	0.96
36858	-0.02	-0.29	-0.29	0.11	0.01	0.97
36878	-0.08	-0.18	-0.41	0.11	0.01	0.96
36897	-0.05	-0.23	-0.41	0.11	0.00	0.96
36916	-0.12	-0.29	-0.31	0.11	0.01	0.96
36936	-0.09	-0.26	-0.37	0.11	0.01	0.96
36954	0.02	-0.23	-0.43	0.11	0.01	0.96
36973	-0.05	-0.31	-0.35	0.11	0.01	0.96
36992	-0.09	-0.27	-0.29	0.11	0.01	0.96
37011	0.02	-0.21	-0.35	0.11	0.00	0.97
37030	-0.08	-0.21	-0.35	0.11	0.01	0.96
37048	-0.09	-0.29	-0.35	0.11	0.01	0.96
37067	-0.08	-0.15	-0.29	0.11	0.01	0.97
37087	0.02	-0.34	-0.35	0.11	0.01	0.96
37105	-0.03	-0.26	-0.26	0.11	0.01	0.97
37125	0.02	-0.21	-0.35	0.11	0.01	0.96
37143	0.00	-0.26	-0.37	0.11	0.01	0.96
37161	-0.02	-0.29	-0.37	0.11	0.01	0.97
37181	-0.14	-0.26	-0.40	0.11	0.01	0.97
37200	0.00	-0.27	-0.34	0.11	0.01	0.96
37219	-0.08	-0.23	-0.34	0.11	0.01	0.97
37237	-0.17	-0.21	-0.35	0.11	0.00	0.97
37257	0.00	-0.29	-0.38	0.11	0.01	0.96
37276	-0.08	-0.23	-0.38	0.11	0.01	0.96
37294	-0.08	-0.24	-0.29	0.11	0.01	0.97
37314	-0.06	-0.26	-0.29	0.11	0.01	0.97
37332	-0.08	-0.21	-0.37	0.11	0.01	0.97
37352	-0.03	-0.31	-0.29	0.11	0.01	0.96
37370	-0.09	-0.17	-0.35	0.11	0.01	0.96
37390	-0.05	-0.17	-0.26	0.11	0.01	0.97
37409	-0.09	-0.20	-0.38	0.11	0.01	0.96
37428	-0.08	-0.23	-0.34	0.11	0.01	0.97
37447	-0.14	-0.26	-0.31	0.11	0.01	0.96
37466	0.02	-0.32	-0.40	0.11	0.01	0.97
37486	-0.03	-0.29	-0.37	0.11	0.00	0.97
37504	-0.11	-0.21	-0.37	0.11	0.01	0.96
37523	-0.05	-0.21	-0.34	0.11	0.01	0.96
37542	0.00	-0.26	-0.41	0.11	0.01	0.96
37560	-0.06	-0.20	-0.35	0.11	0.01	0.97
37579	-0.09	-0.18	-0.35	0.11	0.01	0.96
37599	-0.18	-0.29	-0.37	0.11	0.00	0.96
37617	-0.05	-0.24	-0.27	0.11	0.01	0.97
37636	-0.08	-0.18	-0.37	0.11	0.01	0.96
37655	-0.03	-0.37	-0.37	0.11	0.01	0.97
37674	-0.08	-0.29	-0.29	0.11	0.01	0.96
37693	0.00	-0.24	-0.40	0.11	0.01	0.97
37711	0.11	-0.18	-0.40	0.11	0.01	0.97
37731	-0.11	-0.23	-0.35	0.11	0.01	0.97
37749	-0.14	-0.17	-0.34	0.11	0.01	0.96
37768	0.00	-0.34	-0.37	0.11	0.01	0.97
37787	-0.18	-0.20	-0.27	0.11	0.01	0.96
37805	-0.03	-0.23	-0.43	0.11	0.01	0.96
37825	-0.02	-0.21	-0.31	0.11	0.01	0.96
37844	-0.09	-0.26	-0.37	0.11	0.01	0.96
37863	-0.05	-0.27	-0.31	0.11	0.01	0.96
37882	0.00	-0.27	-0.35	0.11	0.01	0.96
37901	-0.11	-0.21	-0.34	0.11	0.01	0.96
37920	-0.05	-0.20	-0.38	0.11	0.00	0.96
37939	-0.06	-0.24	-0.34	0.11	0.01	0.96
37958	-0.15	-0.21	-0.40	0.11	0.01	0.97
37976	-0.06	-0.27	-0.32	0.11	0.01	0.96
37996	-0.09	-0.23	-0.31	0.11	0.01	0.97
38015	-0.11	-0.21	-0.37	0.11	0.01	0.96
38035	-0.02	-0.29	-0.27	0.11	0.00	0.97
38053	-0.05	-0.18	-0.35	0.11	0.01	0.96
38072	-0.03	-0.26	-0.40	0.11	0.01	0.97
38091	-0.02	-0.24	-0.41	0.11	0.01	0.96
38110	-0.03	-0.31	-0.34	0.11	0.00	0.96
38130	-0.02	-0.21	-0.32	0.11	0.01	0.96
38148	-0.20	-0.24	-0.32	0.11	0.00	0.96
38167	-0.21	-0.18	-0.35	0.11	0.01	0.96
38186	-0.05	-0.29	-0.32	0.11	0.01	0.97
38205	-0.08	-0.26	-0.32	0.11	0.01	0.96
38224	-0.08	-0.27	-0.37	0.11	0.01	0.96
38243	-0.06	-0.23	-0.26	0.11	0.01	0.97
38261	-0.12	-0.17	-0.34	0.11	0.01	0.96
38281	-0.02	-0.27	-0.46	0.11	0.01	0.96
38300	-0.14	-0.20	-0.34	0.11	0.01	0.96
38320	-0.09	-0.18	-0.44	0.11	0.00	0.97
38338	-0.09	-0.27	-0.35	0.11	0.01	0.96
38358	-0.09	-0.23	-0.34	0.11	0.01	0.96
38376	-0.06	-0.29	-0.32	0.11	0.01	0.96
38395	-0.06	-0.27	-0.37	0.11	0.01	0.96
38415	-0.15	-0.24	-0.35	0.11	0.01	0.96
38433	0.03	-0.29	-0.41	0.11	0.01	0.96
38452	-0.12	-0.20	-0.31	0.11	0.01	0.97
38471	-0.12	-0.24	-0.31	0.11	0.01	0.96
38490	-0.03	-0.29	-0.37	0.11	0.01	0.96
38509	-0.15	-0.24	-0.34	0.11	0.01	0.96
38528	-0.05	-0.26	-0.35	0.11	0.01	0.96
38547	0.09	-0.29	-0.38	0.11	0.00	0.97
38565	-0.11	-0.34	-0.38	0.11	0.01	0.96
38585	-0.17	-0.23	-0.32	0.11	0.01	0.97
38604	-0.18	-0.17	-0.37	0.11	0.01	0.96
38624	0.03	-0.27	-0.32	0.11	0.01	0.96
38642	-0.05	-0.17	-0.35	0.11	0.01	0.96
38660	-0.08	-0.29	-0.38	0.11	0.01	0.97
38679	-0.09	-0.29	-0.27	0.11	0.01	0.96
38698	-0.09	-0.15	-0.35	0.11	0.01	0.97
38718	-0.02	-0.24	-0.34	0.11	0.01	0.96
38736	-0.05	-0.26	-0.34	0.11	0.01	0.96
38755	-0.06	-0.31	-0.44	0.11	0.01	0.97
38774	-0.03	-0.26	-0.32	0.11	0.01	0.96
38792	0.02	-0.18	-0.32	0.11	0.01	0.97
38812	-0.11	-0.29	-0.34	0.11	0.01	0.96
38830	-0.15	-0.23	-0.37	0.11	0.01	0.97
38850	0.00	-0.15	-0.32	0.11	0.01	0.96
38868	-0.09	-0.12	-0.31	0.11	0.01	0.97
38886	-0.06	-0.27	-0.35	0.11	0.01	0.96
38906	-0.08	-0.26	-0.40	0.11	0.01	0.97
38925	-0.08	-0.26	-0.37	0.11	0.01	0.96
38945	-0.06	-0.24	-0.40	0.11	0.01	0.96
38963	0.00	-0.31	-0.31	0.11	0.01	0.96
38982	-0.11	-0.21	-0.43	0.11	0.01	0.96
39001	-0.03	-0.24	-0.37	0.11	0.01	0.96
39020	-0.24	-0.24	-0.38	0.11	0.01	0.96
39040	-0.14	-0.29	-0.38	0.11	0.01	0.97
39058	0.00	-0.27	-0.37	0.11	0.01	0.96
39077	-0.03	-0.23	-0.38	0.11	0.01	0.96
39096	-0.08	-0.21	-0.34	0.11	0.01	0.97
39115	-0.14	-0.21	-0.29	0.11	0.01	0.96
39134	-0.05	-0.21	-0.41	0.11	0.01	0.96
39153	-0.08	-0.20	-0.37	0.11	0.00	0.96
39172	-0.05	-0.29	-0.38	0.11	0.01	0.96
39190	-0.06	-0.29	-0.31	0.11	0.00	0.97
39210	-0.20	-0.20	-0.43	0.11	0.00	0.97
39229	-0.09	-0.20	-0.37	0.11	0.01	0.96
39248	-0.03	-0.26	-0.27	0.11	0.01	0.96
39268	-0.03	-0.27	-0.31	0.11	0.00	0.96
39286	-0.03	-0.23	-0.34	0.11	0.01	0.96
39304	-0.08	-0.20	-0.34	0.11	0.01	0.97
39325	-0.02	-0.20	-0.31	0.11	0.01	0.97
39343	-0.02	-0.18	-0.32	0.11	0.00	0.96
39363	-0.06	-0.21	-0.35	0.11	0.01	0.96
39381	-0.09	-0.20	-0.41	0.11	0.00	0.96
39401	-0.15	-0.29	-0.34	0.11	0.00	0.96
39419	-0.18	-0.29	-0.27	0.11	0.01	0.96
39438	-0.08	-0.20	-0.41	0.11	0.00	0.96
39458	0.00	-0.20	-0.37	0.11	0.01	0.96
39476	-0.06	-0.21	-0.38	0.11	0.01	0.97
39494	-0.05	-0.26	-0.31	0.11	0.00	0.96
39513	-0.08	-0.24	-0.41	0.11	0.00	0.97
39533	-0.08	-0.29	-0.29	0.11	0.01	0.96
39552	-0.09	-0.20	-0.41	0.11	0.01	0.96
39571	-0.02	-0.29	-0.38	0.11	0.01	0.97
39590	-0.08	-0.21	-0.40	0.11	0.01	0.97
39608	-0.09	-0.27	-0.40	0.11	0.01	0.96
39629	-0.02	-0.23	-0.34	0.11	0.00	0.96
39647	-0.15	-0.31	-0.37	0.11	0.01	0.96
39667	-0.15	-0.18	-0.40	0.11	0.01	0.96
39685	-0.06	-0.21	-0.35	0.11	0.01	0.97
39704	-0.12	-0.21	-0.40	0.11	0.00	0.96
39723	-0.02	-0.26	-0.38	0.11	0.01	0.96
39742	-0.15	-0.21	-0.38	0.11	0.00	0.96
39761	0.02	-0.27	-0.34	0.11	0.00	0.97
39779	-0.06	-0.31	-0.34	0.11	0.01	0.96
39799	0.00	-0.31	-0.26	0.11	0.01	0.97
39817	-0.14	-0.24	-0.35	0.11	0.01	0.96
39836	-0.03	-0.18	-0.35	0.11	0.01	0.96
39856	-0.12	-0.21	-0.38	0.11	0.01	0.96
39874	-0.08	-0.23	-0.40	0.11	0.01	0.96
39894	-0.05	-0.31	-0.34	0.11	0.00	0.96
39912	-0.08	-0.27	-0.38	0.11	0.01	0.96
39930	-0.06	-0.37	-0.37	0.11	0.01	0.97
39951	-0.03	-0.31	-0.24	0.11	0.01	0.97
39969	-0.11	-0.24	-0.27	0.11	0.01	0.96
39988	-0.06	-0.21	-0.43	0.11	0.01	0.96
40007	0.00	-0.23	-0.32	0.11	0.01	0.96
40026	-0.02	-0.21	-0.38	0.11	0.01	0.96
40045	-0.03	-0.21	-0.32	0.11	0.01	0.97
40063	-0.09	-0.27	-0.32	0.11	0.00	0.96
40083	-0.06	-0.29	-0.38	0.11	0.01	0.96
40102	-0.06	-0.23	-0.34	0.11	0.00	0.96
40121	-0.12	-0.26	-0.34	0.11	0.01	0.97
40140	-0.11	-0.20	-0.32	0.11	0.00	0.96
40158	-0.05	-0.27	-0.34	0.11	0.01	0.96
40178	-0.02	-0.26	-0.35	0.11	0.01	0.96
40196	-0.03	-0.26	-0.37	0.11	0.00	0.96
40216	-0.08	-0.26	-0.35	0.11	0.01	0.97
40235	-0.02	-0.23	-0.34	0.11	0.01	0.96
40254	-0.06	-0.31	-0.34	0.11	0.01	0.97
40273	-0.02	-0.20	-0.41	0.11	0.01	0.96
40292	-0.09	-0.26	-0.32	0.11	0.01	0.96
40312	-0.15	-0.27	-0.38	0.11	0.01	0.97
40330	-0.08	-0.24	-0.31	0.11	0.01	0.96
40351	-0.05	-0.29	-0.37	0.11	0.01	0.96
40369	0.06	-0.21	-0.44	0.11	0.01	0.97
40387	0.06	-0.20	-0.34	0.11	0.01	0.96
40406	0.02	-0.24	-0.41	0.11	0.01	0.97
40424	-0.08	-0.21	-0.37	0.11	0.01	0.96
40443	-0.08	-0.18	-0.34	0.11	0.01	0.96
40463	-0.02	-0.18	-0.32	0.11	0.01	0.96
40481	0.00	-0.27	-0.31	0.11	0.01	0.96
40500	-0.12	-0.23	-0.31	0.11	0.01	0.97
40519	-0.03	-0.26	-0.35	0.11	0.01	0.97
40537	-0.11	-0.31	-0.32	0.11	0.00	0.96
40558	-0.06	-0.29	-0.29	0.11	0.01	0.96
40576	-0.05	-0.24	-0.29	0.11	0.01	0.97
40596	-0.05	-0.21	-0.32	0.11	0.00	0.97
40614	-0.12	-0.35	-0.34	0.11	0.00	0.96
40634	-0.05	-0.21	-0.29	0.11	0.01	0.96
40653	-0.02	-0.18	-0.41	0.11	0.01	0.96
40671	-0.03	-0.20	-0.31	0.11	0.01	0.96
40691	-0.11	-0.21	-0.37	0.11	0.00	0.97
40710	-0.17	-0.24	-0.32	0.11	0.01	0.96
40729	0.03	-0.27	-0.32	0.11	0.01	0.96
40747	-0.08	-0.21	-0.31	0.11	0.01	0.96
40767	0.00	-0.26	-0.32	0.11	0.01	0.97
40786	-0.08	-0.18	-0.32	0.11	0.01	0.96
40804	-0.18	-0.29	-0.40	0.11	0.01	0.97
40824	-0.09	-0.27	-0.34	0.11	0.01	0.96
40842	0.02	-0.23	-0.46	0.11	0.00	0.97
40862	-0.12	-0.27	-0.38	0.11	0.00	0.96
40880	-0.14	-0.21	-0.38	0.11	0.01	0.97
40899	-0.05	-0.23	-0.38	0.11	0.00	0.96
40918	-0.15	-0.29	-0.38	0.11	0.01	0.96
40937	-0.02	-0.18	-0.24	0.11	0.01	0.96
40955	-0.02	-0.21	-0.37	0.11	0.01	0.97
40974	-0.15	-0.27	-0.34	0.11	0.01	0.96
40993	-0.12	-0.23	-0.40	0.11	0.00	0.96
41011	-0.05	-0.14	-0.37	0.11	0.01	0.96
41030	0.02	-0.26	-0.38	0.11	0.01	0.96
41048	-0.09	-0.24	-0.37	0.11	0.01	0.96
41066	-0.08	-0.27	-0.18	0.11	0.01	0.96
41084	0.02	-0.15	-0.40	0.11	0.01	0.97
41103	-0.06	-0.20	-0.40	0.11	0.00	0.96
41122	-0.09	-0.21	-0.40	0.11	0.00	0.96
41140	-0.09	-0.23	-0.37	0.11	0.01	0.96
41159	0.03	-0.26	-0.40	0.11	0.01	0.96
41179	-0.12	-0.31	-0.35	0.11	0.00	0.96
41197	-0.06	-0.26	-0.37	0.11	0.01	0.96
41217	0.02	-0.23	-0.27	0.11	0.00	0.96
41235	-0.03	-0.24	-0.37	0.11	0.01	0.96
41253	0.03	-0.23	-0.37	0.11	0.00	0.96
41273	-0.02	-0.21	-0.34	0.11	0.01	0.96
41291	-0.09	-0.20	-0.38	0.11	0.01	0.96
41311	-0.02	-0.24	-0.41	0.11	0.01	0.96
41329	0.02	-0.24	-0.46	0.11	0.01	0.96
41348	-0.05	-0.29	-0.40	0.11	0.01	0.96
41368	-0.03	-0.27	-0.35	0.11	0.01	0.96
41386	-0.11	-0.31	-0.31	0.11	0.01	0.96
41405	-0.11	-0.26	-0.31	0.11	0.01	0.97