Time	Gx	Gy	Gz	Ax	Ay	Az
3675	1.57	12.30	-7.32	0.15	-0.04	1.00
3694	5.43	16.59	-14.69	0.24	-0.09	1.02
3713	21.19	29.02	-26.84	0.27	-0.15	1.18
3731	34.85	35.98	-33.97	0.21	-0.10	1.30
3750	54.37	37.32	-44.34	0.06	0.03	1.44
3767	59.48	22.95	-48.69	-0.02	0.17	1.53
3785	51.18	1.91	-48.03	-0.02	0.28	1.64
3804	36.79	-18.60	-45.76	0.01	0.28	1.66
3822	30.32	-26.86	-45.36	0.05	0.25	1.64
3841	22.75	-36.16	-48.17	0.11	0.17	1.62
3859	21.36	-38.13	-55.10	0.17	0.17	1.59
3878	19.90	-32.88	-63.69	0.20	0.20	1.57
3896	15.61	-25.38	-71.98	0.19	0.20	1.56
3914	14.42	-22.35	-76.46	0.19	0.17	1.55
3932	15.99	-16.04	-86.81	0.19	0.16	1.50
3950	19.50	-11.52	-94.74	0.12	0.15	1.46
3967	25.19	-13.20	-98.16	0.10	0.15	1.39
3985	27.82	-14.25	-98.53	0.10	0.17	1.36
4003	30.65	-15.49	-96.05	0.08	0.20	1.29
4022	30.72	-18.75	-90.00	0.03	0.22	1.22
4039	29.46	-26.00	-82.05	0.02	0.23	1.16
4057	28.75	-29.53	-78.11	0.01	0.24	1.09
4075	26.47	-35.78	-70.31	0.01	0.25	1.05
4094	23.07	-43.18	-62.53	-0.01	0.24	0.99
4112	21.21	-51.06	-56.21	0.00	0.23	0.92
4130	19.10	-53.51	-52.99	0.08	0.23	0.83
4148	17.40	-51.35	-52.58	0.09	0.23	0.77
4166	13.57	-44.22	-54.92	0.10	0.20	0.64
4183	10.04	-36.10	-62.04	0.10	0.19	0.54
4201	4.23	-26.61	-71.12	0.11	0.20	0.43
4220	0.46	-21.90	-75.33	0.09	0.18	0.32
4238	-7.42	-13.18	-83.57	0.10	0.17	0.25
4256	-16.49	-3.07	-91.02	0.10	0.13	0.14
4274	-22.31	7.81	-95.87	0.08	0.06	0.07
4292	-24.22	16.40	-96.28	0.05	0.05	-0.01
4311	-25.86	19.39	-94.53	-0.02	0.01	-0.07
4330	-26.76	19.56	-89.00	-0.04	-0.01	-0.09
4349	-23.28	14.11	-80.05	-0.06	-0.03	-0.11
4368	-20.13	8.36	-64.93	-0.09	-0.01	-0.11
4387	-17.82	-0.82	-46.86	-0.13	-0.01	-0.07
4407	-14.51	-13.38	-26.82	-0.14	0.00	-0.03
4427	-11.28	-26.87	-4.73	-0.13	0.02	0.02
4446	-8.33	-38.21	17.90	-0.12	0.02	0.06
4464	-6.64	-43.29	28.38	-0.09	0.04	0.10
4482	-3.80	-52.81	45.96	-0.08	0.05	0.12
4500	-3.85	-58.55	60.52	-0.04	0.09	0.17
4521	-6.12	-59.97	73.47	-0.00	0.09	0.22
4540	-7.19	-56.78	81.24	0.04	0.10	0.28
4559	-9.66	-50.09	84.29	0.09	0.15	0.35
4577	-14.65	-36.45	87.37	0.15	0.13	0.44
4595	-14.95	-28.95	87.11	0.17	0.11	0.50
4614	-12.97	-12.80	79.27	0.23	0.16	0.62
4634	-16.80	9.38	67.35	0.28	0.23	0.72
4652	-18.68	34.16	60.53	0.30	0.11	0.88
4669	-12.13	55.04	52.66	0.23	0.20	1.04
4688	-12.08	61.22	46.92	0.17	0.25	1.14
4705	-15.50	67.31	36.70	0.15	0.20	1.16
4723	-10.73	67.15	33.16	0.10	0.13	1.29
4742	-2.58	55.11	35.10	-0.01	0.17	1.40
4760	-2.33	36.80	35.40	0.03	0.24	1.47
4777	-4.53	28.63	34.93	0.04	0.23	1.51
4795	-4.00	12.30	32.97	0.02	0.15	1.57
4813	-2.12	-4.41	31.92	0.07	0.19	1.48
4831	-3.40	-10.74	29.42	0.25	0.15	1.57
4851	-2.66	-7.57	25.74	0.32	0.24	1.71
4868	-6.09	3.75	16.65	0.30	0.28	1.65
4887	-18.30	12.88	9.84	0.30	0.27	1.60
4905	-24.73	25.60	2.30	0.38	0.19	1.70
4923	-20.54	38.82	-7.90	0.25	0.06	1.69
4941	-13.49	39.55	-13.63	0.20	0.01	1.68
4959	6.59	34.50	-25.94	0.19	-0.02	1.75
4977	24.41	28.85	-36.24	0.18	0.08	1.76
4994	33.25	22.83	-42.10	0.16	0.14	1.69
5011	35.08	19.81	-43.59	0.17	0.17	1.67
5029	34.15	15.18	-44.07	0.19	0.22	1.71
5047	29.46	12.13	-42.91	0.19	0.27	1.71
5064	19.65	9.74	-40.60	0.19	0.31	1.66
5082	14.21	9.08	-39.31	0.19	0.31	1.65
5099	4.64	10.59	-36.64	0.23	0.30	1.63
5117	-0.52	17.20	-36.25	0.24	0.25	1.60
5135	-0.69	20.65	-36.47	0.17	0.20	1.56
5153	4.41	23.28	-35.74	0.14	0.18	1.53
5171	14.02	21.15	-32.42	0.08	0.16	1.46
5188	25.10	13.00	-26.15	0.02	0.16	1.38
5205	30.30	7.37	-21.96	0.00	0.17	1.34
5223	39.17	-4.65	-11.44	0.01	0.20	1.26
5241	43.46	-12.44	-0.08	0.03	0.24	1.19
5259	43.24	-18.42	11.51	0.01	0.27	1.11
5276	41.69	-21.21	16.88	0.03	0.28	1.07
5294	36.91	-23.76	24.81	0.05	0.27	0.99
5311	33.04	-23.03	27.97	0.05	0.25	0.91
5329	30.38	-21.80	27.57	0.05	0.23	0.82
5347	29.54	-20.54	26.02	0.06	0.21	0.77
5364	28.08	-16.77	19.49	0.06	0.21	0.69
5381	26.32	-12.48	9.75	0.07	0.21	0.63
5399	24.92	-9.38	4.70	0.08	0.22	0.54
5416	19.67	-1.25	-5.07	0.09	0.24	0.49
5434	8.67	6.94	-14.98	0.05	0.25	0.39
5452	-4.75	8.27	-24.60	-0.02	0.22	0.33
5470	-10.76	6.58	-28.53	-0.02	0.18	0.25
5488	-21.90	3.13	-33.42	-0.03	0.15	0.20
5507	-28.84	-0.61	-35.19	-0.05	0.09	0.10
5527	-33.45	-6.76	-36.10	-0.08	0.07	0.06
5546	-36.25	-14.31	-35.81	-0.06	0.04	0.03
5565	-37.29	-18.68	-33.52	-0.04	0.04	-0.00
5585	-39.43	-21.06	-27.74	-0.04	0.05	-0.01
5604	-42.28	-24.06	-20.00	-0.06	0.05	0.00
5624	-43.00	-28.78	-12.62	-0.08	0.03	0.05
5643	-41.98	-32.12	-8.04	-0.09	0.01	0.09
5662	-37.46	-40.22	2.93	-0.11	0.00	0.12
5681	-30.62	-49.96	15.49	-0.09	0.02	0.16
5699	-24.90	-56.44	27.51	-0.05	0.03	0.20
5718	-20.57	-59.11	38.48	0.00	0.07	0.27
5737	-18.62	-55.71	50.95	0.06	0.07	0.36
5755	-16.89	-52.38	56.40	0.11	0.10	0.42
5774	-14.48	-41.99	62.55	0.14	0.11	0.46
5791	-12.73	-27.08	65.26	0.18	0.11	0.54
5810	-9.96	-6.93	69.66	0.30	0.16	0.65
5828	-11.52	23.06	71.35	0.29	0.17	0.71
5846	-11.95	36.65	69.37	0.22	0.09	0.85
5864	-6.27	54.81	64.96	0.18	0.05	0.91
5882	2.73	64.38	67.02	0.18	0.23	1.02
5900	2.75	70.13	69.60	0.04	0.11	1.13
5917	7.77	65.35	67.93	-0.03	0.09	1.20
5934	16.08	43.32	68.01	-0.12	0.17	1.24
5953	15.75	16.95	75.97	-0.04	0.22	1.27
5971	14.79	1.21	79.12	0.06	0.13	1.37
5988	17.17	-3.27	77.51	0.08	0.16	1.38
6006	15.32	-10.36	75.67	0.08	0.20	1.34
6023	11.78	-11.98	76.14	0.18	0.12	1.41
6042	15.95	-4.94	73.52	0.23	0.12	1.45
6060	16.56	-0.37	70.88	0.21	0.16	1.43
6077	13.20	6.62	65.22	0.24	0.17	1.52
6095	7.16	19.39	57.19	0.35	0.26	1.61
6112	-5.92	38.27	48.69	0.28	0.24	1.50
6129	-10.97	44.27	44.17	0.24	0.21	1.53
6149	-16.33	47.10	35.34	0.23	0.18	1.72
6166	-16.82	49.48	28.87	0.23	0.12	1.74
6184	-8.79	43.37	21.68	0.06	0.02	1.70
6202	-1.34	33.83	17.70	0.01	-0.05	1.64
6219	17.81	10.60	9.09	0.04	-0.06	1.61
6238	39.05	-5.26	-0.31	0.12	-0.04	1.59
6257	56.99	-13.43	-9.00	0.16	0.03	1.61
6275	63.74	-16.02	-15.38	0.23	0.15	1.61
6294	59.80	-8.58	-20.51	0.32	0.22	1.56
6312	55.30	-0.78	-23.53	0.33	0.24	1.55
6331	43.21	15.73	-30.29	0.30	0.30	1.54
6349	26.79	28.08	-38.48	0.26	0.33	1.54
6366	11.46	36.70	-47.49	0.20	0.29	1.49
6384	6.53	38.45	-51.44	0.16	0.26	1.46
6402	0.70	37.31	-58.59	0.08	0.23	1.39
6419	0.44	26.47	-65.17	-0.03	0.18	1.34
6438	5.49	6.88	-68.48	-0.07	0.17	1.29
6456	8.64	-3.59	-68.08	-0.05	0.16	1.22
6476	16.04	-22.08	-65.78	-0.03	0.16	1.18
6494	23.04	-35.10	-63.05	-0.01	0.17	1.11
6514	27.92	-43.93	-58.98	0.02	0.20	1.03
6531	31.30	-46.88	-56.08	0.05	0.20	0.96
6549	32.30	-45.65	-54.61	0.06	0.24	0.90
6569	28.76	-42.72	-54.58	0.08	0.26	0.85
6587	26.44	-40.12	-55.79	0.09	0.26	0.83
6606	19.64	-32.35	-59.74	0.10	0.28	0.76
6624	12.91	-23.33	-66.01	0.10	0.25	0.69
6642	6.79	-12.77	-72.85	0.09	0.25	0.62
6661	0.29	-4.03	-78.06	0.06	0.23	0.53
6679	-2.75	-0.95	-79.99	0.04	0.21	0.48
6697	-7.42	3.04	-83.91	0.03	0.17	0.39
6716	-11.25	6.53	-87.52	0.01	0.16	0.30
6734	-14.85	4.71	-88.73	-0.08	0.14	0.27
6753	-18.07	-6.29	-85.66	-0.10	0.14	0.22
6772	-22.08	-17.14	-81.13	-0.08	0.14	0.15
6791	-24.20	-21.33	-78.46	-0.08	0.11	0.10
6811	-26.41	-29.14	-70.45	-0.09	0.08	0.09
6830	-25.12	-37.20	-57.94	-0.08	0.08	0.08
6849	-24.66	-41.84	-44.11	-0.05	0.07	0.07
6869	-23.06	-43.69	-31.16	-0.04	0.05	0.08
6889	-18.69	-44.72	-17.68	-0.02	0.02	0.11
6907	-12.18	-46.54	-2.21	-0.01	0.04	0.17
6926	-6.47	-48.13	12.83	0.01	0.08	0.21
6945	-6.45	-37.28	27.30	0.02	0.11	0.26
6963	-6.55	-37.67	34.16	0.03	0.12	0.28
6982	-7.49	-31.22	47.52	0.05	0.11	0.37
7000	-7.25	-25.10	58.24	0.07	0.14	0.42
7018	-9.23	-14.62	66.50	0.11	0.16	0.46
7036	-10.47	-4.30	72.24	0.11	0.14	0.55
7054	-9.95	1.05	73.91	0.12	0.16	0.59
7072	-12.68	11.14	75.71	0.12	0.21	0.66
7090	-16.85	20.63	77.68	0.15	0.17	0.74
7107	-14.08	29.53	80.03	0.09	0.14	0.86
7124	-12.44	30.69	80.72	0.06	0.19	0.90
7142	-14.83	27.79	79.96	0.05	0.22	0.97
7159	-15.14	23.79	79.71	0.07	0.11	1.05
7178	-10.83	21.70	80.11	0.03	0.12	1.12
7195	-1.97	13.47	83.82	0.03	0.17	1.15
7212	-0.99	5.74	85.85	0.08	0.17	1.18
7230	2.12	2.69	84.50	0.12	0.09	1.23
7247	6.52	2.66	84.37	0.15	0.09	1.26
7264	13.28	4.99	87.34	0.13	0.14	1.23
7280	16.75	4.33	89.05	0.12	0.07	1.30
7298	20.90	3.31	87.28	0.17	0.08	1.40
7315	25.15	4.27	82.17	0.15	0.21	1.40
7332	15.20	3.11	81.22	0.15	0.27	1.40
7349	9.40	2.44	81.31	0.16	0.22	1.48
7366	2.85	5.17	78.93	0.28	0.24	1.52
7384	-7.19	20.49	74.33	0.32	0.25	1.49
7401	-12.08	28.72	71.32	0.28	0.22	1.58
7419	-18.26	39.35	64.67	0.27	0.19	1.62
7436	-18.02	43.33	56.66	0.18	0.11	1.57
7453	-9.87	37.03	48.98	0.14	0.06	1.60
7471	-4.01	32.62	45.07	0.15	0.04	1.60
7488	8.22	24.41	36.85	0.13	0.06	1.57
7506	18.11	12.65	29.74	0.08	0.05	1.56
7523	23.88	5.37	26.17	0.15	0.06	1.56
7540	34.58	-4.01	18.92	0.19	0.08	1.56
7557	41.98	-4.04	10.88	0.22	0.12	1.57
7575	43.40	-3.54	6.81	0.20	0.18	1.59
7593	42.04	-4.27	-0.82	0.20	0.19	1.60
7611	39.67	-3.62	-9.26	0.23	0.19	1.58
7631	37.25	1.97	-19.53	0.28	0.23	1.55
7648	29.72	14.71	-31.59	0.29	0.30	1.51
7665	23.27	21.70	-37.31	0.22	0.29	1.45
7684	11.15	30.43	-46.51	0.17	0.28	1.42
7702	2.41	29.69	-49.71	0.09	0.26	1.36
7721	-4.52	21.36	-47.76	0.01	0.25	1.30
7739	-8.82	6.52	-41.69	-0.02	0.21	1.26
7759	-8.22	-10.15	-34.01	-0.01	0.18	1.20
7777	-6.81	-17.01	-29.75	-0.01	0.16	1.13
7797	-3.01	-28.69	-20.92	-0.00	0.14	1.09
7816	4.03	-39.02	-13.15	0.01	0.12	1.03
7834	12.57	-45.06	-8.87	0.07	0.12	0.97
7853	19.78	-43.95	-9.69	0.11	0.15	0.91
7870	23.25	-38.27	-15.59	0.12	0.18	0.86
7889	23.64	-34.82	-20.26	0.15	0.21	0.79
7908	20.89	-25.12	-33.60	0.16	0.22	0.76
7926	15.20	-12.54	-50.52	0.14	0.24	0.70
7944	6.70	-1.85	-68.31	0.12	0.25	0.63
7962	-2.47	6.52	-88.15	0.11	0.24	0.57
7980	-6.96	10.31	-97.73	0.09	0.24	0.54
7999	-16.89	15.03	-114.62	0.06	0.23	0.46
8017	-26.98	16.51	-127.41	0.03	0.20	0.38
8036	-35.52	14.79	-136.40	-0.00	0.16	0.30
8055	-38.88	8.94	-140.78	-0.05	0.08	0.23
8073	-37.12	0.20	-140.18	-0.05	0.09	0.17
8093	-37.57	-7.14	-135.85	-0.02	0.08	0.13
8112	-37.73	-9.43	-133.09	-0.02	0.08	0.12
8130	-38.18	-13.90	-124.73	-0.02	0.08	0.08
8151	-40.86	-15.26	-111.69	-0.03	0.09	0.07
8170	-43.17	-18.74	-95.25	-0.04	0.06	0.08
8189	-42.39	-22.38	-77.80	-0.06	0.05	0.11
8208	-38.64	-28.44	-57.83	-0.07	0.04	0.15
8227	-34.23	-37.37	-35.55	-0.06	0.06	0.19
8245	-31.83	-42.47	-12.53	-0.04	0.07	0.23
8264	-30.50	-44.19	-2.00	-0.02	0.06	0.24
8283	-27.33	-42.22	15.63	0.00	0.06	0.30
8300	-24.98	-42.04	31.59	0.03	0.07	0.39
8319	-21.85	-37.72	46.77	0.06	0.06	0.45
8337	-16.63	-30.85	57.17	0.11	0.06	0.54
8355	-13.73	-25.54	61.05	0.13	0.08	0.58
8372	-11.09	-13.58	67.75	0.15	0.13	0.62
8390	-9.58	-1.08	72.80	0.12	0.05	0.74
8409	2.33	5.14	72.78	0.11	0.00	0.87
8426	9.80	7.26	70.94	0.11	0.02	0.89
8443	22.03	11.25	69.50	0.13	0.05	0.97
8460	32.94	12.66	72.98	0.04	0.05	1.08
8477	38.83	8.83	73.84	0.02	0.04	1.13
8494	46.77	-1.01	72.02	0.07	0.15	1.21
8511	45.20	-4.47	70.82	0.11	0.16	1.23
8529	43.66	-4.94	71.85	0.08	0.19	1.23
8546	37.83	-8.74	78.12	0.08	0.21	1.25
8564	28.38	-10.77	85.88	0.18	0.22	1.35
8581	18.66	-4.23	91.29	0.19	0.23	1.33
8599	12.89	-0.81	94.16	0.18	0.22	1.33
8617	6.77	2.88	98.28	0.15	0.11	1.48
8634	6.91	3.95	97.63	0.20	0.17	1.45
8650	3.75	7.17	96.02	0.23	0.19	1.39
8667	-3.92	18.28	90.67	0.26	0.16	1.52
8685	-8.77	28.44	84.73	0.27	0.19	1.60
8702	-11.69	33.36	82.46	0.25	0.11	1.57
8719	-11.76	40.79	76.51	0.24	0.05	1.61
8738	2.87	43.00	65.51	0.18	-0.04	1.64
8755	19.84	34.45	53.80	0.03	0.03	1.61
8772	25.70	24.17	49.47	-0.00	0.02	1.58
8791	38.25	0.61	40.76	0.03	-0.00	1.54
8809	50.13	-15.91	30.33	0.12	0.03	1.55
8826	57.40	-22.54	19.20	0.19	0.10	1.52
8845	57.88	-22.52	13.82	0.25	0.21	1.51
8862	50.51	-17.04	3.89	0.27	0.24	1.55
8881	39.00	-7.34	-7.34	0.28	0.22	1.59
8899	31.72	3.17	-21.71	0.29	0.20	1.58
8917	26.78	15.27	-39.63	0.29	0.21	1.56
8935	24.08	20.80	-49.48	0.25	0.22	1.55
8952	18.23	26.73	-68.42	0.19	0.24	1.53
8971	12.47	27.34	-84.64	0.13	0.23	1.49
8988	11.46	21.58	-98.94	0.06	0.19	1.44
9006	12.34	16.82	-105.47	0.03	0.19	1.41
9025	14.48	4.15	-115.54	-0.01	0.21	1.35
9043	15.61	-10.18	-120.61	-0.03	0.22	1.29
9061	16.17	-24.40	-121.70	-0.02	0.21	1.21
9080	17.46	-35.13	-122.21	-0.02	0.22	1.15
9099	17.85	-39.79	-121.38	-0.01	0.25	1.08
9119	17.00	-46.98	-118.30	0.01	0.24	1.01
9137	16.17	-50.00	-115.63	0.02	0.23	0.97
9154	16.92	-49.53	-114.03	0.03	0.23	0.91
9173	16.40	-47.42	-110.02	0.03	0.25	0.85
9191	14.24	-45.41	-103.91	0.01	0.25	0.79
9210	13.12	-44.68	-100.72	0.05	0.25	0.73
9228	10.45	-39.67	-94.30	0.06	0.25	0.69
9247	4.99	-31.91	-85.78	0.03	0.26	0.63
9265	-2.29	-28.49	-75.50	-0.01	0.26	0.58
9284	-9.67	-28.12	-65.60	-0.00	0.26	0.51
9304	-19.41	-25.47	-54.31	0.02	0.26	0.43
9322	-24.48	-23.22	-48.55	0.00	0.23	0.36
9342	-33.05	-19.61	-39.12	-0.01	0.20	0.31
9360	-38.67	-18.54	-32.52	-0.01	0.16	0.23
9380	-41.24	-18.23	-27.02	-0.03	0.12	0.16
9399	-42.42	-21.06	-21.07	-0.07	0.11	0.14
9419	-42.24	-28.75	-15.93	-0.07	0.09	0.10
9438	-39.92	-32.88	-11.09	-0.01	0.06	0.05
9457	-36.82	-27.50	-4.14	0.04	0.05	0.03
9476	-32.84	-16.46	2.88	0.04	0.03	0.05
9494	-29.94	-11.54	5.98	0.03	0.03	0.07
9511	-23.07	-6.62	12.39	0.00	0.02	0.11
9531	-15.29	-4.73	21.55	0.01	0.03	0.16
9549	-9.46	-0.64	33.77	0.03	0.09	0.18
9568	-9.75	6.36	46.72	-0.01	0.11	0.23
9585	-9.63	5.68	52.25	-0.03	0.11	0.27
9603	-10.62	5.36	64.24	-0.02	0.16	0.32
9623	-16.69	5.40	81.15	0.02	0.22	0.37
9640	-23.76	8.64	99.87	-0.01	0.15	0.45
9659	-23.32	7.06	111.60	-0.01	0.13	0.53
9677	-22.54	6.29	116.56	-0.01	0.14	0.55
9696	-24.00	5.54	129.96	0.05	0.16	0.61
9714	-22.19	9.49	142.91	0.04	0.07	0.73
9731	-11.43	8.85	146.76	0.07	0.05	0.86
9750	1.19	10.57	147.35	0.11	0.07	0.93
9767	6.53	12.76	149.61	0.15	0.08	0.99
9785	18.80	17.73	154.34	0.08	0.03	1.10
9802	29.98	12.85	152.34	0.10	0.13	1.14
9819	30.67	12.22	149.44	0.13	0.14	1.19
9838	37.11	13.55	141.33	0.14	0.01	1.27
9855	46.42	12.74	132.28	0.13	0.15	1.29
9872	40.18	10.03	124.05	0.11	0.19	1.37
9889	37.12	7.64	118.39	0.13	0.13	1.48
9906	35.64	6.68	104.14	0.20	0.20	1.50
9924	24.31	11.90	91.57	0.19	0.23	1.43
9942	17.93	13.82	86.26	0.23	0.20	1.65
9959	9.25	17.68	76.93	0.27	0.23	1.72
9977	-1.05	26.32	68.53	0.25	0.25	1.67
9994	-11.23	31.63	60.96	0.26	0.18	1.65
10012	-13.15	35.48	56.26	0.28	0.12	1.64
10030	-9.58	43.00	45.84	0.19	0.06	1.61
10048	-1.16	36.82	35.81	0.04	0.01	1.56
10066	13.06	17.84	26.54	0.04	-0.05	1.56
10084	22.34	9.00	21.39	0.07	-0.08	1.56
10101	41.96	-3.52	9.64	0.13	-0.02	1.52
10119	49.97	-7.17	-0.95	0.19	0.10	1.45
10137	45.03	-2.21	-8.88	0.27	0.19	1.44
10156	34.88	7.86	-14.89	0.25	0.17	1.55
10173	31.68	10.68	-18.34	0.21	0.15	1.58
10191	26.86	8.90	-25.83	0.16	0.17	1.56
10209	18.95	5.46	-33.40	0.17	0.21	1.58
10226	14.53	4.20	-37.57	0.14	0.17	1.57
10246	9.25	-0.11	-47.85	0.11	0.15	1.55
10263	8.54	-8.04	-60.06	0.12	0.13	1.51
10281	9.37	-10.57	-73.44	0.16	0.15	1.47
10300	9.63	-9.58	-86.18	0.16	0.17	1.44
10318	9.41	-8.59	-91.31	0.12	0.16	1.39
10337	10.76	-8.47	-98.97	0.09	0.15	1.36
10355	14.37	-12.42	-104.35	0.04	0.16	1.29
10374	17.93	-20.03	-108.44	0.01	0.16	1.23
10392	20.23	-28.69	-112.18	-0.01	0.20	1.16
10410	19.61	-38.77	-114.94	-0.03	0.22	1.10
10429	18.48	-43.82	-115.62	-0.03	0.25	1.04
10448	14.62	-53.04	-115.81	-0.01	0.25	1.02
10467	10.44	-57.24	-116.07	0.02	0.24	0.94
10485	8.18	-58.87	-117.94	0.00	0.23	0.88
10503	5.68	-60.56	-119.81	-0.00	0.25	0.82
10522	2.49	-60.26	-120.67	0.04	0.24	0.76
10540	0.98	-57.43	-121.49	0.07	0.24	0.71
10560	-2.41	-47.91	-124.83	0.06	0.22	0.63
10578	-5.78	-41.81	-127.90	0.02	0.22	0.59
10597	-10.51	-36.71	-127.76	0.04	0.25	0.53
10617	-18.37	-28.43	-122.79	0.08	0.26	0.46
10635	-30.29	-17.53	-113.91	0.03	0.28	0.38
10654	-44.39	-14.43	-103.18	-0.04	0.26	0.33
10673	-50.72	-16.22	-97.32	-0.05	0.23	0.28
10692	-61.80	-20.86	-84.12	-0.03	0.21	0.25
10712	-68.16	-22.22	-69.84	-0.03	0.14	0.19
10730	-68.01	-23.50	-55.11	-0.04	0.09	0.13
10750	-66.89	-24.86	-40.25	-0.02	0.10	0.09
10769	-65.14	-22.89	-25.97	-0.01	0.03	0.07
10788	-56.84	-19.01	-10.57	-0.02	-0.02	0.07
10808	-44.34	-16.45	5.07	-0.03	-0.04	0.08
10827	-30.98	-16.10	19.23	-0.04	-0.03	0.12
10847	-24.38	-17.26	26.43	-0.04	-0.01	0.17
10866	-11.89	-22.72	41.61	-0.04	0.01	0.19
10885	-2.81	-20.28	57.28	-0.02	0.03	0.22
10903	3.74	-21.67	70.30	-0.01	0.06	0.29
10921	7.64	-18.78	82.11	0.02	0.09	0.36
10940	9.67	-15.69	93.70	0.06	0.12	0.39
10958	9.38	-11.26	99.03	0.08	0.13	0.48
10976	8.36	-3.19	105.35	0.10	0.13	0.54
10994	8.53	6.81	106.35	0.12	0.11	0.62
11011	9.02	16.46	108.34	0.15	0.18	0.68
11029	6.96	23.13	110.35	0.17	0.18	0.76
11046	7.20	35.14	109.62	0.11	0.11	0.87
11064	11.75	37.40	104.71	0.06	0.11	0.92
11081	15.67	35.46	105.10	0.09	0.12	0.99
11098	16.83	35.71	106.41	0.08	0.13	1.04
11116	21.15	31.43	106.38	0.02	0.07	1.13
11133	28.34	21.36	104.54	0.03	0.08	1.21
11150	31.13	16.46	105.22	0.04	0.11	1.23
11168	29.50	9.41	109.66	0.07	0.15	1.23
11185	27.11	2.66	110.76	0.07	0.11	1.37
11203	23.09	-5.16	108.47	0.06	0.19	1.38
11221	17.94	-8.29	108.67	0.12	0.18	1.35
11238	11.28	-3.17	107.82	0.26	0.08	1.41
11256	12.41	12.73	103.85	0.28	0.08	1.46
11274	12.73	20.32	101.55	0.31	0.10	1.47
11292	11.31	37.35	95.89	0.33	0.09	1.50
11309	10.21	55.28	87.20	0.26	0.11	1.54
11326	6.82	59.89	78.51	0.12	0.12	1.54
11344	5.23	56.40	74.78	0.09	0.09	1.54
11361	6.64	46.33	67.05	0.10	0.03	1.57
11379	13.64	33.77	57.74	0.05	0.00	1.57
11396	19.99	15.06	48.29	-0.02	0.02	1.47
11414	22.14	3.49	43.66	-0.02	0.02	1.46
11432	27.11	-16.19	33.89	0.08	0.02	1.46
11449	29.80	-24.00	23.79	0.18	0.07	1.51
11467	29.48	-23.88	18.62	0.25	0.10	1.51
11486	26.96	-17.21	8.24	0.26	0.12	1.51
11503	23.32	-6.87	-1.50	0.28	0.11	1.54
11522	23.33	1.91	-11.60	0.21	0.09	1.61
11539	23.90	0.58	-21.70	0.17	0.13	1.64
11556	22.92	-1.22	-26.78	0.17	0.15	1.63
11576	19.44	-2.40	-36.71	0.20	0.15	1.59
11594	18.08	1.13	-48.13	0.22	0.14	1.53
11613	17.32	5.74	-58.03	0.17	0.17	1.47
11630	15.12	4.85	-62.23	0.14	0.19	1.44
11648	13.99	4.14	-62.56	0.13	0.19	1.40
11666	13.89	1.25	-61.05	0.07	0.15	1.36
11684	18.28	-6.29	-56.88	0.04	0.15	1.30
11703	22.19	-15.46	-50.23	0.00	0.17	1.24
11720	23.54	-21.21	-46.22	0.00	0.20	1.19
11738	23.67	-32.09	-38.27	0.01	0.22	1.16
11757	20.36	-40.24	-32.47	0.02	0.23	1.09
11775	15.14	-45.00	-32.36	0.04	0.23	1.02
11794	10.42	-47.82	-40.21	0.05	0.21	0.99
11812	8.88	-48.10	-46.43	0.10	0.22	0.93
11831	6.13	-43.37	-60.93	0.11	0.20	0.90
11849	5.83	-35.17	-77.82	0.10	0.19	0.84
11867	6.20	-28.14	-97.85	0.06	0.19	0.79
11887	4.59	-25.31	-117.52	0.03	0.24	0.74
11904	-1.14	-23.07	-133.07	0.03	0.24	0.70
11924	-4.21	-21.91	-139.40	-0.02	0.26	0.64
11942	-11.54	-23.53	-148.82	-0.06	0.27	0.61
11961	-20.84	-30.85	-152.50	-0.03	0.25	0.54
11981	-28.87	-32.50	-150.73	0.04	0.23	0.45
12000	-37.38	-26.87	-145.19	0.04	0.23	0.35
12019	-45.50	-24.03	-138.72	0.00	0.18	0.28
12037	-49.18	-25.36	-130.89	-0.02	0.12	0.22
12057	-47.68	-26.96	-118.56	0.00	0.09	0.15
12075	-46.37	-26.70	-110.69	0.01	0.09	0.12
12094	-43.79	-25.18	-95.18	-0.00	0.08	0.08
12114	-39.32	-27.05	-80.67	-0.04	0.05	0.07
12133	-33.87	-29.01	-63.05	-0.02	0.07	0.04
12152	-31.81	-24.32	-42.31	0.01	0.08	0.04
12170	-29.63	-18.54	-21.58	-0.01	0.06	0.07
12191	-25.53	-17.78	-1.07	-0.02	0.07	0.11
12210	-22.38	-18.94	20.48	-0.02	0.11	0.15
12228	-22.48	-16.94	31.78	-0.03	0.12	0.17
12248	-22.72	-16.08	54.11	-0.02	0.13	0.24
12266	-25.54	-15.46	74.63	-0.03	0.17	0.29
12284	-28.34	-16.42	92.67	-0.02	0.14	0.36
12304	-27.40	-14.82	109.60	0.01	0.14	0.42
12322	-27.79	-12.13	125.21	0.04	0.15	0.49
12341	-28.41	-9.46	130.98	0.07	0.13	0.57
12359	-28.12	-3.91	138.21	0.08	0.10	0.61
12376	-21.61	4.15	142.68	0.13	0.05	0.71
12395	-9.90	14.25	144.74	0.14	0.04	0.80
12413	3.11	22.69	141.43	0.13	0.01	0.92
12431	11.17	25.27	138.17	0.14	-0.02	0.97
12448	29.86	30.67	132.46	0.12	-0.01	1.06
12466	44.16	27.45	132.25	0.02	0.05	1.11
12484	49.32	17.06	130.95	0.07	0.09	1.18
12501	51.65	13.55	128.31	0.11	0.05	1.24
12519	56.66	10.68	122.59	0.09	0.12	1.24
12536	53.19	4.47	121.31	0.11	0.13	1.28
12553	51.38	3.05	119.80	0.12	0.10	1.41
12571	49.44	-0.03	112.79	0.14	0.17	1.44
12589	34.42	-0.35	106.43	0.20	0.30	1.49
12608	12.83	5.87	100.19	0.32	0.28	1.68
12625	3.78	13.41	95.66	0.37	0.24	1.74
12642	-10.03	34.04	83.39	0.33	0.21	1.68
12660	-17.11	48.19	69.66	0.25	0.10	1.57
12678	-11.41	52.17	54.63	0.13	-0.01	1.63
12697	-5.04	47.90	47.62	0.04	-0.03	1.59
12715	8.50	31.51	35.58	0.00	-0.05	1.59
12732	24.17	8.09	24.15	0.02	-0.05	1.57
12750	35.23	-8.87	13.31	0.10	0.02	1.52
12768	37.67	-16.77	4.10	0.14	0.09	1.51
12785	36.51	-18.97	-0.02	0.15	0.10	1.50
12804	31.98	-20.66	-8.93	0.22	0.13	1.47
12822	22.43	-11.54	-16.92	0.33	0.17	1.46
12841	13.70	4.50	-24.92	0.30	0.11	1.55
12859	11.93	9.87	-29.10	0.24	0.12	1.58
12876	8.42	15.41	-37.37	0.24	0.12	1.56
12894	7.46	19.47	-46.07	0.20	0.07	1.57
12912	12.59	20.26	-54.92	0.20	0.04	1.55
12931	20.83	21.80	-64.21	0.17	0.04	1.50
12948	24.64	22.13	-69.58	0.16	0.06	1.49
12966	30.09	21.29	-80.84	0.11	0.10	1.45
12984	30.36	15.76	-91.92	0.06	0.17	1.39
13002	28.67	11.72	-97.49	0.01	0.16	1.34
13020	26.38	0.66	-109.30	-0.01	0.15	1.32
13038	25.94	-12.07	-119.96	-0.02	0.20	1.26
13056	22.11	-25.13	-123.69	-0.06	0.22	1.22
13075	18.66	-39.47	-122.70	-0.05	0.23	1.15
13093	16.34	-52.87	-118.58	-0.06	0.21	1.11
13113	15.73	-62.96	-111.39	-0.00	0.23	1.05
13132	14.85	-65.25	-106.78	0.00	0.24	1.02
13149	13.00	-68.27	-96.15	0.01	0.22	0.97
13168	12.99	-69.37	-84.69	0.03	0.21	0.91
13186	13.66	-65.95	-73.90	0.06	0.21	0.85
13205	13.72	-59.23	-64.53	0.07	0.22	0.80
13223	13.37	-55.16	-60.61	0.08	0.22	0.78
13241	12.22	-44.57	-55.51	0.10	0.21	0.72
13260	10.59	-31.34	-54.75	0.11	0.22	0.66
13278	6.04	-18.92	-58.46	0.07	0.25	0.60
13297	2.38	-14.34	-61.29	0.05	0.26	0.54
13316	-6.73	-6.10	-67.25	0.08	0.27	0.46
13334	-18.39	4.10	-72.88	0.05	0.27	0.43
13353	-31.86	7.35	-76.93	-0.07	0.27	0.37
13371	-43.91	-1.69	-77.00	-0.09	0.22	0.31
13391	-52.14	-9.09	-73.20	-0.04	0.18	0.24
13410	-56.76	-12.37	-66.16	-0.05	0.14	0.17
13429	-57.50	-17.12	-57.14	-0.06	0.09	0.12
13449	-52.70	-23.39	-44.33	-0.05	0.05	0.08
13468	-49.21	-25.10	-36.45	-0.01	0.05	0.06
13487	-42.98	-20.84	-20.20	0.01	0.04	0.03
13506	-35.80	-13.84	-6.81	-0.01	0.02	0.05
13525	-25.88	-12.10	5.29	-0.02	0.00	0.09
13544	-13.96	-9.64	18.80	0.00	0.02	0.11
13562	-4.47	-7.08	31.66	-0.01	0.06	0.16
13581	1.65	-6.64	43.05	-0.04	0.10	0.23
13599	2.70	-4.03	49.21	-0.03	0.13	0.26
13618	1.39	-7.66	63.22	-0.02	0.18	0.31
13637	-5.19	-4.36	78.45	-0.01	0.20	0.38
13655	-11.92	-7.84	89.97	-0.01	0.22	0.47
13674	-19.94	-6.88	100.04	0.03	0.22	0.50
13692	-23.70	-6.04	105.90	0.07	0.22	0.59
13711	-31.04	0.56	118.41	0.08	0.18	0.64
13729	-30.04	5.92	124.08	0.08	0.10	0.72
13746	-23.04	12.92	125.21	0.13	0.08	0.78
13765	-12.51	22.17	129.24	0.12	0.04	0.91
13782	-5.49	24.92	131.45	0.06	0.02	0.97
13799	10.39	19.30	132.64	0.03	0.00	1.08
13817	25.28	11.87	131.09	0.08	0.04	1.15
13835	31.01	9.55	130.02	0.08	0.08	1.20
13853	37.46	4.35	128.62	0.09	0.12	1.21
13870	35.58	1.69	126.59	0.13	0.13	1.30
13887	33.98	1.54	120.68	0.15	0.13	1.43
13905	32.64	1.16	116.52	0.14	0.16	1.45
13922	23.25	-0.37	107.62	0.13	0.25	1.46
13941	6.56	-0.92	99.49	0.20	0.25	1.46
13958	-7.78	6.77	89.61	0.20	0.15	1.47
13976	-10.04	9.32	84.01	0.18	0.07	1.48
13994	-4.20	10.59	71.78	0.24	-0.05	1.53
14012	10.53	20.68	56.30	0.30	-0.04	1.52
14031	21.59	31.65	41.55	0.22	0.00	1.48
14048	25.25	33.63	35.14	0.16	0.02	1.48
14065	31.28	31.43	23.21	0.15	0.02	1.45
14083	35.66	27.37	11.86	0.16	0.04	1.42
14100	36.50	22.14	1.08	0.13	0.08	1.50
14118	35.17	18.13	-3.71	0.12	0.12	1.50
14136	27.44	8.73	-10.31	0.12	0.15	1.47
14154	19.62	0.84	-15.30	0.16	0.12	1.49
14172	14.95	-2.64	-21.80	0.19	0.11	1.49
14190	13.20	-2.94	-25.16	0.18	0.12	1.48
14209	9.34	-4.17	-30.50	0.18	0.10	1.49
14227	11.32	-6.52	-36.87	0.20	0.04	1.53
14245	18.83	-5.87	-45.67	0.24	0.05	1.50
14264	24.35	-0.55	-53.68	0.24	0.08	1.46
14281	26.03	2.37	-57.11	0.21	0.13	1.44
14300	25.39	6.39	-64.42	0.21	0.15	1.44
14317	20.17	9.48	-73.20	0.19	0.21	1.44
14335	12.60	9.81	-81.41	0.17	0.19	1.42
14353	10.18	9.43	-85.66	0.13	0.19	1.37
14370	6.71	7.32	-93.11	0.11	0.18	1.35
14389	5.31	1.74	-100.91	0.05	0.18	1.32
14406	4.87	-9.52	-106.84	0.00	0.19	1.29
14424	3.91	-15.90	-108.89	0.03	0.23	1.24
14443	-0.53	-25.31	-113.53	0.05	0.23	1.22
14462	-7.25	-29.82	-121.00	0.03	0.23	1.16
14481	-13.00	-35.05	-128.07	0.01	0.20	1.11
14499	-14.28	-39.69	-133.29	0.04	0.15	1.04
14518	-9.77	-39.51	-135.77	0.02	0.11	0.99
14538	-0.47	-38.65	-134.09	0.03	0.09	0.94
14556	5.22	-37.57	-132.29	0.01	0.09	0.89
14575	16.89	-34.81	-127.64	0.00	0.11	0.87
14593	24.49	-32.97	-120.10	-0.02	0.15	0.82
14612	26.73	-31.78	-110.49	-0.03	0.19	0.78
14631	25.50	-31.97	-101.50	-0.06	0.23	0.75
14650	19.09	-34.76	-92.39	-0.08	0.26	0.71
14669	9.19	-38.13	-84.53	-0.06	0.28	0.66
14688	3.16	-38.30	-81.65	-0.02	0.30	0.60
14707	-10.77	-34.91	-78.23	-0.01	0.29	0.57
14726	-25.13	-28.92	-77.27	0.00	0.27	0.52
14744	-36.62	-21.87	-78.19	0.01	0.24	0.47
14763	-45.84	-14.74	-79.24	-0.00	0.20	0.41
14782	-50.32	-10.93	-80.05	-0.02	0.14	0.35
14802	-49.16	-9.20	-80.60	-0.03	0.10	0.28
14820	-48.19	-8.53	-80.28	-0.04	0.11	0.24
14840	-47.49	-8.44	-77.47	-0.05	0.10	0.22
14859	-45.73	-11.70	-71.81	-0.06	0.08	0.17
14878	-44.14	-13.26	-63.61	-0.07	0.07	0.12
14898	-42.05	-17.11	-50.96	-0.11	0.07	0.11
14917	-38.25	-24.25	-33.86	-0.12	0.04	0.12
14935	-31.13	-32.93	-16.01	-0.13	-0.01	0.17
14956	-18.22	-43.58	3.28	-0.10	-0.01	0.23
14975	-6.87	-51.74	26.90	-0.05	0.03	0.27
14994	-0.41	-46.43	51.21	-0.01	0.07	0.30
15012	0.89	-37.37	62.58	-0.00	0.07	0.36
15030	4.49	-33.22	83.31	0.02	0.09	0.44
15048	6.09	-26.06	104.19	0.06	0.14	0.47
15066	3.19	-20.84	121.11	0.06	0.13	0.51
15084	3.08	-17.18	126.72	0.08	0.11	0.55
15102	4.10	-7.22	137.65	0.13	0.13	0.63
15120	2.52	5.98	151.60	0.15	0.15	0.71
15137	4.78	17.85	158.62	0.13	0.08	0.79
15155	7.68	21.79	158.39	0.14	0.09	0.87
15172	11.81	30.00	158.42	0.18	0.09	0.90
15190	17.47	42.48	162.49	0.17	0.08	1.00
15207	24.90	47.20	161.39	0.12	0.12	1.09
15225	26.43	47.20	158.75	0.12	0.12	1.12
15242	29.48	45.62	153.31	0.07	0.09	1.13
15259	33.10	37.57	153.58	0.06	0.09	1.13
15278	38.48	29.39	154.46	0.06	0.01	1.23
15295	44.30	23.85	153.72	0.04	0.02	1.24
15313	50.77	10.97	155.04	0.04	0.06	1.23
15330	54.17	0.00	159.74	0.09	0.04	1.28
15347	56.14	-3.51	161.74	0.11	0.03	1.29
15366	57.74	-8.22	163.91	0.13	0.12	1.27
15384	49.88	-9.17	165.68	0.18	0.15	1.34
15401	41.20	-6.38	165.13	0.25	0.15	1.46
15420	36.62	-2.23	163.73	0.37	0.21	1.47
15437	23.70	16.11	158.83	0.43	0.22	1.48
15455	11.08	43.81	150.91	0.42	0.19	1.56
15472	5.11	64.13	140.61	0.29	0.11	1.53
15489	4.96	68.36	134.58	0.20	0.08	1.52
15507	9.89	61.40	121.28	0.06	0.00	1.50
15524	21.35	40.56	106.32	-0.01	-0.04	1.55
15543	32.53	15.29	89.92	0.01	0.03	1.52
15560	34.81	3.85	82.11	0.01	0.05	1.50
15578	36.58	-19.17	66.85	0.03	0.07	1.52
15596	37.11	-36.64	51.19	0.14	0.08	1.51
15614	36.44	-40.22	34.07	0.22	0.10	1.50
15633	35.35	-39.23	25.13	0.26	0.14	1.52
15650	30.38	-33.52	7.51	0.29	0.16	1.52
15668	21.99	-20.94	-10.48	0.35	0.20	1.51
15688	11.69	-1.39	-30.64	0.37	0.20	1.48
15705	3.57	19.62	-53.39	0.34	0.17	1.44
15723	1.08	29.14	-65.92	0.31	0.15	1.43
15741	-0.76	42.04	-91.28	0.23	0.14	1.40
15759	-1.40	46.19	-116.15	0.14	0.14	1.38
15778	-0.46	40.18	-138.14	0.02	0.14	1.35
15796	1.02	32.78	-147.55	-0.05	0.12	1.30
15814	6.38	12.82	-163.74	-0.08	0.13	1.27
15833	10.54	-11.52	-175.45	-0.13	0.18	1.24
15851	10.89	-37.08	-180.82	-0.11	0.24	1.19
15871	8.12	-58.26	-184.08	-0.07	0.26	1.15
15889	3.49	-72.89	-185.99	-0.02	0.29	1.10
15907	0.72	-77.56	-186.16	0.03	0.29	1.05
15926	-4.99	-80.87	-185.21	0.05	0.29	1.02
15945	-9.83	-78.32	-183.76	0.07	0.28	0.97
15964	-13.72	-72.24	-180.16	0.08	0.26	0.93
15983	-14.42	-64.90	-173.37	0.08	0.23	0.90
16002	-13.18	-56.44	-164.12	0.08	0.23	0.86
16020	-12.34	-49.13	-152.65	0.04	0.22	0.82
16038	-11.72	-46.43	-146.27	0.04	0.22	0.81
16058	-11.15	-40.19	-132.74	0.05	0.23	0.76
16076	-12.66	-31.80	-120.33	0.04	0.24	0.71
16096	-15.58	-25.15	-109.95	0.00	0.22	0.66
16114	-18.30	-21.30	-102.84	0.00	0.23	0.60
16133	-24.49	-15.64	-97.66	0.04	0.26	0.54
16152	-29.11	-10.80	-95.12	0.01	0.25	0.47
16170	-38.68	-2.76	-89.77	-0.03	0.23	0.45
16190	-45.61	-2.50	-85.68	-0.05	0.20	0.38
16209	-50.63	-3.27	-82.03	-0.04	0.19	0.31
16229	-55.88	-3.59	-75.49	-0.04	0.18	0.26
16247	-58.81	-8.56	-68.82	-0.08	0.13	0.23
16267	-56.08	-12.60	-62.29	-0.09	0.08	0.19
16287	-49.73	-15.96	-51.07	-0.05	0.07	0.14
16305	-44.72	-14.95	-35.26	-0.05	0.05	0.12
16325	-33.58	-14.25	-21.90	-0.07	-0.04	0.15
16344	-24.46	-18.28	-15.85	-0.04	-0.04	0.17
16364	-6.04	-21.61	0.08	-0.00	0.01	0.18
16383	6.04	-18.78	21.04	0.00	0.03	0.19
16402	12.27	-9.40	42.16	-0.01	0.08	0.24
16420	12.77	-7.23	59.37	-0.03	0.12	0.29
16438	11.38	-15.78	75.27	-0.02	0.14	0.36
16456	9.25	-11.03	83.68	-0.01	0.16	0.43
16474	4.79	-10.83	100.39	0.00	0.16	0.45
16493	1.50	-12.79	113.17	0.02	0.17	0.51
16511	-2.14	-7.78	123.70	0.06	0.14	0.57
16529	-0.73	-2.75	134.35	0.11	0.13	0.65
16547	-0.46	3.40	138.78	0.11	0.14	0.73
16565	0.53	10.03	140.15	0.11	0.10	0.79
16583	7.25	17.03	136.89	0.15	0.06	0.84
16600	17.47	24.40	138.61	0.13	0.07	0.95
16617	22.31	26.64	140.82	0.11	0.07	1.01
16636	30.93	25.79	138.43	0.09	0.11	1.11
16652	31.75	20.84	131.73	0.06	0.14	1.16
16669	31.48	16.77	128.86	0.06	0.10	1.20
16688	34.15	8.18	125.76	0.04	0.10	1.21
16705	33.87	-1.28	125.73	0.09	0.14	1.19
16724	31.94	-4.85	126.97	0.14	0.07	1.24
16741	33.51	-4.58	126.95	0.15	0.08	1.25
16759	35.22	-4.15	127.96	0.16	0.11	1.24
16777	28.41	-1.92	132.72	0.18	0.16	1.27
16795	20.98	2.23	138.96	0.20	0.10	1.37
16813	16.68	6.44	143.16	0.21	0.12	1.36
16830	13.41	9.09	144.64	0.23	0.13	1.35
16847	6.15	14.77	145.84	0.18	0.09	1.38
16865	5.48	12.94	144.52	0.16	0.02	1.41
16882	7.64	11.17	143.23	0.20	0.01	1.41
16901	14.37	15.63	139.57	0.33	-0.03	1.49
16919	27.15	29.75	131.77	0.37	-0.04	1.60
16936	35.03	39.38	122.67	0.22	0.07	1.54
16954	35.06	38.04	119.13	0.13	0.04	1.55
16971	37.05	28.15	110.53	0.13	0.00	1.57
16989	44.40	15.29	97.63	0.13	0.02	1.58
17007	44.60	2.96	83.44	0.14	0.12	1.52
17023	40.68	-1.53	76.46	0.17	0.15	1.50
17042	29.72	-3.62	62.03	0.27	0.15	1.51
17059	22.25	4.06	43.90	0.27	0.10	1.53
17076	20.45	7.40	33.63	0.23	0.11	1.51
17094	16.92	10.39	12.19	0.21	0.12	1.50
17112	12.68	9.72	-9.92	0.20	0.11	1.51
17130	10.27	11.15	-34.09	0.24	0.09	1.47
17148	10.03	17.07	-62.36	0.22	0.10	1.43
17165	10.12	19.17	-76.97	0.18	0.10	1.43
17184	9.69	18.34	-105.07	0.14	0.12	1.41
17202	9.41	16.10	-131.76	0.13	0.11	1.37
17219	11.54	12.39	-155.43	0.07	0.11	1.34
17237	13.24	8.38	-165.34	0.04	0.12	1.31
17254	14.97	-1.39	-180.80	0.01	0.16	1.26
17272	13.78	-11.92	-190.12	-0.01	0.19	1.21
17290	11.02	-22.99	-194.26	-0.03	0.22	1.16
17309	9.06	-29.16	-194.78	-0.04	0.23	1.13
17328	4.26	-40.48	-193.63	-0.03	0.24	1.08
17346	0.27	-50.13	-189.33	-0.04	0.23	1.03
17364	-1.33	-58.64	-182.95	-0.03	0.21	0.97
17383	1.74	-65.09	-177.19	-0.02	0.18	0.91
17401	4.03	-67.49	-174.35	-0.01	0.18	0.88
17422	8.85	-69.81	-167.76	0.02	0.20	0.84
17440	12.04	-67.26	-159.68	0.01	0.21	0.82
17458	12.85	-64.64	-150.38	0.01	0.25	0.79
17476	8.68	-59.22	-139.37	0.03	0.29	0.75
17494	0.20	-53.27	-126.95	0.01	0.30	0.71
17511	-4.46	-50.46	-120.64	0.01	0.29	0.69
17531	-13.53	-43.56	-109.53	0.03	0.28	0.63
17549	-23.27	-33.77	-101.23	0.03	0.28	0.57
17567	-32.90	-26.08	-94.74	-0.03	0.26	0.54
17586	-40.31	-24.54	-89.89	-0.02	0.24	0.49
17605	-43.62	-22.77	-87.97	0.03	0.24	0.42
17624	-51.64	-13.61	-84.55	0.01	0.23	0.39
17642	-57.17	-9.28	-81.89	-0.06	0.19	0.35
17660	-59.31	-11.02	-79.32	-0.02	0.17	0.29
17679	-60.91	-5.89	-75.01	0.04	0.17	0.21
17697	-63.95	4.96	-67.35	0.03	0.15	0.14
17715	-64.68	9.81	-62.32	0.01	0.11	0.13
17734	-59.22	13.40	-51.33	-0.05	0.02	0.12
17752	-46.31	12.08	-36.27	-0.08	-0.02	0.12
17771	-31.46	6.13	-15.95	-0.10	-0.00	0.13
17789	-18.54	-2.26	5.11	-0.10	-0.01	0.18
17808	-12.31	-7.06	15.21	-0.10	0.03	0.23
17827	-3.28	-16.65	36.36	-0.10	0.06	0.25
17845	-0.06	-24.84	59.57	-0.09	0.11	0.29
17863	-1.31	-31.81	82.05	-0.07	0.11	0.35
17882	-0.72	-39.26	99.58	-0.04	0.09	0.40
17900	0.50	-41.72	106.58	0.03	0.11	0.44
17917	0.11	-38.89	120.59	0.04	0.13	0.46
17934	-3.49	-35.31	134.63	0.07	0.10	0.54
17953	-1.51	-26.81	141.27	0.14	0.05	0.64
17971	1.33	-21.21	142.24	0.18	0.04	0.70
17988	8.00	-6.64	143.52	0.18	0.03	0.74
18006	16.20	7.13	143.98	0.22	0.01	0.86
18023	26.95	22.29	140.20	0.21	0.01	0.96
18042	38.13	33.51	134.67	0.19	0.00	1.02
18059	44.07	37.81	133.58	0.16	0.01	1.04
18078	51.57	39.61	134.52	0.10	0.08	1.11
18095	54.46	31.39	134.52	0.03	0.09	1.23
18112	55.69	24.32	133.77	0.04	0.10	1.27
18131	54.82	12.66	132.48	0.07	0.14	1.24
18148	47.58	5.63	134.11	0.12	0.18	1.23
18165	36.04	3.91	135.86	0.15	0.18	1.32
18182	30.62	3.36	135.94	0.14	0.18	1.36
18199	18.72	0.21	135.60	0.15	0.20	1.39
18217	5.62	1.79	135.44	0.22	0.17	1.41
18235	-1.51	10.89	132.77	0.27	0.12	1.48
18253	-3.20	15.82	130.33	0.24	0.12	1.48
18271	-5.25	19.06	125.20	0.19	0.06	1.50
18289	1.16	19.06	117.65	0.25	-0.01	1.58
18306	6.90	21.13	113.10	0.30	0.01	1.58
18323	16.53	30.14	104.32	0.28	0.02	1.55
18340	24.00	32.85	95.09	0.15	0.01	1.56
18358	34.19	19.84	84.95	0.08	-0.01	1.55
18375	39.12	10.82	79.42	0.08	0.02	1.53
18392	43.37	-4.55	69.32	0.14	0.07	1.50
18410	42.56	-11.20	58.41	0.22	0.11	1.46
18427	40.54	-11.11	52.61	0.23	0.13	1.46
18447	34.41	-8.33	40.54	0.25	0.15	1.47
18464	27.25	-3.19	27.27	0.28	0.15	1.49
18483	20.10	5.02	11.29	0.28	0.17	1.47
18500	12.74	13.20	-6.53	0.26	0.16	1.48
18517	10.28	16.43	-16.33	0.24	0.13	1.49
18536	9.48	19.36	-38.79	0.20	0.11	1.47
18554	11.70	19.38	-64.58	0.15	0.10	1.42
18572	13.64	15.43	-89.48	0.13	0.12	1.39
18590	14.30	13.37	-101.43	0.12	0.12	1.38
18607	15.46	9.25	-124.73	0.10	0.15	1.35
18626	14.33	3.92	-145.29	0.07	0.19	1.32
18644	10.86	-3.34	-162.23	0.04	0.19	1.26
18662	9.20	-7.31	-169.63	0.03	0.20	1.20
18680	6.27	-14.56	-181.73	0.01	0.20	1.17
18698	2.90	-23.19	-188.93	-0.01	0.21	1.13
18717	-0.55	-33.45	-190.70	-0.03	0.23	1.09
18737	-3.28	-44.05	-187.71	-0.04	0.21	1.04
18756	-3.28	-54.76	-180.65	-0.06	0.20	1.02
18775	-0.40	-65.05	-169.77	-0.03	0.20	0.97
18794	1.22	-68.10	-163.28	0.01	0.19	0.92
18813	5.16	-69.76	-149.09	0.01	0.18	0.90
18831	9.38	-68.60	-133.64	0.02	0.19	0.87
18850	13.28	-65.03	-116.52	0.04	0.21	0.84
18868	13.81	-56.85	-99.85	0.07	0.24	0.80
18887	9.35	-46.49	-83.62	0.06	0.27	0.76
18905	5.84	-41.66	-76.00	0.06	0.27	0.72
18923	-2.09	-31.33	-63.20	0.06	0.27	0.69
18943	-10.89	-20.54	-55.66	0.05	0.27	0.63
18961	-20.49	-11.98	-52.75	0.03	0.26	0.58
18980	-29.02	-4.97	-53.48	0.02	0.24	0.53
18999	-37.25	0.52	-55.04	0.01	0.24	0.47
19016	-41.52	2.66	-56.17	0.00	0.24	0.43
19035	-49.93	6.50	-60.09	0.01	0.21	0.37
19054	-54.99	11.03	-66.18	0.02	0.18	0.30
19073	-57.22	14.95	-70.39	0.00	0.14	0.24
19091	-56.53	15.18	-72.02	0.01	0.12	0.17
19108	-55.89	17.15	-72.75	0.01	0.10	0.13
19127	-53.51	20.89	-72.97	-0.01	0.08	0.13
19146	-47.67	19.39	-67.06	-0.06	0.04	0.13
19166	-39.72	14.83	-52.93	-0.07	0.05	0.12
19184	-31.65	9.55	-34.47	-0.08	0.03	0.16
19202	-21.00	0.84	-14.95	-0.11	0.03	0.22
19221	-11.49	-11.81	8.04	-0.11	0.09	0.25
19239	-9.52	-17.27	20.77	-0.11	0.12	0.27
19259	-8.47	-26.15	45.78	-0.12	0.11	0.32
19277	-6.97	-39.40	65.61	-0.12	0.12	0.38
19296	-8.30	-50.55	83.36	-0.06	0.14	0.43
19314	-11.61	-54.82	100.37	0.01	0.12	0.50
19332	-11.55	-54.37	107.30	0.01	0.09	0.53
19351	-8.24	-53.74	114.85	0.06	0.07	0.64
19369	-3.54	-46.60	118.09	0.17	0.06	0.69
19388	3.37	-30.08	122.33	0.22	0.01	0.78
19405	16.72	-11.35	125.69	0.24	-0.01	0.86
19423	23.42	-1.85	124.92	0.26	0.02	0.89
19441	32.53	17.68	121.14	0.26	0.06	0.94
19460	40.25	36.21	119.35	0.26	0.04	1.01
19477	50.32	48.74	120.54	0.14	0.05	1.09
19494	53.94	49.03	121.03	0.09	0.10	1.13
19512	51.38	41.58	121.84	0.04	0.21	1.18
19529	42.68	29.92	122.73	0.03	0.14	1.24
19546	40.15	23.53	122.88	0.04	0.17	1.26
19564	32.81	11.29	124.42	0.05	0.18	1.27
19581	20.60	0.79	127.66	0.07	0.19	1.33
19599	10.50	-5.71	129.18	0.11	0.15	1.39
19617	6.79	-8.35	128.83	0.11	0.15	1.41
19634	-0.93	-14.33	127.35	0.13	0.15	1.42
19653	-8.24	-16.02	124.18	0.21	0.12	1.51
19671	-10.35	-8.30	118.80	0.32	0.06	1.55
19690	-6.55	9.20	110.09	0.36	0.04	1.51
19708	-4.06	18.77	105.07	0.33	0.03	1.49
19725	3.63	29.98	94.42	0.22	-0.04	1.51
19743	16.88	28.81	83.22	0.17	-0.06	1.52
19761	29.97	22.57	72.71	0.16	-0.03	1.49
19780	35.00	19.68	67.93	0.18	0.02	1.44
19797	40.53	15.79	59.81	0.17	0.05	1.42
19814	41.15	10.47	52.57	0.13	0.07	1.43
19832	38.76	1.69	44.24	0.14	0.11	1.41
19849	35.64	-2.03	40.08	0.16	0.13	1.40
19867	27.18	-4.03	31.39	0.22	0.13	1.40
19885	21.09	-2.11	20.83	0.20	0.10	1.43
19903	17.65	-3.40	8.33	0.18	0.12	1.44
19921	15.32	-4.58	1.94	0.19	0.12	1.43
19938	11.00	-3.94	-12.34	0.23	0.11	1.44
19956	10.35	1.31	-29.34	0.25	0.06	1.44
19975	14.36	9.19	-49.80	0.25	0.07	1.40
19992	15.72	13.64	-60.96	0.22	0.11	1.36
20011	16.05	21.32	-83.85	0.20	0.11	1.35
20028	16.77	25.56	-106.26	0.16	0.11	1.33
20046	18.28	27.50	-126.57	0.11	0.12	1.29
20064	18.97	27.01	-135.65	0.04	0.14	1.26
20082	19.44	21.51	-150.56	0.01	0.16	1.24
20100	17.90	11.09	-159.82	-0.04	0.18	1.18
20118	14.27	-3.43	-162.96	-0.09	0.21	1.15
20137	8.27	-20.89	-160.48	-0.10	0.24	1.11
20156	4.53	-29.77	-157.50	-0.11	0.24	1.07
20175	-1.24	-47.49	-149.46	-0.10	0.23	1.05
20195	-3.14	-62.06	-139.47	-0.06	0.20	1.01
20213	-1.40	-69.93	-126.25	-0.01	0.19	0.97
20233	1.34	-70.65	-110.14	0.03	0.19	0.94
20251	4.58	-65.95	-91.77	0.06	0.19	0.90
20268	6.59	-58.21	-71.50	0.07	0.20	0.87
20288	7.63	-48.37	-51.33	0.08	0.20	0.84
20306	8.35	-43.17	-42.11	0.08	0.20	0.82
20325	7.28	-32.76	-24.43	0.06	0.23	0.79
20342	3.69	-24.25	-10.30	0.04	0.24	0.75
20360	-0.69	-16.94	-2.90	0.06	0.24	0.70
20380	-6.91	-9.06	-2.47	0.05	0.26	0.66
20398	-10.91	-5.71	-4.62	0.04	0.26	0.64
20418	-20.45	0.50	-13.03	0.05	0.27	0.59
20436	-30.91	8.47	-27.74	0.06	0.25	0.52
20453	-40.54	13.23	-49.04	-0.00	0.22	0.47
20473	-48.32	11.49	-74.83	-0.02	0.20	0.42
20491	-54.05	9.75	-100.31	0.03	0.17	0.35
20510	-56.03	11.28	-111.27	0.05	0.16	0.31
20528	-58.87	16.65	-127.76	0.04	0.14	0.24
20546	-59.66	18.25	-136.14	-0.02	0.11	0.20
20565	-56.87	13.53	-135.86	-0.06	0.07	0.18
20584	-50.17	6.44	-126.89	-0.06	0.05	0.17
20603	-43.29	-0.08	-109.39	-0.07	0.07	0.16
20622	-40.42	-2.98	-98.30	-0.08	0.06	0.17
20642	-31.91	-10.04	-73.97	-0.09	0.04	0.20
20661	-20.97	-18.69	-46.81	-0.09	0.04	0.24
20679	-11.89	-25.45	-16.13	-0.08	0.08	0.29
20699	-7.92	-30.85	16.49	-0.08	0.13	0.33
20718	-6.88	-36.83	47.23	-0.07	0.12	0.39
20737	-3.60	-40.94	74.14	-0.01	0.09	0.42
20755	-1.39	-40.66	86.64	0.04	0.12	0.45
20774	0.02	-36.36	110.64	0.06	0.13	0.47
20792	-1.51	-29.65	130.17	0.08	0.12	0.56
20810	-1.01	-20.65	144.35	0.14	0.09	0.63
20829	2.29	-7.77	157.36	0.15	0.09	0.66
20846	3.37	-0.98	164.14	0.17	0.06	0.74
20864	8.04	12.89	172.61	0.16	0.02	0.80
20881	18.86	21.16	174.09	0.13	-0.02	0.89
20899	31.56	25.41	176.39	0.15	0.03	0.98
20917	36.04	28.03	179.02	0.12	0.03	1.05
20934	44.01	29.62	181.38	0.06	0.04	1.08
20951	47.42	20.13	178.24	0.05	0.09	1.16
20969	45.35	9.87	173.07	0.05	0.10	1.20
20986	43.98	4.52	170.99	0.07	0.09	1.22
21005	41.31	-3.37	167.07	0.09	0.08	1.27
21022	38.31	-9.90	160.52	0.10	0.09	1.32
21040	35.68	-12.76	156.11	0.13	0.12	1.37
21058	27.94	-15.72	145.46	0.15	0.11	1.40
21075	20.11	-14.94	132.86	0.22	0.14	1.50
21093	10.16	-6.36	119.96	0.30	0.14	1.59
21112	4.00	8.01	105.30	0.35	0.11	1.68
21129	3.36	15.78	97.37	0.35	0.08	1.73
21147	6.99	27.85	79.77	0.27	0.04	1.73
21164	13.12	30.56	63.03	0.20	0.02	1.65
21181	17.18	29.74	54.90	0.17	-0.01	1.62
21199	28.46	22.99	37.95	0.09	-0.02	1.62
21217	37.66	7.28	22.34	0.06	0.03	1.59
21234	39.12	-6.71	9.55	0.15	0.12	1.54
21252	36.62	-9.00	4.00	0.20	0.13	1.55
21270	30.11	-6.96	-7.14	0.22	0.14	1.51
21288	22.58	-5.36	-17.55	0.18	0.14	1.51
21307	16.77	-6.79	-27.98	0.19	0.13	1.49
21324	14.05	-6.87	-33.14	0.25	0.14	1.48
21343	8.15	-1.60	-44.40	0.26	0.13	1.46
21361	5.05	7.13	-58.14	0.25	0.09	1.44
21379	6.44	14.63	-73.58	0.23	0.06	1.40
21397	9.98	21.48	-89.72	0.21	0.07	1.37
21415	11.25	24.08	-97.93	0.18	0.09	1.35
21433	11.92	24.60	-112.69	0.12	0.11	1.33
21451	11.70	21.18	-124.69	0.09	0.12	1.28
21469	10.74	16.85	-133.80	0.07	0.13	1.26
21487	10.54	14.01	-137.53	0.02	0.12	1.22
21504	10.76	4.99	-142.91	-0.01	0.14	1.20
21523	9.19	-7.14	-145.45	-0.02	0.17	1.15
21541	5.00	-19.36	-145.61	-0.03	0.18	1.11
21560	1.21	-31.56	-143.22	-0.04	0.18	1.07
21579	0.00	-37.46	-141.59	-0.02	0.16	1.02
21597	-0.96	-46.26	-138.17	-0.02	0.15	1.01
21617	0.99	-51.96	-133.33	0.01	0.14	0.97
21635	6.58	-52.12	-126.50	0.04	0.11	0.95
21654	15.26	-48.42	-118.93	0.03	0.11	0.91
21672	23.57	-45.53	-109.28	0.01	0.13	0.88
21690	26.79	-44.37	-103.39	0.01	0.16	0.85
21709	30.76	-40.41	-90.35	0.02	0.18	0.83
21727	30.62	-36.01	-76.32	-0.02	0.22	0.80
21745	25.60	-34.93	-62.27	-0.04	0.26	0.76
21764	16.04	-34.07	-50.78	-0.03	0.29	0.72
21782	3.30	-33.00	-42.30	-0.06	0.30	0.68
21800	-3.31	-33.46	-39.06	-0.07	0.29	0.66
21819	-15.95	-34.62	-34.29	-0.02	0.28	0.61
21838	-27.42	-28.03	-31.86	0.06	0.27	0.55
21857	-38.10	-14.69	-31.40	0.04	0.23	0.48
21875	-43.47	-7.97	-34.93	-0.02	0.17	0.42
21894	-44.27	-7.00	-38.22	0.00	0.16	0.37
21913	-45.38	-3.86	-44.75	0.02	0.17	0.34
21931	-47.42	2.47	-47.76	0.02	0.18	0.29
21949	-49.55	6.23	-50.74	-0.01	0.16	0.24
21967	-51.12	6.13	-54.11	-0.03	0.16	0.20
21985	-51.80	5.20	-54.28	-0.03	0.13	0.17
22003	-50.95	3.60	-49.32	-0.02	0.12	0.16
22022	-47.16	3.63	-37.99	-0.02	0.09	0.16
22041	-40.44	2.91	-24.20	-0.04	0.07	0.15
22059	-31.14	-0.24	-8.42	-0.06	0.05	0.19
22078	-22.92	-4.93	12.80	-0.06	0.10	0.22
22096	-20.77	-7.19	25.53	-0.07	0.12	0.24
22114	-18.59	-13.95	50.84	-0.09	0.13	0.30
22133	-17.52	-24.26	73.46	-0.10	0.12	0.35
22151	-15.67	-33.80	95.11	-0.05	0.11	0.40
22170	-13.26	-37.80	115.59	-0.00	0.10	0.45
22188	-11.47	-38.15	124.25	0.02	0.07	0.53
22206	-5.74	-37.58	135.50	0.04	0.05	0.58
22223	3.65	-34.99	142.17	0.11	0.04	0.67
22241	12.88	-25.21	149.06	0.20	0.04	0.75
22258	18.22	-17.40	151.58	0.22	0.01	0.81
22276	32.99	-0.06	151.52	0.26	-0.00	0.92
22294	47.74	18.26	146.06	0.28	0.01	1.02
22311	59.48	36.22	141.04	0.27	0.06	1.10
22329	63.34	43.78	138.79	0.24	0.09	1.15
22346	64.58	50.55	133.06	0.14	0.19	1.24
22364	53.38	45.61	126.04	0.04	0.25	1.28
22381	45.35	39.14	122.80	0.02	0.23	1.28
22398	29.51	24.46	117.08	0.02	0.21	1.27
22416	15.87	12.89	112.88	0.09	0.19	1.32
22434	6.13	9.23	108.87	0.13	0.12	1.35
22452	3.54	8.29	106.43	0.10	0.11	1.33
22469	-1.16	4.76	101.75	0.09	0.11	1.32
22487	-4.04	-1.40	97.76	0.07	0.05	1.35
22506	0.34	-9.02	92.86	0.13	-0.00	1.44
22523	4.17	-10.96	89.83	0.27	0.05	1.47
22543	7.97	-4.21	84.00	0.32	0.07	1.48
22560	9.03	11.31	79.13	0.31	0.03	1.53
22577	14.04	22.74	73.26	0.27	0.02	1.52
22595	19.18	27.83	66.18	0.21	0.03	1.49
22612	21.18	28.08	62.38	0.19	0.03	1.48
22629	25.53	24.46	54.00	0.15	0.01	1.50
22647	30.65	16.97	44.40	0.16	0.05	1.50
22664	31.45	14.05	39.67	0.17	0.07	1.48
22681	30.01	9.46	30.14	0.16	0.09	1.44
22699	26.31	5.19	20.14	0.18	0.10	1.42
22716	24.37	3.95	14.66	0.18	0.08	1.43
22735	22.28	1.36	2.78	0.18	0.07	1.44
22752	20.83	-1.34	-10.44	0.18	0.09	1.42
22770	17.20	-3.25	-25.38	0.19	0.12	1.41
22789	11.60	-2.59	-42.45	0.20	0.11	1.40
22807	10.12	-1.77	-52.11	0.19	0.09	1.41
22825	10.62	-1.17	-73.09	0.19	0.08	1.37
22844	11.99	1.05	-96.62	0.19	0.09	1.36
22861	12.68	3.65	-120.90	0.17	0.11	1.33
22880	12.86	5.36	-142.68	0.14	0.12	1.30
22897	13.40	5.31	-152.24	0.12	0.11	1.29
22915	16.10	3.71	-169.11	0.08	0.13	1.23
22933	16.54	-3.23	-180.71	0.00	0.18	1.20
22951	13.98	-15.96	-186.46	-0.04	0.20	1.16
22970	11.93	-23.42	-187.23	-0.05	0.23	1.12
22989	6.79	-37.99	-185.73	-0.05	0.24	1.10
23008	0.85	-51.91	-180.85	-0.05	0.25	1.06
23026	-3.72	-64.48	-172.81	-0.05	0.23	1.03
23046	-4.73	-74.62	-162.54	-0.01	0.20	0.99
23065	-2.53	-79.24	-150.82	0.01	0.18	0.95
23084	2.43	-78.35	-138.81	0.06	0.15	0.92
23103	6.23	-75.58	-133.32	0.04	0.13	0.89
23120	15.95	-70.51	-122.18	0.05	0.13	0.88
23139	24.32	-63.14	-109.74	0.07	0.16	0.85
23157	29.33	-52.17	-96.65	0.06	0.19	0.82
23175	29.46	-43.46	-84.11	0.03	0.23	0.79
23194	27.56	-39.76	-78.17	0.02	0.27	0.75
23211	20.11	-32.46	-66.77	0.01	0.28	0.73
23230	9.35	-26.96	-57.04	-0.03	0.29	0.70
23249	-2.09	-26.61	-48.37	-0.05	0.29	0.67
23268	-14.01	-27.11	-40.65	-0.06	0.28	0.62
23287	-25.27	-27.57	-34.26	-0.07	0.27	0.58
23306	-30.20	-28.02	-31.68	-0.05	0.24	0.53
23326	-38.50	-27.54	-28.05	0.04	0.24	0.48
23344	-46.65	-18.59	-25.51	0.08	0.24	0.44
23364	-54.87	-3.37	-23.77	0.05	0.22	0.37
23382	-61.05	5.20	-21.76	-0.00	0.18	0.33
23400	-62.24	8.90	-21.32	0.00	0.15	0.31
23419	-61.48	13.99	-19.21	0.02	0.15	0.26
23437	-61.16	17.36	-15.69	0.03	0.15	0.24
23456	-60.73	25.31	-5.55	0.04	0.15	0.20
23474	-58.78	31.33	4.46	-0.01	0.11	0.20
23491	-52.57	30.41	14.30	-0.07	0.07	0.23
23510	-43.44	23.21	28.27	-0.10	0.07	0.26
23528	-38.94	18.26	36.91	-0.11	0.06	0.28
23547	-28.24	6.41	53.91	-0.12	0.05	0.33
23565	-18.13	-7.66	69.44	-0.12	0.07	0.37
23583	-12.07	-21.07	84.82	-0.08	0.09	0.40
23603	-8.82	-29.94	100.49	-0.03	0.10	0.44
23621	-7.75	-32.10	106.75	0.01	0.10	0.47
23640	-6.07	-33.22	114.58	0.03	0.09	0.50
23658	-3.86	-31.43	117.13	0.07	0.06	0.56
23676	-0.43	-26.52	119.20	0.12	0.06	0.63
23695	3.72	-17.03	119.57	0.17	0.05	0.69
23713	6.16	-10.73	117.98	0.20	0.03	0.73
23730	11.99	3.69	113.65	0.22	0.02	0.76
23748	19.79	20.32	111.47	0.23	0.02	0.83
23766	26.63	35.51	109.82	0.20	0.03	0.90
23784	29.22	41.26	107.91	0.16	0.03	0.99
23801	33.49	47.70	103.29	0.12	0.04	1.01
23817	34.91	46.01	100.39	0.07	0.08	1.07
23835	31.36	37.64	99.47	0.01	0.09	1.16
23852	29.48	30.21	98.46	-0.02	0.07	1.20
23871	26.99	11.11	94.70	-0.01	0.09	1.27
23889	20.00	-3.08	91.23	0.08	0.14	1.32
23906	7.78	-8.93	88.44	0.12	0.19	1.38
23925	0.38	-10.35	87.05	0.14	0.19	1.42
23942	-12.68	-10.44	83.83	0.23	0.15	1.47
23962	-19.70	-1.60	76.84	0.26	0.08	1.49
23980	-19.15	6.32	66.18	0.21	-0.01	1.48
23997	-10.15	7.40	52.98	0.17	-0.07	1.49
24016	-3.57	6.42	46.16	0.17	-0.08	1.46
24034	9.40	5.86	33.13	0.20	-0.08	1.44
24052	22.22	7.22	19.91	0.21	-0.06	1.43
24071	30.85	8.82	7.77	0.19	-0.01	1.41
24088	32.96	8.88	2.64	0.19	0.05	1.34
24106	31.52	10.68	-4.85	0.20	0.07	1.31
24123	25.25	14.48	-9.86	0.19	0.09	1.25
24142	17.72	16.08	-13.87	0.14	0.08	1.21
24159	13.84	15.09	-15.30	0.11	0.10	1.15
24177	4.26	11.06	-16.62	0.11	0.11	1.11
24196	-6.61	8.21	-15.52	0.12	0.10	1.04
24214	-13.70	6.81	-14.11	0.11	0.03	1.02
24231	-15.26	3.69	-13.05	0.10	0.02	1.00
24250	-16.05	2.08	-11.72	0.10	0.03	0.98
24269	-18.51	-0.14	-8.22	0.12	0.03	0.96
24288	-19.64	-1.08	-3.54	0.12	-0.01	0.98
24307	-15.63	-2.99	0.90	0.10	-0.04	0.98
24326	-8.90	-6.76	5.10	0.10	-0.04	0.96
24345	-2.98	-10.03	9.14	0.11	-0.03	0.97
24363	-0.27	-11.14	11.29	0.13	-0.02	0.98
24383	3.49	-11.47	16.82	0.15	-0.00	0.97
24401	5.39	-9.23	24.73	0.16	0.01	0.97
24418	4.99	-5.42	32.94	0.16	0.02	0.97
24437	3.89	-2.46	40.08	0.15	0.02	0.99
24454	2.99	-1.31	43.32	0.15	0.03	1.01
24472	0.73	0.64	50.75	0.15	0.03	1.02
24489	-0.84	2.14	56.99	0.13	0.02	1.00
24507	-2.56	1.66	61.36	0.11	0.02	0.98
24525	-3.17	0.79	62.94	0.11	-0.00	0.98
24543	-2.75	-0.95	64.62	0.12	-0.02	0.98
24562	0.61	-1.85	64.51	0.12	-0.03	0.98
24580	4.10	-2.70	63.06	0.12	-0.02	0.97