Time	Gx	Gy	Gz	Ax	Ay	Az
5604	0.66	-0.76	-1.36	0.13	0.01	0.96
5622	0.84	-0.06	-0.69	0.13	0.00	0.97
5641	1.02	0.41	-0.06	0.13	0.00	0.97
5660	0.82	0.35	1.22	0.11	0.03	0.98
5676	-0.38	-0.03	0.76	0.12	0.02	0.97
5694	-1.19	-0.03	-1.34	0.14	0.00	1.00
5713	-1.10	0.73	-2.30	0.18	-0.01	0.98
5732	-0.37	4.18	-2.70	0.19	0.00	1.02
5750	-3.08	11.93	-1.69	0.23	0.04	1.31
5768	-8.24	17.47	2.11	0.15	0.05	1.45
5786	-12.21	11.64	8.29	0.10	0.02	1.55
5804	-12.60	7.58	11.25	0.13	0.02	1.51
5822	-13.55	3.31	17.29	0.15	0.04	1.49
5841	-18.37	3.78	24.69	0.17	0.08	1.46
5858	-26.18	7.06	32.64	0.15	0.08	1.43
5876	-29.72	7.97	36.13	0.13	0.06	1.45
5894	-34.36	7.23	42.50	0.12	0.07	1.47
5911	-38.64	3.75	51.09	0.10	0.03	1.51
5930	-36.90	0.21	60.32	0.14	-0.03	1.53
5948	-32.68	1.02	70.08	0.16	0.00	1.60
5966	-32.10	1.50	75.52	0.15	0.02	1.61
5984	-32.46	1.66	85.62	0.14	-0.02	1.55
6002	-28.34	1.94	92.76	0.15	-0.06	1.48
6020	-25.19	4.21	97.55	0.14	-0.04	1.43
6038	-25.19	5.13	99.33	0.13	-0.03	1.41
6056	-26.08	3.77	101.58	0.07	-0.05	1.36
6074	-26.38	-3.27	101.32	0.04	-0.06	1.32
6093	-27.83	-9.29	98.04	0.07	-0.06	1.24
6111	-30.38	-12.51	93.95	0.04	-0.08	1.16
6129	-31.42	-15.35	92.15	0.02	-0.09	1.13
6149	-31.60	-22.98	88.91	-0.01	-0.12	1.05
6168	-30.59	-32.52	85.48	-0.01	-0.15	0.97
6187	-27.08	-40.65	81.91	-0.02	-0.18	0.87
6206	-22.58	-48.68	80.46	-0.01	-0.18	0.78
6225	-18.26	-52.25	80.54	0.05	-0.20	0.67
6245	-12.21	-48.46	81.85	0.06	-0.23	0.56
6263	-1.69	-44.24	85.74	0.02	-0.26	0.44
6281	4.36	-43.56	89.13	0.01	-0.26	0.39
6301	17.40	-43.17	96.91	0.01	-0.29	0.28
6318	33.19	-43.09	102.54	-0.01	-0.30	0.20
6338	47.30	-46.60	107.24	-0.05	-0.27	0.13
6357	56.11	-52.67	114.01	-0.01	-0.22	0.06
6375	60.07	-52.34	119.63	0.02	-0.21	-0.02
6394	60.99	-51.21	119.87	0.01	-0.19	-0.08
6413	60.35	-51.28	116.65	0.01	-0.18	-0.09
6432	55.98	-50.66	113.25	-0.03	-0.15	-0.08
6451	46.14	-55.07	104.22	-0.04	-0.12	-0.06
6471	34.23	-58.99	84.29	-0.05	-0.16	-0.02
6490	26.66	-63.69	57.65	-0.05	-0.21	0.03
6508	23.77	-70.31	29.43	-0.06	-0.22	0.10
6527	20.39	-69.17	-1.82	0.01	-0.19	0.15
6546	17.97	-67.92	-18.62	0.04	-0.18	0.18
6566	12.99	-56.98	-48.40	0.08	-0.20	0.26
6584	10.06	-45.00	-68.65	0.10	-0.20	0.32
6603	4.90	-26.55	-82.95	0.18	-0.14	0.37
6622	-4.81	-3.08	-96.24	0.17	-0.19	0.44
6640	-7.74	15.21	-100.34	0.11	-0.25	0.52
6660	1.37	24.51	-98.60	0.11	-0.31	0.62
6678	6.90	29.36	-99.37	0.11	-0.17	0.65
6696	7.37	38.25	-101.15	0.09	-0.19	0.71
6715	9.09	42.13	-97.85	0.08	-0.19	0.81
6733	12.08	44.33	-91.46	0.15	-0.15	0.94
6751	8.45	53.56	-90.59	0.16	-0.01	0.99
6770	1.68	57.36	-91.02	0.12	-0.02	1.08
6787	-10.19	59.56	-89.05	0.09	0.00	1.13
6807	-21.59	54.73	-84.46	0.08	0.01	1.21
6824	-32.68	50.95	-86.52	0.12	0.04	1.25
6842	-43.43	46.91	-88.84	0.07	-0.00	1.37
6862	-45.41	41.85	-88.70	0.01	-0.08	1.37
6880	-41.55	25.86	-88.24	0.06	-0.07	1.36
6900	-38.35	18.36	-89.92	0.16	-0.03	1.40
6918	-36.39	19.36	-92.01	0.13	-0.04	1.38
6936	-32.93	17.17	-90.82	0.13	-0.00	1.34
6955	-36.54	18.63	-88.18	0.18	0.06	1.31
6974	-39.79	21.42	-87.91	0.19	-0.05	1.21
6993	-38.62	28.37	-92.64	0.23	-0.02	1.24
7011	-42.28	40.10	-97.56	0.27	0.02	1.51
7029	-38.73	45.59	-101.91	0.12	-0.17	1.51
7048	-17.96	37.45	-109.50	0.10	-0.23	1.33
7067	0.20	36.35	-119.16	0.16	-0.09	1.31
7086	3.33	37.66	-122.74	0.09	-0.03	1.39
7104	4.23	32.94	-126.42	0.03	-0.01	1.39
7122	1.92	17.49	-126.91	0.04	-0.01	1.36
7141	0.27	7.66	-127.01	0.14	0.00	1.39
7158	-2.35	9.06	-124.98	0.24	0.02	1.53
7177	-4.35	12.41	-122.24	0.19	0.03	1.58
7196	-8.93	14.13	-112.98	0.18	0.02	1.57
7213	-12.56	14.69	-99.79	0.25	0.04	1.61
7231	-19.59	21.85	-82.86	0.25	0.10	1.64
7250	-31.28	23.90	-60.13	0.13	0.11	1.60
7268	-36.73	19.61	-47.13	0.07	0.04	1.55
7288	-42.13	6.29	-19.88	0.08	0.01	1.55
7305	-39.54	-3.33	7.31	0.15	-0.05	1.54
7324	-30.99	-6.65	35.95	0.13	-0.12	1.56
7343	-17.68	-12.63	64.77	0.11	-0.12	1.56
7361	-8.88	-19.70	92.50	0.12	-0.07	1.53
7380	-7.57	-22.37	106.06	0.14	-0.05	1.48
7399	-8.21	-24.89	131.18	0.13	-0.06	1.46
7417	-8.88	-28.64	152.51	0.11	-0.08	1.43
7437	-8.94	-31.25	171.02	0.12	-0.11	1.37
7455	-7.14	-31.85	184.16	0.14	-0.14	1.32
7475	-4.39	-28.64	190.63	0.14	-0.15	1.27
7493	-1.53	-25.01	191.13	0.10	-0.16	1.22
7511	0.09	-24.57	189.07	0.09	-0.17	1.19
7530	2.84	-25.31	181.12	0.05	-0.16	1.14
7548	3.68	-30.11	169.25	-0.00	-0.16	1.09
7567	2.53	-38.47	153.90	-0.03	-0.15	1.05
7587	-0.23	-47.12	135.82	-0.01	-0.14	0.98
7605	-3.13	-52.37	117.29	-0.02	-0.15	0.92
7626	-5.46	-57.68	101.62	-0.03	-0.16	0.85
7644	-5.87	-60.07	95.34	-0.04	-0.21	0.79
7664	-2.09	-64.44	83.68	-0.04	-0.27	0.73
7683	8.18	-68.47	73.84	-0.04	-0.28	0.70
7703	21.27	-70.62	67.87	0.01	-0.29	0.60
7721	35.68	-65.67	65.38	0.04	-0.30	0.50
7739	49.59	-57.66	65.05	0.04	-0.28	0.39
7757	61.66	-49.21	66.07	0.05	-0.25	0.29
7775	66.22	-44.89	67.69	0.06	-0.24	0.24
7795	71.87	-34.48	71.41	0.05	-0.19	0.13
7813	71.58	-27.65	73.62	0.04	-0.15	0.04
7830	66.16	-19.20	75.68	0.07	-0.15	-0.02
7850	61.86	-7.71	74.80	0.06	-0.16	-0.06
7868	59.39	-2.75	70.97	0.03	-0.17	-0.07
7888	53.74	4.87	57.77	0.00	-0.16	-0.03
7906	47.32	7.90	42.16	-0.02	-0.16	-0.01
7924	37.83	6.32	21.26	-0.07	-0.12	0.03
7943	23.47	0.20	-5.74	-0.10	-0.08	0.09
7961	5.52	-10.24	-32.71	-0.11	-0.08	0.15
7980	-3.30	-16.31	-44.97	-0.07	-0.11	0.19
8001	-21.58	-22.03	-77.99	-0.01	-0.16	0.23
8020	-24.14	-22.43	-88.91	0.02	-0.16	0.29
8040	-29.10	-17.36	-109.42	0.02	-0.17	0.34
8058	-30.17	-14.42	-124.39	0.03	-0.21	0.39
8078	-25.05	-10.82	-135.42	0.04	-0.19	0.41
8098	-26.21	-5.89	-146.04	0.06	-0.11	0.47
8117	-31.92	-1.74	-151.00	0.06	-0.11	0.57
8136	-33.13	1.80	-149.61	0.08	-0.19	0.65
8155	-24.77	6.03	-149.80	0.09	-0.17	0.75
8174	-22.40	9.29	-146.41	0.09	-0.10	0.88
8193	-23.15	9.99	-140.72	0.09	-0.06	1.01
8211	-25.16	10.73	-124.91	0.12	-0.10	1.05
8231	-21.38	16.05	-115.13	0.18	-0.11	1.13
8249	-19.85	23.04	-106.02	0.18	-0.06	1.23
8268	-18.94	26.23	-89.74	0.12	-0.11	1.28
8286	-12.27	27.98	-76.71	0.18	0.01	1.37
8306	-15.87	30.06	-70.80	0.10	0.07	1.38
8324	-27.68	27.77	-56.76	0.06	-0.02	1.32
8342	-22.23	21.10	-44.57	0.16	-0.10	1.38
8361	-16.51	27.53	-38.67	0.25	0.05	1.59
8379	-22.64	34.03	-35.20	0.15	-0.01	1.61
8398	-17.96	28.49	-33.84	0.13	-0.06	1.52
8417	-11.47	28.14	-32.64	0.23	-0.01	1.63
8436	-9.63	31.28	-32.24	0.22	-0.01	1.63
8455	-4.59	35.61	-33.49	0.19	-0.03	1.53
8473	-1.86	37.83	-36.59	0.23	0.05	1.69
8491	-5.42	40.51	-38.50	0.20	0.05	1.73
8510	-7.51	38.74	-39.60	0.15	0.03	1.67
8530	-8.77	33.10	-40.01	0.17	0.06	1.72
8548	-10.86	30.84	-39.31	0.16	0.14	1.72
8567	-22.14	25.85	-34.91	0.14	0.16	1.67
8585	-36.53	18.01	-26.66	0.13	0.14	1.59
8603	-47.16	12.10	-17.26	0.17	0.10	1.60
8622	-51.97	10.53	-7.58	0.19	0.05	1.57
8640	-52.40	10.42	-2.18	0.18	-0.01	1.55
8659	-48.03	9.69	9.06	0.19	-0.05	1.55
8677	-35.58	10.97	20.61	0.20	-0.13	1.55
8695	-16.69	15.44	32.93	0.23	-0.14	1.55
8714	-0.46	20.84	47.62	0.17	-0.08	1.56
8732	7.35	17.07	63.83	0.10	-0.03	1.53
8751	8.48	12.60	72.19	0.08	-0.00	1.51
8768	4.23	2.27	90.06	0.04	0.04	1.46
8785	-4.30	-10.97	105.67	0.02	0.03	1.40
8805	-13.57	-23.76	116.53	0.04	0.01	1.34
8822	-17.81	-28.63	120.79	0.05	-0.01	1.31
8842	-24.34	-34.96	128.63	0.07	-0.05	1.25
8860	-25.99	-37.78	133.39	0.09	-0.12	1.22
8878	-21.51	-37.54	135.07	0.10	-0.18	1.18
8897	-13.06	-36.58	136.05	0.07	-0.20	1.12
8916	-4.46	-38.30	137.50	0.01	-0.20	1.06
8936	2.14	-44.74	139.71	-0.01	-0.18	1.01
8954	4.07	-48.86	140.78	-0.04	-0.17	0.98
8973	4.65	-59.05	142.52	-0.06	-0.15	0.92
8992	2.33	-68.10	142.30	-0.04	-0.13	0.86
9011	-1.30	-73.23	141.24	-0.02	-0.15	0.80
9030	-1.42	-74.22	139.48	0.00	-0.19	0.75
9048	2.38	-71.11	137.68	0.01	-0.22	0.69
9067	5.58	-69.55	136.81	-0.01	-0.24	0.62
9085	14.07	-66.47	134.83	0.00	-0.25	0.57
9103	24.92	-61.48	132.83	0.01	-0.27	0.48
9122	36.19	-55.15	130.54	-0.02	-0.25	0.40
9141	43.35	-54.86	127.75	-0.05	-0.20	0.30
9160	46.16	-54.73	123.87	0.01	-0.18	0.18
9178	46.77	-51.16	121.32	0.04	-0.17	0.13
9197	45.73	-42.47	112.79	0.05	-0.15	0.04
9215	42.83	-31.11	100.23	0.04	-0.14	-0.00
9233	36.80	-18.45	88.71	0.02	-0.14	-0.03
9252	29.72	-10.67	73.87	-0.03	-0.11	-0.02
9271	20.34	-6.38	51.77	-0.06	-0.14	-0.01
9291	17.04	-7.23	39.09	-0.07	-0.19	0.04
9309	14.56	-8.45	13.72	-0.09	-0.18	0.08
9329	10.74	-13.34	-14.18	-0.08	-0.15	0.13
9348	4.07	-14.51	-45.15	-0.03	-0.14	0.18
9367	-2.81	-11.76	-74.92	-0.02	-0.14	0.23
9387	-7.77	-4.33	-98.37	-0.02	-0.18	0.24
9406	-8.26	-0.79	-120.07	0.03	-0.15	0.29
9426	-12.74	11.87	-141.28	0.01	-0.12	0.35
9445	-18.42	13.64	-155.08	-0.02	-0.15	0.39
9465	-18.60	14.22	-159.77	-0.03	-0.22	0.45
9483	-11.14	11.14	-168.81	-0.02	-0.14	0.53
9502	-9.25	7.45	-176.54	-0.01	-0.13	0.60
9523	-7.25	2.70	-179.78	0.02	-0.17	0.72
9541	0.09	2.17	-177.41	0.07	-0.18	0.80
9560	6.91	6.97	-174.36	0.13	-0.07	0.89
9578	-0.78	13.00	-169.31	0.10	0.01	1.01
9596	-5.60	14.04	-165.01	0.15	-0.03	1.08
9615	-11.08	20.20	-155.00	0.25	0.00	1.20
9633	-17.75	35.00	-146.55	0.21	0.09	1.23
9652	-33.25	40.15	-137.92	0.09	0.02	1.21
9670	-33.48	36.48	-129.01	0.17	-0.04	1.38
9688	-38.54	39.75	-116.78	0.19	0.04	1.53
9707	-40.73	40.44	-110.95	0.12	-0.03	1.50
9725	-36.61	32.32	-102.71	0.07	-0.06	1.45
9743	-27.42	23.94	-95.14	0.18	-0.12	1.66
9762	-10.30	23.03	-86.62	0.17	-0.16	1.66
9780	8.53	22.55	-76.05	0.20	-0.08	1.62
9798	13.85	23.77	-69.89	0.16	0.03	1.74
9816	15.84	23.36	-56.84	0.12	0.07	1.70
9835	9.25	17.15	-44.08	0.15	0.14	1.61
9852	-3.13	18.55	-33.62	0.26	0.17	1.63
9870	-17.40	27.63	-24.67	0.23	0.16	1.70
9889	-23.56	29.13	-20.03	0.15	0.14	1.62
9907	-32.81	23.38	-10.45	0.12	0.11	1.58
9926	-38.45	18.80	-2.67	0.22	0.07	1.70
9944	-41.40	21.84	2.91	0.21	0.07	1.71
9962	-42.86	22.19	5.66	0.14	0.05	1.66
9981	-43.87	17.21	11.51	0.14	0.04	1.65
9998	-41.15	13.40	16.59	0.20	0.00	1.63
10015	-35.96	16.65	19.88	0.22	-0.04	1.61
10035	-26.09	21.62	21.50	0.22	-0.06	1.58
10053	-21.00	24.54	22.95	0.24	-0.07	1.58
10072	-11.00	31.92	27.62	0.23	-0.05	1.58
10090	-7.25	35.45	36.70	0.15	0.02	1.55
10108	-11.84	30.50	48.68	0.07	0.06	1.50
10125	-21.51	19.13	60.96	0.02	0.07	1.44
10143	-27.21	11.99	67.14	0.00	0.07	1.41
10162	-37.83	-3.48	79.57	-0.00	0.02	1.35
10180	-44.22	-15.82	89.80	0.03	-0.04	1.30
10199	-45.73	-24.00	96.07	0.04	-0.10	1.25
10217	-43.53	-29.63	98.40	0.05	-0.14	1.20
10236	-41.37	-31.98	98.53	0.06	-0.18	1.14
10255	-35.23	-34.38	97.40	0.08	-0.19	1.10
10273	-27.54	-32.29	94.89	0.08	-0.19	1.04
10291	-21.12	-31.85	93.95	-0.00	-0.20	0.98
10310	-14.13	-41.20	95.26	-0.06	-0.21	0.93
10329	-7.74	-52.32	96.68	-0.05	-0.21	0.87
10347	-4.97	-57.16	97.41	-0.06	-0.22	0.79
10367	1.07	-66.60	99.70	-0.05	-0.22	0.75
10385	7.45	-74.30	104.31	-0.03	-0.23	0.68
10403	15.78	-78.58	109.77	-0.02	-0.26	0.62
10422	26.46	-80.98	115.31	-0.02	-0.26	0.55
10440	36.71	-82.90	122.94	-0.02	-0.24	0.49
10460	44.11	-84.00	133.22	0.01	-0.24	0.41
10478	47.64	-83.53	138.05	0.03	-0.24	0.36
10496	53.39	-79.22	144.47	0.03	-0.22	0.26
10515	54.57	-74.87	149.11	0.01	-0.17	0.16
10533	50.34	-73.93	151.26	0.01	-0.13	0.10
10552	42.86	-70.27	147.52	0.04	-0.14	0.04
10570	39.22	-65.32	143.88	0.05	-0.14	0.01
10588	31.83	-55.19	135.88	-0.01	-0.14	-0.00
10608	23.28	-52.52	121.49	-0.05	-0.13	0.01
10626	14.92	-52.09	96.63	-0.04	-0.16	0.03
10646	10.44	-50.69	66.60	-0.04	-0.19	0.08
10664	8.09	-49.00	36.94	-0.04	-0.16	0.14
10683	3.78	-43.90	2.64	0.04	-0.13	0.19
10701	1.10	-40.92	-16.83	0.06	-0.13	0.20
10720	-3.74	-19.94	-55.77	0.03	-0.17	0.25
10739	-2.03	-13.40	-89.34	0.01	-0.22	0.32
10759	2.81	-1.37	-119.95	0.06	-0.17	0.37
10778	-0.03	11.51	-150.39	0.06	-0.11	0.38
10796	-6.90	21.13	-175.80	0.00	-0.17	0.47
10814	-6.56	20.78	-184.60	-0.01	-0.18	0.56
10834	-3.83	20.74	-194.61	-0.00	-0.16	0.59
10853	-4.43	19.90	-202.93	0.06	-0.10	0.64
10873	-8.36	25.39	-209.00	0.07	-0.13	0.76
10891	-7.45	27.34	-200.70	0.08	-0.11	0.82
10911	-7.64	32.20	-187.87	0.16	-0.09	0.89
10929	-11.98	41.56	-183.46	0.13	-0.00	0.91
10947	-17.62	43.81	-181.08	0.14	0.04	1.06
10967	-30.08	46.84	-169.39	0.14	-0.01	1.13
10985	-31.10	47.82	-155.81	0.11	-0.09	1.15
11004	-33.91	45.03	-144.10	0.11	0.11	1.23
11022	-46.33	39.31	-131.59	0.05	-0.01	1.26
11040	-43.11	27.62	-119.26	0.09	-0.07	1.33
11060	-36.29	25.39	-106.63	0.23	-0.02	1.53
11078	-33.58	27.98	-99.84	0.20	-0.04	1.56
11097	-20.58	28.37	-88.27	0.18	-0.14	1.56
11115	-0.63	31.85	-82.40	0.28	-0.10	1.58
11135	11.75	44.97	-80.44	0.27	-0.02	1.56
11152	15.40	51.35	-78.90	0.17	0.10	1.54
11170	12.22	50.81	-76.84	0.18	0.18	1.73
11189	-0.09	47.88	-70.72	0.12	0.17	1.77
11207	-11.47	31.92	-64.21	-0.00	0.15	1.71
11226	-23.79	8.47	-59.30	0.07	0.20	1.64
11244	-41.87	-1.74	-55.07	0.19	0.23	1.68
11263	-57.37	-2.27	-50.58	0.21	0.13	1.64
11282	-60.96	-1.86	-49.24	0.26	0.05	1.67
11300	-61.22	1.60	-47.90	0.29	0.05	1.69
11319	-60.07	9.92	-45.56	0.27	0.07	1.67
11337	-60.32	15.05	-38.83	0.22	0.03	1.61
11355	-54.17	17.87	-30.58	0.22	-0.03	1.61
11375	-41.21	19.45	-22.52	0.20	-0.09	1.62
11393	-32.85	19.21	-18.22	0.18	-0.10	1.62
11413	-16.53	16.36	-7.78	0.18	-0.10	1.61
11431	-2.85	15.93	6.88	0.18	-0.05	1.59
11449	0.99	14.77	26.49	0.13	0.05	1.56
11467	-7.10	7.60	48.25	0.07	0.10	1.49
11484	-13.90	1.97	58.87	0.05	0.12	1.45
11502	-29.83	-10.03	79.30	0.03	0.08	1.37
11520	-41.93	-21.29	98.31	0.05	0.03	1.32
11539	-49.68	-27.34	115.40	0.10	-0.03	1.27
11557	-51.53	-27.68	122.97	0.09	-0.13	1.22
11577	-48.75	-27.74	136.44	0.07	-0.18	1.20
11595	-36.88	-31.37	147.63	0.04	-0.24	1.15
11614	-22.08	-36.38	156.28	0.03	-0.25	1.11
11633	-8.53	-41.69	161.88	0.01	-0.24	1.04
11651	1.45	-49.30	165.18	-0.01	-0.20	0.99
11670	5.45	-57.88	165.82	-0.01	-0.18	0.93
11688	6.39	-60.94	165.02	0.00	-0.18	0.87
11706	6.84	-65.19	161.47	-0.01	-0.17	0.84
11726	5.17	-71.58	157.61	-0.04	-0.16	0.77
11744	3.77	-78.19	154.08	-0.04	-0.19	0.70
11763	6.45	-82.02	150.28	-0.01	-0.25	0.64
11782	14.77	-82.84	145.37	-0.00	-0.27	0.58
11802	19.68	-82.24	142.79	-0.00	-0.25	0.50
11820	28.95	-80.35	138.85	-0.00	-0.24	0.46
11838	36.56	-78.12	137.50	0.01	-0.25	0.35
11857	45.47	-73.07	136.58	0.02	-0.26	0.25
11876	52.99	-67.35	134.92	0.01	-0.23	0.18
11895	56.55	-63.11	132.31	0.03	-0.19	0.10
11913	56.46	-59.22	130.25	0.06	-0.18	0.03
11931	55.08	-49.07	122.97	0.05	-0.18	0.01
11949	52.34	-39.43	110.81	0.02	-0.14	-0.00
11968	44.48	-33.78	93.52	-0.02	-0.11	-0.01
11988	33.71	-31.37	67.43	-0.02	-0.13	0.02
12006	26.18	-28.29	33.22	-0.05	-0.17	0.05
12024	24.15	-27.76	15.99	-0.09	-0.17	0.11
12044	21.10	-32.49	-18.11	-0.09	-0.16	0.14
12062	16.78	-32.17	-52.20	-0.03	-0.14	0.20
12083	10.25	-27.51	-84.63	-0.02	-0.13	0.26
12101	1.83	-20.51	-107.41	-0.02	-0.11	0.29
12121	-6.07	-15.64	-124.60	0.02	-0.15	0.30
12140	-9.90	-1.54	-147.86	0.08	-0.11	0.38
12159	-18.52	7.97	-167.13	0.02	-0.10	0.46
12178	-20.28	11.49	-178.57	0.00	-0.25	0.52
12197	-13.99	11.58	-185.82	0.09	-0.23	0.61
12216	-1.80	17.62	-205.05	0.08	-0.12	0.64
12235	-6.41	21.88	-217.12	0.07	-0.10	0.74
12254	-8.21	24.92	-221.82	0.10	-0.13	0.83
12272	-7.40	32.00	-227.97	0.17	-0.08	0.92
12291	-18.25	40.13	-232.54	0.12	0.09	1.02
12310	-35.86	39.81	-224.00	0.08	-0.03	1.11
12328	-37.29	37.45	-216.46	0.07	-0.10	1.11
12347	-34.06	32.44	-201.95	0.14	0.00	1.18
12365	-42.25	31.25	-189.18	0.09	0.06	1.25
12383	-46.74	23.39	-173.05	0.12	-0.07	1.38
12403	-35.17	18.13	-150.57	0.12	-0.09	1.44
12421	-27.39	12.28	-123.76	0.12	0.05	1.47
12440	-27.91	10.31	-110.84	0.17	0.08	1.51
12458	-29.51	13.55	-89.84	0.24	0.00	1.51
12476	-23.70	23.73	-75.15	0.30	-0.01	1.49
12495	-21.32	40.24	-63.55	0.38	0.06	1.70
12513	-21.21	53.79	-53.44	0.20	-0.02	1.77
12533	-17.44	51.76	-49.04	0.08	-0.02	1.70
12551	-9.81	37.45	-40.66	0.09	0.03	1.69
12569	-12.57	25.16	-32.39	0.13	0.13	1.74
12588	-24.17	15.40	-23.48	0.11	0.15	1.72
12606	-34.93	2.56	-15.91	0.11	0.13	1.66
12625	-45.82	-6.03	-9.09	0.20	0.15	1.65
12643	-52.05	-6.55	-5.46	0.22	0.14	1.63
12661	-60.82	-3.23	1.48	0.23	0.08	1.58
12680	-61.63	1.16	8.21	0.23	0.02	1.54
12698	-56.12	7.22	14.34	0.27	-0.04	1.56
12717	-45.15	15.69	20.60	0.24	-0.07	1.56
12735	-38.06	18.42	24.12	0.22	-0.09	1.54
12752	-21.97	21.51	32.64	0.22	-0.10	1.53
12771	-5.57	25.51	44.60	0.21	-0.10	1.52
12789	8.93	27.48	61.81	0.16	-0.06	1.53
12808	13.81	23.03	84.05	0.10	0.06	1.53
12825	11.00	18.31	95.79	0.08	0.09	1.50
12842	-0.93	7.95	117.25	0.06	0.12	1.44
12861	-15.67	-4.75	136.84	-0.00	0.09	1.37
12879	-27.50	-19.74	154.40	0.01	0.04	1.32
12897	-32.03	-25.79	161.56	0.04	0.02	1.30
12916	-38.94	-29.95	171.91	0.10	-0.04	1.26
12934	-39.66	-28.95	179.17	0.08	-0.12	1.21
12952	-33.45	-29.60	183.15	0.07	-0.16	1.17
12970	-26.40	-28.69	183.32	0.10	-0.17	1.12
12989	-23.19	-27.04	182.50	0.08	-0.17	1.08
13007	-18.10	-27.18	179.53	0.02	-0.16	1.03
13026	-16.30	-34.09	174.77	-0.04	-0.14	0.99
13045	-17.84	-44.89	168.64	-0.07	-0.13	0.95
13063	-20.80	-57.77	161.15	-0.09	-0.14	0.90
13082	-24.12	-70.74	153.12	-0.09	-0.14	0.85
13101	-25.89	-76.28	149.37	-0.07	-0.15	0.80
13121	-27.88	-82.46	142.38	-0.04	-0.18	0.73
13139	-26.06	-83.98	135.59	-0.02	-0.22	0.67
13158	-18.89	-82.55	129.76	-0.00	-0.26	0.61
13177	-7.13	-77.76	124.28	0.00	-0.30	0.53
13195	7.63	-72.13	116.99	0.00	-0.30	0.44
13213	15.34	-69.44	112.69	-0.02	-0.29	0.36
13232	28.95	-66.04	103.96	-0.02	-0.26	0.31
13250	37.32	-63.96	94.67	-0.01	-0.22	0.19
13268	40.91	-63.23	83.33	-0.05	-0.17	0.08
13287	39.52	-64.45	74.57	-0.07	-0.14	0.04
13305	37.20	-65.80	69.92	-0.05	-0.13	-0.02
13324	31.16	-65.20	54.57	-0.02	-0.14	-0.02
13342	27.08	-59.56	31.65	-0.01	-0.16	-0.01
13361	24.34	-52.51	9.95	-0.02	-0.15	0.05
13379	20.16	-45.35	-12.13	-0.00	-0.13	0.09
13398	14.91	-38.15	-40.80	0.01	-0.15	0.12
13417	13.03	-34.53	-55.98	-0.02	-0.15	0.19
13436	9.41	-28.85	-81.76	-0.02	-0.15	0.22
13455	6.42	-24.83	-98.53	-0.01	-0.17	0.26
13475	7.97	-16.94	-115.30	0.03	-0.21	0.32
13493	9.05	-7.52	-132.75	0.03	-0.16	0.36
13513	5.89	1.91	-142.04	0.02	-0.19	0.41
13531	9.05	7.77	-150.25	0.03	-0.24	0.48
13549	12.05	10.60	-156.17	0.03	-0.14	0.58
13568	10.85	15.34	-163.27	0.02	-0.11	0.60
13586	4.58	17.78	-157.90	0.04	-0.11	0.65
13605	4.15	21.65	-151.92	0.10	-0.18	0.71
13623	6.58	30.59	-154.66	0.15	-0.07	0.84
13641	-1.37	39.55	-153.69	0.11	-0.05	0.91
13661	-4.41	41.41	-149.67	0.12	-0.11	1.00
13679	-4.44	43.81	-142.55	0.17	-0.08	1.04
13697	-9.20	52.38	-142.00	0.17	0.03	1.06
13716	-24.19	56.63	-142.00	0.09	0.06	1.09
13734	-36.15	49.16	-138.17	0.07	0.06	1.21
13753	-42.34	44.46	-135.76	0.13	0.08	1.29
13771	-55.98	40.51	-132.23	0.12	0.03	1.24
13788	-58.27	38.21	-133.73	0.21	-0.04	1.23
13808	-55.19	45.67	-136.09	0.27	-0.10	1.43
13827	-37.43	50.03	-138.49	0.15	-0.26	1.47
13845	-5.42	44.42	-142.18	0.18	-0.28	1.47
13864	20.78	47.26	-144.91	0.22	-0.13	1.56
13882	27.63	48.57	-144.41	0.13	-0.05	1.64
13900	30.90	33.08	-137.70	-0.04	0.07	1.70
13919	22.72	5.51	-127.43	0.00	0.19	1.67
13937	2.61	-11.72	-115.37	0.14	0.27	1.61
13956	-10.22	-14.25	-108.67	0.19	0.30	1.62
13974	-38.12	-15.27	-92.97	0.18	0.30	1.65
13993	-62.04	-17.78	-75.39	0.20	0.23	1.66
14012	-77.99	-19.74	-56.49	0.24	0.17	1.68
14031	-86.04	-14.91	-35.83	0.30	0.09	1.64
14050	-84.49	-4.43	-15.32	0.30	-0.01	1.61
14069	-72.65	4.70	2.50	0.26	-0.09	1.61
14088	-63.54	8.26	10.31	0.28	-0.14	1.61
14106	-42.51	16.49	24.66	0.28	-0.15	1.59
14123	-18.98	25.38	36.96	0.26	-0.16	1.56
14143	0.81	31.94	51.32	0.20	-0.11	1.55
14161	14.57	32.68	68.89	0.15	-0.07	1.52
14178	18.08	31.17	77.82	0.13	-0.01	1.51
14196	14.68	24.72	96.48	0.07	0.08	1.47
14213	2.43	11.72	117.51	0.00	0.11	1.41
14230	-5.08	3.85	128.57	-0.02	0.09	1.37
14249	-19.79	-12.51	147.77	0.01	0.07	1.35
14267	-32.85	-23.36	160.80	0.04	0.03	1.30
14286	-41.56	-29.48	168.91	0.05	-0.04	1.25
14304	-45.75	-31.01	171.33	0.10	-0.09	1.20
14322	-44.19	-26.64	169.33	0.11	-0.15	1.15
14342	-37.06	-21.04	164.14	0.08	-0.20	1.10
14361	-32.24	-19.71	160.87	0.05	-0.21	1.09
14380	-23.54	-21.45	153.38	0.01	-0.19	1.05
14398	-17.29	-27.18	143.65	-0.02	-0.19	1.00
14417	-12.62	-34.44	130.65	-0.03	-0.17	0.94
14438	-11.76	-42.33	116.78	-0.06	-0.16	0.88
14456	-13.34	-51.93	103.99	-0.06	-0.15	0.82
14476	-14.36	-59.62	92.67	-0.04	-0.18	0.76
14495	-11.54	-63.39	83.36	-0.02	-0.22	0.70
14514	-8.56	-64.35	80.09	-0.01	-0.24	0.63
14533	-0.69	-64.64	77.45	-0.00	-0.26	0.59
14552	11.49	-62.41	79.59	0.02	-0.31	0.52
14571	27.40	-58.26	84.11	0.00	-0.32	0.44
14589	43.21	-57.43	90.47	-0.03	-0.30	0.37
14607	55.91	-61.55	97.27	-0.05	-0.28	0.30
14627	65.66	-64.48	102.48	0.00	-0.27	0.21
14645	70.02	-63.29	103.81	0.03	-0.26	0.18
14663	76.72	-57.79	101.90	0.05	-0.25	0.11
14682	79.41	-49.68	97.40	0.05	-0.18	0.06
14700	73.39	-39.64	90.96	0.05	-0.12	0.03
14719	60.87	-29.46	76.39	0.03	-0.11	0.02
14737	54.46	-25.19	65.31	0.01	-0.11	0.04
14756	41.90	-21.12	42.62	-0.05	-0.10	0.11
14775	28.64	-25.60	21.06	-0.08	-0.09	0.18
14793	16.16	-30.69	-4.30	-0.08	-0.12	0.22
14812	8.13	-35.10	-32.32	-0.06	-0.15	0.27
14830	2.88	-36.82	-56.53	-0.03	-0.16	0.33
14849	1.60	-36.53	-66.79	-0.02	-0.18	0.35
14869	3.19	-32.91	-86.88	0.03	-0.19	0.37
14887	4.61	-23.22	-108.05	0.07	-0.17	0.43
14905	4.35	-12.44	-123.06	0.08	-0.15	0.49
14923	1.89	-1.11	-126.75	0.09	-0.11	0.56
14942	-1.94	8.64	-130.05	0.12	-0.10	0.62
14961	-4.64	14.01	-133.96	0.11	-0.07	0.71
14979	-12.21	22.40	-140.24	0.07	-0.06	0.76
14997	-18.94	22.95	-138.70	0.07	-0.08	0.85
15016	-20.49	24.51	-137.82	0.15	-0.12	0.90
15034	-22.43	34.47	-140.46	0.17	-0.02	0.97
15052	-27.05	38.41	-140.44	0.12	-0.01	1.00
15071	-32.64	36.51	-137.66	0.06	-0.08	1.08
15089	-29.39	30.49	-136.61	0.15	-0.10	1.14
15107	-29.01	36.39	-136.37	0.18	0.00	1.14
15125	-34.91	41.98	-131.06	0.14	-0.00	1.26
15143	-34.94	41.52	-126.63	0.08	-0.10	1.30
15163	-19.04	32.52	-118.33	0.07	-0.17	1.35
15181	-1.60	27.18	-112.90	0.15	-0.05	1.50
15200	7.72	27.25	-110.82	0.19	-0.08	1.56
15217	20.22	30.70	-113.20	0.21	-0.04	1.60
15235	24.37	32.90	-114.47	0.18	0.01	1.60
15252	22.84	31.60	-113.51	0.12	0.13	1.58
15270	9.32	23.53	-109.65	0.06	0.22	1.66
15288	-11.34	7.02	-104.92	0.03	0.25	1.70
15306	-22.22	-2.47	-103.13	0.06	0.23	1.69
15324	-39.05	-16.08	-101.88	0.13	0.18	1.61
15342	-53.65	-20.81	-100.43	0.19	0.20	1.59
15361	-66.18	-19.87	-96.18	0.20	0.14	1.50
15382	-70.62	-16.88	-90.82	0.26	0.06	1.47
15400	-68.77	-7.46	-83.54	0.31	0.04	1.56
15419	-63.11	3.30	-70.28	0.26	-0.02	1.56
15438	-57.69	7.02	-61.94	0.25	-0.05	1.54
15456	-43.84	14.65	-43.08	0.27	-0.06	1.51
15476	-32.56	24.12	-22.42	0.25	-0.02	1.52
15494	-26.23	31.45	1.17	0.20	0.01	1.55
15513	-21.74	31.56	29.45	0.12	0.00	1.53
15530	-19.29	28.35	45.24	0.06	-0.01	1.50
15548	-14.83	17.12	77.38	0.07	0.01	1.48
15567	-16.07	9.09	109.47	0.11	0.04	1.46
15584	-20.32	3.01	138.44	0.05	0.02	1.40
15601	-22.28	-2.03	150.50	0.04	0.01	1.37
15620	-27.31	-11.93	170.72	0.05	0.00	1.34
15638	-33.05	-18.05	183.21	0.10	-0.02	1.29
15657	-37.89	-16.91	188.11	0.13	-0.07	1.23
15677	-38.41	-13.58	187.88	0.08	-0.13	1.19
15695	-35.11	-14.18	183.43	0.06	-0.16	1.15
15714	-29.36	-16.86	174.80	0.04	-0.20	1.11
15733	-26.08	-18.65	169.16	0.02	-0.19	1.10
15752	-21.10	-25.16	156.08	-0.01	-0.18	1.07
15771	-17.87	-33.91	141.07	-0.02	-0.19	1.01
15790	-15.58	-41.06	124.54	-0.01	-0.19	0.96
15810	-14.37	-48.32	108.47	-0.04	-0.18	0.91
15829	-14.66	-56.87	93.72	-0.05	-0.17	0.87
15848	-16.27	-64.51	81.73	-0.02	-0.18	0.82
15867	-15.18	-67.84	72.13	-0.01	-0.22	0.77
15888	-13.31	-68.47	68.48	0.01	-0.25	0.73
15906	-6.47	-67.55	63.08	0.04	-0.30	0.66
15924	5.07	-62.82	59.66	0.04	-0.31	0.63
15943	19.12	-57.36	58.52	0.03	-0.32	0.56
15961	33.81	-54.34	59.39	0.01	-0.31	0.49
15980	47.41	-52.63	62.84	0.02	-0.30	0.42
15998	53.63	-51.04	64.77	0.04	-0.28	0.34
16016	63.51	-47.59	69.12	0.03	-0.24	0.30
16035	66.80	-46.14	75.27	-0.00	-0.20	0.21
16053	66.60	-47.55	82.98	-0.03	-0.21	0.16
16072	64.56	-50.69	86.40	-0.01	-0.18	0.13
16091	59.84	-49.99	83.37	0.03	-0.19	0.09
16109	57.42	-46.80	80.55	0.03	-0.20	0.08
16127	51.64	-40.92	73.36	-0.01	-0.16	0.11
16146	40.89	-40.76	62.21	-0.04	-0.10	0.18
16165	24.75	-39.31	45.17	-0.03	-0.10	0.21
16184	10.42	-40.31	22.72	-0.01	-0.13	0.24
16202	-2.20	-32.18	-1.66	0.00	-0.13	0.30
16222	-7.28	-31.97	-14.54	0.02	-0.17	0.35
16240	-13.41	-21.12	-41.98	0.02	-0.19	0.36
16260	-14.77	-16.24	-66.56	0.02	-0.18	0.39
16279	-16.57	-7.92	-87.42	0.05	-0.16	0.47
16298	-17.93	0.08	-110.64	0.07	-0.20	0.52
16317	-14.88	8.36	-129.82	0.02	-0.23	0.57
16336	-8.44	8.77	-136.63	0.04	-0.21	0.67
16355	-3.75	14.28	-143.94	0.13	-0.19	0.70
16373	-2.20	20.42	-150.71	0.16	-0.18	0.71
16392	-0.11	32.76	-160.57	0.10	-0.16	0.76
16411	-0.21	36.32	-157.59	0.06	-0.10	0.86
16430	-3.17	35.11	-150.89	0.08	-0.06	0.90
16449	-12.19	35.16	-148.18	0.11	0.03	0.95
16467	-24.52	36.35	-141.88	0.09	-0.01	1.04
16487	-29.57	30.87	-127.26	0.03	-0.06	1.04
16505	-28.43	26.31	-119.51	0.05	-0.08	1.04
16523	-25.96	20.57	-108.47	0.13	0.02	1.12
16542	-33.98	24.26	-99.95	0.20	0.06	1.22
16560	-35.66	30.04	-90.76	0.20	-0.08	1.31
16579	-24.08	34.97	-83.56	0.18	-0.10	1.32
16598	-12.08	38.91	-78.81	0.21	-0.06	1.46
16616	-7.06	41.31	-77.71	0.22	-0.06	1.51
16636	5.08	45.14	-77.88	0.20	-0.09	1.54
16653	19.38	47.44	-81.39	0.21	-0.08	1.56
16672	30.29	49.56	-86.43	0.17	0.01	1.61
16690	29.59	43.44	-89.25	0.04	0.13	1.63
16708	24.63	34.76	-89.14	0.01	0.17	1.64
16726	9.86	14.01	-88.09	0.04	0.21	1.66
16744	-9.02	-1.10	-87.22	0.13	0.25	1.68
16763	-31.05	-8.83	-84.20	0.15	0.25	1.61
16781	-41.23	-11.25	-81.45	0.22	0.18	1.53
16800	-55.31	-9.95	-75.58	0.26	0.12	1.53
16819	-60.38	-0.79	-68.41	0.30	0.10	1.59
16838	-62.12	10.10	-56.59	0.30	0.06	1.57
16856	-59.05	21.35	-40.88	0.28	-0.00	1.56
16874	-47.94	30.14	-24.37	0.25	-0.07	1.55
16895	-32.59	36.67	-8.77	0.22	-0.07	1.55
16913	-19.01	38.97	8.00	0.17	-0.04	1.53
16931	-14.07	38.48	17.23	0.15	-0.02	1.53
16950	-7.63	34.10	37.98	0.11	0.01	1.51
16967	-6.26	25.97	62.00	0.07	0.04	1.51
16985	-9.28	14.22	87.83	0.02	0.05	1.47
17003	-11.87	6.97	101.58	0.01	0.06	1.44
17021	-18.77	-7.63	130.48	0.01	0.05	1.38
17040	-26.67	-18.19	156.04	0.07	0.03	1.33
17057	-33.81	-21.13	175.25	0.07	-0.01	1.28
17076	-35.95	-22.09	182.91	0.06	-0.06	1.24
17095	-37.43	-23.93	192.49	0.08	-0.09	1.23
17114	-35.55	-21.90	193.27	0.10	-0.13	1.18
17133	-30.93	-17.99	187.04	0.07	-0.15	1.14
17152	-26.75	-18.17	175.49	0.03	-0.14	1.09
17171	-26.81	-20.02	160.93	-0.00	-0.11	1.04
17190	-30.41	-25.21	144.33	-0.05	-0.10	0.99
17210	-35.37	-33.92	125.50	-0.07	-0.11	0.93
17229	-41.18	-43.11	106.26	-0.09	-0.10	0.87
17248	-44.48	-48.19	97.26	-0.11	-0.11	0.81
17267	-49.70	-59.40	81.01	-0.12	-0.13	0.79
17286	-51.86	-70.13	67.87	-0.11	-0.17	0.73
17307	-47.68	-78.74	57.30	-0.10	-0.24	0.67
17325	-35.37	-85.10	49.47	-0.07	-0.31	0.60
17344	-15.55	-87.28	44.56	-0.03	-0.35	0.53
17364	5.95	-84.93	42.82	-0.00	-0.34	0.44
17382	25.82	-79.56	43.79	0.01	-0.33	0.36
17401	44.20	-74.87	46.86	0.01	-0.32	0.28
17419	52.47	-72.43	48.45	0.02	-0.31	0.25
17437	67.29	-65.96	48.71	0.03	-0.30	0.17
17455	78.99	-58.29	46.14	0.03	-0.27	0.09
17473	84.63	-52.14	44.66	0.01	-0.21	0.07
17492	84.52	-50.70	43.17	-0.01	-0.16	0.06
17511	78.11	-46.97	35.83	-0.01	-0.14	0.05
17529	66.10	-44.40	22.99	-0.02	-0.12	0.05
17548	52.11	-42.54	8.41	-0.03	-0.11	0.10
17566	36.80	-40.66	-9.55	-0.02	-0.10	0.17
17586	20.11	-36.94	-31.48	0.01	-0.08	0.22
17604	11.78	-33.45	-43.33	0.02	-0.13	0.25
17623	-0.26	-26.34	-67.32	0.01	-0.18	0.26
17642	-1.37	-20.42	-88.38	0.02	-0.22	0.31
17661	0.63	-13.23	-106.43	0.07	-0.17	0.35
17680	-1.75	-2.21	-123.73	0.08	-0.16	0.40
17699	-2.24	6.93	-135.94	0.05	-0.21	0.47
17719	1.85	11.80	-140.93	0.07	-0.16	0.56
17737	-0.63	20.45	-145.42	0.13	-0.09	0.64
17755	-4.61	25.91	-149.09	0.13	-0.08	0.68
17774	-10.50	34.93	-154.14	0.11	-0.12	0.78
17793	-12.82	40.85	-151.72	0.14	-0.10	0.88
17812	-16.42	49.77	-148.16	0.18	-0.02	0.98
17831	-28.93	57.91	-148.91	0.12	0.02	1.04
17848	-37.78	53.82	-147.45	0.03	-0.06	1.08
17868	-38.27	48.36	-144.53	0.08	-0.05	1.17
17886	-37.64	39.81	-136.75	0.09	-0.04	1.18
17905	-38.85	34.10	-131.77	0.08	0.01	1.20
17924	-42.98	26.31	-129.76	0.08	0.01	1.26
17942	-42.98	20.66	-125.40	0.16	-0.05	1.36
17961	-31.48	22.14	-118.33	0.18	-0.13	1.35
17979	-23.04	23.61	-113.89	0.17	-0.09	1.35
17997	-12.86	25.25	-102.84	0.18	-0.00	1.39
18017	-7.43	28.64	-90.99	0.20	0.01	1.38
18035	-3.56	34.32	-80.15	0.22	0.02	1.40
18054	-1.22	39.89	-70.39	0.20	0.06	1.51
18072	-0.75	39.95	-62.04	0.17	0.04	1.68
18090	0.17	36.85	-58.36	0.11	0.04	1.74
18108	0.85	20.34	-49.18	0.05	0.08	1.71
18126	-4.53	4.93	-38.50	0.15	0.15	1.59
18144	-18.86	4.39	-27.83	0.24	0.22	1.59
18162	-27.77	7.55	-22.16	0.25	0.19	1.61
18179	-39.29	12.76	-10.60	0.22	0.09	1.61
18197	-40.45	13.26	-0.44	0.21	0.04	1.62
18215	-39.14	14.71	10.24	0.23	0.06	1.61
18234	-39.58	16.07	16.63	0.17	0.05	1.57
18252	-39.96	15.01	31.28	0.15	0.03	1.56
18269	-34.42	10.50	46.26	0.15	-0.04	1.57
18288	-22.92	7.19	60.32	0.18	-0.05	1.56
18305	-12.36	7.39	75.24	0.18	-0.05	1.54
18324	-7.93	7.14	83.36	0.15	-0.02	1.52
18343	-4.24	2.76	102.08	0.12	-0.01	1.47
18361	-1.59	-1.13	118.94	0.15	-0.00	1.44
18380	-3.78	-1.31	132.51	0.12	0.04	1.42
18398	-10.59	-5.42	142.99	0.07	0.03	1.36
18416	-14.11	-8.74	146.73	0.06	0.03	1.33
18436	-21.47	-14.63	150.33	0.08	0.02	1.27
18453	-29.48	-16.86	149.80	0.08	-0.01	1.22
18473	-34.97	-17.30	146.36	0.08	-0.04	1.16
18491	-38.04	-16.42	141.16	0.09	-0.07	1.11
18509	-39.61	-12.82	134.32	0.08	-0.09	1.06
18528	-39.95	-11.32	130.17	0.04	-0.10	1.02
18547	-40.53	-10.60	120.91	0.01	-0.10	1.00
18567	-43.01	-14.71	110.84	-0.03	-0.10	0.96
18586	-45.93	-21.99	99.99	-0.05	-0.12	0.92
18606	-48.07	-31.33	88.68	-0.09	-0.14	0.89
18625	-47.94	-43.40	77.70	-0.10	-0.17	0.85
18644	-44.24	-55.05	67.41	-0.09	-0.21	0.80
18664	-36.30	-62.77	58.11	-0.06	-0.26	0.75
18683	-23.61	-66.82	50.51	-0.05	-0.29	0.70
18702	-8.13	-69.03	45.39	-0.03	-0.31	0.66
18721	0.37	-69.73	43.70	-0.03	-0.32	0.64
18740	18.10	-69.63	41.49	-0.01	-0.31	0.59
18759	33.31	-66.93	41.35	0.01	-0.30	0.53
18777	46.51	-63.55	42.37	-0.00	-0.28	0.47
18796	58.32	-60.81	44.68	0.01	-0.27	0.40
18814	68.37	-56.23	47.47	0.05	-0.27	0.33
18832	73.33	-52.44	48.13	0.07	-0.29	0.29
18851	83.01	-41.75	48.55	0.08	-0.27	0.24
18869	88.04	-31.11	49.61	0.05	-0.21	0.21
18888	86.23	-24.63	49.51	0.04	-0.17	0.18
18906	79.86	-17.75	45.47	0.05	-0.17	0.16
18924	76.19	-13.75	42.01	0.04	-0.16	0.16
18943	66.28	-7.40	31.88	0.01	-0.12	0.18
18961	51.99	-4.90	19.15	-0.02	-0.11	0.23
18980	36.68	-6.48	5.74	-0.06	-0.12	0.30
18999	23.10	-11.26	-9.92	-0.07	-0.14	0.37
19017	11.95	-15.40	-31.13	-0.04	-0.13	0.42
19037	0.17	-17.35	-52.19	-0.03	-0.13	0.47
19056	-5.23	-17.96	-60.76	-0.01	-0.13	0.48
19076	-11.84	-15.52	-75.38	0.04	-0.18	0.47
19095	-13.90	-7.16	-91.78	0.09	-0.13	0.50
19114	-20.63	3.14	-106.29	0.08	-0.11	0.54
19133	-22.69	10.35	-116.04	0.07	-0.18	0.59
19152	-18.16	16.46	-126.54	0.13	-0.17	0.65
19170	-17.91	27.10	-138.84	0.12	-0.07	0.72
19190	-24.02	33.02	-146.96	0.09	-0.08	0.78
19208	-25.73	34.18	-148.79	0.08	-0.10	0.80
19228	-24.46	36.04	-151.15	0.13	-0.14	0.87
19246	-21.61	41.02	-155.40	0.12	-0.07	0.93
19265	-25.97	41.06	-160.25	0.04	-0.07	0.98
19284	-25.54	31.33	-161.58	0.02	-0.12	1.03
19303	-23.16	23.36	-161.36	0.09	-0.03	1.10
19322	-29.45	19.56	-160.22	0.07	0.03	1.13
19340	-33.51	16.36	-159.18	0.05	-0.00	1.15
19359	-33.55	5.28	-157.36	0.05	-0.08	1.23
19378	-28.24	-0.49	-156.56	0.17	-0.03	1.33
19397	-27.37	3.10	-154.91	0.22	-0.02	1.36
19416	-23.19	9.48	-151.52	0.18	-0.05	1.35
19434	-16.56	13.06	-146.15	0.21	-0.04	1.38
19454	-13.47	16.62	-143.45	0.25	-0.03	1.40
19472	-8.45	29.02	-138.67	0.29	-0.02	1.46
19490	-2.23	40.54	-132.66	0.22	-0.04	1.50
19510	5.10	41.32	-121.20	0.10	-0.00	1.52
19527	7.39	31.31	-105.87	0.07	0.07	1.61
19546	2.70	15.95	-89.20	0.03	0.14	1.65
19564	-2.14	6.26	-80.86	0.01	0.17	1.62
19582	-15.29	-14.59	-63.81	0.05	0.21	1.60
19601	-31.19	-26.00	-46.08	0.16	0.19	1.62
19620	-42.40	-26.58	-28.70	0.23	0.14	1.64
19639	-48.48	-22.77	-9.86	0.24	0.09	1.62
19658	-49.18	-14.92	10.85	0.31	0.04	1.59
19675	-47.59	-7.80	21.68	0.34	0.01	1.58
19694	-40.73	10.76	43.75	0.35	-0.02	1.55
19712	-31.65	28.98	67.28	0.29	-0.05	1.52
19730	-17.40	38.51	92.10	0.20	-0.11	1.48
19749	-0.31	39.96	117.36	0.15	-0.08	1.46
19767	6.13	38.50	129.78	0.13	-0.06	1.44
19786	13.29	32.44	153.47	0.07	-0.01	1.41
19803	14.07	18.33	175.28	-0.02	0.00	1.40
19821	10.51	-2.08	191.96	-0.01	0.04	1.37
19839	5.80	-10.50	198.15	0.07	0.06	1.32
19857	-7.49	-19.49	206.39	0.09	0.05	1.30
19876	-21.21	-21.36	209.23	0.07	0.03	1.27
19894	-32.49	-24.54	207.05	0.07	-0.01	1.23
19912	-40.66	-21.62	199.72	0.14	-0.06	1.17
19931	-43.38	-16.98	194.56	0.11	-0.11	1.13
19950	-44.91	-9.17	181.66	0.08	-0.12	1.11
19970	-43.35	-7.66	165.10	0.02	-0.14	1.07
19988	-40.39	-10.48	145.60	-0.02	-0.16	1.02
20008	-37.75	-17.70	123.79	-0.06	-0.16	0.97
20027	-36.56	-28.18	100.97	-0.08	-0.16	0.93
20045	-36.19	-38.91	76.45	-0.10	-0.15	0.87
20065	-37.48	-52.09	52.26	-0.12	-0.13	0.83
20084	-40.63	-64.99	31.05	-0.11	-0.13	0.77
20104	-41.89	-70.50	22.08	-0.07	-0.18	0.72
20122	-39.78	-77.76	7.17	-0.06	-0.21	0.69
20141	-31.74	-80.14	-2.32	-0.01	-0.25	0.64
20161	-18.17	-77.99	-5.94	-0.00	-0.30	0.58
20181	0.58	-74.13	-3.74	0.04	-0.34	0.52
20200	22.98	-64.01	1.86	0.08	-0.35	0.45
20218	43.56	-52.89	10.93	0.04	-0.32	0.37
20237	60.53	-46.72	22.89	0.03	-0.29	0.31
20255	66.94	-44.60	29.40	0.02	-0.26	0.28
20273	74.40	-39.61	41.44	0.04	-0.21	0.22
20292	76.03	-34.44	50.32	0.03	-0.21	0.17
20310	76.31	-29.30	54.76	0.03	-0.18	0.15
20329	72.49	-25.99	56.34	0.02	-0.14	0.15
20346	68.22	-23.68	55.77	0.02	-0.12	0.15
20364	57.46	-19.36	51.65	0.01	-0.09	0.16
20383	43.55	-15.26	44.31	0.01	-0.07	0.19
20403	28.50	-10.16	34.82	0.02	-0.07	0.25
20421	15.73	-4.62	24.48	0.03	-0.11	0.31
20439	11.23	-0.99	19.23	0.04	-0.16	0.35
20458	7.75	6.58	9.03	0.04	-0.19	0.36
20475	10.86	12.62	-0.79	0.03	-0.19	0.39
20495	14.13	18.11	-11.46	0.05	-0.16	0.44
20513	15.08	24.84	-20.46	0.05	-0.14	0.48
20531	15.30	27.71	-22.66	0.01	-0.16	0.54
20550	17.79	29.34	-23.88	0.01	-0.17	0.56
20568	22.77	30.59	-27.89	0.08	-0.17	0.62
20587	24.46	36.76	-33.11	0.06	-0.11	0.70
20605	23.88	38.24	-31.54	0.05	-0.09	0.81
20623	22.08	37.61	-27.39	0.06	-0.08	0.87
20642	21.04	37.34	-26.32	0.08	-0.08	0.89
20659	18.57	38.89	-25.01	0.05	-0.06	0.94
20678	16.80	33.45	-19.35	-0.00	-0.06	0.97
20697	17.33	25.19	-12.28	0.08	-0.06	1.03
20715	19.65	25.89	-8.36	0.10	-0.06	1.06
20734	21.13	26.06	-6.41	-0.00	-0.05	1.06
20752	24.69	17.32	0.17	0.00	-0.00	1.06
20770	21.09	10.09	8.67	0.12	0.05	1.16
20788	19.01	13.95	13.29	0.16	-0.01	1.19
20805	20.10	16.78	14.83	0.12	0.02	1.17
20824	20.66	18.60	19.65	0.09	0.05	1.19
20840	19.24	14.51	25.18	0.07	0.02	1.26
20859	22.43	10.47	29.21	0.13	0.01	1.29
20876	24.43	10.53	30.50	0.18	0.06	1.37
20893	25.07	14.45	31.51	0.18	0.08	1.41
20911	23.41	17.59	30.49	0.16	0.08	1.47
20928	22.58	17.93	28.12	0.13	0.08	1.44
20946	22.38	17.26	27.21	0.14	0.08	1.45
20963	21.38	16.86	25.53	0.18	0.13	1.60
20980	16.20	19.58	25.27	0.22	0.13	1.65
20999	13.44	24.15	24.00	0.18	0.10	1.65
21016	13.18	24.03	24.05	0.13	0.11	1.68
21033	10.33	17.72	27.40	0.13	0.18	1.70
21050	-0.50	15.30	34.24	0.19	0.22	1.70
21068	-6.96	16.25	37.69	0.18	0.21	1.70
21085	-15.17	15.64	42.98	0.16	0.12	1.71
21104	-15.17	14.51	45.33	0.19	0.09	1.66
21121	-11.93	18.02	45.56	0.21	0.03	1.58
21140	-8.29	20.65	45.10	0.20	0.02	1.56
21157	1.46	22.35	44.62	0.13	-0.03	1.53
21175	14.54	18.08	43.47	0.14	-0.02	1.52
21194	21.55	16.13	41.24	0.11	0.06	1.48
21211	21.21	13.63	39.99	0.07	0.09	1.45
21229	14.83	4.78	36.67	0.05	0.14	1.38
21246	1.72	-2.90	31.54	0.09	0.18	1.31
21263	-15.56	-3.78	24.09	0.13	0.19	1.25
21282	-25.33	-1.85	20.02	0.11	0.17	1.19
21301	-43.12	2.32	12.21	0.12	0.13	1.17
21319	-53.79	7.93	4.64	0.10	0.06	1.13
21336	-58.46	12.30	-2.18	0.08	0.01	1.08
21354	-58.55	14.28	-5.36	0.07	-0.05	1.04
21373	-55.33	18.48	-10.09	0.06	-0.03	1.03
21391	-55.40	19.56	-9.32	-0.01	-0.00	0.99
21412	-55.54	15.88	-6.38	-0.00	-0.06	0.95
21431	-49.06	14.80	-5.58	-0.03	-0.13	0.92
21449	-38.85	10.21	-5.07	-0.06	-0.11	0.90
21469	-32.00	2.99	-3.98	-0.09	-0.09	0.87
21488	-27.21	-3.10	-3.65	-0.06	-0.09	0.84
21508	-21.96	-5.39	-5.05	-0.07	-0.10	0.81
21528	-17.64	-10.36	-6.27	-0.11	-0.08	0.80
21548	-15.59	-16.45	-6.82	-0.10	-0.07	0.77
21567	-14.77	-18.68	-7.05	-0.11	-0.07	0.74
21587	-13.05	-23.90	-6.71	-0.12	-0.08	0.73
21608	-10.60	-31.14	-5.25	-0.14	-0.10	0.66
21627	-5.63	-38.77	-3.25	-0.14	-0.12	0.64
21647	4.18	-44.33	-1.92	-0.09	-0.17	0.60
21666	17.15	-44.60	-0.73	-0.08	-0.16	0.55
21684	27.98	-43.90	2.30	-0.06	-0.13	0.52
21704	35.71	-39.63	6.29	-0.02	-0.12	0.48
21722	41.38	-30.21	8.96	-0.01	-0.11	0.43
21742	44.49	-21.13	9.08	-0.00	-0.09	0.40
21760	45.21	-17.65	8.33	0.02	-0.08	0.38
21778	44.71	-8.03	5.51	0.03	-0.07	0.37
21797	41.55	2.06	0.15	-0.00	-0.05	0.35
21815	35.03	7.80	-5.81	-0.02	-0.03	0.35
21834	27.05	11.99	-12.37	-0.02	-0.05	0.36
21853	19.82	14.24	-21.07	-0.04	-0.06	0.39
21872	16.60	14.59	-26.09	-0.05	-0.07	0.40
21890	9.80	12.16	-35.25	-0.10	-0.06	0.42
21909	2.18	1.48	-40.74	-0.13	-0.03	0.48
21929	-8.03	-9.63	-43.14	-0.09	-0.04	0.51
21948	-16.53	-15.82	-42.91	-0.06	-0.06	0.51
21968	-21.03	-19.18	-38.73	-0.03	-0.07	0.57
21987	-23.35	-19.85	-33.10	-0.00	-0.11	0.57
22006	-18.51	-16.57	-30.29	0.02	-0.16	0.58
22027	-9.20	-13.40	-26.55	0.01	-0.15	0.66
22046	-0.87	-12.60	-21.15	0.01	-0.13	0.70
22065	3.02	-12.41	-20.10	0.05	-0.12	0.74
22083	9.95	-9.12	-21.13	0.06	-0.10	0.77
22102	12.83	-6.59	-19.62	0.02	-0.02	0.83
22122	8.67	-7.80	-20.57	0.08	-0.00	0.88
22140	5.23	0.21	-34.74	0.17	-0.03	0.90
22159	4.32	13.00	-55.51	0.14	-0.03	0.97
22177	4.32	17.11	-64.30	0.13	-0.04	1.04
22195	5.84	22.90	-78.69	0.14	-0.03	1.06
22214	6.41	30.49	-93.72	0.16	0.00	1.10
22232	4.23	34.55	-109.25	0.06	0.01	1.16
22250	2.84	24.93	-122.07	-0.01	0.01	1.22
22268	2.70	17.99	-127.14	0.05	0.03	1.29
22286	2.14	8.15	-133.32	0.06	0.05	1.33
22304	0.26	0.24	-133.64	0.06	0.07	1.38
22321	-0.52	-10.12	-129.38	0.06	0.05	1.47
22340	1.08	-15.50	-125.95	0.12	0.04	1.58
22359	7.25	-21.93	-118.19	0.18	0.06	1.65
22376	11.18	-19.55	-105.24	0.21	0.09	1.79
22395	12.34	-16.25	-86.40	0.25	0.15	1.83
22413	6.76	-7.11	-64.88	0.31	0.21	1.77
22431	0.60	0.93	-54.08	0.35	0.28	1.70
22450	-18.25	21.27	-33.11	0.33	0.29	1.68
22468	-38.16	36.77	-13.70	0.24	0.24	1.64
22487	-49.29	40.95	3.57	0.16	0.13	1.63
22504	-47.55	37.96	17.85	0.13	0.02	1.60
22521	-41.75	35.26	23.85	0.10	-0.03	1.60
22541	-23.09	24.26	34.48	0.04	-0.10	1.58
22559	0.85	8.82	43.93	0.06	-0.11	1.55
22577	21.06	-1.21	53.09	0.10	-0.04	1.52
22594	29.85	-6.71	64.33	0.10	0.06	1.46
22612	30.08	-8.96	71.03	0.09	0.08	1.43
22629	25.56	-14.37	83.63	0.11	0.13	1.39
22647	15.23	-13.20	92.70	0.18	0.16	1.36
22665	8.15	-8.94	95.64	0.18	0.18	1.30
22682	-8.39	0.58	99.50	0.17	0.18	1.26
22699	-24.96	9.28	100.22	0.16	0.14	1.19
22717	-37.43	19.47	96.73	0.14	0.08	1.14
22734	-41.76	23.90	94.07	0.11	0.06	1.12
22751	-47.21	27.71	87.45	0.03	0.02	1.08
22769	-48.40	23.93	78.46	-0.00	-0.02	1.06
22787	-48.22	21.22	73.21	-0.03	-0.05	1.01
22805	-46.48	14.77	62.10	-0.04	-0.05	0.98
22823	-46.39	6.10	52.60	-0.08	-0.03	0.94
22844	-51.16	-4.81	45.15	-0.11	-0.00	0.89
22863	-58.33	-15.59	39.12	-0.09	-0.02	0.84
22881	-62.36	-22.08	31.92	-0.07	-0.07	0.81
22901	-62.62	-26.21	24.83	-0.07	-0.10	0.77
22920	-59.84	-30.91	20.19	-0.09	-0.11	0.73
22940	-54.58	-36.64	18.02	-0.09	-0.15	0.70
22959	-50.37	-38.96	17.40	-0.08	-0.19	0.66
22978	-39.22	-42.37	16.94	-0.08	-0.20	0.64
22997	-25.50	-43.69	17.41	-0.06	-0.21	0.59
23016	-10.28	-40.44	17.88	-0.02	-0.24	0.53
23035	7.16	-33.08	17.23	-0.03	-0.26	0.47
23055	23.15	-28.03	16.63	-0.07	-0.22	0.41
23073	35.05	-29.34	18.26	-0.08	-0.20	0.35
23092	44.17	-29.34	20.02	-0.05	-0.19	0.28
23111	47.96	-27.91	20.46	-0.04	-0.19	0.26
23130	53.39	-23.65	19.33	-0.03	-0.18	0.24
23148	55.08	-20.68	15.30	-0.05	-0.13	0.26
23167	50.29	-19.52	9.09	-0.03	-0.08	0.26
23186	41.18	-14.45	-0.43	0.00	-0.08	0.27
23204	31.16	-6.24	-14.63	-0.00	-0.08	0.29
23224	21.38	-0.44	-28.95	-0.04	-0.09	0.36
23243	17.29	-0.08	-34.99	-0.05	-0.11	0.39
23263	12.22	-1.89	-46.07	-0.04	-0.14	0.44
23282	9.87	-1.17	-57.82	0.00	-0.14	0.46
23300	7.93	1.86	-69.60	0.00	-0.14	0.50
23319	6.67	3.34	-78.72	0.00	-0.15	0.54
23337	7.75	3.75	-90.03	0.00	-0.18	0.56
23355	9.87	3.60	-97.50	0.01	-0.18	0.58
23374	12.39	2.43	-110.75	0.01	-0.13	0.60
23392	10.41	1.33	-117.83	0.01	-0.12	0.65
23410	8.47	0.70	-126.75	0.05	-0.11	0.70
23428	6.39	3.48	-139.42	0.08	-0.09	0.75
23446	4.33	4.99	-143.48	0.08	-0.07	0.77
23466	-1.57	7.14	-144.27	0.07	-0.04	0.82
23484	-10.85	7.14	-142.49	0.10	-0.01	0.87
23503	-19.26	10.31	-145.55	0.15	-0.05	0.93
23521	-23.91	15.99	-146.12	0.15	-0.05	0.99
23539	-25.79	20.55	-140.43	0.14	-0.06	1.06
23559	-25.27	21.32	-136.46	0.09	-0.09	1.07
23577	-20.98	18.30	-128.25	0.07	-0.09	1.09
23597	-14.48	11.90	-120.19	0.09	-0.10	1.16
23615	-5.46	7.13	-113.11	0.11	-0.08	1.18
23633	-0.03	4.59	-106.95	0.15	-0.03	1.21
23652	1.88	6.15	-102.22	0.18	-0.01	1.30
23670	2.98	7.40	-99.70	0.17	-0.03	1.34
23689	10.65	8.53	-94.38	0.17	-0.07	1.40
23707	21.71	10.54	-89.26	0.20	-0.05	1.43
23725	27.08	14.05	-83.66	0.19	0.07	1.51
23743	19.58	12.36	-74.57	0.13	0.15	1.61
23761	13.58	8.62	-69.15	0.11	0.15	1.61
23780	2.84	-0.21	-58.14	0.11	0.14	1.59
23798	-7.90	-7.49	-46.65	0.14	0.16	1.59
23816	-19.74	-10.94	-33.81	0.15	0.16	1.54
23835	-29.98	-14.04	-19.39	0.16	0.12	1.48
23853	-33.25	-14.60	-12.34	0.21	0.07	1.47
23873	-35.96	-10.93	1.21	0.24	0.05	1.49
23891	-33.46	-1.89	14.13	0.27	-0.00	1.50
23910	-25.38	8.97	28.43	0.25	-0.05	1.50
23929	-12.08	16.89	45.18	0.22	-0.06	1.48
23946	0.75	21.67	62.56	0.19	-0.03	1.47
23965	5.52	23.12	71.46	0.17	0.00	1.47
23982	12.48	24.37	89.51	0.15	-0.00	1.47
24000	18.88	22.26	107.65	0.13	0.00	1.46
24018	22.84	18.80	125.98	0.12	0.05	1.45
24034	22.34	17.64	135.53	0.13	0.08	1.43
24051	16.65	15.27	155.09	0.09	0.12	1.41
24070	8.53	9.93	173.34	0.05	0.08	1.37
24087	5.74	6.61	180.98	0.06	0.07	1.34
24105	0.81	0.50	191.64	0.10	0.09	1.33
24122	-7.42	2.03	196.81	0.11	0.08	1.29
24140	-15.63	2.15	198.53	0.04	0.07	1.26
24158	-19.20	-0.38	197.54	0.01	0.05	1.25
24176	-25.91	-7.63	191.30	0.04	0.04	1.23
24196	-31.37	-8.27	179.18	0.07	0.01	1.17
24214	-35.17	-7.74	163.22	0.03	-0.01	1.12
24232	-38.79	-7.64	143.36	0.05	-0.01	1.05
24251	-43.81	-5.04	120.94	0.06	-0.02	0.99
24270	-46.52	-2.49	109.10	0.03	-0.02	0.94
24290	-52.69	0.93	86.12	0.01	-0.01	0.92
24307	-60.76	-0.46	65.41	-0.03	-0.02	0.88
24326	-67.08	-4.01	45.96	-0.05	-0.06	0.84
24345	-68.70	-9.29	27.60	-0.08	-0.09	0.79
24364	-68.04	-16.62	12.42	-0.08	-0.11	0.74
24385	-64.16	-21.68	-0.40	-0.06	-0.16	0.69
24404	-54.72	-23.06	-10.86	-0.04	-0.19	0.64
24424	-43.75	-24.05	-17.78	-0.07	-0.19	0.59
24443	-38.45	-25.31	-19.64	-0.08	-0.20	0.53
24463	-27.50	-28.41	-20.74	-0.08	-0.22	0.50
24483	-12.83	-29.92	-20.02	-0.05	-0.26	0.44
24503	4.24	-28.92	-18.36	-0.01	-0.28	0.38
24522	22.34	-23.94	-16.11	-0.01	-0.29	0.33
24541	40.15	-21.15	-12.74	-0.03	-0.29	0.29
24560	54.92	-19.85	-9.51	-0.01	-0.24	0.26
24581	64.15	-14.18	-8.16	0.05	-0.22	0.20
24599	70.04	-3.19	-10.04	0.06	-0.21	0.16
24619	72.10	6.45	-12.80	0.02	-0.17	0.16
24637	69.21	11.22	-18.20	-0.00	-0.15	0.20
24655	66.27	12.65	-23.09	-0.01	-0.14	0.21
24675	58.06	12.34	-35.84	-0.06	-0.11	0.27
24693	46.10	6.04	-48.42	-0.09	-0.09	0.33
24712	32.91	-3.83	-59.56	-0.09	-0.10	0.37
24732	21.64	-11.87	-71.70	-0.06	-0.13	0.39
24750	13.66	-16.19	-84.43	-0.03	-0.15	0.43
24769	9.43	-18.84	-92.45	-0.01	-0.15	0.48
24789	8.16	-19.38	-94.38	0.05	-0.15	0.50
24807	7.11	-15.64	-97.21	0.08	-0.16	0.52
24827	9.38	-7.98	-102.95	0.09	-0.17	0.57
24845	13.64	-1.75	-106.14	0.08	-0.17	0.62
24864	18.91	4.17	-104.78	0.11	-0.16	0.67
24883	23.93	12.48	-104.46	0.14	-0.12	0.73
24901	24.72	17.46	-105.22	0.12	-0.07	0.82
24920	22.58	24.44	-106.17	0.08	-0.06	0.86
24937	20.28	22.81	-103.29	0.04	-0.06	0.91
24956	18.36	18.31	-101.09	0.08	-0.01	1.00
24974	10.65	15.52	-103.04	0.08	0.07	1.06
24993	-2.78	9.83	-106.77	0.07	0.08	1.13
25012	-8.59	6.15	-108.58	0.06	0.06	1.18
25029	-14.97	-2.64	-110.40	0.09	0.04	1.28
25049	-18.45	-9.26	-109.50	0.11	0.06	1.34
25067	-21.97	-14.53	-106.78	0.14	0.05	1.37
25086	-21.41	-16.16	-104.46	0.21	0.01	1.41
25105	-17.75	-9.37	-102.71	0.30	-0.02	1.49
25124	-14.48	-2.59	-101.99	0.32	-0.05	1.50
25143	-3.16	11.84	-100.91	0.30	-0.08	1.49
25162	8.74	22.93	-98.92	0.25	-0.02	1.51
25179	11.12	27.10	-92.96	0.16	0.07	1.46
25198	5.49	22.81	-83.95	0.10	0.13	1.42
25216	0.08	18.17	-78.32	0.07	0.17	1.44
25233	-12.83	6.35	-65.09	0.06	0.15	1.43
25252	-21.77	-7.49	-51.68	0.04	0.10	1.38
25270	-25.42	-19.85	-39.81	0.08	0.08	1.34
25290	-29.75	-26.89	-28.29	0.12	0.10	1.29
25308	-32.96	-29.13	-16.92	0.14	0.04	1.20
25326	-32.67	-28.47	-12.39	0.16	0.02	1.16
25346	-29.22	-22.93	-5.08	0.19	-0.00	1.08
25364	-25.76	-13.75	0.46	0.20	-0.00	1.03
25384	-21.22	-4.52	4.55	0.19	-0.03	1.00
25403	-12.48	3.86	5.98	0.18	-0.08	0.97
25421	-0.63	9.57	4.90	0.15	-0.07	0.98
25440	8.99	12.13	3.14	0.13	-0.04	0.98
25457	12.54	12.42	2.17	0.12	-0.04	0.97
25476	18.05	10.44	0.21	0.08	-0.01	0.95
25494	20.60	4.09	-1.02	0.05	0.02	0.96
25511	19.84	-4.85	-2.43	0.05	0.05	0.95
25530	18.66	-9.09	-3.22	0.06	0.08	0.94
25548	13.93	-16.63	-4.79	0.06	0.09	0.93
25567	5.80	-23.51	-5.51	0.07	0.12	0.94
25585	-3.97	-29.51	-6.03	0.09	0.12	0.94
25605	-12.33	-32.52	-7.77	0.16	0.06	0.98
25623	46.91	65.48	-11.46	0.29	0.02	1.60
25641	47.13	74.07	-8.94	-0.22	0.22	0.66
25660	23.61	36.83	-7.25	-0.08	0.22	0.90
25678	9.32	29.53	-9.78	-0.05	0.26	1.11
25697	1.01	21.99	-13.15	-0.04	0.15	0.81
25715	-10.03	14.08	-17.93	-0.06	0.15	1.03
25734	-13.37	10.09	-20.94	-0.09	0.09	0.96
25753	-18.19	-1.05	-25.33	-0.10	0.06	0.91
25771	-20.90	-11.46	-28.26	-0.10	0.03	1.03
25791	-20.48	-20.60	-29.21	-0.09	-0.02	0.94
25811	-17.33	-30.24	-28.24	-0.05	-0.11	1.02
25830	-9.29	-35.60	-25.86	0.02	-0.18	0.96
25850	-0.05	-39.15	-23.86	0.14	-0.15	1.00
25868	7.06	-35.05	-22.98	0.23	-0.10	0.96
25888	11.75	-28.12	-20.07	0.27	-0.02	0.94
25907	13.08	-23.54	-16.92	0.27	0.05	0.95
25926	12.68	-14.80	-10.50	0.27	0.08	0.94
25944	8.33	-5.29	-6.55	0.26	0.11	0.94
25962	2.27	3.30	-3.83	0.25	0.11	0.93
25980	-3.97	11.38	-1.53	0.24	0.10	0.94
25998	-6.68	15.05	-0.40	0.23	0.08	0.95
26017	-11.40	22.43	1.82	0.22	0.07	0.95
26035	-13.76	28.81	2.98	0.20	0.00	0.97
26052	-11.44	31.88	2.41	0.08	-0.11	1.00
26071	-3.39	28.24	1.14	-0.02	-0.15	0.99
26089	1.19	24.34	0.40	-0.04	-0.13	0.97