Time	Gx	Gy	Gz	Ax	Ay	Az
3805	-6.07	10.51	-2.29	0.22	-0.03	0.96
3823	-2.98	16.28	-1.56	0.19	-0.05	0.95
3841	-0.23	19.21	-1.74	0.16	-0.03	0.99
3861	0.85	20.36	-2.11	0.09	-0.02	0.98
3878	2.27	19.52	-1.57	0.07	0.01	0.98
3898	1.01	17.12	0.72	0.08	0.05	1.00
3915	-4.26	15.61	4.87	0.11	0.12	1.04
3932	-18.74	12.86	13.05	0.12	0.12	1.24
3951	-25.18	11.11	17.97	0.11	0.08	1.29
3968	-30.41	6.68	27.60	0.11	-0.00	1.32
3987	-27.48	2.38	37.98	0.10	-0.05	1.40
4005	-21.06	-1.83	50.54	0.11	-0.06	1.41
4025	-13.79	-3.94	64.10	0.16	-0.07	1.40
4043	-9.99	-3.13	70.80	0.17	-0.04	1.42
4062	-4.09	-0.78	84.53	0.15	-0.03	1.45
4081	-1.39	-3.37	99.40	0.11	-0.02	1.47
4100	1.01	-7.58	114.06	0.14	-0.03	1.44
4118	4.58	-7.60	127.08	0.17	-0.04	1.46
4137	9.45	-4.94	137.65	0.20	-0.05	1.46
4155	12.05	-2.46	142.09	0.24	-0.05	1.45
4174	17.18	5.49	149.08	0.25	-0.03	1.45
4191	17.82	14.91	154.51	0.23	0.01	1.43
4209	14.37	19.97	159.01	0.16	0.04	1.42
4227	8.56	18.40	161.53	0.13	0.03	1.37
4244	5.02	17.47	160.90	0.12	0.04	1.36
4262	-4.96	13.98	155.55	0.10	0.06	1.31
4279	-16.69	9.34	145.36	0.06	0.03	1.25
4298	-21.68	5.42	138.32	0.03	-0.03	1.20
4317	-28.35	-3.86	119.92	0.03	-0.06	1.17
4335	-31.57	-13.49	97.82	0.00	-0.09	1.12
4354	-32.49	-25.51	76.45	-0.03	-0.10	1.04
4373	-33.05	-39.60	57.57	-0.01	-0.11	0.96
4392	-33.13	-48.69	42.53	0.00	-0.11	0.85
4410	-33.00	-53.57	30.90	0.03	-0.12	0.76
4431	-31.23	-54.05	22.89	0.04	-0.12	0.67
4449	-30.30	-53.27	20.89	0.05	-0.12	0.64
4467	-26.95	-50.42	19.88	0.06	-0.16	0.60
4486	-20.05	-45.75	21.82	0.06	-0.19	0.58
4505	-10.50	-41.52	25.47	0.04	-0.21	0.51
4525	0.90	-37.86	31.71	0.04	-0.22	0.39
4542	13.26	-31.45	40.28	0.05	-0.22	0.28
4560	19.20	-28.06	44.91	0.03	-0.21	0.25
4579	28.08	-23.62	53.51	0.01	-0.17	0.17
4597	33.89	-20.49	59.71	0.01	-0.17	0.09
4615	38.91	-18.71	62.56	-0.04	-0.15	0.06
4634	38.80	-23.19	63.02	-0.07	-0.10	0.05
4653	36.61	-26.64	62.38	-0.06	-0.11	0.05
4672	31.49	-32.81	58.56	-0.06	-0.12	0.06
4690	26.98	-37.35	52.37	-0.05	-0.12	0.09
4710	21.42	-40.59	44.46	-0.02	-0.12	0.13
4729	16.92	-39.26	34.30	0.03	-0.16	0.19
4747	17.50	-33.62	23.04	0.05	-0.19	0.26
4765	19.13	-30.41	17.90	0.06	-0.17	0.34
4783	20.19	-23.59	7.66	0.09	-0.15	0.36
4801	17.88	-12.86	-1.34	0.11	-0.16	0.39
4819	19.24	-0.02	-6.64	0.11	-0.20	0.45
4838	26.41	8.56	-11.54	0.09	-0.22	0.51
4856	29.46	12.30	-15.41	0.13	-0.12	0.55
4874	28.05	23.27	-24.73	0.12	-0.11	0.59
4892	25.09	32.87	-28.38	0.10	-0.12	0.66
4910	22.08	36.12	-29.10	0.08	-0.09	0.77
4928	14.54	39.28	-36.04	0.09	0.00	0.82
4946	6.94	40.10	-40.21	0.05	0.01	0.84
4963	-7.31	34.91	-49.13	0.04	-0.04	0.95
4982	-14.27	29.02	-59.68	0.11	-0.07	1.05
5000	-18.84	32.03	-71.43	0.16	-0.04	1.09
5018	-22.35	34.35	-77.24	0.16	-0.02	1.14
5037	-28.20	35.06	-88.81	0.10	-0.11	1.22
5056	-23.19	29.46	-100.25	0.09	-0.10	1.26
5074	-21.36	24.32	-106.14	0.14	-0.07	1.33
5092	-17.65	22.58	-114.62	0.16	-0.13	1.36
5110	-14.19	22.31	-119.57	0.15	-0.07	1.31
5130	-11.08	23.03	-122.73	0.16	-0.06	1.31
5148	-10.77	23.41	-117.77	0.11	-0.00	1.30
5166	-11.75	19.68	-113.17	0.14	-0.06	1.24
5184	-9.48	23.88	-116.06	0.27	0.02	1.34
5202	-12.37	30.47	-117.11	0.25	0.07	1.46
5220	-21.67	41.12	-114.32	0.15	0.00	1.43
5238	-19.71	34.23	-108.40	0.06	-0.07	1.32
5257	-11.26	25.41	-104.10	0.12	-0.07	1.29
5275	-4.07	24.12	-104.40	0.16	-0.04	1.36
5294	-1.45	23.76	-105.71	0.18	-0.02	1.49
5312	1.48	22.87	-107.04	0.16	-0.03	1.51
5330	5.39	17.36	-105.80	0.10	-0.01	1.55
5350	4.30	4.97	-99.09	0.07	0.08	1.62
5368	-6.35	-9.92	-87.17	0.10	0.16	1.57
5386	-22.93	-16.98	-73.44	0.19	0.16	1.55
5406	-37.69	-14.10	-59.16	0.26	0.14	1.60
5424	-43.93	-10.62	-51.22	0.27	0.12	1.60
5444	-52.02	-2.96	-34.97	0.26	0.05	1.58
5462	-52.81	4.67	-18.95	0.27	-0.01	1.57
5480	-45.87	12.27	-4.70	0.26	-0.10	1.58
5499	-30.27	17.87	7.20	0.24	-0.16	1.59
5517	-20.68	20.13	13.03	0.20	-0.15	1.59
5536	-3.52	21.36	25.09	0.19	-0.11	1.57
5554	4.87	19.74	37.57	0.16	-0.05	1.51
5573	6.16	14.98	48.08	0.10	-0.01	1.45
5591	1.16	3.36	56.21	0.03	0.02	1.39
5607	-2.90	-4.64	58.67	0.01	0.03	1.36
5626	-14.07	-20.92	61.49	0.03	0.02	1.30
5644	-25.15	-33.40	61.72	0.05	0.00	1.25
5662	-33.68	-41.89	60.94	0.07	-0.05	1.19
5682	-36.87	-46.39	59.74	0.09	-0.12	1.14
5700	-35.87	-46.95	59.07	0.11	-0.18	1.07
5719	-29.14	-45.72	57.46	0.11	-0.20	1.05
5738	-19.04	-44.65	55.60	0.08	-0.23	0.99
5757	-7.83	-46.69	54.26	0.06	-0.23	0.94
5776	1.71	-48.20	54.96	0.06	-0.21	0.87
5794	8.18	-49.85	60.52	0.02	-0.20	0.79
5812	13.66	-55.22	69.87	-0.01	-0.21	0.71
5831	16.45	-58.41	75.33	0.00	-0.22	0.66
5850	23.45	-60.91	85.60	0.04	-0.25	0.58
5868	34.19	-59.37	94.91	0.02	-0.30	0.50
5886	48.66	-61.25	102.80	0.00	-0.30	0.45
5905	62.97	-62.23	107.70	0.07	-0.31	0.39
5923	69.96	-59.68	109.83	0.10	-0.29	0.33
5943	81.51	-51.77	114.75	0.10	-0.26	0.29
5961	86.96	-44.42	119.69	0.08	-0.21	0.25
5978	85.31	-38.47	121.98	0.07	-0.15	0.19
5997	77.59	-34.53	120.71	0.03	-0.12	0.17
6015	71.88	-33.94	118.90	-0.01	-0.08	0.16
6034	57.42	-36.59	113.27	-0.01	-0.07	0.16
6053	40.27	-38.67	103.67	0.00	-0.10	0.15
6071	28.27	-37.70	87.16	0.02	-0.16	0.14
6090	21.76	-33.72	65.69	0.04	-0.18	0.14
6108	17.70	-27.69	44.60	0.04	-0.19	0.18
6126	16.25	-24.86	34.41	0.04	-0.19	0.20
6145	13.76	-18.37	11.72	0.07	-0.19	0.24
6163	11.46	-7.74	-13.37	0.08	-0.18	0.28
6182	6.90	1.56	-32.79	0.04	-0.16	0.28
6200	3.17	6.82	-45.36	0.03	-0.20	0.33
6219	2.26	11.18	-57.46	0.07	-0.12	0.38
6237	-1.95	14.19	-61.65	0.05	-0.08	0.41
6256	-12.54	18.16	-64.13	0.05	-0.11	0.46
6275	-15.23	21.73	-65.73	0.10	-0.20	0.52
6293	-11.06	28.44	-71.04	0.10	-0.14	0.63
6312	-11.78	32.46	-74.48	0.10	-0.15	0.73
6331	-8.27	35.74	-77.61	0.11	-0.18	0.79
6350	-6.20	37.55	-79.61	0.14	-0.08	0.88
6369	-9.49	43.35	-80.05	0.14	-0.06	0.92
6387	-16.56	46.22	-78.72	0.11	-0.05	0.99
6406	-20.98	46.97	-84.50	0.19	-0.09	1.09
6424	-28.29	51.54	-94.64	0.11	0.03	1.18
6442	-42.01	47.33	-100.05	0.12	-0.01	1.29
6462	-45.10	44.94	-102.68	0.13	-0.16	1.36
6480	-38.89	40.28	-111.83	0.11	-0.16	1.34
6499	-33.19	32.06	-117.87	0.08	0.00	1.43
6517	-34.53	19.78	-116.15	0.09	-0.07	1.54
6535	-24.55	11.05	-115.57	0.17	-0.16	1.43
6555	-9.00	17.32	-121.38	0.29	-0.06	1.36
6574	-7.86	25.34	-124.74	0.39	0.11	1.68
6592	-19.04	45.01	-127.11	0.35	-0.01	1.69
6611	-11.58	54.58	-128.97	0.21	-0.15	1.60
6629	4.33	56.17	-128.80	0.22	-0.12	1.49
6648	8.16	61.43	-124.66	0.16	0.06	1.55
6665	3.01	59.37	-120.74	0.01	0.16	1.63
6684	-13.78	40.07	-109.07	-0.02	0.16	1.60
6702	-28.70	11.66	-95.86	-0.04	0.11	1.59
6721	-40.10	-14.57	-81.39	0.03	0.11	1.57
6740	-49.21	-32.62	-66.62	0.07	0.08	1.45
6758	-55.82	-42.13	-54.03	0.17	0.05	1.41
6778	-57.31	-38.38	-42.91	0.32	-0.01	1.44
6796	-56.08	-30.50	-37.29	0.35	-0.03	1.46
6815	-50.83	-13.17	-25.27	0.32	-0.07	1.48
6835	-41.32	-0.06	-11.99	0.30	-0.10	1.50
6854	-29.02	12.80	1.68	0.30	-0.13	1.51
6873	-13.67	23.71	14.54	0.24	-0.15	1.54
6891	-1.19	26.44	28.70	0.18	-0.10	1.56
6909	3.11	25.07	36.68	0.16	-0.09	1.56
6927	9.70	18.62	53.33	0.11	-0.07	1.55
6945	11.58	6.97	71.20	0.07	-0.02	1.51
6964	6.03	-5.98	90.12	0.06	0.03	1.46
6981	-3.04	-18.28	107.01	0.05	0.01	1.40
6999	-7.46	-24.22	113.72	0.05	-0.01	1.38
7018	-12.92	-35.05	121.40	0.06	-0.07	1.32
7036	-14.24	-42.60	122.63	0.08	-0.12	1.28
7056	-11.14	-46.37	119.45	0.11	-0.17	1.23
7075	-3.78	-46.71	113.46	0.12	-0.19	1.18
7093	3.62	-44.74	106.81	0.12	-0.19	1.12
7112	6.59	-43.43	103.85	0.09	-0.15	1.06
7130	8.77	-42.01	99.00	0.07	-0.14	1.03
7148	7.97	-42.95	95.72	0.05	-0.13	0.95
7167	5.62	-45.59	94.25	0.00	-0.13	0.89
7185	1.66	-53.21	95.70	-0.03	-0.14	0.85
7205	0.12	-61.16	96.74	0.00	-0.19	0.80
7222	1.24	-63.13	96.74	0.01	-0.21	0.76
7241	7.48	-64.07	96.89	0.04	-0.26	0.69
7259	18.89	-59.59	98.92	0.08	-0.31	0.62
7278	35.19	-51.68	101.97	0.07	-0.34	0.54
7297	53.56	-45.65	105.50	0.06	-0.35	0.47
7314	63.37	-43.67	106.57	0.05	-0.36	0.43
7332	80.95	-40.63	105.90	0.04	-0.33	0.36
7351	95.34	-38.70	103.42	0.01	-0.29	0.28
7369	102.75	-38.71	106.20	0.01	-0.23	0.22
7388	100.89	-39.98	110.44	0.00	-0.17	0.18
7406	97.53	-40.68	110.15	0.01	-0.17	0.16
7424	90.16	-41.47	104.17	-0.01	-0.17	0.12
7443	80.35	-43.11	96.25	-0.01	-0.13	0.11
7461	65.51	-43.41	86.26	0.01	-0.08	0.12
7481	46.37	-38.54	70.42	0.05	-0.06	0.13
7499	28.09	-30.29	49.33	0.07	-0.10	0.14
7517	20.66	-24.90	37.81	0.07	-0.12	0.15
7536	10.03	-12.59	13.34	0.07	-0.16	0.21
7554	3.19	-2.96	-13.82	0.09	-0.13	0.25
7573	-6.09	8.58	-40.94	0.06	-0.16	0.27
7592	-11.03	17.33	-63.03	0.03	-0.20	0.32
7610	-11.95	21.03	-71.67	0.01	-0.18	0.36
7629	-12.34	21.67	-87.30	0.01	-0.13	0.38
7648	-20.80	18.63	-98.50	-0.00	-0.07	0.41
7666	-30.99	14.95	-103.62	0.03	-0.12	0.49
7685	-33.40	14.25	-106.05	0.05	-0.15	0.58
7704	-35.20	13.58	-110.78	0.09	-0.07	0.66
7723	-39.02	14.40	-113.86	0.09	-0.11	0.70
7741	-43.73	15.12	-117.48	0.10	-0.14	0.74
7759	-42.45	19.44	-114.00	0.17	-0.12	0.88
7778	-43.08	25.33	-107.85	0.17	-0.09	0.98
7796	-47.82	29.98	-107.12	0.13	-0.05	1.03
7815	-52.46	28.03	-105.50	0.10	-0.08	1.07
7833	-53.19	26.17	-102.51	0.12	-0.10	1.12
7851	-49.85	27.54	-99.32	0.28	-0.13	1.25
7870	-46.66	41.35	-103.58	0.20	-0.09	1.21
7888	-48.51	44.68	-107.94	0.19	-0.08	1.31
7907	-41.76	46.26	-108.86	0.14	-0.21	1.40
7925	-33.04	44.10	-109.62	0.13	-0.23	1.35
7943	-13.96	39.22	-114.72	0.13	-0.10	1.39
7962	-14.31	36.87	-117.80	0.20	-0.03	1.52
7980	-10.73	35.02	-117.63	0.09	-0.11	1.48
7999	-1.85	24.90	-113.85	0.13	-0.06	1.51
8017	0.50	22.08	-111.63	0.19	-0.01	1.70
8035	0.73	19.29	-108.78	0.18	-0.02	1.68
8053	-0.14	13.99	-109.47	0.16	0.01	1.55
8071	-6.36	12.74	-110.18	0.25	0.10	1.50
8089	-23.44	21.96	-107.44	0.27	0.15	1.61
8107	-31.91	24.83	-104.42	0.17	0.09	1.61
8125	-40.01	12.97	-97.64	0.01	0.03	1.50
8143	-43.37	-6.32	-91.55	0.13	0.04	1.40
8161	-48.89	-7.35	-86.33	0.26	0.05	1.43
8179	-51.35	-3.27	-83.31	0.24	-0.04	1.46
8199	-48.03	3.13	-76.93	0.20	-0.08	1.45
8217	-37.63	1.66	-70.22	0.20	-0.09	1.45
8235	-28.78	4.65	-63.20	0.27	-0.05	1.43
8256	-25.04	14.79	-54.84	0.26	-0.03	1.45
8274	-22.72	19.96	-42.16	0.17	-0.03	1.48
8294	-19.36	14.74	-23.99	0.13	-0.03	1.52
8313	-15.15	7.81	-2.37	0.17	-0.05	1.53
8331	-12.99	6.30	9.35	0.18	-0.05	1.53
8350	-10.10	4.43	34.29	0.17	-0.04	1.51
8368	-10.42	1.27	62.70	0.14	-0.02	1.46
8386	-11.32	-3.81	92.99	0.11	-0.05	1.41
8406	-11.22	-11.80	120.27	0.10	-0.07	1.38
8424	-11.11	-18.14	142.36	0.10	-0.09	1.33
8443	-10.77	-21.21	151.49	0.09	-0.14	1.28
8462	-7.51	-28.11	165.95	0.09	-0.16	1.25
8480	-1.94	-33.52	176.65	0.09	-0.18	1.21
8500	3.86	-36.90	182.75	0.10	-0.19	1.15
8518	8.76	-38.01	184.20	0.11	-0.20	1.10
8537	12.39	-37.40	181.69	0.10	-0.18	1.05
8554	13.23	-37.16	179.46	0.09	-0.18	1.02
8573	13.93	-38.41	173.28	0.05	-0.18	0.97
8591	13.76	-42.10	164.41	0.01	-0.18	0.90
8610	13.38	-48.81	154.08	-0.01	-0.18	0.84
8629	12.74	-55.86	143.11	0.00	-0.19	0.78
8647	12.79	-58.17	137.42	0.00	-0.24	0.72
8665	16.63	-61.25	125.46	-0.01	-0.25	0.70
8684	23.67	-65.11	114.97	-0.01	-0.27	0.63
8703	32.06	-67.50	108.15	0.01	-0.27	0.57
8722	41.37	-66.35	103.52	0.04	-0.29	0.50
8740	52.81	-61.49	100.01	0.04	-0.31	0.43
8759	58.72	-59.23	99.56	0.05	-0.27	0.38
8776	67.23	-53.92	102.25	0.05	-0.27	0.35
8794	73.27	-48.14	102.75	0.04	-0.25	0.31
8814	76.46	-42.83	97.63	0.03	-0.23	0.26
8832	76.58	-39.02	91.25	0.02	-0.21	0.23
8851	75.45	-37.29	88.35	0.02	-0.17	0.20
8868	68.95	-32.41	79.15	0.02	-0.15	0.18
8886	60.94	-30.32	61.49	0.02	-0.16	0.15
8905	52.58	-28.47	39.54	0.03	-0.14	0.14
8923	39.34	-17.72	20.08	0.01	-0.11	0.17
8942	31.66	-13.34	10.38	0.02	-0.09	0.20
8960	15.09	-7.81	-11.25	0.02	-0.09	0.23
8979	-1.46	-0.67	-33.78	-0.01	-0.09	0.29
8998	-15.47	1.91	-52.84	-0.01	-0.13	0.32
9017	-21.22	4.23	-71.81	-0.01	-0.19	0.35
9038	-23.76	3.51	-91.86	-0.02	-0.13	0.38
9056	-29.69	3.43	-107.18	-0.01	-0.18	0.43
9076	-25.30	1.40	-120.15	0.04	-0.26	0.45
9094	-18.95	1.43	-127.17	0.06	-0.17	0.51
9113	-12.56	1.39	-137.25	0.08	-0.09	0.52
9132	-21.88	4.87	-141.71	0.07	-0.02	0.60
9150	-32.75	6.24	-143.37	0.12	-0.10	0.69
9170	-33.86	13.96	-148.30	0.21	-0.11	0.78
9188	-40.70	26.03	-151.73	0.17	0.02	0.88
9206	-48.48	28.79	-151.06	0.08	0.00	0.94
9225	-61.29	24.81	-144.76	0.11	-0.08	0.99
9243	-60.73	25.97	-138.50	0.21	-0.11	1.10
9261	-60.06	31.71	-136.02	0.20	-0.08	1.15
9279	-60.04	34.24	-137.66	0.16	-0.13	1.25
9298	-57.82	33.29	-138.66	0.14	-0.18	1.32
9316	-47.93	28.06	-137.86	0.14	-0.16	1.34
9334	-38.65	23.97	-134.19	0.17	-0.12	1.37
9353	-29.05	23.77	-133.38	0.17	-0.16	1.35
9372	-16.34	25.22	-135.03	0.25	-0.11	1.44
9390	-13.52	34.62	-130.00	0.25	-0.02	1.59
9408	-13.99	37.58	-124.79	0.19	-0.05	1.56
9428	-8.38	35.13	-113.88	0.15	-0.08	1.47
9446	-4.36	32.27	-104.35	0.17	0.00	1.52
9464	-7.23	27.68	-97.35	0.10	0.04	1.53
9482	-13.57	16.22	-92.93	0.10	0.06	1.46
9499	-17.12	11.26	-91.69	0.12	0.05	1.44
9517	-25.16	7.14	-90.58	0.22	0.09	1.49
9535	-35.60	6.97	-87.54	0.12	0.05	1.52
9554	-40.60	-7.84	-82.55	0.07	0.00	1.51
9572	-41.08	-16.27	-79.67	0.18	-0.02	1.54
9591	-40.31	-23.54	-72.95	0.24	-0.00	1.56
9609	-40.88	-17.26	-63.25	0.28	-0.01	1.52
9629	-40.08	-7.81	-50.32	0.27	-0.03	1.46
9647	-36.97	1.36	-36.22	0.27	-0.05	1.48
9666	-32.76	9.80	-21.50	0.27	-0.05	1.50
9684	-30.53	13.87	-13.53	0.20	-0.07	1.49
9702	-24.40	15.58	3.17	0.17	-0.07	1.48
9720	-18.80	11.25	21.38	0.15	-0.05	1.47
9738	-14.77	7.29	41.60	0.17	-0.07	1.48
9756	-7.92	5.84	62.77	0.17	-0.08	1.46
9774	-4.62	5.81	73.70	0.19	-0.07	1.45
9792	-1.24	7.55	95.81	0.18	-0.05	1.41
9811	0.38	7.78	116.90	0.13	-0.07	1.37
9829	2.67	2.24	136.55	0.07	-0.05	1.35
9848	-1.04	-7.11	154.60	0.09	-0.03	1.30
9866	-3.89	-10.07	162.09	0.08	-0.05	1.25
9885	-9.70	-14.48	172.79	0.06	-0.06	1.23
9904	-14.98	-22.78	177.63	0.02	-0.09	1.18
9922	-19.33	-31.66	175.83	0.06	-0.13	1.14
9942	-21.59	-34.87	169.39	0.08	-0.16	1.09
9961	-20.60	-36.91	160.06	0.04	-0.21	1.05
9979	-15.27	-41.72	149.11	0.03	-0.26	1.01
9998	-10.96	-44.08	142.88	0.04	-0.31	0.95
10017	1.25	-47.79	129.84	0.04	-0.31	0.92
10035	13.92	-51.70	117.57	0.01	-0.30	0.86
10053	24.05	-56.43	108.72	0.02	-0.27	0.78
10071	31.22	-59.74	103.56	0.02	-0.26	0.71
10089	34.64	-61.02	101.84	0.01	-0.26	0.68
10107	40.27	-64.44	100.08	-0.01	-0.24	0.63
10125	44.69	-67.28	99.29	0.02	-0.24	0.56
10143	50.06	-67.26	100.23	0.02	-0.27	0.52
10162	58.85	-66.85	101.72	0.01	-0.30	0.48
10180	63.83	-66.80	102.81	0.02	-0.30	0.45
10198	72.83	-65.25	105.62	0.05	-0.26	0.39
10215	78.86	-60.21	106.52	0.08	-0.25	0.31
10233	83.53	-51.32	104.00	0.06	-0.24	0.24
10252	85.21	-48.03	102.33	0.04	-0.21	0.21
10270	83.16	-42.76	98.57	0.03	-0.15	0.19
10288	75.09	-39.34	89.83	0.04	-0.13	0.17
10305	65.81	-33.87	72.80	0.04	-0.13	0.15
10323	61.26	-30.62	62.99	0.03	-0.13	0.13
10341	51.97	-24.52	43.24	0.00	-0.12	0.17
10360	39.52	-23.62	21.53	0.04	-0.08	0.22
10378	25.38	-18.02	-3.89	0.05	-0.09	0.25
10396	10.83	-8.47	-28.37	0.03	-0.12	0.31
10414	5.14	-5.46	-39.67	0.03	-0.14	0.34
10432	-1.48	-2.59	-64.10	0.06	-0.16	0.39
10452	-8.83	7.75	-88.82	0.07	-0.12	0.40
10470	-19.29	16.59	-107.01	0.04	-0.17	0.43
10488	-20.60	17.07	-119.49	0.03	-0.21	0.49
10507	-19.09	16.40	-125.90	0.08	-0.16	0.54
10525	-19.67	20.22	-137.27	0.06	-0.11	0.55
10543	-27.31	21.09	-140.32	0.06	-0.12	0.60
10561	-31.56	20.05	-137.22	0.05	-0.13	0.68
10580	-32.76	20.58	-139.24	0.16	-0.16	0.76
10599	-32.85	24.46	-143.51	0.10	-0.01	0.82
10618	-44.19	25.96	-150.89	0.04	-0.04	0.86
10636	-55.89	18.42	-152.77	0.06	-0.07	0.88
10656	-60.79	15.95	-157.52	0.21	-0.08	0.94
10675	-65.69	28.59	-167.60	0.20	-0.08	1.02
10693	-70.21	32.73	-176.85	0.14	-0.14	1.14
10711	-62.16	29.50	-181.64	0.10	-0.20	1.18
10730	-56.26	26.52	-182.24	0.13	-0.18	1.23
10748	-44.05	28.21	-182.83	0.21	-0.19	1.31
10766	-33.20	32.26	-180.39	0.17	-0.16	1.30
10785	-23.64	33.49	-170.38	0.14	-0.11	1.34
10803	-24.37	26.75	-152.19	0.01	0.03	1.51
10821	-27.01	17.23	-141.71	-0.01	-0.02	1.51
10840	-24.48	-2.58	-123.87	0.04	-0.07	1.42
10860	-22.35	-11.78	-107.15	0.19	0.07	1.47
10878	-32.97	-6.67	-87.10	0.29	0.04	1.64
10896	-29.94	2.53	-70.28	0.23	-0.14	1.52
10914	-16.31	5.75	-57.72	0.20	-0.09	1.50
10933	-12.85	6.84	-51.44	0.23	-0.00	1.56
10951	-17.18	11.69	-37.12	0.25	0.04	1.64
10969	-20.28	12.70	-24.37	0.13	-0.02	1.55
10988	-19.82	1.97	-12.60	0.10	0.01	1.51
11006	-24.19	-6.12	0.18	0.17	0.05	1.50
11024	-27.11	-6.62	6.33	0.20	0.02	1.51
11042	-28.52	-5.69	16.62	0.18	-0.03	1.49
11061	-26.44	-6.73	26.02	0.20	-0.03	1.48
11079	-25.31	-3.68	35.16	0.24	-0.02	1.47
11098	-25.80	2.66	43.78	0.23	-0.00	1.50
11115	-26.57	4.39	48.08	0.19	-0.01	1.51
11133	-25.24	1.30	56.78	0.14	-0.07	1.54
11151	-17.32	-3.89	66.18	0.22	-0.10	1.53
11169	-9.46	3.25	76.95	0.27	-0.09	1.50
11188	-6.15	8.42	82.69	0.22	-0.11	1.47
11206	1.92	13.85	94.30	0.20	-0.11	1.46
11223	8.68	14.33	108.18	0.14	-0.07	1.42
11241	9.52	9.99	124.54	0.08	-0.04	1.39
11258	8.48	5.00	131.47	0.06	-0.04	1.36
11278	3.45	-6.99	141.97	0.04	-0.01	1.31
11296	-5.17	-18.71	150.59	0.04	-0.02	1.25
11314	-12.97	-28.02	157.81	0.05	-0.06	1.21
11334	-17.50	-33.49	160.48	0.09	-0.10	1.17
11352	-18.84	-33.77	158.91	0.10	-0.15	1.11
11372	-16.71	-33.00	154.19	0.08	-0.19	1.07
11390	-14.47	-33.52	150.71	0.06	-0.20	1.05
11410	-9.22	-36.59	142.58	0.04	-0.21	1.01
11428	-3.95	-40.36	134.46	0.03	-0.22	0.96
11446	1.13	-45.09	126.45	0.01	-0.22	0.92
11466	5.45	-49.97	118.76	0.01	-0.22	0.88
11484	9.40	-54.32	112.82	-0.01	-0.23	0.83
11503	11.38	-56.70	110.52	0.00	-0.24	0.78
11521	16.05	-59.97	106.60	0.02	-0.25	0.75
11539	23.12	-58.91	103.00	0.04	-0.28	0.68
11558	33.00	-55.68	100.63	0.01	-0.29	0.61
11576	42.92	-55.04	101.18	0.01	-0.27	0.54
11596	46.92	-54.26	102.60	0.03	-0.27	0.46
11614	55.36	-50.57	105.38	0.03	-0.28	0.41
11631	65.48	-48.00	105.68	-0.02	-0.30	0.32
11651	75.26	-49.33	104.57	-0.03	-0.28	0.25
11670	80.37	-51.35	103.97	-0.03	-0.20	0.20
11689	76.97	-51.71	99.79	-0.02	-0.16	0.15
11707	71.70	-52.12	85.82	-0.00	-0.16	0.11
11725	70.16	-54.29	75.81	0.00	-0.16	0.11
11744	62.53	-51.36	56.75	0.01	-0.13	0.13
11762	49.21	-42.11	39.34	0.00	-0.10	0.14
11781	34.99	-36.33	16.24	0.02	-0.09	0.17
11799	19.49	-26.52	-10.62	0.03	-0.10	0.22
11818	12.30	-21.16	-23.04	0.04	-0.11	0.28
11837	0.69	-12.21	-43.81	0.04	-0.14	0.30
11855	-5.39	-5.25	-65.23	0.06	-0.19	0.32
11875	-9.77	7.52	-87.25	0.05	-0.15	0.36
11894	-18.33	14.82	-102.10	0.04	-0.17	0.42
11912	-19.79	19.38	-113.28	0.06	-0.25	0.48
11931	-13.95	23.90	-126.54	0.07	-0.24	0.52
11950	-12.74	25.65	-130.80	0.07	-0.16	0.55
11970	-18.04	30.21	-128.10	0.07	-0.15	0.61
11989	-19.64	27.01	-121.78	0.05	-0.17	0.66
12008	-17.35	26.05	-124.05	0.11	-0.20	0.69
12026	-16.66	29.53	-124.50	0.13	-0.14	0.78
12045	-19.64	30.90	-115.20	0.05	-0.08	0.85
12064	-26.25	24.69	-109.77	0.10	-0.05	0.89
12083	-38.97	22.23	-112.69	0.11	0.02	0.92
12102	-46.69	21.04	-113.89	0.15	-0.05	1.02
12120	-56.00	20.77	-115.65	0.14	-0.06	1.08
12139	-60.56	20.52	-119.46	0.23	-0.13	1.18
12158	-58.35	25.63	-127.55	0.16	-0.13	1.13
12176	-56.15	23.03	-134.19	0.14	-0.04	1.27
12196	-57.72	17.88	-137.16	0.17	-0.15	1.44
12215	-52.23	15.81	-139.88	0.20	-0.24	1.45
12234	-33.07	14.24	-146.97	0.23	-0.23	1.43
12252	-18.71	20.37	-150.99	0.28	-0.10	1.57
12270	-12.21	26.15	-149.08	0.21	-0.14	1.66
12290	0.84	23.74	-147.34	0.18	-0.15	1.63
12308	10.15	20.13	-145.10	0.22	-0.05	1.65
12327	6.47	22.72	-139.63	0.23	0.07	1.73
12345	0.98	22.72	-134.63	0.14	0.08	1.69
12362	-10.96	8.35	-121.31	0.03	0.11	1.59
12381	-27.05	-11.60	-105.10	0.10	0.18	1.57
12400	-48.32	-21.96	-88.20	0.18	0.15	1.57
12418	-61.74	-24.67	-72.83	0.20	0.03	1.46
12438	-63.05	-24.72	-66.01	0.24	-0.04	1.40
12456	-59.80	-21.29	-52.93	0.29	-0.05	1.42
12476	-55.50	-9.93	-37.96	0.32	-0.06	1.45
12495	-48.02	1.37	-20.86	0.27	-0.13	1.42
12515	-34.42	9.46	-1.91	0.28	-0.15	1.43
12533	-20.03	19.71	17.52	0.29	-0.13	1.44
12551	-9.84	28.44	36.97	0.22	-0.09	1.46
12570	-6.64	29.75	47.04	0.14	-0.04	1.45
12588	-5.05	26.82	68.21	0.12	-0.04	1.44
12607	-3.56	20.66	89.65	0.13	-0.07	1.42
12625	-0.70	14.94	112.52	0.11	-0.08	1.42
12643	1.82	8.47	135.62	0.09	-0.07	1.38
12661	1.80	4.93	146.36	0.08	-0.06	1.33
12679	0.34	-2.12	165.31	0.08	-0.07	1.31
12697	-3.88	-9.09	179.28	0.08	-0.06	1.27
12716	-8.50	-15.20	188.25	0.07	-0.09	1.24
12735	-10.82	-22.29	191.27	0.04	-0.13	1.22
12754	-11.26	-29.60	189.10	0.06	-0.15	1.17
12772	-11.23	-31.75	186.89	0.07	-0.16	1.15
12791	-11.41	-34.30	180.22	0.04	-0.18	1.12
12810	-10.67	-39.06	168.47	0.05	-0.20	1.08
12829	-9.31	-41.41	152.28	0.04	-0.22	1.02
12848	-5.89	-44.43	133.30	0.02	-0.23	0.97
12866	-2.00	-47.99	114.41	0.02	-0.23	0.92
12886	0.05	-49.45	105.30	0.01	-0.25	0.87
12905	4.97	-52.43	87.31	0.03	-0.27	0.82
12923	11.72	-53.36	70.60	0.04	-0.28	0.79
12942	21.21	-51.03	56.21	0.05	-0.30	0.72
12959	31.97	-47.97	45.32	0.04	-0.29	0.66
12978	42.19	-44.46	38.60	0.05	-0.29	0.59
12996	47.61	-41.70	36.39	0.06	-0.30	0.56
13014	58.65	-34.73	33.95	0.05	-0.30	0.47
13033	70.72	-29.21	35.19	0.02	-0.30	0.39
13051	81.24	-27.37	42.05	-0.00	-0.27	0.31
13071	89.37	-28.64	51.82	0.00	-0.27	0.25
13089	95.38	-27.27	58.11	-0.00	-0.25	0.18
13108	97.58	-27.21	59.10	-0.01	-0.23	0.15
13127	100.05	-30.85	59.54	-0.02	-0.18	0.11
13146	92.56	-33.29	60.73	-0.02	-0.11	0.11
13165	77.06	-36.64	57.95	0.01	-0.04	0.13
13183	54.24	-30.58	46.68	0.02	-0.00	0.14
13202	27.31	-24.84	31.05	0.00	-0.01	0.18
13220	13.63	-20.46	24.43	0.01	-0.06	0.25
13238	-5.49	-15.37	10.24	0.02	-0.09	0.28
13258	-17.40	-13.49	-7.13	0.03	-0.08	0.30
13277	-29.16	-5.05	-26.26	0.00	-0.14	0.34
13296	-34.16	-3.07	-42.97	0.00	-0.17	0.38
13316	-32.17	-3.60	-56.27	0.02	-0.22	0.43
13334	-26.38	-1.30	-71.67	0.07	-0.18	0.48
13354	-24.55	3.52	-86.61	0.08	-0.17	0.55
13373	-23.76	3.59	-92.18	0.11	-0.16	0.58
13392	-22.08	9.06	-97.78	0.12	-0.18	0.60
13411	-18.45	16.40	-104.06	0.15	-0.14	0.68
13430	-21.67	23.54	-112.66	0.11	-0.05	0.75
13449	-30.59	25.45	-118.97	0.15	-0.06	0.84
13467	-37.03	30.79	-120.94	0.14	-0.09	0.91
13486	-40.74	30.11	-122.19	0.05	-0.07	1.00
13504	-43.32	25.09	-124.22	0.02	-0.01	1.12
13524	-52.73	10.68	-128.75	0.04	-0.03	1.17
13542	-55.82	-1.62	-132.37	0.13	-0.14	1.20
13561	-46.19	-0.89	-136.25	0.25	-0.17	1.26
13581	-35.02	8.39	-140.01	0.25	-0.19	1.34
13599	-19.55	14.95	-144.39	0.20	-0.17	1.28
13619	-10.99	23.48	-143.78	0.33	-0.01	1.38
13638	-15.91	41.49	-135.76	0.29	-0.00	1.52
13656	-16.31	46.14	-131.09	0.19	-0.07	1.53
13675	-9.26	42.50	-123.25	0.15	-0.08	1.56
13694	-4.27	36.30	-117.03	0.18	-0.02	1.68
13713	-5.54	29.50	-109.21	0.09	0.03	1.67
13732	-10.57	12.02	-98.07	0.02	0.09	1.60
13749	-23.18	-8.24	-83.94	0.07	0.16	1.60
13769	-31.77	-15.84	-76.55	0.14	0.15	1.64
13787	-47.81	-25.94	-62.55	0.15	0.12	1.60
13806	-57.66	-32.29	-50.49	0.18	0.05	1.51
13826	-59.19	-30.90	-41.52	0.30	-0.02	1.47
13844	-55.53	-16.57	-33.75	0.36	-0.05	1.48
13864	-48.19	1.56	-25.77	0.33	-0.10	1.42
13882	-36.01	16.63	-17.96	0.29	-0.12	1.38
13901	-29.34	22.55	-14.18	0.27	-0.11	1.41
13920	-16.98	32.18	-7.26	0.26	-0.10	1.43
13939	-7.78	36.44	-0.09	0.18	-0.06	1.47
13958	-3.86	30.91	8.80	0.11	-0.01	1.46
13976	-3.65	20.90	20.23	0.10	-0.02	1.43
13995	-3.37	12.31	33.25	0.10	-0.01	1.41
14012	-3.56	8.07	40.47	0.09	-0.01	1.39
14032	-5.39	1.11	56.38	0.13	-0.00	1.38
14050	-7.63	-1.42	75.21	0.15	-0.01	1.35
14068	-10.68	-1.07	95.46	0.13	-0.01	1.33
14088	-14.86	-2.47	114.12	0.12	-0.03	1.28
14106	-17.07	-3.89	130.94	0.10	-0.06	1.24
14125	-17.73	-4.78	138.05	0.09	-0.09	1.20
14144	-17.81	-7.40	147.95	0.08	-0.11	1.19
14164	-16.11	-11.55	152.97	0.06	-0.14	1.16
14182	-12.41	-16.04	152.76	0.05	-0.17	1.13
14200	-6.58	-20.72	147.29	0.06	-0.20	1.08
14219	-0.70	-23.57	138.15	0.05	-0.20	1.03
14237	4.15	-27.54	126.50	0.01	-0.21	1.00
14256	6.50	-31.07	119.67	-0.01	-0.21	0.97
14274	9.98	-39.51	105.62	-0.01	-0.20	0.91
14294	11.78	-48.28	93.06	-0.03	-0.18	0.86
14312	10.71	-56.03	83.82	-0.01	-0.19	0.80
14330	10.73	-61.49	77.22	-0.00	-0.20	0.75
14350	11.69	-63.84	74.08	0.02	-0.23	0.69
14368	13.50	-63.54	73.70	0.03	-0.25	0.66
14387	20.75	-60.35	76.78	0.05	-0.28	0.59
14405	31.16	-54.70	86.21	0.06	-0.29	0.53
14424	43.35	-46.83	98.77	0.11	-0.33	0.46
14442	60.52	-34.30	109.80	0.11	-0.36	0.38
14460	69.76	-28.64	115.26	0.05	-0.33	0.34
14479	85.33	-22.80	126.45	0.02	-0.31	0.32
14497	94.91	-23.67	133.68	-0.01	-0.27	0.28
14515	98.34	-26.34	134.14	-0.01	-0.23	0.22
14534	94.94	-27.27	131.06	-0.01	-0.15	0.17
14553	83.11	-28.81	126.04	-0.01	-0.09	0.15
14573	75.15	-29.97	121.81	0.01	-0.05	0.16
14591	56.93	-31.14	106.77	0.02	-0.04	0.16
14609	35.31	-21.29	83.25	0.02	-0.04	0.18
14627	12.31	-9.17	56.08	-0.03	-0.01	0.25
14647	-7.74	-9.16	26.99	-0.04	-0.05	0.31
14665	-20.78	-8.12	-5.94	-0.04	-0.13	0.36
14686	-26.67	-8.51	-39.25	-0.05	-0.14	0.43
14705	-30.84	-14.94	-67.40	-0.03	-0.13	0.47
14725	-32.41	-18.46	-80.11	0.01	-0.19	0.47
14744	-31.40	-17.50	-108.08	0.04	-0.20	0.48
14764	-29.25	-10.73	-135.59	0.04	-0.13	0.55
14783	-31.57	-12.79	-152.04	0.05	-0.10	0.64
14803	-34.94	-11.41	-160.95	0.11	-0.16	0.67
14821	-30.53	-1.42	-174.10	0.19	-0.16	0.69
14840	-32.87	12.94	-181.50	0.17	-0.05	0.75
14860	-39.63	22.29	-174.87	0.17	-0.08	0.89
14879	-41.93	29.59	-165.77	0.17	-0.10	0.91
14898	-45.32	37.49	-161.48	0.22	-0.04	0.96
14916	-49.03	42.47	-158.77	0.19	-0.03	0.98
14935	-56.67	43.79	-149.34	0.08	-0.05	1.00
14955	-59.43	36.38	-140.55	0.12	-0.06	1.05
14973	-60.12	34.93	-132.43	0.15	-0.05	1.13
14993	-60.68	34.76	-120.32	0.20	-0.08	1.21
15011	-51.39	35.32	-105.29	0.13	-0.20	1.31
15031	-40.74	32.29	-97.92	0.12	-0.27	1.38
15049	-13.76	24.92	-85.95	0.24	-0.24	1.50
15067	12.07	26.05	-78.34	0.31	-0.25	1.56
15086	37.12	38.53	-74.54	0.28	-0.24	1.62
15104	57.08	41.47	-71.76	0.13	-0.12	1.60
15123	60.20	28.75	-66.67	0.06	0.08	1.58
15141	53.68	20.86	-63.17	0.10	0.21	1.58
15159	30.15	8.21	-55.91	0.09	0.24	1.59
15177	1.46	-6.87	-49.51	0.05	0.25	1.53
15195	-25.73	-25.02	-47.59	0.12	0.24	1.50
15215	-51.30	-29.05	-49.21	0.26	0.19	1.45
15233	-61.68	-25.44	-50.80	0.29	0.09	1.42
15251	-73.33	-15.93	-54.37	0.27	0.03	1.40
15271	-71.79	-8.56	-58.32	0.28	-0.08	1.37
15290	-59.83	1.59	-62.93	0.34	-0.14	1.40
15309	-43.88	16.02	-66.64	0.31	-0.15	1.45
15327	-27.65	23.94	-66.97	0.23	-0.14	1.44
15346	-12.89	24.66	-62.73	0.18	-0.12	1.41
15365	-0.56	22.19	-55.36	0.16	-0.09	1.43
15384	4.36	19.97	-51.12	0.15	-0.08	1.43
15403	8.41	14.01	-41.43	0.12	0.03	1.42
15420	1.37	6.71	-27.94	0.13	0.08	1.40
15438	-8.82	1.51	-10.51	0.11	0.07	1.40
15456	-13.47	-2.20	-0.55	0.10	0.05	1.37
15475	-21.91	-9.38	19.71	0.12	0.05	1.36
15494	-29.36	-12.15	38.79	0.16	0.01	1.34
15512	-34.00	-12.44	54.92	0.13	-0.02	1.30
15531	-37.37	-14.82	68.07	0.10	-0.05	1.25
15550	-38.51	-19.78	77.59	0.09	-0.09	1.19
15570	-35.74	-24.14	82.86	0.08	-0.15	1.15
15588	-32.39	-26.17	84.34	0.10	-0.20	1.12
15606	-22.16	-28.76	85.02	0.12	-0.22	1.11
15625	-8.77	-27.89	84.41	0.14	-0.24	1.09
15644	5.16	-25.30	84.92	0.13	-0.24	1.05
15663	16.22	-23.07	86.85	0.11	-0.20	1.01
15681	20.98	-23.68	90.65	0.06	-0.16	0.97
15699	21.21	-25.96	93.11	0.04	-0.16	0.95
15718	20.65	-32.52	98.31	0.04	-0.16	0.90
15736	19.87	-36.99	103.91	0.05	-0.16	0.86
15754	18.69	-39.86	110.60	0.07	-0.17	0.83
15773	19.67	-39.15	118.91	0.09	-0.22	0.77
15790	21.91	-37.45	123.72	0.09	-0.23	0.75
15809	28.85	-34.12	133.82	0.08	-0.27	0.71
15827	39.63	-31.86	142.78	0.07	-0.31	0.67
15846	54.37	-29.94	150.04	0.07	-0.33	0.61
15864	69.12	-29.75	156.91	0.03	-0.32	0.56
15881	75.99	-31.56	160.57	0.02	-0.31	0.53
15900	86.98	-35.57	167.62	0.04	-0.29	0.46
15918	95.75	-35.60	171.86	0.07	-0.29	0.39
15937	102.84	-35.20	172.18	0.01	-0.26	0.31
15955	106.48	-40.80	169.48	-0.02	-0.26	0.23
15974	107.70	-45.58	166.82	-0.02	-0.25	0.21
15993	106.98	-48.84	159.33	0.02	-0.21	0.20
16011	99.59	-49.10	148.67	0.03	-0.15	0.19
16030	86.07	-48.37	133.15	0.05	-0.10	0.20
16048	68.98	-45.43	111.10	0.09	-0.08	0.21
16065	60.21	-40.97	97.44	0.12	-0.08	0.25
16085	40.41	-23.44	64.44	0.12	-0.06	0.28
16103	17.47	-1.27	27.44	0.09	-0.04	0.34
16121	-0.63	10.47	-7.89	0.05	-0.10	0.39
16140	-10.03	12.21	-40.42	0.05	-0.12	0.42
16158	-14.01	14.11	-56.05	0.05	-0.09	0.47
16178	-25.07	17.81	-84.98	0.03	-0.08	0.49
16196	-37.37	16.75	-110.18	0.04	-0.11	0.51
16216	-41.99	16.19	-130.65	0.07	-0.17	0.54
16234	-41.79	16.85	-148.38	0.05	-0.13	0.61
16252	-47.49	14.89	-163.42	0.07	-0.07	0.64
16271	-56.17	12.44	-173.40	0.06	-0.08	0.67
16290	-58.65	9.99	-179.29	0.14	-0.13	0.70
16310	-58.35	12.48	-181.69	0.17	-0.11	0.79
16328	-59.63	19.33	-185.46	0.16	-0.08	0.83
16346	-65.89	20.66	-188.55	0.11	-0.04	0.88
16366	-68.18	18.22	-190.77	0.14	-0.14	0.94
16384	-61.34	19.17	-188.06	0.18	-0.16	1.06
16404	-49.97	20.75	-183.29	0.15	-0.17	1.15
16422	-43.56	20.40	-180.98	0.14	-0.21	1.20
16442	-27.08	18.60	-174.65	0.17	-0.16	1.27
16460	-10.77	19.50	-161.79	0.17	-0.09	1.32
16478	-4.97	21.88	-142.27	0.16	-0.05	1.36
16498	-1.07	20.36	-124.02	0.12	-0.03	1.31
16516	-1.59	17.44	-111.47	0.16	0.07	1.39
16535	-11.37	19.45	-102.36	0.21	0.09	1.48
16553	-15.55	21.12	-98.95	0.18	0.06	1.49
16571	-19.42	19.04	-92.97	0.14	0.02	1.53
16590	-19.81	12.45	-86.96	0.13	0.01	1.66
16608	-19.49	0.40	-80.73	0.08	0.02	1.63
16627	-20.68	-14.22	-74.81	0.09	0.05	1.54
16646	-22.75	-19.88	-71.87	0.17	0.11	1.58
16664	-31.63	-24.23	-65.43	0.20	0.09	1.60
16683	-37.89	-24.15	-59.25	0.20	0.03	1.55
16702	-38.42	-22.96	-53.28	0.23	0.00	1.49
16721	-38.30	-16.02	-46.13	0.29	0.03	1.47
16740	-39.79	-4.10	-36.88	0.27	0.01	1.47
16759	-37.03	4.41	-26.70	0.24	-0.05	1.43
16777	-33.54	7.72	-21.48	0.24	-0.08	1.42
16796	-24.22	14.08	-11.35	0.24	-0.07	1.43
16816	-15.98	20.57	-2.21	0.23	-0.05	1.46
16834	-10.04	22.80	6.45	0.17	-0.04	1.47
16853	-4.68	19.44	14.76	0.16	-0.04	1.46
16871	0.31	16.85	24.17	0.16	-0.04	1.45
16888	2.29	15.66	29.69	0.14	-0.04	1.44
16907	5.04	11.75	42.37	0.13	0.00	1.41
16924	2.90	7.57	55.77	0.13	0.03	1.38
16942	-2.59	3.43	66.70	0.11	0.03	1.33
16960	-6.18	0.29	70.92	0.06	0.03	1.30
16977	-14.40	-9.58	78.52	0.05	0.03	1.27
16997	-24.15	-19.84	86.06	0.09	0.04	1.22
17014	-34.70	-24.29	93.31	0.12	-0.01	1.17
17034	-41.32	-24.95	98.54	0.13	-0.07	1.12
17052	-42.27	-24.23	100.62	0.11	-0.15	1.10
17070	-37.84	-25.02	103.24	0.11	-0.19	1.08
17089	-27.02	-25.63	103.38	0.13	-0.24	1.05
17108	-12.99	-23.82	102.25	0.13	-0.27	1.00
17128	0.44	-23.67	101.73	0.08	-0.24	0.97
17145	9.69	-28.64	102.65	0.02	-0.23	0.93
17163	13.12	-33.48	103.18	-0.02	-0.22	0.88
17183	18.40	-45.52	103.42	-0.02	-0.22	0.87
17202	22.14	-57.75	103.42	-0.01	-0.22	0.82
17221	24.51	-65.95	103.32	0.05	-0.21	0.79
17239	26.38	-64.22	103.50	0.14	-0.24	0.72
17258	32.33	-52.76	103.06	0.17	-0.27	0.66
17276	41.41	-39.90	104.55	0.14	-0.29	0.61
17294	46.52	-34.53	106.54	0.12	-0.29	0.59
17314	57.28	-25.44	112.43	0.12	-0.29	0.51
17332	67.70	-15.46	119.22	0.13	-0.29	0.43
17351	78.89	-6.67	125.17	0.07	-0.28	0.36
17368	88.04	-7.23	131.24	0.02	-0.26	0.31
17386	91.75	-7.78	134.11	0.01	-0.26	0.29
17405	98.10	-11.41	138.67	0.02	-0.24	0.23
17423	100.04	-13.66	139.56	0.02	-0.20	0.19
17442	97.12	-15.90	136.18	0.01	-0.15	0.18
17460	87.75	-18.80	131.01	0.01	-0.11	0.18
17479	81.21	-19.81	126.97	0.00	-0.09	0.19
17497	64.42	-20.65	112.52	0.04	-0.06	0.20
17516	45.76	-18.19	89.81	0.05	-0.06	0.23
17535	27.25	-11.93	62.24	0.03	-0.07	0.29
17552	12.44	-8.83	32.15	0.03	-0.11	0.34
17571	2.17	-6.06	-1.36	0.06	-0.11	0.40
17590	-3.54	-3.42	-19.03	0.07	-0.10	0.41
17609	-17.04	1.80	-52.72	0.05	-0.09	0.44
17629	-27.88	3.33	-80.06	0.03	-0.14	0.47
17647	-30.38	0.99	-106.28	0.05	-0.19	0.51
17666	-30.94	3.01	-133.61	0.10	-0.10	0.56
17684	-39.51	5.98	-154.08	0.06	-0.09	0.60
17703	-45.62	4.10	-166.93	0.05	-0.13	0.65
17722	-46.36	2.53	-172.65	0.11	-0.14	0.69
17741	-46.72	2.79	-184.28	0.17	-0.09	0.74
17760	-55.91	7.46	-190.52	0.09	-0.02	0.84
17778	-63.10	2.75	-188.77	0.08	-0.13	0.88
17798	-59.54	0.31	-185.42	0.23	-0.16	0.95
17817	-53.97	13.31	-180.85	0.25	-0.14	1.03
17836	-49.15	18.81	-171.28	0.11	-0.14	1.10
17854	-45.62	15.79	-164.25	0.15	-0.18	1.20
17873	-34.26	11.90	-148.35	0.20	-0.16	1.25
17892	-24.75	17.09	-131.64	0.23	-0.12	1.27
17910	-19.65	19.61	-115.46	0.12	-0.07	1.30
17930	-16.27	12.12	-101.43	0.12	-0.09	1.30
17948	-11.76	9.72	-89.98	0.23	-0.01	1.42
17967	-13.21	12.22	-83.88	0.21	0.01	1.53
17986	-18.08	14.10	-71.18	0.16	-0.03	1.54
18004	-14.62	6.93	-60.73	0.17	-0.08	1.50
18024	-6.71	5.33	-52.84	0.22	-0.08	1.55
18042	-0.78	7.00	-46.88	0.23	-0.04	1.60
18062	0.47	6.97	-42.50	0.18	0.00	1.54
18079	-2.55	3.92	-39.96	0.17	0.06	1.48
18097	-6.88	2.85	-39.12	0.17	0.11	1.49
18116	-20.07	0.61	-36.62	0.20	0.10	1.51
18134	-29.14	-0.49	-35.14	0.19	0.05	1.47
18154	-32.64	-0.95	-34.65	0.25	0.00	1.47
18172	-32.87	4.82	-34.61	0.28	-0.00	1.51
18190	-32.71	8.93	-34.13	0.24	-0.02	1.47
18209	-31.51	14.47	-31.91	0.23	-0.03	1.45
18228	-28.21	17.33	-28.08	0.23	-0.04	1.44
18248	-23.79	22.46	-22.20	0.26	-0.03	1.46
18266	-22.16	27.19	-12.91	0.21	-0.01	1.47
18285	-21.38	26.66	2.50	0.18	-0.02	1.46
18303	-18.26	24.41	22.74	0.16	-0.06	1.42
18321	-15.23	23.24	34.13	0.15	-0.07	1.40
18341	-9.02	21.01	60.23	0.16	-0.02	1.37
18359	-7.95	22.19	93.38	0.14	0.00	1.31
18376	-5.14	19.93	129.76	0.07	-0.05	1.28
18395	3.33	11.57	164.08	0.06	-0.10	1.26
18412	8.73	7.43	179.86	0.07	-0.10	1.26
18430	18.57	0.43	207.20	0.08	-0.10	1.26
18449	25.21	-6.03	225.74	0.08	-0.08	1.23
18467	26.96	-12.51	236.79	0.05	-0.03	1.19
18486	22.54	-19.56	242.34	0.06	-0.01	1.16
18504	19.00	-22.25	242.39	0.07	-0.01	1.14
18523	10.42	-24.17	235.81	0.10	-0.02	1.11
18541	1.46	-22.49	220.18	0.09	-0.03	1.09
18559	-6.77	-21.22	197.22	0.07	-0.04	1.07
18579	-14.42	-21.27	167.94	0.05	-0.06	1.03
18597	-21.00	-23.44	134.55	0.01	-0.08	1.00
18617	-23.57	-25.67	117.02	-0.02	-0.10	0.96
18636	-27.50	-31.98	81.94	-0.03	-0.11	0.93
18655	-30.03	-39.18	49.33	-0.03	-0.13	0.88
18675	-29.24	-44.88	20.55	-0.03	-0.17	0.83
18693	-25.88	-50.34	-2.49	-0.03	-0.18	0.79
18713	-21.24	-54.41	-18.10	-0.01	-0.20	0.72
18732	-15.64	-53.99	-24.77	0.00	-0.21	0.65
18752	-8.12	-52.51	-22.29	0.01	-0.25	0.59
18771	4.59	-48.31	-14.08	0.05	-0.31	0.53
18790	13.09	-43.90	-8.70	0.07	-0.33	0.46
18809	31.46	-32.82	4.21	0.07	-0.33	0.42
18827	49.07	-21.99	17.76	0.05	-0.33	0.33
18846	65.83	-14.51	29.46	0.01	-0.33	0.27
18864	82.00	-10.68	37.78	0.01	-0.32	0.23
18882	93.73	-7.26	42.21	0.01	-0.26	0.20
18901	96.76	-5.83	42.36	0.00	-0.24	0.18
18918	97.89	-4.09	38.16	-0.01	-0.18	0.14
18938	93.34	-3.75	28.72	-0.02	-0.14	0.14
18957	79.90	-6.29	17.14	-0.03	-0.03	0.19
18975	54.60	-10.13	3.54	-0.04	0.03	0.23
18994	24.08	-9.63	-15.30	-0.05	0.01	0.27
19012	9.43	-7.95	-25.60	-0.06	-0.02	0.30
19031	-12.94	-13.95	-44.82	-0.09	-0.08	0.38
19051	-23.90	-29.80	-60.88	-0.05	-0.11	0.45
19070	-31.07	-36.47	-77.91	0.02	-0.16	0.46
19089	-32.65	-34.00	-95.21	0.05	-0.20	0.47
19108	-29.07	-29.79	-105.93	0.10	-0.19	0.54
19126	-24.20	-22.78	-111.66	0.15	-0.19	0.61
19145	-21.61	-16.98	-115.81	0.18	-0.15	0.65
19164	-20.31	-3.46	-125.56	0.19	-0.11	0.67
19184	-26.28	8.99	-131.06	0.15	-0.06	0.74
19202	-33.87	14.74	-128.97	0.13	-0.04	0.82
19220	-41.61	20.49	-126.72	0.20	-0.06	0.90
19238	-49.15	31.78	-129.79	0.23	-0.02	0.97
19259	-61.08	38.68	-129.32	0.14	-0.02	1.06
19277	-64.74	37.87	-126.16	0.04	-0.12	1.06
19296	-62.13	28.23	-116.74	0.04	-0.15	1.07
19315	-54.46	17.38	-108.49	0.09	-0.09	1.18
19333	-50.23	10.65	-102.68	0.12	-0.10	1.19
19353	-41.98	6.67	-98.14	0.14	-0.12	1.16
19371	-32.70	6.82	-93.22	0.19	-0.09	1.23
19391	-25.97	10.65	-88.20	0.18	-0.09	1.34
19409	-22.06	10.93	-87.11	0.15	-0.10	1.35
19429	-13.14	8.87	-88.26	0.18	-0.09	1.35
19447	-6.48	13.11	-92.30	0.28	-0.03	1.40
19466	-6.09	24.63	-96.25	0.25	-0.01	1.45
19485	-6.44	29.34	-98.85	0.17	-0.02	1.44
19503	-6.73	24.63	-100.74	0.12	-0.01	1.42
19523	-10.45	16.05	-102.55	0.12	0.06	1.46
19541	-14.77	11.84	-103.10	0.11	0.08	1.46
19560	-24.17	2.82	-103.49	0.13	0.05	1.42
19578	-29.43	-4.52	-104.66	0.13	0.03	1.40
19597	-33.36	-11.84	-104.92	0.15	0.04	1.44
19616	-39.11	-17.55	-101.55	0.19	0.05	1.47
19634	-42.94	-19.82	-94.50	0.23	0.00	1.43
19653	-42.66	-18.33	-90.27	0.29	-0.04	1.40
19673	-38.93	-9.17	-80.81	0.30	-0.05	1.40
19691	-34.62	2.41	-69.24	0.28	-0.03	1.40
19711	-31.92	10.97	-53.70	0.25	-0.02	1.39
19729	-28.99	15.90	-35.23	0.21	-0.04	1.38
19749	-25.45	16.82	-16.19	0.18	-0.03	1.39
19768	-22.46	14.18	3.49	0.14	-0.03	1.40
19786	-20.95	11.23	13.55	0.13	-0.06	1.39
19804	-16.20	4.53	33.45	0.13	-0.07	1.38
19822	-8.47	0.56	52.89	0.15	-0.09	1.37
19841	0.49	-0.02	72.10	0.17	-0.09	1.37
19859	7.29	1.10	93.57	0.16	-0.07	1.37
19878	10.01	1.13	104.87	0.11	-0.06	1.33
19896	14.74	-1.43	127.78	0.10	-0.05	1.31
19914	18.86	-6.62	151.37	0.08	-0.07	1.27
19932	22.13	-8.15	179.14	0.12	-0.05	1.22
19950	24.15	-6.59	210.02	0.09	-0.06	1.18
19970	25.85	-7.22	238.86	0.07	-0.05	1.15
19988	25.34	-7.93	250.55	0.08	-0.04	1.15
20006	21.87	-7.22	266.16	0.09	-0.03	1.12
20024	16.02	-6.01	269.71	0.06	-0.04	1.09
20042	10.41	-8.30	260.59	-0.01	-0.06	1.07
20061	4.29	-15.85	239.09	-0.02	-0.08	1.05
20080	1.28	-19.84	224.41	-0.04	-0.10	1.02
20098	-4.55	-28.12	188.96	-0.04	-0.10	1.01
20118	-10.30	-35.78	148.48	-0.03	-0.11	0.98
20137	-14.11	-41.32	105.68	-0.02	-0.14	0.94
20157	-14.77	-44.60	62.85	0.01	-0.17	0.90
20176	-13.24	-44.04	22.90	0.02	-0.18	0.86
20196	-10.24	-42.66	-10.93	0.01	-0.19	0.82
20215	-6.06	-40.85	-36.58	0.02	-0.22	0.76
20233	0.37	-37.54	-53.51	0.02	-0.24	0.72
20252	4.49	-36.30	-58.69	0.01	-0.25	0.69
20271	15.34	-34.33	-62.55	0.01	-0.28	0.63
20289	29.11	-30.58	-57.54	0.06	-0.30	0.56
20308	44.66	-21.22	-46.07	0.10	-0.31	0.49
20326	60.50	-8.18	-32.04	0.10	-0.33	0.42
20344	68.57	-2.35	-24.31	0.07	-0.33	0.35
20363	85.19	6.64	-7.35	0.07	-0.33	0.32
20381	99.61	13.28	9.80	0.07	-0.29	0.28
20399	108.08	20.84	25.10	0.09	-0.27	0.24
20416	111.02	24.96	31.31	0.09	-0.21	0.21
20433	111.18	32.99	40.08	0.07	-0.18	0.21
20451	103.81	35.22	44.80	0.02	-0.12	0.21
20468	88.76	32.36	45.03	-0.03	-0.03	0.26
20487	76.95	28.49	43.93	-0.06	0.04	0.29
20504	47.10	18.11	38.80	-0.06	0.05	0.31
20522	16.46	9.69	28.20	-0.05	0.01	0.34
20539	-6.87	-0.24	12.95	-0.05	-0.04	0.38
20558	-15.55	-5.29	4.65	-0.05	-0.07	0.42
20576	-28.90	-13.64	-12.01	-0.05	-0.08	0.43
20596	-38.79	-23.19	-29.39	-0.02	-0.09	0.45
20615	-42.97	-29.04	-47.99	0.01	-0.15	0.47
20634	-42.02	-32.10	-64.10	0.04	-0.11	0.55
20653	-43.38	-32.03	-75.30	0.08	-0.10	0.61
20671	-44.39	-28.64	-85.54	0.12	-0.10	0.62
20691	-44.54	-22.55	-96.45	0.14	-0.08	0.66
20709	-44.97	-19.10	-100.51	0.15	-0.08	0.70
20728	-44.11	-11.06	-105.53	0.17	-0.11	0.74
20747	-40.28	-0.99	-110.20	0.18	-0.10	0.76
20766	-38.89	8.21	-114.12	0.19	-0.03	0.84
20784	-41.99	15.29	-114.36	0.12	-0.04	0.88
20802	-41.69	15.41	-113.13	0.11	-0.14	0.96
20821	-33.11	13.87	-110.55	0.14	-0.15	1.00
20839	-24.87	15.08	-109.18	0.13	-0.01	1.06
20859	-27.88	12.10	-107.13	0.09	0.01	1.12
20877	-27.28	6.13	-106.23	0.10	-0.05	1.16
20895	-21.94	1.79	-105.10	0.13	-0.00	1.26
20915	-21.42	-1.13	-100.57	0.15	0.03	1.33
20933	-21.74	-2.24	-98.27	0.16	0.01	1.34
20952	-19.32	-2.14	-94.85	0.20	-0.03	1.39
20971	-14.68	1.16	-93.44	0.26	-0.04	1.46
20989	-10.28	9.00	-94.15	0.26	-0.01	1.48
21007	-9.96	13.87	-94.82	0.20	0.01	1.46
21026	-12.05	11.28	-94.76	0.15	0.04	1.48
21044	-14.28	8.13	-94.01	0.14	0.06	1.52
21062	-20.74	-0.53	-90.21	0.12	0.06	1.52
21080	-25.30	-11.83	-84.92	0.09	0.05	1.48
21099	-30.18	-25.65	-78.37	0.10	0.07	1.45
21117	-36.30	-36.42	-70.65	0.14	0.06	1.37
21136	-38.67	-38.64	-67.11	0.18	0.04	1.31
21154	-39.08	-35.26	-62.29	0.25	-0.02	1.22
21173	-34.77	-23.35	-60.49	0.30	-0.05	1.16
21191	-29.39	-7.48	-59.42	0.30	-0.04	1.13
21210	-24.78	5.77	-56.34	0.24	-0.05	1.08
21229	-18.08	12.88	-52.80	0.19	-0.08	1.03
21248	-14.13	14.91	-51.27	0.18	-0.08	1.01
21266	-6.50	17.24	-48.54	0.16	-0.07	0.99
21284	-1.69	16.75	-45.32	0.12	-0.04	0.98
21303	0.96	13.09	-41.32	0.11	-0.04	0.98
21321	3.74	7.89	-37.16	0.10	-0.04	1.00
21339	5.23	4.84	-34.85	0.08	-0.03	1.00
21357	6.84	-2.64	-30.17	0.08	-0.02	0.99
21375	6.77	-10.04	-25.53	0.08	0.01	0.97
21393	3.42	-16.40	-20.61	0.10	0.04	0.96
21411	0.56	-18.75	-17.91	0.11	0.04	0.95
21429	-6.00	-22.03	-12.53	0.13	0.04	0.95
21448	-10.74	-23.03	-8.16	0.16	0.01	0.95
21466	-11.66	-20.58	-5.49	0.19	-0.03	0.95
21485	-9.51	-14.74	-3.16	0.21	-0.04	0.96
21504	-6.27	-7.55	-0.52	0.21	-0.05	0.95
21523	-4.43	-3.97	0.95	0.22	-0.05	0.97
21543	-1.48	3.60	3.43	0.22	-0.05	0.97
21561	0.49	12.15	5.77	0.21	-0.05	0.97
21579	4.21	21.45	8.30	0.55	-0.29	1.66
21597	2.35	37.08	17.46	0.14	-0.16	1.02
21615	3.56	28.90	15.15	-0.00	-0.06	0.77
21634	8.24	19.41	16.77	-0.00	-0.03	0.82
21652	8.19	8.88	19.50	0.17	-0.10	1.01
21669	14.95	25.01	29.01	0.10	-0.09	1.06
21688	12.22	11.67	27.92	0.10	-0.09	0.89
21705	15.15	13.98	30.35	0.08	-0.10	0.88
21724	19.52	10.70	31.30	0.11	-0.15	1.01
21741	24.34	8.96	31.11	0.10	-0.14	0.96
21759	29.42	8.04	28.92	0.11	-0.14	0.93
21777	33.46	8.12	27.08	0.12	-0.14	1.00
21794	37.90	8.56	22.72	0.10	-0.11	0.97
21814	41.75	6.53	18.66	0.07	-0.06	0.95
21832	41.44	4.71	15.73	0.08	0.09	1.07
21848	36.54	4.93	14.69	0.05	0.23	1.00
21866	22.90	1.07	12.25	0.04	0.22	0.87
21883	9.00	-3.43	9.64	0.07	0.24	0.98
21902	-5.51	-6.29	5.81	0.10	0.20	0.95
21921	-17.09	-7.52	1.82	0.14	0.14	0.94
21939	-21.51	-6.91	0.52	0.17	0.11	0.98
21958	-24.51	-2.06	0.23	0.24	-0.09	1.00
21976	-13.81	5.81	1.04	0.21	-0.25	0.94
21994	1.59	10.25	-0.90	0.15	-0.24	0.95
22013	15.09	10.82	-1.01	0.07	-0.12	0.99
22031	18.65	8.96	-1.08	0.04	0.06	1.00
22050	16.45	4.52	-1.46	0.04	0.11	0.97
22067	8.68	-0.05	-0.55	0.04	0.15	0.96
22085	-0.70	-4.06	0.76	0.06	0.15	0.96
22103	-5.29	-5.65	1.39	0.09	0.12	0.96
22122	-13.06	-7.66	2.32	0.11	0.09	0.97
22140	-15.99	-7.64	2.43	0.15	-0.05	0.99
22159	-9.05	-4.50	0.93	0.19	-0.19	0.95
22177	2.46	0.35	-1.48	0.19	-0.18	0.95
22195	11.18	4.44	-2.49	0.15	-0.05	0.98
22214	12.45	5.39	-2.24	0.11	0.08	0.98
22232	8.88	5.33	-1.63	0.09	0.10	0.96
22250	2.11	3.60	-1.02	0.07	0.11	0.96
22268	-4.75	0.67	-0.34	0.07	0.09	0.97
22286	-7.31	-0.87	-0.06	0.07	0.02	0.98
22305	-9.37	-3.95	0.44	0.08	-0.03	0.98
22323	-5.60	-5.83	0.38	0.12	-0.11	0.97
22343	1.60	-4.73	-0.47	0.16	-0.10	0.96
22361	6.53	-1.45	-1.34	0.17	-0.02	0.97
22379	5.91	1.65	-1.31	0.15	0.06	0.96
22398	3.98	2.76	-0.81	0.12	0.08	0.97
22415	-0.82	3.68	0.12	0.11	0.07	0.96
22434	-4.62	2.78	0.34	0.08	0.03	0.97
22452	-5.14	0.70	0.03	0.08	-0.03	0.98
22470	-2.00	-1.85	-0.21	0.09	-0.07	0.97