Time	Gx	Gy	Gz	Ax	Ay	Az
17925	8.06	-4.84	-1.22	-0.01	-0.10	1.03
17944	12.73	-10.38	-1.16	-0.05	-0.11	1.25
17965	32.04	-29.07	-3.63	0.05	-0.01	1.53
17983	47.76	-42.95	-6.56	0.10	0.05	1.60
18002	53.70	-48.11	-10.74	0.17	0.13	1.64
18021	51.68	-41.67	-16.74	0.31	0.17	1.64
18039	45.68	-20.49	-25.21	0.40	0.21	1.68
18058	36.06	5.91	-33.29	0.38	0.23	1.69
18076	30.33	17.72	-36.50	0.33	0.25	1.65
18094	17.47	37.70	-40.37	0.31	0.26	1.62
18112	2.91	53.09	-41.18	0.25	0.26	1.59
18130	-11.23	58.84	-40.51	0.13	0.27	1.59
18149	-24.37	50.48	-37.99	0.02	0.22	1.56
18167	-28.24	42.16	-36.36	-0.02	0.11	1.51
18186	-27.28	21.77	-33.02	-0.02	0.08	1.47
18205	-19.65	4.65	-28.55	0.05	0.05	1.38
18223	-9.80	-1.71	-23.21	0.12	0.03	1.30
18243	0.78	-0.96	-17.12	0.14	0.05	1.20
18261	9.66	5.22	-10.50	0.22	0.05	1.12
18279	13.81	11.84	-7.54	0.24	0.06	1.06
18297	19.21	28.24	-2.81	0.22	0.09	0.96
18315	20.16	41.73	1.98	0.17	0.12	0.84
18334	18.60	49.36	4.47	0.12	0.12	0.75
18351	14.79	50.31	4.90	0.05	0.15	0.66
18368	11.17	48.03	4.99	0.03	0.17	0.61
18387	1.85	40.92	5.26	-0.02	0.16	0.53
18405	-6.91	29.71	4.50	-0.04	0.15	0.47
18423	-15.20	18.46	2.47	-0.03	0.14	0.40
18441	-19.12	13.47	1.08	-0.02	0.13	0.31
18461	-27.08	5.33	-2.56	-0.02	0.13	0.27
18479	-35.93	-1.51	-6.99	-0.01	0.11	0.19
18499	-42.48	-4.58	-12.66	0.03	0.09	0.14
18517	-47.88	-4.41	-18.28	0.01	0.07	0.07
18538	-52.09	-6.39	-23.39	-0.01	0.06	0.02
18557	-55.25	-8.91	-27.80	-0.01	0.03	-0.01
18576	-54.37	-11.35	-33.14	-0.00	-0.01	-0.04
18597	-50.57	-12.31	-37.86	-0.03	-0.02	-0.04
18617	-43.62	-16.31	-40.79	-0.06	-0.06	-0.01
18637	-31.40	-23.76	-42.14	-0.07	-0.09	0.02
18657	-16.75	-32.01	-41.44	-0.05	-0.08	0.07
18677	-4.01	-36.24	-39.41	-0.04	-0.07	0.12
18697	8.32	-41.73	-36.25	-0.05	-0.06	0.17
18716	14.07	-44.02	-34.35	-0.03	-0.03	0.22
18737	23.41	-47.50	-30.90	-0.01	-0.03	0.29
18756	32.21	-49.13	-30.40	-0.01	-0.04	0.32
18774	42.05	-50.67	-30.73	0.02	-0.03	0.40
18794	48.95	-47.21	-29.08	0.09	0.02	0.52
18812	50.99	-39.05	-31.04	0.08	0.06	0.58
18830	48.77	-30.46	-34.06	0.19	0.09	0.74
18850	42.04	-11.05	-30.76	0.25	0.21	0.85
18868	33.91	-0.02	-27.07	0.26	0.26	0.89
18887	13.37	21.33	-23.04	0.22	0.24	1.03
18904	-3.22	35.40	-20.02	0.20	0.21	1.19
18922	-14.59	43.14	-11.66	0.16	0.20	1.26
18941	-22.22	48.20	-1.74	0.16	0.11	1.34
18959	-22.03	49.09	0.64	0.08	0.09	1.39
18977	-21.61	36.06	5.34	-0.06	0.10	1.47
18996	-19.07	11.22	12.99	-0.04	0.07	1.52
19014	-10.07	-8.42	21.16	0.02	-0.01	1.54
19033	7.51	-23.03	25.62	0.08	-0.06	1.56
19052	16.80	-27.42	26.40	0.17	0.06	1.71
19069	27.34	-30.88	27.66	0.19	0.12	1.75
19088	26.05	-31.36	30.93	0.21	0.20	1.75
19106	21.29	-25.59	33.66	0.33	0.21	1.82
19124	17.38	-7.66	32.29	0.43	0.22	1.88
19142	15.05	4.07	30.87	0.39	0.21	1.84
19160	11.46	20.17	27.69	0.28	0.17	1.78
19178	11.61	26.11	25.02	0.23	0.12	1.77
19195	17.68	26.69	21.97	0.18	0.08	1.76
19212	21.97	24.92	20.26	0.15	0.09	1.75
19231	27.25	16.72	17.56	0.12	0.16	1.77
19248	25.65	6.91	15.23	0.13	0.23	1.78
19267	17.01	-0.79	13.52	0.15	0.28	1.74
19284	11.15	-3.01	12.65	0.18	0.27	1.72
19302	2.49	-1.50	10.25	0.22	0.23	1.66
19321	-0.32	4.93	9.05	0.21	0.16	1.59
19338	5.22	9.57	11.05	0.16	0.09	1.52
19357	15.52	11.32	16.39	0.14	0.11	1.45
19374	19.24	11.80	20.28	0.13	0.13	1.40
19391	24.06	11.00	29.88	0.08	0.13	1.33
19410	28.09	7.05	41.60	0.06	0.13	1.24
19427	29.83	4.96	47.76	0.05	0.13	1.19
19445	32.97	0.24	59.48	0.05	0.12	1.11
19463	36.25	-3.49	69.35	0.04	0.11	1.01
19480	38.64	-6.44	77.15	0.04	0.13	0.93
19499	38.91	-7.98	79.93	0.02	0.13	0.84
19517	38.39	-12.24	81.56	-0.00	0.15	0.81
19536	34.59	-19.12	78.64	0.01	0.18	0.71
19554	27.73	-21.41	70.72	0.06	0.19	0.61
19572	17.01	-20.08	58.14	0.05	0.22	0.49
19591	10.12	-19.33	50.49	0.06	0.20	0.37
19608	-3.69	-15.99	32.06	0.09	0.19	0.30
19627	-17.36	-7.35	11.83	0.12	0.19	0.16
19645	-33.16	3.51	-7.58	0.10	0.17	0.05
19664	-44.83	12.24	-26.96	0.07	0.04	-0.07
19684	-44.43	22.40	-48.26	0.18	-0.12	-0.23
19703	-33.52	40.94	-72.71	0.09	-0.19	-0.24
19722	-25.79	41.90	-81.41	-0.08	-0.12	-0.15
19742	-15.18	33.81	-90.47	-0.12	-0.06	-0.11
19762	-9.38	18.34	-92.06	-0.13	-0.01	-0.06
19782	-6.94	1.59	-86.78	-0.18	0.03	-0.00
19801	-7.72	-19.76	-75.99	-0.19	0.06	0.07
19821	-7.45	-39.96	-62.70	-0.14	0.04	0.12
19840	-5.11	-52.80	-49.13	-0.12	0.07	0.18
19859	-4.56	-65.03	-33.43	-0.10	0.07	0.24
19879	-2.23	-72.28	-19.18	-0.00	0.06	0.28
19898	-1.92	-68.21	-9.96	0.08	0.12	0.33
19918	-7.98	-58.00	-3.22	0.11	0.13	0.42
19936	-8.85	-44.22	3.04	0.20	0.09	0.54
19954	-8.44	-33.80	4.81	0.24	0.14	0.60
19974	-12.63	-8.10	3.36	0.27	0.17	0.69
19992	-18.25	17.18	0.89	0.29	0.15	0.84
20011	-19.88	41.63	2.35	0.23	0.16	0.96
20028	-20.77	54.44	2.21	0.16	0.11	1.07
20046	-19.53	57.57	-0.72	0.17	0.13	1.16
20065	-20.08	63.40	-4.68	0.11	0.14	1.20
20083	-15.59	59.71	-1.16	0.06	0.05	1.36
20101	-5.16	48.52	5.57	0.01	0.13	1.46
20120	-7.00	33.26	11.66	0.01	0.18	1.46
20138	-8.79	25.63	13.95	0.04	0.13	1.56
20156	-4.32	10.01	17.12	-0.02	0.13	1.69
20175	-4.76	-13.26	22.72	0.02	0.21	1.63
20193	-7.05	-22.29	25.60	0.21	0.12	1.75
20212	-1.46	-17.32	22.54	0.24	0.16	1.80
20230	-1.08	-14.25	20.49	0.23	0.19	1.76
20249	-2.94	-8.35	16.74	0.28	0.16	1.77
20267	-1.95	2.59	12.37	0.33	0.16	1.83
20285	-0.18	17.21	7.93	0.32	0.13	1.79
20303	3.52	27.04	3.20	0.24	0.11	1.77
20320	6.16	28.63	0.84	0.21	0.10	1.75
20339	11.83	27.80	-3.25	0.17	0.12	1.72
20357	14.85	24.23	-5.95	0.15	0.14	1.71
20375	14.33	17.97	-7.97	0.15	0.18	1.68
20394	10.71	13.93	-10.44	0.16	0.21	1.64
20411	8.01	12.86	-12.16	0.16	0.20	1.62
20430	4.33	11.09	-14.79	0.15	0.17	1.57
20447	5.05	9.52	-14.25	0.14	0.14	1.49
20465	7.77	8.53	-11.47	0.12	0.12	1.41
20484	10.06	7.71	-9.54	0.12	0.11	1.38
20501	15.35	6.39	-4.67	0.10	0.12	1.30
20520	18.49	4.17	2.44	0.08	0.14	1.22
20537	20.03	1.46	11.09	0.07	0.13	1.15
20554	20.97	0.46	15.23	0.07	0.13	1.11
20572	22.03	-0.95	22.19	0.06	0.14	1.04
20590	21.32	-1.60	27.39	0.06	0.16	0.95
20608	18.20	-1.77	30.38	0.04	0.17	0.88
20626	16.20	-2.70	30.96	0.03	0.17	0.81
20644	11.28	-4.56	30.11	0.04	0.16	0.77
20662	7.29	-5.60	26.17	0.03	0.16	0.69
20680	2.38	-8.07	20.90	-0.01	0.18	0.61
20699	-5.75	-14.24	13.96	-0.01	0.20	0.53
20719	-10.48	-17.09	9.49	-0.01	0.20	0.43
20737	-20.39	-22.81	-1.59	-0.01	0.19	0.38
20757	-31.75	-25.01	-13.64	0.02	0.19	0.28
20776	-43.87	-23.70	-25.41	0.05	0.17	0.18
20795	-54.38	-19.04	-35.69	0.02	0.13	0.10
20814	-60.84	-17.88	-42.74	-0.00	0.07	0.03
20833	-63.03	-19.41	-47.13	-0.01	0.05	-0.01
20853	-62.03	-20.52	-50.00	-0.03	-0.00	-0.03
20873	-54.61	-24.05	-51.88	-0.05	-0.06	-0.01
20894	-40.91	-29.10	-51.96	-0.07	-0.09	0.02
20914	-24.12	-36.35	-49.76	-0.05	-0.09	0.06
20933	-9.34	-39.63	-46.25	-0.02	-0.05	0.08
20953	0.43	-41.06	-42.88	-0.02	0.00	0.13
20971	3.27	-41.99	-40.28	-0.03	-0.00	0.16
20990	10.97	-44.69	-34.82	-0.01	-0.03	0.22
21009	19.44	-43.79	-31.69	0.06	0.02	0.27
21028	21.85	-36.19	-29.05	0.08	0.04	0.38
21046	28.09	-27.45	-23.61	0.14	-0.01	0.50
21064	33.17	-21.00	-20.92	0.24	0.09	0.64
21082	36.51	-1.11	-18.28	0.27	0.18	0.69
21101	27.77	24.32	-15.41	0.28	0.15	0.82
21119	27.37	47.03	-10.19	0.25	0.12	1.01
21136	22.87	60.47	-5.71	0.15	0.30	1.12
21154	13.38	62.88	-5.13	0.13	0.33	1.16
21171	-3.81	62.42	-4.65	0.07	0.20	1.27
21189	-10.38	53.60	1.46	0.03	0.21	1.36
21207	-15.56	40.13	12.37	0.05	0.16	1.49
21224	-15.47	34.24	16.31	0.07	0.14	1.52
21243	-14.19	21.59	22.40	0.00	0.13	1.50
21260	-10.56	3.65	27.76	0.02	0.08	1.63
21278	-2.94	-11.61	31.30	0.09	0.12	1.68
21297	-0.64	-17.03	32.20	0.12	0.14	1.69
21315	1.83	-19.58	32.41	0.28	0.19	1.77
21332	-1.72	-6.81	31.16	0.36	0.25	1.79
21350	-8.44	11.44	29.04	0.34	0.19	1.74
21368	-9.19	19.26	27.31	0.33	0.15	1.76
21385	-4.20	32.47	22.81	0.30	0.08	1.76
21403	6.56	39.76	17.76	0.20	0.06	1.73
21420	17.93	34.61	13.43	0.11	0.06	1.70
21438	23.16	28.96	11.60	0.08	0.08	1.68
21455	29.68	14.74	9.22	0.08	0.12	1.64
21472	31.80	3.07	7.92	0.13	0.17	1.62
21489	30.44	0.06	7.28	0.16	0.20	1.60
21507	22.86	-0.73	5.52	0.18	0.26	1.57
21525	12.24	2.38	3.48	0.22	0.24	1.56
21544	6.93	9.78	2.29	0.22	0.19	1.50
21561	5.98	13.69	2.49	0.21	0.18	1.46
21580	5.66	20.71	3.71	0.16	0.14	1.39
21597	9.89	22.55	6.18	0.10	0.11	1.33
21615	15.56	18.63	10.88	0.05	0.11	1.26
21633	18.66	15.40	13.87	0.04	0.11	1.18
21650	23.83	9.55	20.40	0.02	0.10	1.14
21668	29.02	1.22	26.38	-0.02	0.11	1.06
21686	32.99	-8.45	31.80	0.00	0.12	0.99
21703	34.04	-11.40	33.62	0.04	0.15	0.89
21723	33.31	-13.34	35.03	0.04	0.16	0.85
21740	30.27	-14.82	32.56	-0.00	0.17	0.77
21759	26.12	-18.94	26.67	0.02	0.17	0.71
21777	20.37	-17.24	17.14	0.08	0.21	0.64
21794	15.75	-13.78	12.05	0.08	0.23	0.61
21814	4.10	-10.51	1.33	0.07	0.24	0.54
21831	-9.08	-5.86	-10.88	0.05	0.22	0.46
21850	-20.13	-9.64	-26.03	0.05	0.22	0.39
21869	-32.94	-1.74	-39.66	0.02	0.19	0.31
21888	-42.89	8.01	-52.29	-0.00	0.12	0.24
21907	-44.16	1.40	-58.81	0.00	0.07	0.15
21926	-45.56	0.40	-68.28	0.00	0.07	0.12
21944	-46.17	-2.75	-73.93	-0.02	0.04	0.07
21964	-45.21	-6.44	-76.16	-0.04	0.03	0.04
21983	-42.95	-11.52	-75.41	-0.05	0.01	0.04
22003	-37.09	-14.92	-72.14	-0.06	-0.03	0.07
22023	-26.81	-22.03	-67.23	-0.06	-0.05	0.11
22044	-15.53	-28.17	-60.61	-0.06	-0.02	0.15
22063	-7.32	-38.45	-51.32	-0.05	0.02	0.18
22082	-2.52	-43.40	-39.87	-0.03	0.02	0.23
22102	4.61	-43.08	-28.52	0.01	-0.00	0.31
22121	8.94	-43.15	-23.91	0.06	0.06	0.38
22140	13.44	-34.67	-13.44	0.06	0.06	0.41
22158	15.84	-31.25	-2.52	0.10	0.08	0.46
22177	16.78	-19.18	4.91	0.15	0.12	0.55
22194	13.58	-3.59	11.75	0.19	0.15	0.67
22212	11.93	4.36	15.82	0.20	0.14	0.80
22230	9.89	20.36	22.52	0.20	0.18	0.86
22247	3.08	32.21	23.48	0.16	0.24	0.98
22265	-5.52	37.52	24.58	0.10	0.16	1.09
22283	-6.03	36.71	27.15	0.05	0.16	1.15
22301	-6.26	31.04	33.20	0.03	0.19	1.17
22320	-11.32	23.13	34.58	0.09	0.18	1.30
22338	-10.28	15.30	35.89	0.02	0.09	1.38
22355	-3.95	0.82	42.83	0.03	0.10	1.39
22374	-0.93	-5.10	46.86	0.11	0.09	1.45
22392	6.90	-6.42	50.80	0.19	0.10	1.56
22409	12.30	-6.39	51.36	0.14	0.13	1.55
22427	13.02	-9.48	49.82	0.19	0.17	1.59
22444	11.78	-8.65	48.49	0.23	0.21	1.62
22463	3.40	-2.14	46.34	0.27	0.27	1.63
22480	-7.49	8.24	43.99	0.31	0.24	1.75
22498	-13.14	19.41	39.64	0.33	0.22	1.84
22515	-14.45	25.19	36.76	0.29	0.18	1.79
22534	-12.12	28.46	30.46	0.17	0.11	1.73
22552	-4.14	22.09	23.91	0.14	0.07	1.71
22569	6.96	12.86	18.08	0.12	0.04	1.70
22586	13.70	7.71	15.06	0.11	0.03	1.67
22603	26.70	-2.76	8.79	0.13	0.07	1.62
22621	31.31	-8.04	2.50	0.18	0.17	1.58
22638	29.50	-8.21	-0.38	0.22	0.24	1.55
22656	19.96	-4.07	-6.53	0.23	0.26	1.53
22675	7.29	4.91	-12.47	0.27	0.24	1.49
22693	-2.37	18.19	-17.72	0.28	0.22	1.45
22711	-9.84	31.36	-20.45	0.20	0.20	1.40
22729	-12.12	34.47	-20.52	0.14	0.17	1.38
22748	-12.34	31.01	-18.74	0.04	0.12	1.31
22766	-7.25	21.21	-14.50	0.01	0.07	1.24
22784	2.03	10.41	-8.85	-0.01	0.05	1.17
22801	7.39	4.81	-5.62	-0.03	0.06	1.10
22819	16.82	-7.26	1.71	-0.02	0.06	1.06
22837	24.49	-16.13	8.94	-0.00	0.08	0.99
22855	29.01	-22.16	15.11	-0.01	0.10	0.93
22874	31.71	-29.45	20.16	-0.02	0.13	0.88
22892	31.97	-32.88	22.09	0.00	0.14	0.86
22910	29.85	-33.69	24.11	0.06	0.18	0.80
22927	23.22	-28.17	23.76	0.08	0.21	0.72
22945	13.85	-20.94	20.11	0.07	0.21	0.67
22965	5.74	-15.09	12.88	0.06	0.21	0.61
22983	1.11	-12.33	8.04	0.08	0.22	0.57
23002	-9.22	-5.92	-4.03	0.07	0.23	0.51
23020	-21.00	1.08	-17.36	0.05	0.23	0.44
23039	-33.77	3.91	-31.89	0.05	0.21	0.37
23058	-43.64	8.82	-46.80	0.08	0.13	0.27
23076	-46.01	10.57	-53.36	0.07	0.06	0.18
23095	-46.42	16.40	-63.84	0.05	0.05	0.14
23113	-45.24	17.62	-69.44	0.00	0.02	0.09
23131	-42.19	12.19	-72.78	-0.01	-0.00	0.06
23151	-38.42	11.22	-72.69	-0.01	-0.01	0.06
23170	-33.22	12.01	-68.68	-0.03	-0.02	0.08
23190	-25.76	9.61	-62.12	-0.05	-0.03	0.11
23209	-15.84	2.20	-54.23	-0.06	-0.03	0.16
23228	-10.50	-2.14	-49.67	-0.07	-0.01	0.19
23249	-1.88	-12.39	-38.62	-0.07	0.00	0.25
23268	5.80	-24.57	-24.96	-0.05	0.01	0.29
23288	10.83	-26.70	-12.34	-0.01	0.05	0.34
23306	13.69	-30.61	-1.50	0.01	0.06	0.42
23325	17.20	-29.17	8.00	0.05	0.07	0.52
23343	19.91	-27.57	13.90	0.11	0.12	0.60
23361	16.75	-16.80	15.20	0.13	0.14	0.70
23379	15.73	-12.80	15.98	0.14	0.12	0.76
23397	15.53	-2.82	19.96	0.14	0.16	0.82
23416	9.40	3.83	23.82	0.15	0.21	0.91
23433	2.53	12.74	21.26	0.15	0.16	1.04
23451	1.63	15.06	19.27	0.10	0.14	1.09
23469	2.21	12.21	19.64	0.09	0.14	1.19
23486	5.17	7.71	21.41	0.10	0.13	1.27
23504	6.01	6.03	20.05	0.16	0.16	1.35
23522	5.69	7.13	18.77	0.17	0.16	1.36
23539	2.82	7.89	18.80	0.09	0.19	1.31
23558	-1.66	2.62	23.04	0.13	0.13	1.37
23575	2.41	2.18	24.72	0.18	0.09	1.42
23592	5.02	3.54	24.52	0.17	0.11	1.44
23611	6.73	3.16	23.97	0.13	0.16	1.52
23628	2.96	-2.96	24.08	0.12	0.23	1.65
23646	-6.36	-9.45	24.92	0.18	0.28	1.69
23665	-12.51	-10.09	25.27	0.23	0.26	1.70
23683	-23.25	-6.88	24.90	0.24	0.20	1.64
23702	-25.22	-0.29	21.82	0.23	0.11	1.60
23721	-17.87	4.10	16.97	0.22	0.03	1.64
23739	-2.04	6.38	10.44	0.18	-0.03	1.60
23757	16.92	4.96	4.17	0.16	-0.03	1.57
23775	25.88	3.72	1.40	0.16	-0.01	1.55
23794	39.57	1.53	-2.53	0.17	0.06	1.52
23811	44.74	0.73	-4.49	0.17	0.13	1.51
23830	41.03	1.14	-4.47	0.20	0.21	1.50
23847	36.30	2.75	-4.17	0.21	0.23	1.48
23866	24.69	9.57	-4.23	0.23	0.24	1.42
23884	10.54	18.59	-3.92	0.20	0.28	1.38
23902	-6.30	22.20	-1.01	0.13	0.28	1.36
23921	-19.56	20.03	2.64	0.10	0.21	1.34
23939	-23.19	18.22	4.36	0.09	0.17	1.31
23957	-24.09	14.22	7.69	0.07	0.11	1.25
23976	-19.90	9.00	11.69	0.05	0.07	1.20
23993	-11.35	2.55	15.85	0.03	0.02	1.15
24012	-4.96	-0.46	17.61	0.06	-0.00	1.09
24030	9.57	-3.59	20.55	0.07	0.00	1.06
24048	22.26	-3.78	23.44	0.07	0.04	1.00
24066	30.30	-4.09	26.31	0.03	0.08	0.95
24084	34.01	-8.56	29.07	0.00	0.12	0.91
24103	34.53	-11.32	30.24	0.03	0.16	0.86
24120	32.17	-13.99	31.95	0.05	0.19	0.82
24138	24.52	-10.22	31.85	0.10	0.22	0.75
24155	14.39	-3.19	28.67	0.08	0.23	0.69
24174	3.23	2.61	22.51	0.09	0.24	0.62
24191	-2.75	6.15	18.40	0.10	0.24	0.59
24209	-15.06	13.32	8.83	0.06	0.23	0.55
24227	-25.73	14.39	-3.48	0.05	0.22	0.50
24245	-30.55	15.75	-10.59	0.04	0.19	0.44
24263	-38.13	16.57	-25.39	0.04	0.17	0.40
24281	-42.07	15.53	-39.47	0.01	0.12	0.34
24299	-40.86	8.87	-50.83	0.01	0.08	0.27
24318	-37.95	7.84	-58.27	0.02	0.05	0.19
24336	-37.72	18.51	-60.18	0.01	0.04	0.13
24354	-34.61	10.68	-62.58	-0.00	0.04	0.12
24373	-32.12	8.71	-59.71	-0.01	0.02	0.11
24391	-27.59	9.45	-54.46	-0.01	-0.01	0.11
24410	-19.68	8.39	-48.49	-0.00	-0.03	0.15
24429	-10.94	5.75	-40.41	-0.01	-0.01	0.20
24448	-6.91	3.07	-35.78	-0.02	0.01	0.25
24467	-0.26	-2.17	-26.08	-0.01	0.03	0.26
24485	3.36	-6.39	-16.54	-0.02	0.05	0.31
24505	6.01	-12.01	-6.97	-0.04	0.05	0.39
24523	10.38	-17.47	1.88	-0.01	0.04	0.47
24541	14.18	-23.48	8.12	-0.00	0.09	0.55
24559	15.44	-27.54	10.88	0.02	0.04	0.65
24578	21.97	-29.13	15.32	0.04	0.05	0.70
24595	27.30	-29.97	18.57	0.08	0.11	0.78
24613	26.25	-28.84	18.40	0.11	0.16	0.88
24630	24.73	-27.45	17.64	0.13	0.13	0.97
24650	24.63	-22.95	17.47	0.15	0.14	1.02
24668	22.19	-16.17	18.55	0.18	0.21	1.12
24686	13.17	-11.15	16.24	0.13	0.22	1.21
24705	7.20	-10.28	10.33	0.15	0.16	1.27
24722	5.98	-9.08	7.46	0.21	0.17	1.31
24740	3.11	-2.38	3.52	0.23	0.18	1.31
24758	-2.43	8.27	1.14	0.20	0.19	1.28
24776	-4.88	15.29	-1.75	0.21	0.10	1.43
24794	-0.12	18.08	-4.96	0.11	0.13	1.49
24813	0.37	14.92	-5.02	0.06	0.20	1.49
24831	-5.04	4.00	-2.56	0.10	0.21	1.57
24849	-11.63	-1.94	0.18	0.21	0.27	1.72
24867	-24.58	-1.75	4.23	0.17	0.29	1.73
24885	-30.82	-3.80	6.24	0.15	0.18	1.77
24903	-33.74	-10.64	8.21	0.18	0.10	1.77
24922	-21.84	-10.97	6.50	0.24	-0.00	1.69
24940	-2.85	-5.57	2.50	0.22	-0.03	1.62
24959	16.28	-3.71	-1.36	0.18	-0.02	1.58
24977	32.65	-3.34	-3.57	0.21	0.03	1.54
24996	38.27	-1.16	-4.35	0.23	0.07	1.52
25014	42.83	5.60	-4.93	0.23	0.14	1.49
25032	38.30	11.84	-4.56	0.20	0.23	1.46
25049	24.38	15.53	-3.02	0.19	0.29	1.43
25067	15.21	16.98	-2.24	0.19	0.31	1.42
25084	-3.16	21.38	-1.82	0.18	0.29	1.42
25102	-15.73	22.06	-0.90	0.11	0.21	1.38
25121	-19.55	17.99	0.02	0.07	0.14	1.32
25138	-18.60	15.27	0.41	0.06	0.09	1.26
25156	-12.88	8.97	1.34	0.05	0.07	1.23
25174	-3.22	2.01	3.88	0.04	0.04	1.17
25192	8.56	-3.30	7.89	0.06	0.03	1.13
25210	14.71	-4.62	10.03	0.05	0.05	1.08
25227	25.38	-7.60	15.09	0.03	0.07	1.05
25245	32.46	-13.05	21.48	0.01	0.10	1.00
25262	35.72	-16.37	27.48	0.05	0.13	0.93
25280	36.12	-16.02	29.66	0.06	0.15	0.90
25298	34.38	-13.29	32.97	0.07	0.18	0.84
25315	29.08	-9.35	34.48	0.06	0.21	0.79
25334	20.83	-4.46	32.79	0.08	0.24	0.72
25351	15.23	-0.67	30.72	0.09	0.25	0.69
25369	3.66	6.94	24.98	0.08	0.25	0.63
25386	-8.41	11.80	16.34	0.06	0.25	0.57
25405	-19.52	14.43	4.85	0.06	0.23	0.51
25423	-24.40	17.38	-1.40	0.10	0.21	0.42
25442	-33.07	25.88	-13.43	0.11	0.20	0.37
25460	-40.80	36.61	-22.72	0.08	0.16	0.29
25478	-46.14	42.74	-29.53	0.05	0.11	0.22
25498	-47.68	44.85	-35.06	0.02	0.08	0.15
25516	-47.74	43.26	-38.68	0.00	0.05	0.09
25534	-47.71	43.12	-38.94	0.00	0.05	0.07
25552	-46.42	41.56	-36.65	-0.01	0.01	0.07
25571	-41.05	40.24	-32.58	-0.03	-0.02	0.08
25590	-32.41	35.63	-28.72	-0.05	-0.03	0.12
25609	-22.52	27.11	-23.54	-0.07	-0.02	0.17
25628	-12.95	14.27	-15.46	-0.10	0.00	0.24
25647	-9.08	5.75	-10.91	-0.10	0.03	0.28
25665	-3.13	-9.52	-2.98	-0.09	0.04	0.31
25684	2.41	-28.56	6.12	-0.08	0.03	0.39
25702	9.32	-36.56	15.35	-0.06	0.03	0.45
25720	17.35	-48.40	20.13	-0.01	0.01	0.51
25739	26.63	-53.19	20.71	0.04	0.03	0.59
25756	30.32	-53.34	22.29	0.06	0.07	0.62
25774	32.36	-50.34	27.44	0.08	0.13	0.69
25791	30.87	-43.47	26.89	0.22	0.11	0.87
25810	31.56	-35.87	23.83	0.20	0.12	0.99
25827	33.11	-23.24	21.29	0.18	0.18	1.02
25845	24.75	-14.01	23.44	0.20	0.27	1.14
25862	13.03	-5.97	19.70	0.15	0.23	1.26
25880	8.13	-5.40	16.31	0.12	0.22	1.31
25898	2.03	-7.39	12.83	0.17	0.18	1.37
25915	-0.23	-2.24	15.05	0.20	0.16	1.38
25933	0.95	3.95	18.16	0.20	0.12	1.42
25951	2.33	6.52	19.00	0.18	0.14	1.44
25968	0.72	7.35	21.01	0.14	0.20	1.46
25985	-6.00	6.20	22.84	0.15	0.21	1.57
26003	-8.65	4.32	23.32	0.13	0.20	1.70
26021	-11.63	-2.67	23.82	0.17	0.20	1.73
26039	-13.32	-3.02	22.96	0.22	0.16	1.70
26057	-10.82	0.03	20.39	0.18	0.13	1.72
26075	-5.98	-4.47	17.43	0.10	0.09	1.74
26093	-1.66	-10.59	16.02	0.09	0.06	1.71
26111	10.73	-22.35	12.15	0.14	0.02	1.66
26131	24.05	-24.84	7.20	0.21	0.04	1.60
26148	33.46	-20.40	2.17	0.22	0.10	1.56
26167	35.81	-13.84	-1.19	0.25	0.16	1.52
26185	34.23	-8.80	-2.40	0.30	0.23	1.48
26203	25.79	5.62	-4.61	0.30	0.26	1.47
26222	11.54	19.91	-6.94	0.24	0.28	1.45
26239	-1.16	28.14	-8.21	0.19	0.22	1.44
26259	-6.30	31.71	-8.27	0.15	0.17	1.40
26277	-7.08	32.52	-7.54	0.07	0.13	1.36
26295	-4.96	27.94	-3.97	0.03	0.12	1.34
26314	1.22	15.37	2.62	-0.02	0.09	1.30
26332	10.47	0.49	10.82	-0.02	0.07	1.23
26349	19.61	-12.25	19.01	-0.01	0.09	1.16
26369	23.32	-17.47	23.09	0.01	0.11	1.11
26386	28.90	-25.07	30.41	0.03	0.11	1.08
26405	32.07	-28.50	36.53	0.04	0.15	1.02
26423	31.20	-28.78	41.78	0.08	0.18	0.97
26441	27.34	-21.22	44.60	0.15	0.19	0.90
26460	25.18	-14.85	44.42	0.14	0.20	0.84
26477	20.37	-1.82	41.14	0.14	0.21	0.80
26495	14.24	9.05	33.75	0.11	0.21	0.74
26513	7.78	17.55	23.13	0.10	0.22	0.68
26531	4.12	21.38	16.85	0.07	0.24	0.62
26549	-4.94	25.86	2.98	0.06	0.24	0.58
26567	-15.85	26.76	-11.61	0.06	0.24	0.49
26585	-26.05	29.68	-25.51	0.10	0.21	0.38
26604	-35.66	38.45	-37.31	0.11	0.18	0.26
26622	-40.05	43.95	-41.95	0.09	0.13	0.18
26642	-45.12	51.28	-48.34	0.08	0.10	0.14
26660	-45.78	53.53	-52.08	0.04	0.06	0.07
26678	-43.03	51.80	-53.80	-0.01	0.03	0.02
26697	-39.73	45.99	-52.31	-0.03	0.02	0.01
26716	-34.61	41.69	-47.74	-0.05	0.01	0.03
26736	-28.47	34.15	-41.55	-0.08	0.00	0.06
26754	-24.84	29.19	-37.89	-0.10	0.01	0.10
26774	-16.88	14.80	-28.72	-0.10	0.04	0.12
26792	-12.83	-0.52	-16.14	-0.09	0.09	0.17
26811	-13.21	-15.66	-2.67	-0.10	0.08	0.22
26831	-12.04	-26.60	6.70	-0.10	0.08	0.29
26850	-9.90	-41.44	13.47	-0.09	0.08	0.37
26870	-8.03	-52.72	20.08	-0.03	0.09	0.42
26888	-5.91	-59.51	24.77	0.01	0.05	0.51
26906	-2.17	-60.26	23.94	0.06	0.02	0.58
26925	8.79	-56.05	20.46	0.11	0.01	0.73
26944	19.84	-46.60	19.67	0.21	0.07	0.87
26962	28.85	-31.16	17.46	0.22	0.03	1.04
26980	40.86	-19.91	8.93	0.17	0.06	1.16
26997	44.98	-17.18	5.11	0.14	0.09	1.18
27016	47.44	-12.30	1.27	0.26	0.21	1.27
27033	39.32	3.80	-0.34	0.25	0.27	1.33
27052	25.76	10.48	-0.75	0.14	0.30	1.43
27069	18.33	9.45	-0.78	0.14	0.31	1.60
27087	4.85	4.79	0.78	0.13	0.32	1.64
27105	-8.54	-2.14	4.87	0.14	0.31	1.67
27123	-22.71	-6.23	9.78	0.19	0.32	1.69
27143	-36.48	-5.55	13.69	0.22	0.29	1.74
27161	-41.72	-4.78	15.03	0.17	0.19	1.77
27179	-44.05	-7.06	16.02	0.16	0.12	1.78
27198	-31.01	-12.33	13.53	0.20	0.00	1.80
27216	-7.78	-12.37	8.07	0.23	-0.04	1.78
27236	16.72	-9.80	1.86	0.23	-0.03	1.69
27254	37.78	-6.50	-4.01	0.22	0.00	1.63
27272	46.22	-4.99	-6.68	0.22	0.03	1.61
27291	57.74	-0.34	-10.94	0.23	0.11	1.56
27309	57.94	4.99	-13.69	0.21	0.23	1.51
27328	44.04	8.80	-14.25	0.19	0.34	1.49
27346	22.77	11.46	-13.90	0.18	0.34	1.46
27364	12.88	12.39	-13.98	0.17	0.32	1.44
27383	-3.60	13.70	-14.36	0.13	0.27	1.39
27401	-14.01	11.67	-14.11	0.10	0.21	1.35
27419	-17.07	7.35	-12.42	0.06	0.14	1.31
27438	-12.22	-0.12	-8.19	0.02	0.08	1.26
27457	-1.60	-10.54	-1.95	0.00	0.05	1.19
27476	4.78	-15.66	1.80	0.01	0.04	1.13
27493	17.20	-24.12	9.45	0.02	0.05	1.09
27511	27.27	-29.54	16.57	0.03	0.08	1.02
27530	33.80	-31.98	22.48	0.05	0.11	0.96
27548	37.72	-30.38	25.89	0.07	0.15	0.90
27565	37.67	-28.47	27.07	0.09	0.18	0.88
27584	33.54	-21.42	28.02	0.12	0.22	0.82
27602	25.48	-11.70	25.44	0.11	0.24	0.76
27620	16.19	-3.02	19.36	0.10	0.25	0.71
27638	11.15	1.11	14.88	0.10	0.25	0.68
27655	0.82	9.38	3.23	0.10	0.25	0.62
27674	-11.08	16.62	-10.09	0.07	0.26	0.55
27692	-22.58	19.96	-24.14	0.07	0.24	0.49
27710	-27.34	21.51	-31.72	0.10	0.22	0.39
27729	-36.85	30.49	-46.31	0.11	0.20	0.35
27747	-43.67	39.51	-58.99	0.10	0.15	0.26
27766	-45.29	46.26	-67.37	0.05	0.09	0.18
27784	-42.05	47.70	-70.27	0.01	0.05	0.14
27802	-33.07	43.58	-70.05	-0.04	0.00	0.11
27822	-27.24	38.62	-69.20	-0.09	0.03	0.09
27840	-18.02	26.79	-64.19	-0.09	0.06	0.08
27860	-14.54	18.34	-54.70	-0.09	0.08	0.10
27878	-11.40	8.54	-43.11	-0.08	0.07	0.12
27897	-7.48	-1.63	-30.14	-0.07	0.10	0.17
27917	-6.58	-12.62	-14.79	-0.05	0.13	0.21
27936	-8.93	-25.16	2.04	-0.05	0.15	0.26
27956	-12.62	-24.77	16.17	-0.03	0.13	0.33
27975	-12.62	-32.71	27.59	-0.02	0.11	0.38
27993	-12.02	-34.15	32.61	-0.02	0.10	0.39
28012	-11.98	-37.46	42.11	0.05	0.13	0.45
28030	-10.77	-34.44	46.33	0.08	0.04	0.54
28049	0.15	-29.94	42.43	0.08	0.01	0.63
28068	10.27	-25.36	39.60	0.17	0.07	0.73
28085	13.85	-18.31	38.94	0.24	0.05	0.81
28104	26.09	-0.53	33.71	0.21	0.04	0.93
28121	33.45	10.57	27.44	0.16	0.16	1.02
28138	34.30	16.10	25.65	0.15	0.14	1.13
28157	35.55	17.76	25.54	0.13	0.19	1.30
28174	35.14	17.06	25.30	0.09	0.25	1.37
28193	23.70	6.00	26.84	0.03	0.35	1.47
28210	5.43	-5.16	31.88	0.20	0.40	1.67
28228	-4.82	-4.43	35.28	0.26	0.41	1.67
28247	-26.34	3.59	42.72	0.26	0.39	1.67
28265	-42.89	12.83	48.05	0.27	0.30	1.71
28283	-49.67	21.70	49.45	0.23	0.21	1.82
28301	-45.64	22.48	47.91	0.14	0.10	1.78
28319	-39.22	18.40	46.48	0.10	0.02	1.76
28337	-15.40	6.94	41.67	0.12	-0.07	1.73
28355	12.83	-1.71	35.00	0.12	-0.05	1.71
28374	35.05	-11.54	28.78	0.09	0.01	1.65
28393	49.47	-22.89	23.53	0.11	0.07	1.60
28411	53.92	-27.07	20.75	0.18	0.16	1.57
28428	54.78	-29.11	15.40	0.22	0.20	1.56
28447	45.99	-22.69	9.48	0.26	0.28	1.52
28465	28.92	-10.67	3.39	0.28	0.35	1.46
28484	6.42	4.12	-3.91	0.29	0.36	1.44
28501	-4.84	11.67	-8.39	0.27	0.33	1.43
28519	-20.25	23.70	-17.78	0.20	0.23	1.38
28538	-25.96	28.29	-26.38	0.12	0.16	1.32
28557	-24.51	26.20	-33.77	0.07	0.10	1.28
28576	-16.69	17.61	-38.80	-0.01	0.06	1.25
28595	-6.20	3.40	-39.18	-0.04	0.06	1.19
28613	-0.98	-3.98	-38.31	-0.03	0.06	1.16
28633	9.58	-16.07	-36.00	-0.02	0.06	1.11
28652	19.20	-26.12	-32.88	-0.01	0.09	1.05
28671	25.39	-30.46	-29.39	0.05	0.11	0.98
28690	28.67	-26.05	-27.02	0.08	0.14	0.92
28709	27.97	-18.68	-25.76	0.07	0.18	0.87
28727	23.57	-11.11	-23.96	0.07	0.20	0.82
28745	20.71	-7.31	-23.41	0.06	0.21	0.80
28764	13.90	-0.76	-23.99	0.04	0.23	0.75
28783	5.42	3.68	-26.05	0.02	0.23	0.71
28801	-2.52	6.15	-29.51	0.02	0.23	0.66
28819	-10.13	8.10	-35.02	0.01	0.23	0.59
28837	-14.22	8.33	-38.39	-0.00	0.23	0.53
28857	-22.11	6.48	-45.81	0.01	0.22	0.50
28876	-28.85	6.90	-53.63	0.00	0.21	0.46
28895	-35.49	5.97	-60.17	-0.00	0.21	0.42
28913	-40.37	4.46	-65.19	0.02	0.17	0.38
28931	-41.00	5.25	-68.39	0.06	0.14	0.32
28950	-40.45	8.35	-68.51	0.08	0.12	0.27
28968	-39.38	16.80	-67.05	0.08	0.12	0.24
28988	-37.37	18.37	-64.10	0.04	0.10	0.21
29006	-33.95	21.00	-59.43	0.01	0.06	0.23
29024	-26.93	22.35	-50.95	-0.01	0.03	0.26
29044	-17.46	20.08	-39.87	-0.02	0.05	0.28
29062	-9.61	14.77	-26.75	-0.05	0.07	0.34
29082	-6.21	9.16	-19.41	-0.05	0.10	0.39
29100	-1.59	-2.44	-2.94	-0.04	0.11	0.40
29119	-0.60	-11.81	14.83	-0.01	0.14	0.41
29139	-1.74	-16.77	29.83	-0.01	0.12	0.46
29157	-1.53	-20.54	40.82	-0.01	0.13	0.50
29176	-2.59	-26.72	51.03	0.01	0.12	0.54
29195	-2.30	-29.01	58.23	0.01	0.08	0.60
29213	-0.44	-32.93	59.88	0.01	0.08	0.63
29232	3.17	-34.61	59.52	0.05	0.08	0.68
29250	6.58	-32.76	57.65	0.13	0.08	0.71
29269	10.59	-23.22	54.90	0.16	0.05	0.79
29287	18.49	-15.59	47.62	0.15	0.04	0.87
29305	22.48	-11.92	42.80	0.16	0.05	0.91
29323	27.08	-2.96	35.55	0.20	0.12	0.96